<?xml version="1.0" encoding="utf-8"?>
<test-run id="0" testcasecount="108" result="Failed" total="108" passed="5" failed="98" inconclusive="0" skipped="5" asserts="29" portable-engine-version="3.3.0.0" start-time="2016-08-02 15:59:03Z" end-time="2016-08-02 15:59:03Z" duration="0.734387">
  <test-suite type="Assembly" id="1123" name="log4net.Tests, Version=1.0.0.0, Culture=neutral, PublicKeyToken=null" fullname="log4net.Tests, Version=1.0.0.0, Culture=neutral, PublicKeyToken=null" runstate="Runnable" testcasecount="108" result="Failed" site="Child" start-time="2016-08-02 15:59:03Z" end-time="2016-08-02 15:59:03Z" duration="0.514810" total="108" passed="5" failed="98" inconclusive="0" skipped="5" asserts="29">
    <settings>
      <setting name="WorkDirectory" value="C:\src\log4net\tests\log4net.Tests" />
    </settings>
    <failure>
      <message><![CDATA[One or more child tests had errors]]></message>
    </failure>
    <test-suite type="TestSuite" id="1124" name="log4net" fullname="log4net" runstate="Runnable" testcasecount="108" result="Failed" site="Child" start-time="2016-08-02 15:59:03Z" end-time="2016-08-02 15:59:03Z" duration="0.506801" total="108" passed="5" failed="98" inconclusive="0" skipped="5" asserts="29">
      <failure>
        <message><![CDATA[One or more child tests had errors]]></message>
      </failure>
      <test-suite type="TestSuite" id="1125" name="Tests" fullname="log4net.Tests" runstate="Runnable" testcasecount="108" result="Failed" site="Child" start-time="2016-08-02 15:59:03Z" end-time="2016-08-02 15:59:03Z" duration="0.506576" total="108" passed="5" failed="98" inconclusive="0" skipped="5" asserts="29">
        <failure>
          <message><![CDATA[One or more child tests had errors]]></message>
        </failure>
        <test-suite type="TestSuite" id="1132" name="Appender" fullname="log4net.Tests.Appender" runstate="Runnable" testcasecount="50" result="Failed" site="Child" start-time="2016-08-02 15:59:03Z" end-time="2016-08-02 15:59:03Z" duration="0.270393" total="50" passed="2" failed="43" inconclusive="0" skipped="5" asserts="6">
          <failure>
            <message><![CDATA[One or more child tests had errors]]></message>
          </failure>
          <test-suite type="TestFixture" id="1069" name="AppenderCollectionTest" fullname="log4net.Tests.Appender.AppenderCollectionTest" classname="log4net.Tests.Appender.AppenderCollectionTest" runstate="Runnable" testcasecount="2" result="Passed" start-time="2016-08-02 15:59:03Z" end-time="2016-08-02 15:59:03Z" duration="0.048521" total="2" passed="2" failed="0" inconclusive="0" skipped="0" asserts="4">
            <test-case id="1071" name="ReadOnlyToArrayTest" fullname="log4net.Tests.Appender.AppenderCollectionTest.ReadOnlyToArrayTest" methodname="ReadOnlyToArrayTest" classname="log4net.Tests.Appender.AppenderCollectionTest" runstate="Runnable" seed="604122033" result="Passed" start-time="2016-08-02 15:59:03Z" end-time="2016-08-02 15:59:03Z" duration="0.015438" asserts="2" />
            <test-case id="1070" name="ToArrayTest" fullname="log4net.Tests.Appender.AppenderCollectionTest.ToArrayTest" methodname="ToArrayTest" classname="log4net.Tests.Appender.AppenderCollectionTest" runstate="Runnable" seed="2000636721" result="Passed" start-time="2016-08-02 15:59:03Z" end-time="2016-08-02 15:59:03Z" duration="0.000266" asserts="2" />
          </test-suite>
          <test-suite type="TestFixture" id="1072" name="BufferingAppenderTest" fullname="log4net.Tests.Appender.BufferingAppenderTest" classname="log4net.Tests.Appender.BufferingAppenderTest" runstate="Runnable" testcasecount="2" result="Failed" site="Child" start-time="2016-08-02 15:59:03Z" end-time="2016-08-02 15:59:03Z" duration="0.049609" total="2" passed="0" failed="2" inconclusive="0" skipped="0" asserts="2">
            <failure>
              <message><![CDATA[One or more child tests had errors]]></message>
            </failure>
            <test-case id="1074" name="TestBufferSize5" fullname="log4net.Tests.Appender.BufferingAppenderTest.TestBufferSize5" methodname="TestBufferSize5" classname="log4net.Tests.Appender.BufferingAppenderTest" runstate="Runnable" seed="1712858740" result="Failed" label="Error" start-time="2016-08-02 15:59:03Z" end-time="2016-08-02 15:59:03Z" duration="0.045047" asserts="1">
              <failure>
                <message><![CDATA[System.Collections.Generic.KeyNotFoundException : The given key was not present in the dictionary.]]></message>
                <stack-trace><![CDATA[   at System.Collections.Generic.Dictionary`2.get_Item(TKey key)
   at log4net.Repository.Hierarchy.Hierarchy.GetLogger(String name, ILoggerFactory factory) in C:\src\log4net\src\log4net\Repository\Hierarchy\Hierarchy.cs:line 694
   at log4net.Repository.Hierarchy.Hierarchy.GetLogger(String name) in C:\src\log4net\src\log4net\Repository\Hierarchy\Hierarchy.cs:line 356
   at log4net.Tests.Appender.BufferingAppenderTest.TestBufferSize5() in C:\src\log4net\tests\log4net.Tests\Appender\BufferingAppenderTest.cs:line 92]]></stack-trace>
              </failure>
            </test-case>
            <test-case id="1073" name="TestSetupAppender" fullname="log4net.Tests.Appender.BufferingAppenderTest.TestSetupAppender" methodname="TestSetupAppender" classname="log4net.Tests.Appender.BufferingAppenderTest" runstate="Runnable" seed="989141946" result="Failed" label="Error" start-time="2016-08-02 15:59:03Z" end-time="2016-08-02 15:59:03Z" duration="0.001944" asserts="1">
              <failure>
                <message><![CDATA[System.Collections.Generic.KeyNotFoundException : The given key was not present in the dictionary.]]></message>
                <stack-trace><![CDATA[   at System.Collections.Generic.Dictionary`2.get_Item(TKey key)
   at log4net.Repository.Hierarchy.Hierarchy.GetLogger(String name, ILoggerFactory factory) in C:\src\log4net\src\log4net\Repository\Hierarchy\Hierarchy.cs:line 694
   at log4net.Repository.Hierarchy.Hierarchy.GetLogger(String name) in C:\src\log4net\src\log4net\Repository\Hierarchy\Hierarchy.cs:line 356
   at log4net.Tests.Appender.BufferingAppenderTest.TestSetupAppender() in C:\src\log4net\tests\log4net.Tests\Appender\BufferingAppenderTest.cs:line 74]]></stack-trace>
              </failure>
            </test-case>
          </test-suite>
          <test-suite type="TestFixture" id="1121" name="RollingFileAppenderSubClassTest" fullname="log4net.Tests.Appender.RollingFileAppenderSubClassTest" classname="log4net.Tests.Appender.RollingFileAppenderSubClassTest" runstate="Runnable" testcasecount="1" result="Failed" site="Child" start-time="2016-08-02 15:59:03Z" end-time="2016-08-02 15:59:03Z" duration="0.008778" total="1" passed="0" failed="1" inconclusive="0" skipped="0" asserts="0">
            <failure>
              <message><![CDATA[One or more child tests had errors]]></message>
            </failure>
            <test-case id="1122" name="TestComputeCheckPeriod" fullname="log4net.Tests.Appender.RollingFileAppenderSubClassTest.TestComputeCheckPeriod" methodname="TestComputeCheckPeriod" classname="log4net.Tests.Appender.RollingFileAppenderSubClassTest" runstate="Runnable" seed="32972279" result="Failed" label="Error" start-time="2016-08-02 15:59:03Z" end-time="2016-08-02 15:59:03Z" duration="0.002039" asserts="0">
              <failure>
                <message><![CDATA[System.NullReferenceException : Object reference not set to an instance of an object.]]></message>
                <stack-trace><![CDATA[   at log4net.Tests.Utils.InvokeMethod(Object target, String name, Object[] args) in C:\src\log4net\tests\log4net.Tests\Utils.cs:line 53
   at log4net.Tests.Appender.RollingFileAppenderSubClassTest.InvokeComputeCheckPeriod(RollingFileAppender rollingFileAppender, String datePattern) in C:\src\log4net\tests\log4net.Tests\Appender\RollingFileAppenderTest.cs:line 1998
   at log4net.Tests.Appender.RollingFileAppenderSubClassTest.TestComputeCheckPeriod() in C:\src\log4net\tests\log4net.Tests\Appender\RollingFileAppenderTest.cs:line 1986]]></stack-trace>
              </failure>
            </test-case>
          </test-suite>
          <test-suite type="TestFixture" id="1075" name="RollingFileAppenderTest" fullname="log4net.Tests.Appender.RollingFileAppenderTest" classname="log4net.Tests.Appender.RollingFileAppenderTest" runstate="Runnable" testcasecount="45" result="Failed" site="Child" start-time="2016-08-02 15:59:03Z" end-time="2016-08-02 15:59:03Z" duration="0.160532" total="45" passed="0" failed="40" inconclusive="0" skipped="5" asserts="0">
            <failure>
              <message><![CDATA[One or more child tests had errors]]></message>
            </failure>
            <test-case id="1112" name="TestDefaultLockingModel" fullname="log4net.Tests.Appender.RollingFileAppenderTest.TestDefaultLockingModel" methodname="TestDefaultLockingModel" classname="log4net.Tests.Appender.RollingFileAppenderTest" runstate="Runnable" seed="324846755" result="Failed" label="Error" start-time="2016-08-02 15:59:03Z" end-time="2016-08-02 15:59:03Z" duration="0.009916" asserts="0">
              <failure>
                <message><![CDATA[System.Collections.Generic.KeyNotFoundException : The given key was not present in the dictionary.
TearDown : System.Collections.Generic.KeyNotFoundException : The given key was not present in the dictionary.]]></message>
                <stack-trace><![CDATA[   at System.Collections.Generic.Dictionary`2.get_Item(TKey key)
   at log4net.Core.CompactRepositorySelector.CreateRepository(Assembly assembly, Type repositoryType) in C:\src\log4net\src\log4net\Core\CompactRepositorySelector.cs:line 185
   at log4net.Core.CompactRepositorySelector.GetRepository(Assembly assembly) in C:\src\log4net\src\log4net\Core\CompactRepositorySelector.cs:line 115
   at log4net.Core.LoggerManager.GetRepository(Assembly repositoryAssembly) in C:\src\log4net\src\log4net\Core\LoggerManager.cs:line 242
   at log4net.LogManager.GetRepository(Assembly repositoryAssembly) in C:\src\log4net\src\log4net\LogManager.cs:line 543
   at log4net.LogManager.GetRepository() in C:\src\log4net\src\log4net\LogManager.cs:line 511
   at log4net.Tests.Appender.RollingFileAppenderTest.ResetAndDeleteTestFiles() in C:\src\log4net\tests\log4net.Tests\Appender\RollingFileAppenderTest.cs:line 101
   at log4net.Tests.Appender.RollingFileAppenderTest.SetUp() in C:\src\log4net\tests\log4net.Tests\Appender\RollingFileAppenderTest.cs:line 115
--TearDown
   at System.Collections.Generic.Dictionary`2.get_Item(TKey key)
   at log4net.Core.CompactRepositorySelector.CreateRepository(Assembly assembly, Type repositoryType) in C:\src\log4net\src\log4net\Core\CompactRepositorySelector.cs:line 185
   at log4net.Core.CompactRepositorySelector.GetRepository(Assembly assembly) in C:\src\log4net\src\log4net\Core\CompactRepositorySelector.cs:line 115
   at log4net.Core.LoggerManager.GetRepository(Assembly repositoryAssembly) in C:\src\log4net\src\log4net\Core\LoggerManager.cs:line 242
   at log4net.LogManager.GetRepository(Assembly repositoryAssembly) in C:\src\log4net\src\log4net\LogManager.cs:line 543
   at log4net.LogManager.GetRepository() in C:\src\log4net\src\log4net\LogManager.cs:line 511
   at log4net.Tests.Appender.RollingFileAppenderTest.ResetAndDeleteTestFiles() in C:\src\log4net\tests\log4net.Tests\Appender\RollingFileAppenderTest.cs:line 101
   at log4net.Tests.Appender.RollingFileAppenderTest.TearDown() in C:\src\log4net\tests\log4net.Tests\Appender\RollingFileAppenderTest.cs:line 130]]></stack-trace>
              </failure>
            </test-case>
            <test-case id="1102" name="TestExclusiveLockFails" fullname="log4net.Tests.Appender.RollingFileAppenderTest.TestExclusiveLockFails" methodname="TestExclusiveLockFails" classname="log4net.Tests.Appender.RollingFileAppenderTest" runstate="Runnable" seed="1118479133" result="Failed" label="Error" start-time="2016-08-02 15:59:03Z" end-time="2016-08-02 15:59:03Z" duration="0.002429" asserts="0">
              <failure>
                <message><![CDATA[System.Collections.Generic.KeyNotFoundException : The given key was not present in the dictionary.
TearDown : System.Collections.Generic.KeyNotFoundException : The given key was not present in the dictionary.]]></message>
                <stack-trace><![CDATA[   at System.Collections.Generic.Dictionary`2.get_Item(TKey key)
   at log4net.Core.CompactRepositorySelector.CreateRepository(Assembly assembly, Type repositoryType) in C:\src\log4net\src\log4net\Core\CompactRepositorySelector.cs:line 185
   at log4net.Core.CompactRepositorySelector.GetRepository(Assembly assembly) in C:\src\log4net\src\log4net\Core\CompactRepositorySelector.cs:line 115
   at log4net.Core.LoggerManager.GetRepository(Assembly repositoryAssembly) in C:\src\log4net\src\log4net\Core\LoggerManager.cs:line 242
   at log4net.LogManager.GetRepository(Assembly repositoryAssembly) in C:\src\log4net\src\log4net\LogManager.cs:line 543
   at log4net.LogManager.GetRepository() in C:\src\log4net\src\log4net\LogManager.cs:line 511
   at log4net.Tests.Appender.RollingFileAppenderTest.ResetAndDeleteTestFiles() in C:\src\log4net\tests\log4net.Tests\Appender\RollingFileAppenderTest.cs:line 101
   at log4net.Tests.Appender.RollingFileAppenderTest.SetUp() in C:\src\log4net\tests\log4net.Tests\Appender\RollingFileAppenderTest.cs:line 115
--TearDown
   at System.Collections.Generic.Dictionary`2.get_Item(TKey key)
   at log4net.Core.CompactRepositorySelector.CreateRepository(Assembly assembly, Type repositoryType) in C:\src\log4net\src\log4net\Core\CompactRepositorySelector.cs:line 185
   at log4net.Core.CompactRepositorySelector.GetRepository(Assembly assembly) in C:\src\log4net\src\log4net\Core\CompactRepositorySelector.cs:line 115
   at log4net.Core.LoggerManager.GetRepository(Assembly repositoryAssembly) in C:\src\log4net\src\log4net\Core\LoggerManager.cs:line 242
   at log4net.LogManager.GetRepository(Assembly repositoryAssembly) in C:\src\log4net\src\log4net\LogManager.cs:line 543
   at log4net.LogManager.GetRepository() in C:\src\log4net\src\log4net\LogManager.cs:line 511
   at log4net.Tests.Appender.RollingFileAppenderTest.ResetAndDeleteTestFiles() in C:\src\log4net\tests\log4net.Tests\Appender\RollingFileAppenderTest.cs:line 101
   at log4net.Tests.Appender.RollingFileAppenderTest.TearDown() in C:\src\log4net\tests\log4net.Tests\Appender\RollingFileAppenderTest.cs:line 130]]></stack-trace>
              </failure>
            </test-case>
            <test-case id="1104" name="TestExclusiveLockLocks" fullname="log4net.Tests.Appender.RollingFileAppenderTest.TestExclusiveLockLocks" methodname="TestExclusiveLockLocks" classname="log4net.Tests.Appender.RollingFileAppenderTest" runstate="Runnable" seed="497903753" result="Failed" label="Error" start-time="2016-08-02 15:59:03Z" end-time="2016-08-02 15:59:03Z" duration="0.002581" asserts="0">
              <failure>
                <message><![CDATA[System.Collections.Generic.KeyNotFoundException : The given key was not present in the dictionary.
TearDown : System.Collections.Generic.KeyNotFoundException : The given key was not present in the dictionary.]]></message>
                <stack-trace><![CDATA[   at System.Collections.Generic.Dictionary`2.get_Item(TKey key)
   at log4net.Core.CompactRepositorySelector.CreateRepository(Assembly assembly, Type repositoryType) in C:\src\log4net\src\log4net\Core\CompactRepositorySelector.cs:line 185
   at log4net.Core.CompactRepositorySelector.GetRepository(Assembly assembly) in C:\src\log4net\src\log4net\Core\CompactRepositorySelector.cs:line 115
   at log4net.Core.LoggerManager.GetRepository(Assembly repositoryAssembly) in C:\src\log4net\src\log4net\Core\LoggerManager.cs:line 242
   at log4net.LogManager.GetRepository(Assembly repositoryAssembly) in C:\src\log4net\src\log4net\LogManager.cs:line 543
   at log4net.LogManager.GetRepository() in C:\src\log4net\src\log4net\LogManager.cs:line 511
   at log4net.Tests.Appender.RollingFileAppenderTest.ResetAndDeleteTestFiles() in C:\src\log4net\tests\log4net.Tests\Appender\RollingFileAppenderTest.cs:line 101
   at log4net.Tests.Appender.RollingFileAppenderTest.SetUp() in C:\src\log4net\tests\log4net.Tests\Appender\RollingFileAppenderTest.cs:line 115
--TearDown
   at System.Collections.Generic.Dictionary`2.get_Item(TKey key)
   at log4net.Core.CompactRepositorySelector.CreateRepository(Assembly assembly, Type repositoryType) in C:\src\log4net\src\log4net\Core\CompactRepositorySelector.cs:line 185
   at log4net.Core.CompactRepositorySelector.GetRepository(Assembly assembly) in C:\src\log4net\src\log4net\Core\CompactRepositorySelector.cs:line 115
   at log4net.Core.LoggerManager.GetRepository(Assembly repositoryAssembly) in C:\src\log4net\src\log4net\Core\LoggerManager.cs:line 242
   at log4net.LogManager.GetRepository(Assembly repositoryAssembly) in C:\src\log4net\src\log4net\LogManager.cs:line 543
   at log4net.LogManager.GetRepository() in C:\src\log4net\src\log4net\LogManager.cs:line 511
   at log4net.Tests.Appender.RollingFileAppenderTest.ResetAndDeleteTestFiles() in C:\src\log4net\tests\log4net.Tests\Appender\RollingFileAppenderTest.cs:line 101
   at log4net.Tests.Appender.RollingFileAppenderTest.TearDown() in C:\src\log4net\tests\log4net.Tests\Appender\RollingFileAppenderTest.cs:line 130]]></stack-trace>
              </failure>
            </test-case>
            <test-case id="1103" name="TestExclusiveLockRecovers" fullname="log4net.Tests.Appender.RollingFileAppenderTest.TestExclusiveLockRecovers" methodname="TestExclusiveLockRecovers" classname="log4net.Tests.Appender.RollingFileAppenderTest" runstate="Runnable" seed="576543815" result="Failed" label="Error" start-time="2016-08-02 15:59:03Z" end-time="2016-08-02 15:59:03Z" duration="0.002196" asserts="0">
              <failure>
                <message><![CDATA[System.Collections.Generic.KeyNotFoundException : The given key was not present in the dictionary.
TearDown : System.Collections.Generic.KeyNotFoundException : The given key was not present in the dictionary.]]></message>
                <stack-trace><![CDATA[   at System.Collections.Generic.Dictionary`2.get_Item(TKey key)
   at log4net.Core.CompactRepositorySelector.CreateRepository(Assembly assembly, Type repositoryType) in C:\src\log4net\src\log4net\Core\CompactRepositorySelector.cs:line 185
   at log4net.Core.CompactRepositorySelector.GetRepository(Assembly assembly) in C:\src\log4net\src\log4net\Core\CompactRepositorySelector.cs:line 115
   at log4net.Core.LoggerManager.GetRepository(Assembly repositoryAssembly) in C:\src\log4net\src\log4net\Core\LoggerManager.cs:line 242
   at log4net.LogManager.GetRepository(Assembly repositoryAssembly) in C:\src\log4net\src\log4net\LogManager.cs:line 543
   at log4net.LogManager.GetRepository() in C:\src\log4net\src\log4net\LogManager.cs:line 511
   at log4net.Tests.Appender.RollingFileAppenderTest.ResetAndDeleteTestFiles() in C:\src\log4net\tests\log4net.Tests\Appender\RollingFileAppenderTest.cs:line 101
   at log4net.Tests.Appender.RollingFileAppenderTest.SetUp() in C:\src\log4net\tests\log4net.Tests\Appender\RollingFileAppenderTest.cs:line 115
--TearDown
   at System.Collections.Generic.Dictionary`2.get_Item(TKey key)
   at log4net.Core.CompactRepositorySelector.CreateRepository(Assembly assembly, Type repositoryType) in C:\src\log4net\src\log4net\Core\CompactRepositorySelector.cs:line 185
   at log4net.Core.CompactRepositorySelector.GetRepository(Assembly assembly) in C:\src\log4net\src\log4net\Core\CompactRepositorySelector.cs:line 115
   at log4net.Core.LoggerManager.GetRepository(Assembly repositoryAssembly) in C:\src\log4net\src\log4net\Core\LoggerManager.cs:line 242
   at log4net.LogManager.GetRepository(Assembly repositoryAssembly) in C:\src\log4net\src\log4net\LogManager.cs:line 543
   at log4net.LogManager.GetRepository() in C:\src\log4net\src\log4net\LogManager.cs:line 511
   at log4net.Tests.Appender.RollingFileAppenderTest.ResetAndDeleteTestFiles() in C:\src\log4net\tests\log4net.Tests\Appender\RollingFileAppenderTest.cs:line 101
   at log4net.Tests.Appender.RollingFileAppenderTest.TearDown() in C:\src\log4net\tests\log4net.Tests\Appender\RollingFileAppenderTest.cs:line 130]]></stack-trace>
              </failure>
            </test-case>
            <test-case id="1076" name="TestGetExistingFiles" fullname="log4net.Tests.Appender.RollingFileAppenderTest.TestGetExistingFiles" methodname="TestGetExistingFiles" classname="log4net.Tests.Appender.RollingFileAppenderTest" runstate="Runnable" seed="260364810" result="Failed" label="Error" start-time="2016-08-02 15:59:03Z" end-time="2016-08-02 15:59:03Z" duration="0.002169" asserts="0">
              <failure>
                <message><![CDATA[System.Collections.Generic.KeyNotFoundException : The given key was not present in the dictionary.
TearDown : System.Collections.Generic.KeyNotFoundException : The given key was not present in the dictionary.]]></message>
                <stack-trace><![CDATA[   at System.Collections.Generic.Dictionary`2.get_Item(TKey key)
   at log4net.Core.CompactRepositorySelector.CreateRepository(Assembly assembly, Type repositoryType) in C:\src\log4net\src\log4net\Core\CompactRepositorySelector.cs:line 185
   at log4net.Core.CompactRepositorySelector.GetRepository(Assembly assembly) in C:\src\log4net\src\log4net\Core\CompactRepositorySelector.cs:line 115
   at log4net.Core.LoggerManager.GetRepository(Assembly repositoryAssembly) in C:\src\log4net\src\log4net\Core\LoggerManager.cs:line 242
   at log4net.LogManager.GetRepository(Assembly repositoryAssembly) in C:\src\log4net\src\log4net\LogManager.cs:line 543
   at log4net.LogManager.GetRepository() in C:\src\log4net\src\log4net\LogManager.cs:line 511
   at log4net.Tests.Appender.RollingFileAppenderTest.ResetAndDeleteTestFiles() in C:\src\log4net\tests\log4net.Tests\Appender\RollingFileAppenderTest.cs:line 101
   at log4net.Tests.Appender.RollingFileAppenderTest.SetUp() in C:\src\log4net\tests\log4net.Tests\Appender\RollingFileAppenderTest.cs:line 115
--TearDown
   at System.Collections.Generic.Dictionary`2.get_Item(TKey key)
   at log4net.Core.CompactRepositorySelector.CreateRepository(Assembly assembly, Type repositoryType) in C:\src\log4net\src\log4net\Core\CompactRepositorySelector.cs:line 185
   at log4net.Core.CompactRepositorySelector.GetRepository(Assembly assembly) in C:\src\log4net\src\log4net\Core\CompactRepositorySelector.cs:line 115
   at log4net.Core.LoggerManager.GetRepository(Assembly repositoryAssembly) in C:\src\log4net\src\log4net\Core\LoggerManager.cs:line 242
   at log4net.LogManager.GetRepository(Assembly repositoryAssembly) in C:\src\log4net\src\log4net\LogManager.cs:line 543
   at log4net.LogManager.GetRepository() in C:\src\log4net\src\log4net\LogManager.cs:line 511
   at log4net.Tests.Appender.RollingFileAppenderTest.ResetAndDeleteTestFiles() in C:\src\log4net\tests\log4net.Tests\Appender\RollingFileAppenderTest.cs:line 101
   at log4net.Tests.Appender.RollingFileAppenderTest.TearDown() in C:\src\log4net\tests\log4net.Tests\Appender\RollingFileAppenderTest.cs:line 130]]></stack-trace>
              </failure>
            </test-case>
            <test-case id="1116" name="TestInitialization3" fullname="log4net.Tests.Appender.RollingFileAppenderTest.TestInitialization3" methodname="TestInitialization3" classname="log4net.Tests.Appender.RollingFileAppenderTest" runstate="Ignored" seed="1690887616" result="Skipped" label="Ignored" start-time="2016-08-02 15:59:03Z" end-time="2016-08-02 15:59:03Z" duration="0.000926" asserts="0">
              <properties>
                <property name="_SKIPREASON" value="Not Implemented: Want to test counted files limited up, to see that others are ?? ignored? deleted?" />
              </properties>
              <reason>
                <message><![CDATA[Not Implemented: Want to test counted files limited up, to see that others are ?? ignored? deleted?]]></message>
              </reason>
            </test-case>
            <test-case id="1117" name="TestInitialization4" fullname="log4net.Tests.Appender.RollingFileAppenderTest.TestInitialization4" methodname="TestInitialization4" classname="log4net.Tests.Appender.RollingFileAppenderTest" runstate="Ignored" seed="1514453314" result="Skipped" label="Ignored" start-time="2016-08-02 15:59:03Z" end-time="2016-08-02 15:59:03Z" duration="0.000006" asserts="0">
              <properties>
                <property name="_SKIPREASON" value="Not Implemented: Want to test counted files limited down, to see that others are ?? ignored? deleted?" />
              </properties>
              <reason>
                <message><![CDATA[Not Implemented: Want to test counted files limited down, to see that others are ?? ignored? deleted?]]></message>
              </reason>
            </test-case>
            <test-case id="1118" name="TestInitialization5" fullname="log4net.Tests.Appender.RollingFileAppenderTest.TestInitialization5" methodname="TestInitialization5" classname="log4net.Tests.Appender.RollingFileAppenderTest" runstate="Ignored" seed="87074810" result="Skipped" label="Ignored" start-time="2016-08-02 15:59:03Z" end-time="2016-08-02 15:59:03Z" duration="0.000001" asserts="0">
              <properties>
                <property name="_SKIPREASON" value="Not Implemented: Want to test dated files with a limit, to see that others are ?? ignored? deleted?" />
              </properties>
              <reason>
                <message><![CDATA[Not Implemented: Want to test dated files with a limit, to see that others are ?? ignored? deleted?]]></message>
              </reason>
            </test-case>
            <test-case id="1119" name="TestInitialization6" fullname="log4net.Tests.Appender.RollingFileAppenderTest.TestInitialization6" methodname="TestInitialization6" classname="log4net.Tests.Appender.RollingFileAppenderTest" runstate="Ignored" seed="439541228" result="Skipped" label="Ignored" start-time="2016-08-02 15:59:03Z" end-time="2016-08-02 15:59:03Z" duration="0.000001" asserts="0">
              <properties>
                <property name="_SKIPREASON" value="Not Implemented: Want to test dated files with no limit, to see that others are ?? ignored? deleted?" />
              </properties>
              <reason>
                <message><![CDATA[Not Implemented: Want to test dated files with no limit, to see that others are ?? ignored? deleted?]]></message>
              </reason>
            </test-case>
            <test-case id="1120" name="TestInitialization7" fullname="log4net.Tests.Appender.RollingFileAppenderTest.TestInitialization7" methodname="TestInitialization7" classname="log4net.Tests.Appender.RollingFileAppenderTest" runstate="Ignored" seed="1315475620" result="Skipped" label="Ignored" start-time="2016-08-02 15:59:03Z" end-time="2016-08-02 15:59:03Z" duration="0.000002" asserts="0">
              <properties>
                <property name="_SKIPREASON" value="Not Implemented: Want to test dated files with mixed dates existing, to see that other dates do not matter" />
              </properties>
              <reason>
                <message><![CDATA[Not Implemented: Want to test dated files with mixed dates existing, to see that other dates do not matter]]></message>
              </reason>
            </test-case>
            <test-case id="1088" name="TestInitializeCountDownFixed" fullname="log4net.Tests.Appender.RollingFileAppenderTest.TestInitializeCountDownFixed" methodname="TestInitializeCountDownFixed" classname="log4net.Tests.Appender.RollingFileAppenderTest" runstate="Runnable" seed="1865608056" result="Failed" label="Error" start-time="2016-08-02 15:59:03Z" end-time="2016-08-02 15:59:03Z" duration="0.003897" asserts="0">
              <failure>
                <message><![CDATA[System.Collections.Generic.KeyNotFoundException : The given key was not present in the dictionary.
TearDown : System.Collections.Generic.KeyNotFoundException : The given key was not present in the dictionary.]]></message>
                <stack-trace><![CDATA[   at System.Collections.Generic.Dictionary`2.get_Item(TKey key)
   at log4net.Core.CompactRepositorySelector.CreateRepository(Assembly assembly, Type repositoryType) in C:\src\log4net\src\log4net\Core\CompactRepositorySelector.cs:line 185
   at log4net.Core.CompactRepositorySelector.GetRepository(Assembly assembly) in C:\src\log4net\src\log4net\Core\CompactRepositorySelector.cs:line 115
   at log4net.Core.LoggerManager.GetRepository(Assembly repositoryAssembly) in C:\src\log4net\src\log4net\Core\LoggerManager.cs:line 242
   at log4net.LogManager.GetRepository(Assembly repositoryAssembly) in C:\src\log4net\src\log4net\LogManager.cs:line 543
   at log4net.LogManager.GetRepository() in C:\src\log4net\src\log4net\LogManager.cs:line 511
   at log4net.Tests.Appender.RollingFileAppenderTest.ResetAndDeleteTestFiles() in C:\src\log4net\tests\log4net.Tests\Appender\RollingFileAppenderTest.cs:line 101
   at log4net.Tests.Appender.RollingFileAppenderTest.SetUp() in C:\src\log4net\tests\log4net.Tests\Appender\RollingFileAppenderTest.cs:line 115
--TearDown
   at System.Collections.Generic.Dictionary`2.get_Item(TKey key)
   at log4net.Core.CompactRepositorySelector.CreateRepository(Assembly assembly, Type repositoryType) in C:\src\log4net\src\log4net\Core\CompactRepositorySelector.cs:line 185
   at log4net.Core.CompactRepositorySelector.GetRepository(Assembly assembly) in C:\src\log4net\src\log4net\Core\CompactRepositorySelector.cs:line 115
   at log4net.Core.LoggerManager.GetRepository(Assembly repositoryAssembly) in C:\src\log4net\src\log4net\Core\LoggerManager.cs:line 242
   at log4net.LogManager.GetRepository(Assembly repositoryAssembly) in C:\src\log4net\src\log4net\LogManager.cs:line 543
   at log4net.LogManager.GetRepository() in C:\src\log4net\src\log4net\LogManager.cs:line 511
   at log4net.Tests.Appender.RollingFileAppenderTest.ResetAndDeleteTestFiles() in C:\src\log4net\tests\log4net.Tests\Appender\RollingFileAppenderTest.cs:line 101
   at log4net.Tests.Appender.RollingFileAppenderTest.TearDown() in C:\src\log4net\tests\log4net.Tests\Appender\RollingFileAppenderTest.cs:line 130]]></stack-trace>
              </failure>
            </test-case>
            <test-case id="1089" name="TestInitializeCountDownFixed2" fullname="log4net.Tests.Appender.RollingFileAppenderTest.TestInitializeCountDownFixed2" methodname="TestInitializeCountDownFixed2" classname="log4net.Tests.Appender.RollingFileAppenderTest" runstate="Runnable" seed="1767391193" result="Failed" label="Error" start-time="2016-08-02 15:59:03Z" end-time="2016-08-02 15:59:03Z" duration="0.002156" asserts="0">
              <failure>
                <message><![CDATA[System.Collections.Generic.KeyNotFoundException : The given key was not present in the dictionary.
TearDown : System.Collections.Generic.KeyNotFoundException : The given key was not present in the dictionary.]]></message>
                <stack-trace><![CDATA[   at System.Collections.Generic.Dictionary`2.get_Item(TKey key)
   at log4net.Core.CompactRepositorySelector.CreateRepository(Assembly assembly, Type repositoryType) in C:\src\log4net\src\log4net\Core\CompactRepositorySelector.cs:line 185
   at log4net.Core.CompactRepositorySelector.GetRepository(Assembly assembly) in C:\src\log4net\src\log4net\Core\CompactRepositorySelector.cs:line 115
   at log4net.Core.LoggerManager.GetRepository(Assembly repositoryAssembly) in C:\src\log4net\src\log4net\Core\LoggerManager.cs:line 242
   at log4net.LogManager.GetRepository(Assembly repositoryAssembly) in C:\src\log4net\src\log4net\LogManager.cs:line 543
   at log4net.LogManager.GetRepository() in C:\src\log4net\src\log4net\LogManager.cs:line 511
   at log4net.Tests.Appender.RollingFileAppenderTest.ResetAndDeleteTestFiles() in C:\src\log4net\tests\log4net.Tests\Appender\RollingFileAppenderTest.cs:line 101
   at log4net.Tests.Appender.RollingFileAppenderTest.SetUp() in C:\src\log4net\tests\log4net.Tests\Appender\RollingFileAppenderTest.cs:line 115
--TearDown
   at System.Collections.Generic.Dictionary`2.get_Item(TKey key)
   at log4net.Core.CompactRepositorySelector.CreateRepository(Assembly assembly, Type repositoryType) in C:\src\log4net\src\log4net\Core\CompactRepositorySelector.cs:line 185
   at log4net.Core.CompactRepositorySelector.GetRepository(Assembly assembly) in C:\src\log4net\src\log4net\Core\CompactRepositorySelector.cs:line 115
   at log4net.Core.LoggerManager.GetRepository(Assembly repositoryAssembly) in C:\src\log4net\src\log4net\Core\LoggerManager.cs:line 242
   at log4net.LogManager.GetRepository(Assembly repositoryAssembly) in C:\src\log4net\src\log4net\LogManager.cs:line 543
   at log4net.LogManager.GetRepository() in C:\src\log4net\src\log4net\LogManager.cs:line 511
   at log4net.Tests.Appender.RollingFileAppenderTest.ResetAndDeleteTestFiles() in C:\src\log4net\tests\log4net.Tests\Appender\RollingFileAppenderTest.cs:line 101
   at log4net.Tests.Appender.RollingFileAppenderTest.TearDown() in C:\src\log4net\tests\log4net.Tests\Appender\RollingFileAppenderTest.cs:line 130]]></stack-trace>
              </failure>
            </test-case>
            <test-case id="1090" name="TestInitializeCountDownFixed3" fullname="log4net.Tests.Appender.RollingFileAppenderTest.TestInitializeCountDownFixed3" methodname="TestInitializeCountDownFixed3" classname="log4net.Tests.Appender.RollingFileAppenderTest" runstate="Runnable" seed="675726525" result="Failed" label="Error" start-time="2016-08-02 15:59:03Z" end-time="2016-08-02 15:59:03Z" duration="0.002101" asserts="0">
              <failure>
                <message><![CDATA[System.Collections.Generic.KeyNotFoundException : The given key was not present in the dictionary.
TearDown : System.Collections.Generic.KeyNotFoundException : The given key was not present in the dictionary.]]></message>
                <stack-trace><![CDATA[   at System.Collections.Generic.Dictionary`2.get_Item(TKey key)
   at log4net.Core.CompactRepositorySelector.CreateRepository(Assembly assembly, Type repositoryType) in C:\src\log4net\src\log4net\Core\CompactRepositorySelector.cs:line 185
   at log4net.Core.CompactRepositorySelector.GetRepository(Assembly assembly) in C:\src\log4net\src\log4net\Core\CompactRepositorySelector.cs:line 115
   at log4net.Core.LoggerManager.GetRepository(Assembly repositoryAssembly) in C:\src\log4net\src\log4net\Core\LoggerManager.cs:line 242
   at log4net.LogManager.GetRepository(Assembly repositoryAssembly) in C:\src\log4net\src\log4net\LogManager.cs:line 543
   at log4net.LogManager.GetRepository() in C:\src\log4net\src\log4net\LogManager.cs:line 511
   at log4net.Tests.Appender.RollingFileAppenderTest.ResetAndDeleteTestFiles() in C:\src\log4net\tests\log4net.Tests\Appender\RollingFileAppenderTest.cs:line 101
   at log4net.Tests.Appender.RollingFileAppenderTest.SetUp() in C:\src\log4net\tests\log4net.Tests\Appender\RollingFileAppenderTest.cs:line 115
--TearDown
   at System.Collections.Generic.Dictionary`2.get_Item(TKey key)
   at log4net.Core.CompactRepositorySelector.CreateRepository(Assembly assembly, Type repositoryType) in C:\src\log4net\src\log4net\Core\CompactRepositorySelector.cs:line 185
   at log4net.Core.CompactRepositorySelector.GetRepository(Assembly assembly) in C:\src\log4net\src\log4net\Core\CompactRepositorySelector.cs:line 115
   at log4net.Core.LoggerManager.GetRepository(Assembly repositoryAssembly) in C:\src\log4net\src\log4net\Core\LoggerManager.cs:line 242
   at log4net.LogManager.GetRepository(Assembly repositoryAssembly) in C:\src\log4net\src\log4net\LogManager.cs:line 543
   at log4net.LogManager.GetRepository() in C:\src\log4net\src\log4net\LogManager.cs:line 511
   at log4net.Tests.Appender.RollingFileAppenderTest.ResetAndDeleteTestFiles() in C:\src\log4net\tests\log4net.Tests\Appender\RollingFileAppenderTest.cs:line 101
   at log4net.Tests.Appender.RollingFileAppenderTest.TearDown() in C:\src\log4net\tests\log4net.Tests\Appender\RollingFileAppenderTest.cs:line 130]]></stack-trace>
              </failure>
            </test-case>
            <test-case id="1091" name="TestInitializeCountDownFixed4" fullname="log4net.Tests.Appender.RollingFileAppenderTest.TestInitializeCountDownFixed4" methodname="TestInitializeCountDownFixed4" classname="log4net.Tests.Appender.RollingFileAppenderTest" runstate="Runnable" seed="1490971330" result="Failed" label="Error" start-time="2016-08-02 15:59:03Z" end-time="2016-08-02 15:59:03Z" duration="0.002087" asserts="0">
              <failure>
                <message><![CDATA[System.Collections.Generic.KeyNotFoundException : The given key was not present in the dictionary.
TearDown : System.Collections.Generic.KeyNotFoundException : The given key was not present in the dictionary.]]></message>
                <stack-trace><![CDATA[   at System.Collections.Generic.Dictionary`2.get_Item(TKey key)
   at log4net.Core.CompactRepositorySelector.CreateRepository(Assembly assembly, Type repositoryType) in C:\src\log4net\src\log4net\Core\CompactRepositorySelector.cs:line 185
   at log4net.Core.CompactRepositorySelector.GetRepository(Assembly assembly) in C:\src\log4net\src\log4net\Core\CompactRepositorySelector.cs:line 115
   at log4net.Core.LoggerManager.GetRepository(Assembly repositoryAssembly) in C:\src\log4net\src\log4net\Core\LoggerManager.cs:line 242
   at log4net.LogManager.GetRepository(Assembly repositoryAssembly) in C:\src\log4net\src\log4net\LogManager.cs:line 543
   at log4net.LogManager.GetRepository() in C:\src\log4net\src\log4net\LogManager.cs:line 511
   at log4net.Tests.Appender.RollingFileAppenderTest.ResetAndDeleteTestFiles() in C:\src\log4net\tests\log4net.Tests\Appender\RollingFileAppenderTest.cs:line 101
   at log4net.Tests.Appender.RollingFileAppenderTest.SetUp() in C:\src\log4net\tests\log4net.Tests\Appender\RollingFileAppenderTest.cs:line 115
--TearDown
   at System.Collections.Generic.Dictionary`2.get_Item(TKey key)
   at log4net.Core.CompactRepositorySelector.CreateRepository(Assembly assembly, Type repositoryType) in C:\src\log4net\src\log4net\Core\CompactRepositorySelector.cs:line 185
   at log4net.Core.CompactRepositorySelector.GetRepository(Assembly assembly) in C:\src\log4net\src\log4net\Core\CompactRepositorySelector.cs:line 115
   at log4net.Core.LoggerManager.GetRepository(Assembly repositoryAssembly) in C:\src\log4net\src\log4net\Core\LoggerManager.cs:line 242
   at log4net.LogManager.GetRepository(Assembly repositoryAssembly) in C:\src\log4net\src\log4net\LogManager.cs:line 543
   at log4net.LogManager.GetRepository() in C:\src\log4net\src\log4net\LogManager.cs:line 511
   at log4net.Tests.Appender.RollingFileAppenderTest.ResetAndDeleteTestFiles() in C:\src\log4net\tests\log4net.Tests\Appender\RollingFileAppenderTest.cs:line 101
   at log4net.Tests.Appender.RollingFileAppenderTest.TearDown() in C:\src\log4net\tests\log4net.Tests\Appender\RollingFileAppenderTest.cs:line 130]]></stack-trace>
              </failure>
            </test-case>
            <test-case id="1092" name="TestInitializeCountDownFixed5" fullname="log4net.Tests.Appender.RollingFileAppenderTest.TestInitializeCountDownFixed5" methodname="TestInitializeCountDownFixed5" classname="log4net.Tests.Appender.RollingFileAppenderTest" runstate="Runnable" seed="195931934" result="Failed" label="Error" start-time="2016-08-02 15:59:03Z" end-time="2016-08-02 15:59:03Z" duration="0.002286" asserts="0">
              <failure>
                <message><![CDATA[System.Collections.Generic.KeyNotFoundException : The given key was not present in the dictionary.
TearDown : System.Collections.Generic.KeyNotFoundException : The given key was not present in the dictionary.]]></message>
                <stack-trace><![CDATA[   at System.Collections.Generic.Dictionary`2.get_Item(TKey key)
   at log4net.Core.CompactRepositorySelector.CreateRepository(Assembly assembly, Type repositoryType) in C:\src\log4net\src\log4net\Core\CompactRepositorySelector.cs:line 185
   at log4net.Core.CompactRepositorySelector.GetRepository(Assembly assembly) in C:\src\log4net\src\log4net\Core\CompactRepositorySelector.cs:line 115
   at log4net.Core.LoggerManager.GetRepository(Assembly repositoryAssembly) in C:\src\log4net\src\log4net\Core\LoggerManager.cs:line 242
   at log4net.LogManager.GetRepository(Assembly repositoryAssembly) in C:\src\log4net\src\log4net\LogManager.cs:line 543
   at log4net.LogManager.GetRepository() in C:\src\log4net\src\log4net\LogManager.cs:line 511
   at log4net.Tests.Appender.RollingFileAppenderTest.ResetAndDeleteTestFiles() in C:\src\log4net\tests\log4net.Tests\Appender\RollingFileAppenderTest.cs:line 101
   at log4net.Tests.Appender.RollingFileAppenderTest.SetUp() in C:\src\log4net\tests\log4net.Tests\Appender\RollingFileAppenderTest.cs:line 115
--TearDown
   at System.Collections.Generic.Dictionary`2.get_Item(TKey key)
   at log4net.Core.CompactRepositorySelector.CreateRepository(Assembly assembly, Type repositoryType) in C:\src\log4net\src\log4net\Core\CompactRepositorySelector.cs:line 185
   at log4net.Core.CompactRepositorySelector.GetRepository(Assembly assembly) in C:\src\log4net\src\log4net\Core\CompactRepositorySelector.cs:line 115
   at log4net.Core.LoggerManager.GetRepository(Assembly repositoryAssembly) in C:\src\log4net\src\log4net\Core\LoggerManager.cs:line 242
   at log4net.LogManager.GetRepository(Assembly repositoryAssembly) in C:\src\log4net\src\log4net\LogManager.cs:line 543
   at log4net.LogManager.GetRepository() in C:\src\log4net\src\log4net\LogManager.cs:line 511
   at log4net.Tests.Appender.RollingFileAppenderTest.ResetAndDeleteTestFiles() in C:\src\log4net\tests\log4net.Tests\Appender\RollingFileAppenderTest.cs:line 101
   at log4net.Tests.Appender.RollingFileAppenderTest.TearDown() in C:\src\log4net\tests\log4net.Tests\Appender\RollingFileAppenderTest.cs:line 130]]></stack-trace>
              </failure>
            </test-case>
            <test-case id="1093" name="TestInitializeCountDownFixed6" fullname="log4net.Tests.Appender.RollingFileAppenderTest.TestInitializeCountDownFixed6" methodname="TestInitializeCountDownFixed6" classname="log4net.Tests.Appender.RollingFileAppenderTest" runstate="Runnable" seed="1469348620" result="Failed" label="Error" start-time="2016-08-02 15:59:03Z" end-time="2016-08-02 15:59:03Z" duration="0.002112" asserts="0">
              <failure>
                <message><![CDATA[System.Collections.Generic.KeyNotFoundException : The given key was not present in the dictionary.
TearDown : System.Collections.Generic.KeyNotFoundException : The given key was not present in the dictionary.]]></message>
                <stack-trace><![CDATA[   at System.Collections.Generic.Dictionary`2.get_Item(TKey key)
   at log4net.Core.CompactRepositorySelector.CreateRepository(Assembly assembly, Type repositoryType) in C:\src\log4net\src\log4net\Core\CompactRepositorySelector.cs:line 185
   at log4net.Core.CompactRepositorySelector.GetRepository(Assembly assembly) in C:\src\log4net\src\log4net\Core\CompactRepositorySelector.cs:line 115
   at log4net.Core.LoggerManager.GetRepository(Assembly repositoryAssembly) in C:\src\log4net\src\log4net\Core\LoggerManager.cs:line 242
   at log4net.LogManager.GetRepository(Assembly repositoryAssembly) in C:\src\log4net\src\log4net\LogManager.cs:line 543
   at log4net.LogManager.GetRepository() in C:\src\log4net\src\log4net\LogManager.cs:line 511
   at log4net.Tests.Appender.RollingFileAppenderTest.ResetAndDeleteTestFiles() in C:\src\log4net\tests\log4net.Tests\Appender\RollingFileAppenderTest.cs:line 101
   at log4net.Tests.Appender.RollingFileAppenderTest.SetUp() in C:\src\log4net\tests\log4net.Tests\Appender\RollingFileAppenderTest.cs:line 115
--TearDown
   at System.Collections.Generic.Dictionary`2.get_Item(TKey key)
   at log4net.Core.CompactRepositorySelector.CreateRepository(Assembly assembly, Type repositoryType) in C:\src\log4net\src\log4net\Core\CompactRepositorySelector.cs:line 185
   at log4net.Core.CompactRepositorySelector.GetRepository(Assembly assembly) in C:\src\log4net\src\log4net\Core\CompactRepositorySelector.cs:line 115
   at log4net.Core.LoggerManager.GetRepository(Assembly repositoryAssembly) in C:\src\log4net\src\log4net\Core\LoggerManager.cs:line 242
   at log4net.LogManager.GetRepository(Assembly repositoryAssembly) in C:\src\log4net\src\log4net\LogManager.cs:line 543
   at log4net.LogManager.GetRepository() in C:\src\log4net\src\log4net\LogManager.cs:line 511
   at log4net.Tests.Appender.RollingFileAppenderTest.ResetAndDeleteTestFiles() in C:\src\log4net\tests\log4net.Tests\Appender\RollingFileAppenderTest.cs:line 101
   at log4net.Tests.Appender.RollingFileAppenderTest.TearDown() in C:\src\log4net\tests\log4net.Tests\Appender\RollingFileAppenderTest.cs:line 130]]></stack-trace>
              </failure>
            </test-case>
            <test-case id="1094" name="TestInitializeCountDownFixed7" fullname="log4net.Tests.Appender.RollingFileAppenderTest.TestInitializeCountDownFixed7" methodname="TestInitializeCountDownFixed7" classname="log4net.Tests.Appender.RollingFileAppenderTest" runstate="Runnable" seed="411809268" result="Failed" label="Error" start-time="2016-08-02 15:59:03Z" end-time="2016-08-02 15:59:03Z" duration="0.002089" asserts="0">
              <failure>
                <message><![CDATA[System.Collections.Generic.KeyNotFoundException : The given key was not present in the dictionary.
TearDown : System.Collections.Generic.KeyNotFoundException : The given key was not present in the dictionary.]]></message>
                <stack-trace><![CDATA[   at System.Collections.Generic.Dictionary`2.get_Item(TKey key)
   at log4net.Core.CompactRepositorySelector.CreateRepository(Assembly assembly, Type repositoryType) in C:\src\log4net\src\log4net\Core\CompactRepositorySelector.cs:line 185
   at log4net.Core.CompactRepositorySelector.GetRepository(Assembly assembly) in C:\src\log4net\src\log4net\Core\CompactRepositorySelector.cs:line 115
   at log4net.Core.LoggerManager.GetRepository(Assembly repositoryAssembly) in C:\src\log4net\src\log4net\Core\LoggerManager.cs:line 242
   at log4net.LogManager.GetRepository(Assembly repositoryAssembly) in C:\src\log4net\src\log4net\LogManager.cs:line 543
   at log4net.LogManager.GetRepository() in C:\src\log4net\src\log4net\LogManager.cs:line 511
   at log4net.Tests.Appender.RollingFileAppenderTest.ResetAndDeleteTestFiles() in C:\src\log4net\tests\log4net.Tests\Appender\RollingFileAppenderTest.cs:line 101
   at log4net.Tests.Appender.RollingFileAppenderTest.SetUp() in C:\src\log4net\tests\log4net.Tests\Appender\RollingFileAppenderTest.cs:line 115
--TearDown
   at System.Collections.Generic.Dictionary`2.get_Item(TKey key)
   at log4net.Core.CompactRepositorySelector.CreateRepository(Assembly assembly, Type repositoryType) in C:\src\log4net\src\log4net\Core\CompactRepositorySelector.cs:line 185
   at log4net.Core.CompactRepositorySelector.GetRepository(Assembly assembly) in C:\src\log4net\src\log4net\Core\CompactRepositorySelector.cs:line 115
   at log4net.Core.LoggerManager.GetRepository(Assembly repositoryAssembly) in C:\src\log4net\src\log4net\Core\LoggerManager.cs:line 242
   at log4net.LogManager.GetRepository(Assembly repositoryAssembly) in C:\src\log4net\src\log4net\LogManager.cs:line 543
   at log4net.LogManager.GetRepository() in C:\src\log4net\src\log4net\LogManager.cs:line 511
   at log4net.Tests.Appender.RollingFileAppenderTest.ResetAndDeleteTestFiles() in C:\src\log4net\tests\log4net.Tests\Appender\RollingFileAppenderTest.cs:line 101
   at log4net.Tests.Appender.RollingFileAppenderTest.TearDown() in C:\src\log4net\tests\log4net.Tests\Appender\RollingFileAppenderTest.cs:line 130]]></stack-trace>
              </failure>
            </test-case>
            <test-case id="1095" name="TestInitializeCountDownInfinite" fullname="log4net.Tests.Appender.RollingFileAppenderTest.TestInitializeCountDownInfinite" methodname="TestInitializeCountDownInfinite" classname="log4net.Tests.Appender.RollingFileAppenderTest" runstate="Runnable" seed="1355948548" result="Failed" label="Error" start-time="2016-08-02 15:59:03Z" end-time="2016-08-02 15:59:03Z" duration="0.002091" asserts="0">
              <failure>
                <message><![CDATA[System.Collections.Generic.KeyNotFoundException : The given key was not present in the dictionary.
TearDown : System.Collections.Generic.KeyNotFoundException : The given key was not present in the dictionary.]]></message>
                <stack-trace><![CDATA[   at System.Collections.Generic.Dictionary`2.get_Item(TKey key)
   at log4net.Core.CompactRepositorySelector.CreateRepository(Assembly assembly, Type repositoryType) in C:\src\log4net\src\log4net\Core\CompactRepositorySelector.cs:line 185
   at log4net.Core.CompactRepositorySelector.GetRepository(Assembly assembly) in C:\src\log4net\src\log4net\Core\CompactRepositorySelector.cs:line 115
   at log4net.Core.LoggerManager.GetRepository(Assembly repositoryAssembly) in C:\src\log4net\src\log4net\Core\LoggerManager.cs:line 242
   at log4net.LogManager.GetRepository(Assembly repositoryAssembly) in C:\src\log4net\src\log4net\LogManager.cs:line 543
   at log4net.LogManager.GetRepository() in C:\src\log4net\src\log4net\LogManager.cs:line 511
   at log4net.Tests.Appender.RollingFileAppenderTest.ResetAndDeleteTestFiles() in C:\src\log4net\tests\log4net.Tests\Appender\RollingFileAppenderTest.cs:line 101
   at log4net.Tests.Appender.RollingFileAppenderTest.SetUp() in C:\src\log4net\tests\log4net.Tests\Appender\RollingFileAppenderTest.cs:line 115
--TearDown
   at System.Collections.Generic.Dictionary`2.get_Item(TKey key)
   at log4net.Core.CompactRepositorySelector.CreateRepository(Assembly assembly, Type repositoryType) in C:\src\log4net\src\log4net\Core\CompactRepositorySelector.cs:line 185
   at log4net.Core.CompactRepositorySelector.GetRepository(Assembly assembly) in C:\src\log4net\src\log4net\Core\CompactRepositorySelector.cs:line 115
   at log4net.Core.LoggerManager.GetRepository(Assembly repositoryAssembly) in C:\src\log4net\src\log4net\Core\LoggerManager.cs:line 242
   at log4net.LogManager.GetRepository(Assembly repositoryAssembly) in C:\src\log4net\src\log4net\LogManager.cs:line 543
   at log4net.LogManager.GetRepository() in C:\src\log4net\src\log4net\LogManager.cs:line 511
   at log4net.Tests.Appender.RollingFileAppenderTest.ResetAndDeleteTestFiles() in C:\src\log4net\tests\log4net.Tests\Appender\RollingFileAppenderTest.cs:line 101
   at log4net.Tests.Appender.RollingFileAppenderTest.TearDown() in C:\src\log4net\tests\log4net.Tests\Appender\RollingFileAppenderTest.cs:line 130]]></stack-trace>
              </failure>
            </test-case>
            <test-case id="1096" name="TestInitializeCountDownInfinite2" fullname="log4net.Tests.Appender.RollingFileAppenderTest.TestInitializeCountDownInfinite2" methodname="TestInitializeCountDownInfinite2" classname="log4net.Tests.Appender.RollingFileAppenderTest" runstate="Runnable" seed="1080924198" result="Failed" label="Error" start-time="2016-08-02 15:59:03Z" end-time="2016-08-02 15:59:03Z" duration="0.002119" asserts="0">
              <failure>
                <message><![CDATA[System.Collections.Generic.KeyNotFoundException : The given key was not present in the dictionary.
TearDown : System.Collections.Generic.KeyNotFoundException : The given key was not present in the dictionary.]]></message>
                <stack-trace><![CDATA[   at System.Collections.Generic.Dictionary`2.get_Item(TKey key)
   at log4net.Core.CompactRepositorySelector.CreateRepository(Assembly assembly, Type repositoryType) in C:\src\log4net\src\log4net\Core\CompactRepositorySelector.cs:line 185
   at log4net.Core.CompactRepositorySelector.GetRepository(Assembly assembly) in C:\src\log4net\src\log4net\Core\CompactRepositorySelector.cs:line 115
   at log4net.Core.LoggerManager.GetRepository(Assembly repositoryAssembly) in C:\src\log4net\src\log4net\Core\LoggerManager.cs:line 242
   at log4net.LogManager.GetRepository(Assembly repositoryAssembly) in C:\src\log4net\src\log4net\LogManager.cs:line 543
   at log4net.LogManager.GetRepository() in C:\src\log4net\src\log4net\LogManager.cs:line 511
   at log4net.Tests.Appender.RollingFileAppenderTest.ResetAndDeleteTestFiles() in C:\src\log4net\tests\log4net.Tests\Appender\RollingFileAppenderTest.cs:line 101
   at log4net.Tests.Appender.RollingFileAppenderTest.SetUp() in C:\src\log4net\tests\log4net.Tests\Appender\RollingFileAppenderTest.cs:line 115
--TearDown
   at System.Collections.Generic.Dictionary`2.get_Item(TKey key)
   at log4net.Core.CompactRepositorySelector.CreateRepository(Assembly assembly, Type repositoryType) in C:\src\log4net\src\log4net\Core\CompactRepositorySelector.cs:line 185
   at log4net.Core.CompactRepositorySelector.GetRepository(Assembly assembly) in C:\src\log4net\src\log4net\Core\CompactRepositorySelector.cs:line 115
   at log4net.Core.LoggerManager.GetRepository(Assembly repositoryAssembly) in C:\src\log4net\src\log4net\Core\LoggerManager.cs:line 242
   at log4net.LogManager.GetRepository(Assembly repositoryAssembly) in C:\src\log4net\src\log4net\LogManager.cs:line 543
   at log4net.LogManager.GetRepository() in C:\src\log4net\src\log4net\LogManager.cs:line 511
   at log4net.Tests.Appender.RollingFileAppenderTest.ResetAndDeleteTestFiles() in C:\src\log4net\tests\log4net.Tests\Appender\RollingFileAppenderTest.cs:line 101
   at log4net.Tests.Appender.RollingFileAppenderTest.TearDown() in C:\src\log4net\tests\log4net.Tests\Appender\RollingFileAppenderTest.cs:line 130]]></stack-trace>
              </failure>
            </test-case>
            <test-case id="1097" name="TestInitializeCountDownInfinite3" fullname="log4net.Tests.Appender.RollingFileAppenderTest.TestInitializeCountDownInfinite3" methodname="TestInitializeCountDownInfinite3" classname="log4net.Tests.Appender.RollingFileAppenderTest" runstate="Runnable" seed="169876147" result="Failed" label="Error" start-time="2016-08-02 15:59:03Z" end-time="2016-08-02 15:59:03Z" duration="0.002269" asserts="0">
              <failure>
                <message><![CDATA[System.Collections.Generic.KeyNotFoundException : The given key was not present in the dictionary.
TearDown : System.Collections.Generic.KeyNotFoundException : The given key was not present in the dictionary.]]></message>
                <stack-trace><![CDATA[   at System.Collections.Generic.Dictionary`2.get_Item(TKey key)
   at log4net.Core.CompactRepositorySelector.CreateRepository(Assembly assembly, Type repositoryType) in C:\src\log4net\src\log4net\Core\CompactRepositorySelector.cs:line 185
   at log4net.Core.CompactRepositorySelector.GetRepository(Assembly assembly) in C:\src\log4net\src\log4net\Core\CompactRepositorySelector.cs:line 115
   at log4net.Core.LoggerManager.GetRepository(Assembly repositoryAssembly) in C:\src\log4net\src\log4net\Core\LoggerManager.cs:line 242
   at log4net.LogManager.GetRepository(Assembly repositoryAssembly) in C:\src\log4net\src\log4net\LogManager.cs:line 543
   at log4net.LogManager.GetRepository() in C:\src\log4net\src\log4net\LogManager.cs:line 511
   at log4net.Tests.Appender.RollingFileAppenderTest.ResetAndDeleteTestFiles() in C:\src\log4net\tests\log4net.Tests\Appender\RollingFileAppenderTest.cs:line 101
   at log4net.Tests.Appender.RollingFileAppenderTest.SetUp() in C:\src\log4net\tests\log4net.Tests\Appender\RollingFileAppenderTest.cs:line 115
--TearDown
   at System.Collections.Generic.Dictionary`2.get_Item(TKey key)
   at log4net.Core.CompactRepositorySelector.CreateRepository(Assembly assembly, Type repositoryType) in C:\src\log4net\src\log4net\Core\CompactRepositorySelector.cs:line 185
   at log4net.Core.CompactRepositorySelector.GetRepository(Assembly assembly) in C:\src\log4net\src\log4net\Core\CompactRepositorySelector.cs:line 115
   at log4net.Core.LoggerManager.GetRepository(Assembly repositoryAssembly) in C:\src\log4net\src\log4net\Core\LoggerManager.cs:line 242
   at log4net.LogManager.GetRepository(Assembly repositoryAssembly) in C:\src\log4net\src\log4net\LogManager.cs:line 543
   at log4net.LogManager.GetRepository() in C:\src\log4net\src\log4net\LogManager.cs:line 511
   at log4net.Tests.Appender.RollingFileAppenderTest.ResetAndDeleteTestFiles() in C:\src\log4net\tests\log4net.Tests\Appender\RollingFileAppenderTest.cs:line 101
   at log4net.Tests.Appender.RollingFileAppenderTest.TearDown() in C:\src\log4net\tests\log4net.Tests\Appender\RollingFileAppenderTest.cs:line 130]]></stack-trace>
              </failure>
            </test-case>
            <test-case id="1087" name="TestInitializeCountDownZeroBackups" fullname="log4net.Tests.Appender.RollingFileAppenderTest.TestInitializeCountDownZeroBackups" methodname="TestInitializeCountDownZeroBackups" classname="log4net.Tests.Appender.RollingFileAppenderTest" runstate="Runnable" seed="1978963699" result="Failed" label="Error" start-time="2016-08-02 15:59:03Z" end-time="2016-08-02 15:59:03Z" duration="0.002091" asserts="0">
              <failure>
                <message><![CDATA[System.Collections.Generic.KeyNotFoundException : The given key was not present in the dictionary.
TearDown : System.Collections.Generic.KeyNotFoundException : The given key was not present in the dictionary.]]></message>
                <stack-trace><![CDATA[   at System.Collections.Generic.Dictionary`2.get_Item(TKey key)
   at log4net.Core.CompactRepositorySelector.CreateRepository(Assembly assembly, Type repositoryType) in C:\src\log4net\src\log4net\Core\CompactRepositorySelector.cs:line 185
   at log4net.Core.CompactRepositorySelector.GetRepository(Assembly assembly) in C:\src\log4net\src\log4net\Core\CompactRepositorySelector.cs:line 115
   at log4net.Core.LoggerManager.GetRepository(Assembly repositoryAssembly) in C:\src\log4net\src\log4net\Core\LoggerManager.cs:line 242
   at log4net.LogManager.GetRepository(Assembly repositoryAssembly) in C:\src\log4net\src\log4net\LogManager.cs:line 543
   at log4net.LogManager.GetRepository() in C:\src\log4net\src\log4net\LogManager.cs:line 511
   at log4net.Tests.Appender.RollingFileAppenderTest.ResetAndDeleteTestFiles() in C:\src\log4net\tests\log4net.Tests\Appender\RollingFileAppenderTest.cs:line 101
   at log4net.Tests.Appender.RollingFileAppenderTest.SetUp() in C:\src\log4net\tests\log4net.Tests\Appender\RollingFileAppenderTest.cs:line 115
--TearDown
   at System.Collections.Generic.Dictionary`2.get_Item(TKey key)
   at log4net.Core.CompactRepositorySelector.CreateRepository(Assembly assembly, Type repositoryType) in C:\src\log4net\src\log4net\Core\CompactRepositorySelector.cs:line 185
   at log4net.Core.CompactRepositorySelector.GetRepository(Assembly assembly) in C:\src\log4net\src\log4net\Core\CompactRepositorySelector.cs:line 115
   at log4net.Core.LoggerManager.GetRepository(Assembly repositoryAssembly) in C:\src\log4net\src\log4net\Core\LoggerManager.cs:line 242
   at log4net.LogManager.GetRepository(Assembly repositoryAssembly) in C:\src\log4net\src\log4net\LogManager.cs:line 543
   at log4net.LogManager.GetRepository() in C:\src\log4net\src\log4net\LogManager.cs:line 511
   at log4net.Tests.Appender.RollingFileAppenderTest.ResetAndDeleteTestFiles() in C:\src\log4net\tests\log4net.Tests\Appender\RollingFileAppenderTest.cs:line 101
   at log4net.Tests.Appender.RollingFileAppenderTest.TearDown() in C:\src\log4net\tests\log4net.Tests\Appender\RollingFileAppenderTest.cs:line 130]]></stack-trace>
              </failure>
            </test-case>
            <test-case id="1084" name="TestInitializeCountUpFixed" fullname="log4net.Tests.Appender.RollingFileAppenderTest.TestInitializeCountUpFixed" methodname="TestInitializeCountUpFixed" classname="log4net.Tests.Appender.RollingFileAppenderTest" runstate="Runnable" seed="1309637699" result="Failed" label="Error" start-time="2016-08-02 15:59:03Z" end-time="2016-08-02 15:59:03Z" duration="0.002090" asserts="0">
              <failure>
                <message><![CDATA[System.Collections.Generic.KeyNotFoundException : The given key was not present in the dictionary.
TearDown : System.Collections.Generic.KeyNotFoundException : The given key was not present in the dictionary.]]></message>
                <stack-trace><![CDATA[   at System.Collections.Generic.Dictionary`2.get_Item(TKey key)
   at log4net.Core.CompactRepositorySelector.CreateRepository(Assembly assembly, Type repositoryType) in C:\src\log4net\src\log4net\Core\CompactRepositorySelector.cs:line 185
   at log4net.Core.CompactRepositorySelector.GetRepository(Assembly assembly) in C:\src\log4net\src\log4net\Core\CompactRepositorySelector.cs:line 115
   at log4net.Core.LoggerManager.GetRepository(Assembly repositoryAssembly) in C:\src\log4net\src\log4net\Core\LoggerManager.cs:line 242
   at log4net.LogManager.GetRepository(Assembly repositoryAssembly) in C:\src\log4net\src\log4net\LogManager.cs:line 543
   at log4net.LogManager.GetRepository() in C:\src\log4net\src\log4net\LogManager.cs:line 511
   at log4net.Tests.Appender.RollingFileAppenderTest.ResetAndDeleteTestFiles() in C:\src\log4net\tests\log4net.Tests\Appender\RollingFileAppenderTest.cs:line 101
   at log4net.Tests.Appender.RollingFileAppenderTest.SetUp() in C:\src\log4net\tests\log4net.Tests\Appender\RollingFileAppenderTest.cs:line 115
--TearDown
   at System.Collections.Generic.Dictionary`2.get_Item(TKey key)
   at log4net.Core.CompactRepositorySelector.CreateRepository(Assembly assembly, Type repositoryType) in C:\src\log4net\src\log4net\Core\CompactRepositorySelector.cs:line 185
   at log4net.Core.CompactRepositorySelector.GetRepository(Assembly assembly) in C:\src\log4net\src\log4net\Core\CompactRepositorySelector.cs:line 115
   at log4net.Core.LoggerManager.GetRepository(Assembly repositoryAssembly) in C:\src\log4net\src\log4net\Core\LoggerManager.cs:line 242
   at log4net.LogManager.GetRepository(Assembly repositoryAssembly) in C:\src\log4net\src\log4net\LogManager.cs:line 543
   at log4net.LogManager.GetRepository() in C:\src\log4net\src\log4net\LogManager.cs:line 511
   at log4net.Tests.Appender.RollingFileAppenderTest.ResetAndDeleteTestFiles() in C:\src\log4net\tests\log4net.Tests\Appender\RollingFileAppenderTest.cs:line 101
   at log4net.Tests.Appender.RollingFileAppenderTest.TearDown() in C:\src\log4net\tests\log4net.Tests\Appender\RollingFileAppenderTest.cs:line 130]]></stack-trace>
              </failure>
            </test-case>
            <test-case id="1085" name="TestInitializeCountUpFixed2" fullname="log4net.Tests.Appender.RollingFileAppenderTest.TestInitializeCountUpFixed2" methodname="TestInitializeCountUpFixed2" classname="log4net.Tests.Appender.RollingFileAppenderTest" runstate="Runnable" seed="1700032689" result="Failed" label="Error" start-time="2016-08-02 15:59:03Z" end-time="2016-08-02 15:59:03Z" duration="0.002281" asserts="0">
              <failure>
                <message><![CDATA[System.Collections.Generic.KeyNotFoundException : The given key was not present in the dictionary.
TearDown : System.Collections.Generic.KeyNotFoundException : The given key was not present in the dictionary.]]></message>
                <stack-trace><![CDATA[   at System.Collections.Generic.Dictionary`2.get_Item(TKey key)
   at log4net.Core.CompactRepositorySelector.CreateRepository(Assembly assembly, Type repositoryType) in C:\src\log4net\src\log4net\Core\CompactRepositorySelector.cs:line 185
   at log4net.Core.CompactRepositorySelector.GetRepository(Assembly assembly) in C:\src\log4net\src\log4net\Core\CompactRepositorySelector.cs:line 115
   at log4net.Core.LoggerManager.GetRepository(Assembly repositoryAssembly) in C:\src\log4net\src\log4net\Core\LoggerManager.cs:line 242
   at log4net.LogManager.GetRepository(Assembly repositoryAssembly) in C:\src\log4net\src\log4net\LogManager.cs:line 543
   at log4net.LogManager.GetRepository() in C:\src\log4net\src\log4net\LogManager.cs:line 511
   at log4net.Tests.Appender.RollingFileAppenderTest.ResetAndDeleteTestFiles() in C:\src\log4net\tests\log4net.Tests\Appender\RollingFileAppenderTest.cs:line 101
   at log4net.Tests.Appender.RollingFileAppenderTest.SetUp() in C:\src\log4net\tests\log4net.Tests\Appender\RollingFileAppenderTest.cs:line 115
--TearDown
   at System.Collections.Generic.Dictionary`2.get_Item(TKey key)
   at log4net.Core.CompactRepositorySelector.CreateRepository(Assembly assembly, Type repositoryType) in C:\src\log4net\src\log4net\Core\CompactRepositorySelector.cs:line 185
   at log4net.Core.CompactRepositorySelector.GetRepository(Assembly assembly) in C:\src\log4net\src\log4net\Core\CompactRepositorySelector.cs:line 115
   at log4net.Core.LoggerManager.GetRepository(Assembly repositoryAssembly) in C:\src\log4net\src\log4net\Core\LoggerManager.cs:line 242
   at log4net.LogManager.GetRepository(Assembly repositoryAssembly) in C:\src\log4net\src\log4net\LogManager.cs:line 543
   at log4net.LogManager.GetRepository() in C:\src\log4net\src\log4net\LogManager.cs:line 511
   at log4net.Tests.Appender.RollingFileAppenderTest.ResetAndDeleteTestFiles() in C:\src\log4net\tests\log4net.Tests\Appender\RollingFileAppenderTest.cs:line 101
   at log4net.Tests.Appender.RollingFileAppenderTest.TearDown() in C:\src\log4net\tests\log4net.Tests\Appender\RollingFileAppenderTest.cs:line 130]]></stack-trace>
              </failure>
            </test-case>
            <test-case id="1098" name="TestInitializeCountUpInfinite" fullname="log4net.Tests.Appender.RollingFileAppenderTest.TestInitializeCountUpInfinite" methodname="TestInitializeCountUpInfinite" classname="log4net.Tests.Appender.RollingFileAppenderTest" runstate="Runnable" seed="569002773" result="Failed" label="Error" start-time="2016-08-02 15:59:03Z" end-time="2016-08-02 15:59:03Z" duration="0.002236" asserts="0">
              <failure>
                <message><![CDATA[System.Collections.Generic.KeyNotFoundException : The given key was not present in the dictionary.
TearDown : System.Collections.Generic.KeyNotFoundException : The given key was not present in the dictionary.]]></message>
                <stack-trace><![CDATA[   at System.Collections.Generic.Dictionary`2.get_Item(TKey key)
   at log4net.Core.CompactRepositorySelector.CreateRepository(Assembly assembly, Type repositoryType) in C:\src\log4net\src\log4net\Core\CompactRepositorySelector.cs:line 185
   at log4net.Core.CompactRepositorySelector.GetRepository(Assembly assembly) in C:\src\log4net\src\log4net\Core\CompactRepositorySelector.cs:line 115
   at log4net.Core.LoggerManager.GetRepository(Assembly repositoryAssembly) in C:\src\log4net\src\log4net\Core\LoggerManager.cs:line 242
   at log4net.LogManager.GetRepository(Assembly repositoryAssembly) in C:\src\log4net\src\log4net\LogManager.cs:line 543
   at log4net.LogManager.GetRepository() in C:\src\log4net\src\log4net\LogManager.cs:line 511
   at log4net.Tests.Appender.RollingFileAppenderTest.ResetAndDeleteTestFiles() in C:\src\log4net\tests\log4net.Tests\Appender\RollingFileAppenderTest.cs:line 101
   at log4net.Tests.Appender.RollingFileAppenderTest.SetUp() in C:\src\log4net\tests\log4net.Tests\Appender\RollingFileAppenderTest.cs:line 115
--TearDown
   at System.Collections.Generic.Dictionary`2.get_Item(TKey key)
   at log4net.Core.CompactRepositorySelector.CreateRepository(Assembly assembly, Type repositoryType) in C:\src\log4net\src\log4net\Core\CompactRepositorySelector.cs:line 185
   at log4net.Core.CompactRepositorySelector.GetRepository(Assembly assembly) in C:\src\log4net\src\log4net\Core\CompactRepositorySelector.cs:line 115
   at log4net.Core.LoggerManager.GetRepository(Assembly repositoryAssembly) in C:\src\log4net\src\log4net\Core\LoggerManager.cs:line 242
   at log4net.LogManager.GetRepository(Assembly repositoryAssembly) in C:\src\log4net\src\log4net\LogManager.cs:line 543
   at log4net.LogManager.GetRepository() in C:\src\log4net\src\log4net\LogManager.cs:line 511
   at log4net.Tests.Appender.RollingFileAppenderTest.ResetAndDeleteTestFiles() in C:\src\log4net\tests\log4net.Tests\Appender\RollingFileAppenderTest.cs:line 101
   at log4net.Tests.Appender.RollingFileAppenderTest.TearDown() in C:\src\log4net\tests\log4net.Tests\Appender\RollingFileAppenderTest.cs:line 130]]></stack-trace>
              </failure>
            </test-case>
            <test-case id="1099" name="TestInitializeCountUpInfinite2" fullname="log4net.Tests.Appender.RollingFileAppenderTest.TestInitializeCountUpInfinite2" methodname="TestInitializeCountUpInfinite2" classname="log4net.Tests.Appender.RollingFileAppenderTest" runstate="Runnable" seed="1519115820" result="Failed" label="Error" start-time="2016-08-02 15:59:03Z" end-time="2016-08-02 15:59:03Z" duration="0.002113" asserts="0">
              <failure>
                <message><![CDATA[System.Collections.Generic.KeyNotFoundException : The given key was not present in the dictionary.
TearDown : System.Collections.Generic.KeyNotFoundException : The given key was not present in the dictionary.]]></message>
                <stack-trace><![CDATA[   at System.Collections.Generic.Dictionary`2.get_Item(TKey key)
   at log4net.Core.CompactRepositorySelector.CreateRepository(Assembly assembly, Type repositoryType) in C:\src\log4net\src\log4net\Core\CompactRepositorySelector.cs:line 185
   at log4net.Core.CompactRepositorySelector.GetRepository(Assembly assembly) in C:\src\log4net\src\log4net\Core\CompactRepositorySelector.cs:line 115
   at log4net.Core.LoggerManager.GetRepository(Assembly repositoryAssembly) in C:\src\log4net\src\log4net\Core\LoggerManager.cs:line 242
   at log4net.LogManager.GetRepository(Assembly repositoryAssembly) in C:\src\log4net\src\log4net\LogManager.cs:line 543
   at log4net.LogManager.GetRepository() in C:\src\log4net\src\log4net\LogManager.cs:line 511
   at log4net.Tests.Appender.RollingFileAppenderTest.ResetAndDeleteTestFiles() in C:\src\log4net\tests\log4net.Tests\Appender\RollingFileAppenderTest.cs:line 101
   at log4net.Tests.Appender.RollingFileAppenderTest.SetUp() in C:\src\log4net\tests\log4net.Tests\Appender\RollingFileAppenderTest.cs:line 115
--TearDown
   at System.Collections.Generic.Dictionary`2.get_Item(TKey key)
   at log4net.Core.CompactRepositorySelector.CreateRepository(Assembly assembly, Type repositoryType) in C:\src\log4net\src\log4net\Core\CompactRepositorySelector.cs:line 185
   at log4net.Core.CompactRepositorySelector.GetRepository(Assembly assembly) in C:\src\log4net\src\log4net\Core\CompactRepositorySelector.cs:line 115
   at log4net.Core.LoggerManager.GetRepository(Assembly repositoryAssembly) in C:\src\log4net\src\log4net\Core\LoggerManager.cs:line 242
   at log4net.LogManager.GetRepository(Assembly repositoryAssembly) in C:\src\log4net\src\log4net\LogManager.cs:line 543
   at log4net.LogManager.GetRepository() in C:\src\log4net\src\log4net\LogManager.cs:line 511
   at log4net.Tests.Appender.RollingFileAppenderTest.ResetAndDeleteTestFiles() in C:\src\log4net\tests\log4net.Tests\Appender\RollingFileAppenderTest.cs:line 101
   at log4net.Tests.Appender.RollingFileAppenderTest.TearDown() in C:\src\log4net\tests\log4net.Tests\Appender\RollingFileAppenderTest.cs:line 130]]></stack-trace>
              </failure>
            </test-case>
            <test-case id="1100" name="TestInitializeCountUpInfinite3" fullname="log4net.Tests.Appender.RollingFileAppenderTest.TestInitializeCountUpInfinite3" methodname="TestInitializeCountUpInfinite3" classname="log4net.Tests.Appender.RollingFileAppenderTest" runstate="Runnable" seed="1691348272" result="Failed" label="Error" start-time="2016-08-02 15:59:03Z" end-time="2016-08-02 15:59:03Z" duration="0.002091" asserts="0">
              <failure>
                <message><![CDATA[System.Collections.Generic.KeyNotFoundException : The given key was not present in the dictionary.
TearDown : System.Collections.Generic.KeyNotFoundException : The given key was not present in the dictionary.]]></message>
                <stack-trace><![CDATA[   at System.Collections.Generic.Dictionary`2.get_Item(TKey key)
   at log4net.Core.CompactRepositorySelector.CreateRepository(Assembly assembly, Type repositoryType) in C:\src\log4net\src\log4net\Core\CompactRepositorySelector.cs:line 185
   at log4net.Core.CompactRepositorySelector.GetRepository(Assembly assembly) in C:\src\log4net\src\log4net\Core\CompactRepositorySelector.cs:line 115
   at log4net.Core.LoggerManager.GetRepository(Assembly repositoryAssembly) in C:\src\log4net\src\log4net\Core\LoggerManager.cs:line 242
   at log4net.LogManager.GetRepository(Assembly repositoryAssembly) in C:\src\log4net\src\log4net\LogManager.cs:line 543
   at log4net.LogManager.GetRepository() in C:\src\log4net\src\log4net\LogManager.cs:line 511
   at log4net.Tests.Appender.RollingFileAppenderTest.ResetAndDeleteTestFiles() in C:\src\log4net\tests\log4net.Tests\Appender\RollingFileAppenderTest.cs:line 101
   at log4net.Tests.Appender.RollingFileAppenderTest.SetUp() in C:\src\log4net\tests\log4net.Tests\Appender\RollingFileAppenderTest.cs:line 115
--TearDown
   at System.Collections.Generic.Dictionary`2.get_Item(TKey key)
   at log4net.Core.CompactRepositorySelector.CreateRepository(Assembly assembly, Type repositoryType) in C:\src\log4net\src\log4net\Core\CompactRepositorySelector.cs:line 185
   at log4net.Core.CompactRepositorySelector.GetRepository(Assembly assembly) in C:\src\log4net\src\log4net\Core\CompactRepositorySelector.cs:line 115
   at log4net.Core.LoggerManager.GetRepository(Assembly repositoryAssembly) in C:\src\log4net\src\log4net\Core\LoggerManager.cs:line 242
   at log4net.LogManager.GetRepository(Assembly repositoryAssembly) in C:\src\log4net\src\log4net\LogManager.cs:line 543
   at log4net.LogManager.GetRepository() in C:\src\log4net\src\log4net\LogManager.cs:line 511
   at log4net.Tests.Appender.RollingFileAppenderTest.ResetAndDeleteTestFiles() in C:\src\log4net\tests\log4net.Tests\Appender\RollingFileAppenderTest.cs:line 101
   at log4net.Tests.Appender.RollingFileAppenderTest.TearDown() in C:\src\log4net\tests\log4net.Tests\Appender\RollingFileAppenderTest.cs:line 130]]></stack-trace>
              </failure>
            </test-case>
            <test-case id="1086" name="TestInitializeCountUpZeroBackups" fullname="log4net.Tests.Appender.RollingFileAppenderTest.TestInitializeCountUpZeroBackups" methodname="TestInitializeCountUpZeroBackups" classname="log4net.Tests.Appender.RollingFileAppenderTest" runstate="Runnable" seed="984141148" result="Failed" label="Error" start-time="2016-08-02 15:59:03Z" end-time="2016-08-02 15:59:03Z" duration="0.002109" asserts="0">
              <failure>
                <message><![CDATA[System.Collections.Generic.KeyNotFoundException : The given key was not present in the dictionary.
TearDown : System.Collections.Generic.KeyNotFoundException : The given key was not present in the dictionary.]]></message>
                <stack-trace><![CDATA[   at System.Collections.Generic.Dictionary`2.get_Item(TKey key)
   at log4net.Core.CompactRepositorySelector.CreateRepository(Assembly assembly, Type repositoryType) in C:\src\log4net\src\log4net\Core\CompactRepositorySelector.cs:line 185
   at log4net.Core.CompactRepositorySelector.GetRepository(Assembly assembly) in C:\src\log4net\src\log4net\Core\CompactRepositorySelector.cs:line 115
   at log4net.Core.LoggerManager.GetRepository(Assembly repositoryAssembly) in C:\src\log4net\src\log4net\Core\LoggerManager.cs:line 242
   at log4net.LogManager.GetRepository(Assembly repositoryAssembly) in C:\src\log4net\src\log4net\LogManager.cs:line 543
   at log4net.LogManager.GetRepository() in C:\src\log4net\src\log4net\LogManager.cs:line 511
   at log4net.Tests.Appender.RollingFileAppenderTest.ResetAndDeleteTestFiles() in C:\src\log4net\tests\log4net.Tests\Appender\RollingFileAppenderTest.cs:line 101
   at log4net.Tests.Appender.RollingFileAppenderTest.SetUp() in C:\src\log4net\tests\log4net.Tests\Appender\RollingFileAppenderTest.cs:line 115
--TearDown
   at System.Collections.Generic.Dictionary`2.get_Item(TKey key)
   at log4net.Core.CompactRepositorySelector.CreateRepository(Assembly assembly, Type repositoryType) in C:\src\log4net\src\log4net\Core\CompactRepositorySelector.cs:line 185
   at log4net.Core.CompactRepositorySelector.GetRepository(Assembly assembly) in C:\src\log4net\src\log4net\Core\CompactRepositorySelector.cs:line 115
   at log4net.Core.LoggerManager.GetRepository(Assembly repositoryAssembly) in C:\src\log4net\src\log4net\Core\LoggerManager.cs:line 242
   at log4net.LogManager.GetRepository(Assembly repositoryAssembly) in C:\src\log4net\src\log4net\LogManager.cs:line 543
   at log4net.LogManager.GetRepository() in C:\src\log4net\src\log4net\LogManager.cs:line 511
   at log4net.Tests.Appender.RollingFileAppenderTest.ResetAndDeleteTestFiles() in C:\src\log4net\tests\log4net.Tests\Appender\RollingFileAppenderTest.cs:line 101
   at log4net.Tests.Appender.RollingFileAppenderTest.TearDown() in C:\src\log4net\tests\log4net.Tests\Appender\RollingFileAppenderTest.cs:line 130]]></stack-trace>
              </failure>
            </test-case>
            <test-case id="1083" name="TestInitializeRollBackups1" fullname="log4net.Tests.Appender.RollingFileAppenderTest.TestInitializeRollBackups1" methodname="TestInitializeRollBackups1" classname="log4net.Tests.Appender.RollingFileAppenderTest" runstate="Runnable" seed="1567780938" result="Failed" label="Error" start-time="2016-08-02 15:59:03Z" end-time="2016-08-02 15:59:03Z" duration="0.002086" asserts="0">
              <failure>
                <message><![CDATA[System.Collections.Generic.KeyNotFoundException : The given key was not present in the dictionary.
TearDown : System.Collections.Generic.KeyNotFoundException : The given key was not present in the dictionary.]]></message>
                <stack-trace><![CDATA[   at System.Collections.Generic.Dictionary`2.get_Item(TKey key)
   at log4net.Core.CompactRepositorySelector.CreateRepository(Assembly assembly, Type repositoryType) in C:\src\log4net\src\log4net\Core\CompactRepositorySelector.cs:line 185
   at log4net.Core.CompactRepositorySelector.GetRepository(Assembly assembly) in C:\src\log4net\src\log4net\Core\CompactRepositorySelector.cs:line 115
   at log4net.Core.LoggerManager.GetRepository(Assembly repositoryAssembly) in C:\src\log4net\src\log4net\Core\LoggerManager.cs:line 242
   at log4net.LogManager.GetRepository(Assembly repositoryAssembly) in C:\src\log4net\src\log4net\LogManager.cs:line 543
   at log4net.LogManager.GetRepository() in C:\src\log4net\src\log4net\LogManager.cs:line 511
   at log4net.Tests.Appender.RollingFileAppenderTest.ResetAndDeleteTestFiles() in C:\src\log4net\tests\log4net.Tests\Appender\RollingFileAppenderTest.cs:line 101
   at log4net.Tests.Appender.RollingFileAppenderTest.SetUp() in C:\src\log4net\tests\log4net.Tests\Appender\RollingFileAppenderTest.cs:line 115
--TearDown
   at System.Collections.Generic.Dictionary`2.get_Item(TKey key)
   at log4net.Core.CompactRepositorySelector.CreateRepository(Assembly assembly, Type repositoryType) in C:\src\log4net\src\log4net\Core\CompactRepositorySelector.cs:line 185
   at log4net.Core.CompactRepositorySelector.GetRepository(Assembly assembly) in C:\src\log4net\src\log4net\Core\CompactRepositorySelector.cs:line 115
   at log4net.Core.LoggerManager.GetRepository(Assembly repositoryAssembly) in C:\src\log4net\src\log4net\Core\LoggerManager.cs:line 242
   at log4net.LogManager.GetRepository(Assembly repositoryAssembly) in C:\src\log4net\src\log4net\LogManager.cs:line 543
   at log4net.LogManager.GetRepository() in C:\src\log4net\src\log4net\LogManager.cs:line 511
   at log4net.Tests.Appender.RollingFileAppenderTest.ResetAndDeleteTestFiles() in C:\src\log4net\tests\log4net.Tests\Appender\RollingFileAppenderTest.cs:line 101
   at log4net.Tests.Appender.RollingFileAppenderTest.TearDown() in C:\src\log4net\tests\log4net.Tests\Appender\RollingFileAppenderTest.cs:line 130]]></stack-trace>
              </failure>
            </test-case>
            <test-case id="1113" name="TestInitializeRollBackups2" fullname="log4net.Tests.Appender.RollingFileAppenderTest.TestInitializeRollBackups2" methodname="TestInitializeRollBackups2" classname="log4net.Tests.Appender.RollingFileAppenderTest" runstate="Runnable" seed="1211659341" result="Failed" label="Error" start-time="2016-08-02 15:59:03Z" end-time="2016-08-02 15:59:03Z" duration="0.002191" asserts="0">
              <failure>
                <message><![CDATA[System.Collections.Generic.KeyNotFoundException : The given key was not present in the dictionary.
TearDown : System.Collections.Generic.KeyNotFoundException : The given key was not present in the dictionary.]]></message>
                <stack-trace><![CDATA[   at System.Collections.Generic.Dictionary`2.get_Item(TKey key)
   at log4net.Core.CompactRepositorySelector.CreateRepository(Assembly assembly, Type repositoryType) in C:\src\log4net\src\log4net\Core\CompactRepositorySelector.cs:line 185
   at log4net.Core.CompactRepositorySelector.GetRepository(Assembly assembly) in C:\src\log4net\src\log4net\Core\CompactRepositorySelector.cs:line 115
   at log4net.Core.LoggerManager.GetRepository(Assembly repositoryAssembly) in C:\src\log4net\src\log4net\Core\LoggerManager.cs:line 242
   at log4net.LogManager.GetRepository(Assembly repositoryAssembly) in C:\src\log4net\src\log4net\LogManager.cs:line 543
   at log4net.LogManager.GetRepository() in C:\src\log4net\src\log4net\LogManager.cs:line 511
   at log4net.Tests.Appender.RollingFileAppenderTest.ResetAndDeleteTestFiles() in C:\src\log4net\tests\log4net.Tests\Appender\RollingFileAppenderTest.cs:line 101
   at log4net.Tests.Appender.RollingFileAppenderTest.SetUp() in C:\src\log4net\tests\log4net.Tests\Appender\RollingFileAppenderTest.cs:line 115
--TearDown
   at System.Collections.Generic.Dictionary`2.get_Item(TKey key)
   at log4net.Core.CompactRepositorySelector.CreateRepository(Assembly assembly, Type repositoryType) in C:\src\log4net\src\log4net\Core\CompactRepositorySelector.cs:line 185
   at log4net.Core.CompactRepositorySelector.GetRepository(Assembly assembly) in C:\src\log4net\src\log4net\Core\CompactRepositorySelector.cs:line 115
   at log4net.Core.LoggerManager.GetRepository(Assembly repositoryAssembly) in C:\src\log4net\src\log4net\Core\LoggerManager.cs:line 242
   at log4net.LogManager.GetRepository(Assembly repositoryAssembly) in C:\src\log4net\src\log4net\LogManager.cs:line 543
   at log4net.LogManager.GetRepository() in C:\src\log4net\src\log4net\LogManager.cs:line 511
   at log4net.Tests.Appender.RollingFileAppenderTest.ResetAndDeleteTestFiles() in C:\src\log4net\tests\log4net.Tests\Appender\RollingFileAppenderTest.cs:line 101
   at log4net.Tests.Appender.RollingFileAppenderTest.TearDown() in C:\src\log4net\tests\log4net.Tests\Appender\RollingFileAppenderTest.cs:line 130]]></stack-trace>
              </failure>
            </test-case>
            <test-case id="1114" name="TestInitializeRollBackups3" fullname="log4net.Tests.Appender.RollingFileAppenderTest.TestInitializeRollBackups3" methodname="TestInitializeRollBackups3" classname="log4net.Tests.Appender.RollingFileAppenderTest" runstate="Runnable" seed="189430186" result="Failed" label="Error" start-time="2016-08-02 15:59:03Z" end-time="2016-08-02 15:59:03Z" duration="0.002089" asserts="0">
              <failure>
                <message><![CDATA[System.Collections.Generic.KeyNotFoundException : The given key was not present in the dictionary.
TearDown : System.Collections.Generic.KeyNotFoundException : The given key was not present in the dictionary.]]></message>
                <stack-trace><![CDATA[   at System.Collections.Generic.Dictionary`2.get_Item(TKey key)
   at log4net.Core.CompactRepositorySelector.CreateRepository(Assembly assembly, Type repositoryType) in C:\src\log4net\src\log4net\Core\CompactRepositorySelector.cs:line 185
   at log4net.Core.CompactRepositorySelector.GetRepository(Assembly assembly) in C:\src\log4net\src\log4net\Core\CompactRepositorySelector.cs:line 115
   at log4net.Core.LoggerManager.GetRepository(Assembly repositoryAssembly) in C:\src\log4net\src\log4net\Core\LoggerManager.cs:line 242
   at log4net.LogManager.GetRepository(Assembly repositoryAssembly) in C:\src\log4net\src\log4net\LogManager.cs:line 543
   at log4net.LogManager.GetRepository() in C:\src\log4net\src\log4net\LogManager.cs:line 511
   at log4net.Tests.Appender.RollingFileAppenderTest.ResetAndDeleteTestFiles() in C:\src\log4net\tests\log4net.Tests\Appender\RollingFileAppenderTest.cs:line 101
   at log4net.Tests.Appender.RollingFileAppenderTest.SetUp() in C:\src\log4net\tests\log4net.Tests\Appender\RollingFileAppenderTest.cs:line 115
--TearDown
   at System.Collections.Generic.Dictionary`2.get_Item(TKey key)
   at log4net.Core.CompactRepositorySelector.CreateRepository(Assembly assembly, Type repositoryType) in C:\src\log4net\src\log4net\Core\CompactRepositorySelector.cs:line 185
   at log4net.Core.CompactRepositorySelector.GetRepository(Assembly assembly) in C:\src\log4net\src\log4net\Core\CompactRepositorySelector.cs:line 115
   at log4net.Core.LoggerManager.GetRepository(Assembly repositoryAssembly) in C:\src\log4net\src\log4net\Core\LoggerManager.cs:line 242
   at log4net.LogManager.GetRepository(Assembly repositoryAssembly) in C:\src\log4net\src\log4net\LogManager.cs:line 543
   at log4net.LogManager.GetRepository() in C:\src\log4net\src\log4net\LogManager.cs:line 511
   at log4net.Tests.Appender.RollingFileAppenderTest.ResetAndDeleteTestFiles() in C:\src\log4net\tests\log4net.Tests\Appender\RollingFileAppenderTest.cs:line 101
   at log4net.Tests.Appender.RollingFileAppenderTest.TearDown() in C:\src\log4net\tests\log4net.Tests\Appender\RollingFileAppenderTest.cs:line 130]]></stack-trace>
              </failure>
            </test-case>
            <test-case id="1115" name="TestInitializeRollBackups4" fullname="log4net.Tests.Appender.RollingFileAppenderTest.TestInitializeRollBackups4" methodname="TestInitializeRollBackups4" classname="log4net.Tests.Appender.RollingFileAppenderTest" runstate="Runnable" seed="1996278452" result="Failed" label="Error" start-time="2016-08-02 15:59:03Z" end-time="2016-08-02 15:59:03Z" duration="0.002116" asserts="0">
              <failure>
                <message><![CDATA[System.Collections.Generic.KeyNotFoundException : The given key was not present in the dictionary.
TearDown : System.Collections.Generic.KeyNotFoundException : The given key was not present in the dictionary.]]></message>
                <stack-trace><![CDATA[   at System.Collections.Generic.Dictionary`2.get_Item(TKey key)
   at log4net.Core.CompactRepositorySelector.CreateRepository(Assembly assembly, Type repositoryType) in C:\src\log4net\src\log4net\Core\CompactRepositorySelector.cs:line 185
   at log4net.Core.CompactRepositorySelector.GetRepository(Assembly assembly) in C:\src\log4net\src\log4net\Core\CompactRepositorySelector.cs:line 115
   at log4net.Core.LoggerManager.GetRepository(Assembly repositoryAssembly) in C:\src\log4net\src\log4net\Core\LoggerManager.cs:line 242
   at log4net.LogManager.GetRepository(Assembly repositoryAssembly) in C:\src\log4net\src\log4net\LogManager.cs:line 543
   at log4net.LogManager.GetRepository() in C:\src\log4net\src\log4net\LogManager.cs:line 511
   at log4net.Tests.Appender.RollingFileAppenderTest.ResetAndDeleteTestFiles() in C:\src\log4net\tests\log4net.Tests\Appender\RollingFileAppenderTest.cs:line 101
   at log4net.Tests.Appender.RollingFileAppenderTest.SetUp() in C:\src\log4net\tests\log4net.Tests\Appender\RollingFileAppenderTest.cs:line 115
--TearDown
   at System.Collections.Generic.Dictionary`2.get_Item(TKey key)
   at log4net.Core.CompactRepositorySelector.CreateRepository(Assembly assembly, Type repositoryType) in C:\src\log4net\src\log4net\Core\CompactRepositorySelector.cs:line 185
   at log4net.Core.CompactRepositorySelector.GetRepository(Assembly assembly) in C:\src\log4net\src\log4net\Core\CompactRepositorySelector.cs:line 115
   at log4net.Core.LoggerManager.GetRepository(Assembly repositoryAssembly) in C:\src\log4net\src\log4net\Core\LoggerManager.cs:line 242
   at log4net.LogManager.GetRepository(Assembly repositoryAssembly) in C:\src\log4net\src\log4net\LogManager.cs:line 543
   at log4net.LogManager.GetRepository() in C:\src\log4net\src\log4net\LogManager.cs:line 511
   at log4net.Tests.Appender.RollingFileAppenderTest.ResetAndDeleteTestFiles() in C:\src\log4net\tests\log4net.Tests\Appender\RollingFileAppenderTest.cs:line 101
   at log4net.Tests.Appender.RollingFileAppenderTest.TearDown() in C:\src\log4net\tests\log4net.Tests\Appender\RollingFileAppenderTest.cs:line 130]]></stack-trace>
              </failure>
            </test-case>
            <test-case id="1108" name="TestInterProcessLockFails" fullname="log4net.Tests.Appender.RollingFileAppenderTest.TestInterProcessLockFails" methodname="TestInterProcessLockFails" classname="log4net.Tests.Appender.RollingFileAppenderTest" runstate="Runnable" seed="1804783864" result="Failed" label="Error" start-time="2016-08-02 15:59:03Z" end-time="2016-08-02 15:59:03Z" duration="0.002439" asserts="0">
              <failure>
                <message><![CDATA[System.Collections.Generic.KeyNotFoundException : The given key was not present in the dictionary.
TearDown : System.Collections.Generic.KeyNotFoundException : The given key was not present in the dictionary.]]></message>
                <stack-trace><![CDATA[   at System.Collections.Generic.Dictionary`2.get_Item(TKey key)
   at log4net.Core.CompactRepositorySelector.CreateRepository(Assembly assembly, Type repositoryType) in C:\src\log4net\src\log4net\Core\CompactRepositorySelector.cs:line 185
   at log4net.Core.CompactRepositorySelector.GetRepository(Assembly assembly) in C:\src\log4net\src\log4net\Core\CompactRepositorySelector.cs:line 115
   at log4net.Core.LoggerManager.GetRepository(Assembly repositoryAssembly) in C:\src\log4net\src\log4net\Core\LoggerManager.cs:line 242
   at log4net.LogManager.GetRepository(Assembly repositoryAssembly) in C:\src\log4net\src\log4net\LogManager.cs:line 543
   at log4net.LogManager.GetRepository() in C:\src\log4net\src\log4net\LogManager.cs:line 511
   at log4net.Tests.Appender.RollingFileAppenderTest.ResetAndDeleteTestFiles() in C:\src\log4net\tests\log4net.Tests\Appender\RollingFileAppenderTest.cs:line 101
   at log4net.Tests.Appender.RollingFileAppenderTest.SetUp() in C:\src\log4net\tests\log4net.Tests\Appender\RollingFileAppenderTest.cs:line 115
--TearDown
   at System.Collections.Generic.Dictionary`2.get_Item(TKey key)
   at log4net.Core.CompactRepositorySelector.CreateRepository(Assembly assembly, Type repositoryType) in C:\src\log4net\src\log4net\Core\CompactRepositorySelector.cs:line 185
   at log4net.Core.CompactRepositorySelector.GetRepository(Assembly assembly) in C:\src\log4net\src\log4net\Core\CompactRepositorySelector.cs:line 115
   at log4net.Core.LoggerManager.GetRepository(Assembly repositoryAssembly) in C:\src\log4net\src\log4net\Core\LoggerManager.cs:line 242
   at log4net.LogManager.GetRepository(Assembly repositoryAssembly) in C:\src\log4net\src\log4net\LogManager.cs:line 543
   at log4net.LogManager.GetRepository() in C:\src\log4net\src\log4net\LogManager.cs:line 511
   at log4net.Tests.Appender.RollingFileAppenderTest.ResetAndDeleteTestFiles() in C:\src\log4net\tests\log4net.Tests\Appender\RollingFileAppenderTest.cs:line 101
   at log4net.Tests.Appender.RollingFileAppenderTest.TearDown() in C:\src\log4net\tests\log4net.Tests\Appender\RollingFileAppenderTest.cs:line 130]]></stack-trace>
              </failure>
            </test-case>
            <test-case id="1109" name="TestInterProcessLockRecovers" fullname="log4net.Tests.Appender.RollingFileAppenderTest.TestInterProcessLockRecovers" methodname="TestInterProcessLockRecovers" classname="log4net.Tests.Appender.RollingFileAppenderTest" runstate="Runnable" seed="84775760" result="Failed" label="Error" start-time="2016-08-02 15:59:03Z" end-time="2016-08-02 15:59:03Z" duration="0.002090" asserts="0">
              <failure>
                <message><![CDATA[System.Collections.Generic.KeyNotFoundException : The given key was not present in the dictionary.
TearDown : System.Collections.Generic.KeyNotFoundException : The given key was not present in the dictionary.]]></message>
                <stack-trace><![CDATA[   at System.Collections.Generic.Dictionary`2.get_Item(TKey key)
   at log4net.Core.CompactRepositorySelector.CreateRepository(Assembly assembly, Type repositoryType) in C:\src\log4net\src\log4net\Core\CompactRepositorySelector.cs:line 185
   at log4net.Core.CompactRepositorySelector.GetRepository(Assembly assembly) in C:\src\log4net\src\log4net\Core\CompactRepositorySelector.cs:line 115
   at log4net.Core.LoggerManager.GetRepository(Assembly repositoryAssembly) in C:\src\log4net\src\log4net\Core\LoggerManager.cs:line 242
   at log4net.LogManager.GetRepository(Assembly repositoryAssembly) in C:\src\log4net\src\log4net\LogManager.cs:line 543
   at log4net.LogManager.GetRepository() in C:\src\log4net\src\log4net\LogManager.cs:line 511
   at log4net.Tests.Appender.RollingFileAppenderTest.ResetAndDeleteTestFiles() in C:\src\log4net\tests\log4net.Tests\Appender\RollingFileAppenderTest.cs:line 101
   at log4net.Tests.Appender.RollingFileAppenderTest.SetUp() in C:\src\log4net\tests\log4net.Tests\Appender\RollingFileAppenderTest.cs:line 115
--TearDown
   at System.Collections.Generic.Dictionary`2.get_Item(TKey key)
   at log4net.Core.CompactRepositorySelector.CreateRepository(Assembly assembly, Type repositoryType) in C:\src\log4net\src\log4net\Core\CompactRepositorySelector.cs:line 185
   at log4net.Core.CompactRepositorySelector.GetRepository(Assembly assembly) in C:\src\log4net\src\log4net\Core\CompactRepositorySelector.cs:line 115
   at log4net.Core.LoggerManager.GetRepository(Assembly repositoryAssembly) in C:\src\log4net\src\log4net\Core\LoggerManager.cs:line 242
   at log4net.LogManager.GetRepository(Assembly repositoryAssembly) in C:\src\log4net\src\log4net\LogManager.cs:line 543
   at log4net.LogManager.GetRepository() in C:\src\log4net\src\log4net\LogManager.cs:line 511
   at log4net.Tests.Appender.RollingFileAppenderTest.ResetAndDeleteTestFiles() in C:\src\log4net\tests\log4net.Tests\Appender\RollingFileAppenderTest.cs:line 101
   at log4net.Tests.Appender.RollingFileAppenderTest.TearDown() in C:\src\log4net\tests\log4net.Tests\Appender\RollingFileAppenderTest.cs:line 130]]></stack-trace>
              </failure>
            </test-case>
            <test-case id="1111" name="TestInterProcessLockRoll" fullname="log4net.Tests.Appender.RollingFileAppenderTest.TestInterProcessLockRoll" methodname="TestInterProcessLockRoll" classname="log4net.Tests.Appender.RollingFileAppenderTest" runstate="Runnable" seed="2137272991" result="Failed" label="Error" start-time="2016-08-02 15:59:03Z" end-time="2016-08-02 15:59:03Z" duration="0.002118" asserts="0">
              <failure>
                <message><![CDATA[System.Collections.Generic.KeyNotFoundException : The given key was not present in the dictionary.
TearDown : System.Collections.Generic.KeyNotFoundException : The given key was not present in the dictionary.]]></message>
                <stack-trace><![CDATA[   at System.Collections.Generic.Dictionary`2.get_Item(TKey key)
   at log4net.Core.CompactRepositorySelector.CreateRepository(Assembly assembly, Type repositoryType) in C:\src\log4net\src\log4net\Core\CompactRepositorySelector.cs:line 185
   at log4net.Core.CompactRepositorySelector.GetRepository(Assembly assembly) in C:\src\log4net\src\log4net\Core\CompactRepositorySelector.cs:line 115
   at log4net.Core.LoggerManager.GetRepository(Assembly repositoryAssembly) in C:\src\log4net\src\log4net\Core\LoggerManager.cs:line 242
   at log4net.LogManager.GetRepository(Assembly repositoryAssembly) in C:\src\log4net\src\log4net\LogManager.cs:line 543
   at log4net.LogManager.GetRepository() in C:\src\log4net\src\log4net\LogManager.cs:line 511
   at log4net.Tests.Appender.RollingFileAppenderTest.ResetAndDeleteTestFiles() in C:\src\log4net\tests\log4net.Tests\Appender\RollingFileAppenderTest.cs:line 101
   at log4net.Tests.Appender.RollingFileAppenderTest.SetUp() in C:\src\log4net\tests\log4net.Tests\Appender\RollingFileAppenderTest.cs:line 115
--TearDown
   at System.Collections.Generic.Dictionary`2.get_Item(TKey key)
   at log4net.Core.CompactRepositorySelector.CreateRepository(Assembly assembly, Type repositoryType) in C:\src\log4net\src\log4net\Core\CompactRepositorySelector.cs:line 185
   at log4net.Core.CompactRepositorySelector.GetRepository(Assembly assembly) in C:\src\log4net\src\log4net\Core\CompactRepositorySelector.cs:line 115
   at log4net.Core.LoggerManager.GetRepository(Assembly repositoryAssembly) in C:\src\log4net\src\log4net\Core\LoggerManager.cs:line 242
   at log4net.LogManager.GetRepository(Assembly repositoryAssembly) in C:\src\log4net\src\log4net\LogManager.cs:line 543
   at log4net.LogManager.GetRepository() in C:\src\log4net\src\log4net\LogManager.cs:line 511
   at log4net.Tests.Appender.RollingFileAppenderTest.ResetAndDeleteTestFiles() in C:\src\log4net\tests\log4net.Tests\Appender\RollingFileAppenderTest.cs:line 101
   at log4net.Tests.Appender.RollingFileAppenderTest.TearDown() in C:\src\log4net\tests\log4net.Tests\Appender\RollingFileAppenderTest.cs:line 130]]></stack-trace>
              </failure>
            </test-case>
            <test-case id="1110" name="TestInterProcessLockUnlocks" fullname="log4net.Tests.Appender.RollingFileAppenderTest.TestInterProcessLockUnlocks" methodname="TestInterProcessLockUnlocks" classname="log4net.Tests.Appender.RollingFileAppenderTest" runstate="Runnable" seed="1100652725" result="Failed" label="Error" start-time="2016-08-02 15:59:03Z" end-time="2016-08-02 15:59:03Z" duration="0.002108" asserts="0">
              <failure>
                <message><![CDATA[System.Collections.Generic.KeyNotFoundException : The given key was not present in the dictionary.
TearDown : System.Collections.Generic.KeyNotFoundException : The given key was not present in the dictionary.]]></message>
                <stack-trace><![CDATA[   at System.Collections.Generic.Dictionary`2.get_Item(TKey key)
   at log4net.Core.CompactRepositorySelector.CreateRepository(Assembly assembly, Type repositoryType) in C:\src\log4net\src\log4net\Core\CompactRepositorySelector.cs:line 185
   at log4net.Core.CompactRepositorySelector.GetRepository(Assembly assembly) in C:\src\log4net\src\log4net\Core\CompactRepositorySelector.cs:line 115
   at log4net.Core.LoggerManager.GetRepository(Assembly repositoryAssembly) in C:\src\log4net\src\log4net\Core\LoggerManager.cs:line 242
   at log4net.LogManager.GetRepository(Assembly repositoryAssembly) in C:\src\log4net\src\log4net\LogManager.cs:line 543
   at log4net.LogManager.GetRepository() in C:\src\log4net\src\log4net\LogManager.cs:line 511
   at log4net.Tests.Appender.RollingFileAppenderTest.ResetAndDeleteTestFiles() in C:\src\log4net\tests\log4net.Tests\Appender\RollingFileAppenderTest.cs:line 101
   at log4net.Tests.Appender.RollingFileAppenderTest.SetUp() in C:\src\log4net\tests\log4net.Tests\Appender\RollingFileAppenderTest.cs:line 115
--TearDown
   at System.Collections.Generic.Dictionary`2.get_Item(TKey key)
   at log4net.Core.CompactRepositorySelector.CreateRepository(Assembly assembly, Type repositoryType) in C:\src\log4net\src\log4net\Core\CompactRepositorySelector.cs:line 185
   at log4net.Core.CompactRepositorySelector.GetRepository(Assembly assembly) in C:\src\log4net\src\log4net\Core\CompactRepositorySelector.cs:line 115
   at log4net.Core.LoggerManager.GetRepository(Assembly repositoryAssembly) in C:\src\log4net\src\log4net\Core\LoggerManager.cs:line 242
   at log4net.LogManager.GetRepository(Assembly repositoryAssembly) in C:\src\log4net\src\log4net\LogManager.cs:line 543
   at log4net.LogManager.GetRepository() in C:\src\log4net\src\log4net\LogManager.cs:line 511
   at log4net.Tests.Appender.RollingFileAppenderTest.ResetAndDeleteTestFiles() in C:\src\log4net\tests\log4net.Tests\Appender\RollingFileAppenderTest.cs:line 101
   at log4net.Tests.Appender.RollingFileAppenderTest.TearDown() in C:\src\log4net\tests\log4net.Tests\Appender\RollingFileAppenderTest.cs:line 130]]></stack-trace>
              </failure>
            </test-case>
            <test-case id="1101" name="TestLogOutput" fullname="log4net.Tests.Appender.RollingFileAppenderTest.TestLogOutput" methodname="TestLogOutput" classname="log4net.Tests.Appender.RollingFileAppenderTest" runstate="Runnable" seed="1606444375" result="Failed" label="Error" start-time="2016-08-02 15:59:03Z" end-time="2016-08-02 15:59:03Z" duration="0.002088" asserts="0">
              <failure>
                <message><![CDATA[System.Collections.Generic.KeyNotFoundException : The given key was not present in the dictionary.
TearDown : System.Collections.Generic.KeyNotFoundException : The given key was not present in the dictionary.]]></message>
                <stack-trace><![CDATA[   at System.Collections.Generic.Dictionary`2.get_Item(TKey key)
   at log4net.Core.CompactRepositorySelector.CreateRepository(Assembly assembly, Type repositoryType) in C:\src\log4net\src\log4net\Core\CompactRepositorySelector.cs:line 185
   at log4net.Core.CompactRepositorySelector.GetRepository(Assembly assembly) in C:\src\log4net\src\log4net\Core\CompactRepositorySelector.cs:line 115
   at log4net.Core.LoggerManager.GetRepository(Assembly repositoryAssembly) in C:\src\log4net\src\log4net\Core\LoggerManager.cs:line 242
   at log4net.LogManager.GetRepository(Assembly repositoryAssembly) in C:\src\log4net\src\log4net\LogManager.cs:line 543
   at log4net.LogManager.GetRepository() in C:\src\log4net\src\log4net\LogManager.cs:line 511
   at log4net.Tests.Appender.RollingFileAppenderTest.ResetAndDeleteTestFiles() in C:\src\log4net\tests\log4net.Tests\Appender\RollingFileAppenderTest.cs:line 101
   at log4net.Tests.Appender.RollingFileAppenderTest.SetUp() in C:\src\log4net\tests\log4net.Tests\Appender\RollingFileAppenderTest.cs:line 115
--TearDown
   at System.Collections.Generic.Dictionary`2.get_Item(TKey key)
   at log4net.Core.CompactRepositorySelector.CreateRepository(Assembly assembly, Type repositoryType) in C:\src\log4net\src\log4net\Core\CompactRepositorySelector.cs:line 185
   at log4net.Core.CompactRepositorySelector.GetRepository(Assembly assembly) in C:\src\log4net\src\log4net\Core\CompactRepositorySelector.cs:line 115
   at log4net.Core.LoggerManager.GetRepository(Assembly repositoryAssembly) in C:\src\log4net\src\log4net\Core\LoggerManager.cs:line 242
   at log4net.LogManager.GetRepository(Assembly repositoryAssembly) in C:\src\log4net\src\log4net\LogManager.cs:line 543
   at log4net.LogManager.GetRepository() in C:\src\log4net\src\log4net\LogManager.cs:line 511
   at log4net.Tests.Appender.RollingFileAppenderTest.ResetAndDeleteTestFiles() in C:\src\log4net\tests\log4net.Tests\Appender\RollingFileAppenderTest.cs:line 101
   at log4net.Tests.Appender.RollingFileAppenderTest.TearDown() in C:\src\log4net\tests\log4net.Tests\Appender\RollingFileAppenderTest.cs:line 130]]></stack-trace>
              </failure>
            </test-case>
            <test-case id="1105" name="TestMinimalLockFails" fullname="log4net.Tests.Appender.RollingFileAppenderTest.TestMinimalLockFails" methodname="TestMinimalLockFails" classname="log4net.Tests.Appender.RollingFileAppenderTest" runstate="Runnable" seed="1006750101" result="Failed" label="Error" start-time="2016-08-02 15:59:03Z" end-time="2016-08-02 15:59:03Z" duration="0.002083" asserts="0">
              <failure>
                <message><![CDATA[System.Collections.Generic.KeyNotFoundException : The given key was not present in the dictionary.
TearDown : System.Collections.Generic.KeyNotFoundException : The given key was not present in the dictionary.]]></message>
                <stack-trace><![CDATA[   at System.Collections.Generic.Dictionary`2.get_Item(TKey key)
   at log4net.Core.CompactRepositorySelector.CreateRepository(Assembly assembly, Type repositoryType) in C:\src\log4net\src\log4net\Core\CompactRepositorySelector.cs:line 185
   at log4net.Core.CompactRepositorySelector.GetRepository(Assembly assembly) in C:\src\log4net\src\log4net\Core\CompactRepositorySelector.cs:line 115
   at log4net.Core.LoggerManager.GetRepository(Assembly repositoryAssembly) in C:\src\log4net\src\log4net\Core\LoggerManager.cs:line 242
   at log4net.LogManager.GetRepository(Assembly repositoryAssembly) in C:\src\log4net\src\log4net\LogManager.cs:line 543
   at log4net.LogManager.GetRepository() in C:\src\log4net\src\log4net\LogManager.cs:line 511
   at log4net.Tests.Appender.RollingFileAppenderTest.ResetAndDeleteTestFiles() in C:\src\log4net\tests\log4net.Tests\Appender\RollingFileAppenderTest.cs:line 101
   at log4net.Tests.Appender.RollingFileAppenderTest.SetUp() in C:\src\log4net\tests\log4net.Tests\Appender\RollingFileAppenderTest.cs:line 115
--TearDown
   at System.Collections.Generic.Dictionary`2.get_Item(TKey key)
   at log4net.Core.CompactRepositorySelector.CreateRepository(Assembly assembly, Type repositoryType) in C:\src\log4net\src\log4net\Core\CompactRepositorySelector.cs:line 185
   at log4net.Core.CompactRepositorySelector.GetRepository(Assembly assembly) in C:\src\log4net\src\log4net\Core\CompactRepositorySelector.cs:line 115
   at log4net.Core.LoggerManager.GetRepository(Assembly repositoryAssembly) in C:\src\log4net\src\log4net\Core\LoggerManager.cs:line 242
   at log4net.LogManager.GetRepository(Assembly repositoryAssembly) in C:\src\log4net\src\log4net\LogManager.cs:line 543
   at log4net.LogManager.GetRepository() in C:\src\log4net\src\log4net\LogManager.cs:line 511
   at log4net.Tests.Appender.RollingFileAppenderTest.ResetAndDeleteTestFiles() in C:\src\log4net\tests\log4net.Tests\Appender\RollingFileAppenderTest.cs:line 101
   at log4net.Tests.Appender.RollingFileAppenderTest.TearDown() in C:\src\log4net\tests\log4net.Tests\Appender\RollingFileAppenderTest.cs:line 130]]></stack-trace>
              </failure>
            </test-case>
            <test-case id="1106" name="TestMinimalLockRecovers" fullname="log4net.Tests.Appender.RollingFileAppenderTest.TestMinimalLockRecovers" methodname="TestMinimalLockRecovers" classname="log4net.Tests.Appender.RollingFileAppenderTest" runstate="Runnable" seed="1843406926" result="Failed" label="Error" start-time="2016-08-02 15:59:03Z" end-time="2016-08-02 15:59:03Z" duration="0.002248" asserts="0">
              <failure>
                <message><![CDATA[System.Collections.Generic.KeyNotFoundException : The given key was not present in the dictionary.
TearDown : System.Collections.Generic.KeyNotFoundException : The given key was not present in the dictionary.]]></message>
                <stack-trace><![CDATA[   at System.Collections.Generic.Dictionary`2.get_Item(TKey key)
   at log4net.Core.CompactRepositorySelector.CreateRepository(Assembly assembly, Type repositoryType) in C:\src\log4net\src\log4net\Core\CompactRepositorySelector.cs:line 185
   at log4net.Core.CompactRepositorySelector.GetRepository(Assembly assembly) in C:\src\log4net\src\log4net\Core\CompactRepositorySelector.cs:line 115
   at log4net.Core.LoggerManager.GetRepository(Assembly repositoryAssembly) in C:\src\log4net\src\log4net\Core\LoggerManager.cs:line 242
   at log4net.LogManager.GetRepository(Assembly repositoryAssembly) in C:\src\log4net\src\log4net\LogManager.cs:line 543
   at log4net.LogManager.GetRepository() in C:\src\log4net\src\log4net\LogManager.cs:line 511
   at log4net.Tests.Appender.RollingFileAppenderTest.ResetAndDeleteTestFiles() in C:\src\log4net\tests\log4net.Tests\Appender\RollingFileAppenderTest.cs:line 101
   at log4net.Tests.Appender.RollingFileAppenderTest.SetUp() in C:\src\log4net\tests\log4net.Tests\Appender\RollingFileAppenderTest.cs:line 115
--TearDown
   at System.Collections.Generic.Dictionary`2.get_Item(TKey key)
   at log4net.Core.CompactRepositorySelector.CreateRepository(Assembly assembly, Type repositoryType) in C:\src\log4net\src\log4net\Core\CompactRepositorySelector.cs:line 185
   at log4net.Core.CompactRepositorySelector.GetRepository(Assembly assembly) in C:\src\log4net\src\log4net\Core\CompactRepositorySelector.cs:line 115
   at log4net.Core.LoggerManager.GetRepository(Assembly repositoryAssembly) in C:\src\log4net\src\log4net\Core\LoggerManager.cs:line 242
   at log4net.LogManager.GetRepository(Assembly repositoryAssembly) in C:\src\log4net\src\log4net\LogManager.cs:line 543
   at log4net.LogManager.GetRepository() in C:\src\log4net\src\log4net\LogManager.cs:line 511
   at log4net.Tests.Appender.RollingFileAppenderTest.ResetAndDeleteTestFiles() in C:\src\log4net\tests\log4net.Tests\Appender\RollingFileAppenderTest.cs:line 101
   at log4net.Tests.Appender.RollingFileAppenderTest.TearDown() in C:\src\log4net\tests\log4net.Tests\Appender\RollingFileAppenderTest.cs:line 130]]></stack-trace>
              </failure>
            </test-case>
            <test-case id="1107" name="TestMinimalLockUnlocks" fullname="log4net.Tests.Appender.RollingFileAppenderTest.TestMinimalLockUnlocks" methodname="TestMinimalLockUnlocks" classname="log4net.Tests.Appender.RollingFileAppenderTest" runstate="Runnable" seed="1782037661" result="Failed" label="Error" start-time="2016-08-02 15:59:03Z" end-time="2016-08-02 15:59:03Z" duration="0.002132" asserts="0">
              <failure>
                <message><![CDATA[System.Collections.Generic.KeyNotFoundException : The given key was not present in the dictionary.
TearDown : System.Collections.Generic.KeyNotFoundException : The given key was not present in the dictionary.]]></message>
                <stack-trace><![CDATA[   at System.Collections.Generic.Dictionary`2.get_Item(TKey key)
   at log4net.Core.CompactRepositorySelector.CreateRepository(Assembly assembly, Type repositoryType) in C:\src\log4net\src\log4net\Core\CompactRepositorySelector.cs:line 185
   at log4net.Core.CompactRepositorySelector.GetRepository(Assembly assembly) in C:\src\log4net\src\log4net\Core\CompactRepositorySelector.cs:line 115
   at log4net.Core.LoggerManager.GetRepository(Assembly repositoryAssembly) in C:\src\log4net\src\log4net\Core\LoggerManager.cs:line 242
   at log4net.LogManager.GetRepository(Assembly repositoryAssembly) in C:\src\log4net\src\log4net\LogManager.cs:line 543
   at log4net.LogManager.GetRepository() in C:\src\log4net\src\log4net\LogManager.cs:line 511
   at log4net.Tests.Appender.RollingFileAppenderTest.ResetAndDeleteTestFiles() in C:\src\log4net\tests\log4net.Tests\Appender\RollingFileAppenderTest.cs:line 101
   at log4net.Tests.Appender.RollingFileAppenderTest.SetUp() in C:\src\log4net\tests\log4net.Tests\Appender\RollingFileAppenderTest.cs:line 115
--TearDown
   at System.Collections.Generic.Dictionary`2.get_Item(TKey key)
   at log4net.Core.CompactRepositorySelector.CreateRepository(Assembly assembly, Type repositoryType) in C:\src\log4net\src\log4net\Core\CompactRepositorySelector.cs:line 185
   at log4net.Core.CompactRepositorySelector.GetRepository(Assembly assembly) in C:\src\log4net\src\log4net\Core\CompactRepositorySelector.cs:line 115
   at log4net.Core.LoggerManager.GetRepository(Assembly repositoryAssembly) in C:\src\log4net\src\log4net\Core\LoggerManager.cs:line 242
   at log4net.LogManager.GetRepository(Assembly repositoryAssembly) in C:\src\log4net\src\log4net\LogManager.cs:line 543
   at log4net.LogManager.GetRepository() in C:\src\log4net\src\log4net\LogManager.cs:line 511
   at log4net.Tests.Appender.RollingFileAppenderTest.ResetAndDeleteTestFiles() in C:\src\log4net\tests\log4net.Tests\Appender\RollingFileAppenderTest.cs:line 101
   at log4net.Tests.Appender.RollingFileAppenderTest.TearDown() in C:\src\log4net\tests\log4net.Tests\Appender\RollingFileAppenderTest.cs:line 130]]></stack-trace>
              </failure>
            </test-case>
            <test-case id="1080" name="TestRollingCountDownFixedBackups" fullname="log4net.Tests.Appender.RollingFileAppenderTest.TestRollingCountDownFixedBackups" methodname="TestRollingCountDownFixedBackups" classname="log4net.Tests.Appender.RollingFileAppenderTest" runstate="Runnable" seed="1390593503" result="Failed" label="Error" start-time="2016-08-02 15:59:03Z" end-time="2016-08-02 15:59:03Z" duration="0.002089" asserts="0">
              <failure>
                <message><![CDATA[System.Collections.Generic.KeyNotFoundException : The given key was not present in the dictionary.
TearDown : System.Collections.Generic.KeyNotFoundException : The given key was not present in the dictionary.]]></message>
                <stack-trace><![CDATA[   at System.Collections.Generic.Dictionary`2.get_Item(TKey key)
   at log4net.Core.CompactRepositorySelector.CreateRepository(Assembly assembly, Type repositoryType) in C:\src\log4net\src\log4net\Core\CompactRepositorySelector.cs:line 185
   at log4net.Core.CompactRepositorySelector.GetRepository(Assembly assembly) in C:\src\log4net\src\log4net\Core\CompactRepositorySelector.cs:line 115
   at log4net.Core.LoggerManager.GetRepository(Assembly repositoryAssembly) in C:\src\log4net\src\log4net\Core\LoggerManager.cs:line 242
   at log4net.LogManager.GetRepository(Assembly repositoryAssembly) in C:\src\log4net\src\log4net\LogManager.cs:line 543
   at log4net.LogManager.GetRepository() in C:\src\log4net\src\log4net\LogManager.cs:line 511
   at log4net.Tests.Appender.RollingFileAppenderTest.ResetAndDeleteTestFiles() in C:\src\log4net\tests\log4net.Tests\Appender\RollingFileAppenderTest.cs:line 101
   at log4net.Tests.Appender.RollingFileAppenderTest.SetUp() in C:\src\log4net\tests\log4net.Tests\Appender\RollingFileAppenderTest.cs:line 115
--TearDown
   at System.Collections.Generic.Dictionary`2.get_Item(TKey key)
   at log4net.Core.CompactRepositorySelector.CreateRepository(Assembly assembly, Type repositoryType) in C:\src\log4net\src\log4net\Core\CompactRepositorySelector.cs:line 185
   at log4net.Core.CompactRepositorySelector.GetRepository(Assembly assembly) in C:\src\log4net\src\log4net\Core\CompactRepositorySelector.cs:line 115
   at log4net.Core.LoggerManager.GetRepository(Assembly repositoryAssembly) in C:\src\log4net\src\log4net\Core\LoggerManager.cs:line 242
   at log4net.LogManager.GetRepository(Assembly repositoryAssembly) in C:\src\log4net\src\log4net\LogManager.cs:line 543
   at log4net.LogManager.GetRepository() in C:\src\log4net\src\log4net\LogManager.cs:line 511
   at log4net.Tests.Appender.RollingFileAppenderTest.ResetAndDeleteTestFiles() in C:\src\log4net\tests\log4net.Tests\Appender\RollingFileAppenderTest.cs:line 101
   at log4net.Tests.Appender.RollingFileAppenderTest.TearDown() in C:\src\log4net\tests\log4net.Tests\Appender\RollingFileAppenderTest.cs:line 130]]></stack-trace>
              </failure>
            </test-case>
            <test-case id="1081" name="TestRollingCountDownInfiniteBackups" fullname="log4net.Tests.Appender.RollingFileAppenderTest.TestRollingCountDownInfiniteBackups" methodname="TestRollingCountDownInfiniteBackups" classname="log4net.Tests.Appender.RollingFileAppenderTest" runstate="Runnable" seed="542332503" result="Failed" label="Error" start-time="2016-08-02 15:59:03Z" end-time="2016-08-02 15:59:03Z" duration="0.002081" asserts="0">
              <failure>
                <message><![CDATA[System.Collections.Generic.KeyNotFoundException : The given key was not present in the dictionary.
TearDown : System.Collections.Generic.KeyNotFoundException : The given key was not present in the dictionary.]]></message>
                <stack-trace><![CDATA[   at System.Collections.Generic.Dictionary`2.get_Item(TKey key)
   at log4net.Core.CompactRepositorySelector.CreateRepository(Assembly assembly, Type repositoryType) in C:\src\log4net\src\log4net\Core\CompactRepositorySelector.cs:line 185
   at log4net.Core.CompactRepositorySelector.GetRepository(Assembly assembly) in C:\src\log4net\src\log4net\Core\CompactRepositorySelector.cs:line 115
   at log4net.Core.LoggerManager.GetRepository(Assembly repositoryAssembly) in C:\src\log4net\src\log4net\Core\LoggerManager.cs:line 242
   at log4net.LogManager.GetRepository(Assembly repositoryAssembly) in C:\src\log4net\src\log4net\LogManager.cs:line 543
   at log4net.LogManager.GetRepository() in C:\src\log4net\src\log4net\LogManager.cs:line 511
   at log4net.Tests.Appender.RollingFileAppenderTest.ResetAndDeleteTestFiles() in C:\src\log4net\tests\log4net.Tests\Appender\RollingFileAppenderTest.cs:line 101
   at log4net.Tests.Appender.RollingFileAppenderTest.SetUp() in C:\src\log4net\tests\log4net.Tests\Appender\RollingFileAppenderTest.cs:line 115
--TearDown
   at System.Collections.Generic.Dictionary`2.get_Item(TKey key)
   at log4net.Core.CompactRepositorySelector.CreateRepository(Assembly assembly, Type repositoryType) in C:\src\log4net\src\log4net\Core\CompactRepositorySelector.cs:line 185
   at log4net.Core.CompactRepositorySelector.GetRepository(Assembly assembly) in C:\src\log4net\src\log4net\Core\CompactRepositorySelector.cs:line 115
   at log4net.Core.LoggerManager.GetRepository(Assembly repositoryAssembly) in C:\src\log4net\src\log4net\Core\LoggerManager.cs:line 242
   at log4net.LogManager.GetRepository(Assembly repositoryAssembly) in C:\src\log4net\src\log4net\LogManager.cs:line 543
   at log4net.LogManager.GetRepository() in C:\src\log4net\src\log4net\LogManager.cs:line 511
   at log4net.Tests.Appender.RollingFileAppenderTest.ResetAndDeleteTestFiles() in C:\src\log4net\tests\log4net.Tests\Appender\RollingFileAppenderTest.cs:line 101
   at log4net.Tests.Appender.RollingFileAppenderTest.TearDown() in C:\src\log4net\tests\log4net.Tests\Appender\RollingFileAppenderTest.cs:line 130]]></stack-trace>
              </failure>
            </test-case>
            <test-case id="1082" name="TestRollingCountDownZeroBackups" fullname="log4net.Tests.Appender.RollingFileAppenderTest.TestRollingCountDownZeroBackups" methodname="TestRollingCountDownZeroBackups" classname="log4net.Tests.Appender.RollingFileAppenderTest" runstate="Runnable" seed="959986492" result="Failed" label="Error" start-time="2016-08-02 15:59:03Z" end-time="2016-08-02 15:59:03Z" duration="0.002084" asserts="0">
              <failure>
                <message><![CDATA[System.Collections.Generic.KeyNotFoundException : The given key was not present in the dictionary.
TearDown : System.Collections.Generic.KeyNotFoundException : The given key was not present in the dictionary.]]></message>
                <stack-trace><![CDATA[   at System.Collections.Generic.Dictionary`2.get_Item(TKey key)
   at log4net.Core.CompactRepositorySelector.CreateRepository(Assembly assembly, Type repositoryType) in C:\src\log4net\src\log4net\Core\CompactRepositorySelector.cs:line 185
   at log4net.Core.CompactRepositorySelector.GetRepository(Assembly assembly) in C:\src\log4net\src\log4net\Core\CompactRepositorySelector.cs:line 115
   at log4net.Core.LoggerManager.GetRepository(Assembly repositoryAssembly) in C:\src\log4net\src\log4net\Core\LoggerManager.cs:line 242
   at log4net.LogManager.GetRepository(Assembly repositoryAssembly) in C:\src\log4net\src\log4net\LogManager.cs:line 543
   at log4net.LogManager.GetRepository() in C:\src\log4net\src\log4net\LogManager.cs:line 511
   at log4net.Tests.Appender.RollingFileAppenderTest.ResetAndDeleteTestFiles() in C:\src\log4net\tests\log4net.Tests\Appender\RollingFileAppenderTest.cs:line 101
   at log4net.Tests.Appender.RollingFileAppenderTest.SetUp() in C:\src\log4net\tests\log4net.Tests\Appender\RollingFileAppenderTest.cs:line 115
--TearDown
   at System.Collections.Generic.Dictionary`2.get_Item(TKey key)
   at log4net.Core.CompactRepositorySelector.CreateRepository(Assembly assembly, Type repositoryType) in C:\src\log4net\src\log4net\Core\CompactRepositorySelector.cs:line 185
   at log4net.Core.CompactRepositorySelector.GetRepository(Assembly assembly) in C:\src\log4net\src\log4net\Core\CompactRepositorySelector.cs:line 115
   at log4net.Core.LoggerManager.GetRepository(Assembly repositoryAssembly) in C:\src\log4net\src\log4net\Core\LoggerManager.cs:line 242
   at log4net.LogManager.GetRepository(Assembly repositoryAssembly) in C:\src\log4net\src\log4net\LogManager.cs:line 543
   at log4net.LogManager.GetRepository() in C:\src\log4net\src\log4net\LogManager.cs:line 511
   at log4net.Tests.Appender.RollingFileAppenderTest.ResetAndDeleteTestFiles() in C:\src\log4net\tests\log4net.Tests\Appender\RollingFileAppenderTest.cs:line 101
   at log4net.Tests.Appender.RollingFileAppenderTest.TearDown() in C:\src\log4net\tests\log4net.Tests\Appender\RollingFileAppenderTest.cs:line 130]]></stack-trace>
              </failure>
            </test-case>
            <test-case id="1077" name="TestRollingCountUpFixedBackups" fullname="log4net.Tests.Appender.RollingFileAppenderTest.TestRollingCountUpFixedBackups" methodname="TestRollingCountUpFixedBackups" classname="log4net.Tests.Appender.RollingFileAppenderTest" runstate="Runnable" seed="231035875" result="Failed" label="Error" start-time="2016-08-02 15:59:03Z" end-time="2016-08-02 15:59:03Z" duration="0.002311" asserts="0">
              <failure>
                <message><![CDATA[System.Collections.Generic.KeyNotFoundException : The given key was not present in the dictionary.
TearDown : System.Collections.Generic.KeyNotFoundException : The given key was not present in the dictionary.]]></message>
                <stack-trace><![CDATA[   at System.Collections.Generic.Dictionary`2.get_Item(TKey key)
   at log4net.Core.CompactRepositorySelector.CreateRepository(Assembly assembly, Type repositoryType) in C:\src\log4net\src\log4net\Core\CompactRepositorySelector.cs:line 185
   at log4net.Core.CompactRepositorySelector.GetRepository(Assembly assembly) in C:\src\log4net\src\log4net\Core\CompactRepositorySelector.cs:line 115
   at log4net.Core.LoggerManager.GetRepository(Assembly repositoryAssembly) in C:\src\log4net\src\log4net\Core\LoggerManager.cs:line 242
   at log4net.LogManager.GetRepository(Assembly repositoryAssembly) in C:\src\log4net\src\log4net\LogManager.cs:line 543
   at log4net.LogManager.GetRepository() in C:\src\log4net\src\log4net\LogManager.cs:line 511
   at log4net.Tests.Appender.RollingFileAppenderTest.ResetAndDeleteTestFiles() in C:\src\log4net\tests\log4net.Tests\Appender\RollingFileAppenderTest.cs:line 101
   at log4net.Tests.Appender.RollingFileAppenderTest.SetUp() in C:\src\log4net\tests\log4net.Tests\Appender\RollingFileAppenderTest.cs:line 115
--TearDown
   at System.Collections.Generic.Dictionary`2.get_Item(TKey key)
   at log4net.Core.CompactRepositorySelector.CreateRepository(Assembly assembly, Type repositoryType) in C:\src\log4net\src\log4net\Core\CompactRepositorySelector.cs:line 185
   at log4net.Core.CompactRepositorySelector.GetRepository(Assembly assembly) in C:\src\log4net\src\log4net\Core\CompactRepositorySelector.cs:line 115
   at log4net.Core.LoggerManager.GetRepository(Assembly repositoryAssembly) in C:\src\log4net\src\log4net\Core\LoggerManager.cs:line 242
   at log4net.LogManager.GetRepository(Assembly repositoryAssembly) in C:\src\log4net\src\log4net\LogManager.cs:line 543
   at log4net.LogManager.GetRepository() in C:\src\log4net\src\log4net\LogManager.cs:line 511
   at log4net.Tests.Appender.RollingFileAppenderTest.ResetAndDeleteTestFiles() in C:\src\log4net\tests\log4net.Tests\Appender\RollingFileAppenderTest.cs:line 101
   at log4net.Tests.Appender.RollingFileAppenderTest.TearDown() in C:\src\log4net\tests\log4net.Tests\Appender\RollingFileAppenderTest.cs:line 130]]></stack-trace>
              </failure>
            </test-case>
            <test-case id="1078" name="TestRollingCountUpInfiniteBackups" fullname="log4net.Tests.Appender.RollingFileAppenderTest.TestRollingCountUpInfiniteBackups" methodname="TestRollingCountUpInfiniteBackups" classname="log4net.Tests.Appender.RollingFileAppenderTest" runstate="Runnable" seed="1295863866" result="Failed" label="Error" start-time="2016-08-02 15:59:03Z" end-time="2016-08-02 15:59:03Z" duration="0.002091" asserts="0">
              <failure>
                <message><![CDATA[System.Collections.Generic.KeyNotFoundException : The given key was not present in the dictionary.
TearDown : System.Collections.Generic.KeyNotFoundException : The given key was not present in the dictionary.]]></message>
                <stack-trace><![CDATA[   at System.Collections.Generic.Dictionary`2.get_Item(TKey key)
   at log4net.Core.CompactRepositorySelector.CreateRepository(Assembly assembly, Type repositoryType) in C:\src\log4net\src\log4net\Core\CompactRepositorySelector.cs:line 185
   at log4net.Core.CompactRepositorySelector.GetRepository(Assembly assembly) in C:\src\log4net\src\log4net\Core\CompactRepositorySelector.cs:line 115
   at log4net.Core.LoggerManager.GetRepository(Assembly repositoryAssembly) in C:\src\log4net\src\log4net\Core\LoggerManager.cs:line 242
   at log4net.LogManager.GetRepository(Assembly repositoryAssembly) in C:\src\log4net\src\log4net\LogManager.cs:line 543
   at log4net.LogManager.GetRepository() in C:\src\log4net\src\log4net\LogManager.cs:line 511
   at log4net.Tests.Appender.RollingFileAppenderTest.ResetAndDeleteTestFiles() in C:\src\log4net\tests\log4net.Tests\Appender\RollingFileAppenderTest.cs:line 101
   at log4net.Tests.Appender.RollingFileAppenderTest.SetUp() in C:\src\log4net\tests\log4net.Tests\Appender\RollingFileAppenderTest.cs:line 115
--TearDown
   at System.Collections.Generic.Dictionary`2.get_Item(TKey key)
   at log4net.Core.CompactRepositorySelector.CreateRepository(Assembly assembly, Type repositoryType) in C:\src\log4net\src\log4net\Core\CompactRepositorySelector.cs:line 185
   at log4net.Core.CompactRepositorySelector.GetRepository(Assembly assembly) in C:\src\log4net\src\log4net\Core\CompactRepositorySelector.cs:line 115
   at log4net.Core.LoggerManager.GetRepository(Assembly repositoryAssembly) in C:\src\log4net\src\log4net\Core\LoggerManager.cs:line 242
   at log4net.LogManager.GetRepository(Assembly repositoryAssembly) in C:\src\log4net\src\log4net\LogManager.cs:line 543
   at log4net.LogManager.GetRepository() in C:\src\log4net\src\log4net\LogManager.cs:line 511
   at log4net.Tests.Appender.RollingFileAppenderTest.ResetAndDeleteTestFiles() in C:\src\log4net\tests\log4net.Tests\Appender\RollingFileAppenderTest.cs:line 101
   at log4net.Tests.Appender.RollingFileAppenderTest.TearDown() in C:\src\log4net\tests\log4net.Tests\Appender\RollingFileAppenderTest.cs:line 130]]></stack-trace>
              </failure>
            </test-case>
            <test-case id="1079" name="TestRollingCountUpZeroBackups" fullname="log4net.Tests.Appender.RollingFileAppenderTest.TestRollingCountUpZeroBackups" methodname="TestRollingCountUpZeroBackups" classname="log4net.Tests.Appender.RollingFileAppenderTest" runstate="Runnable" seed="1806376532" result="Failed" label="Error" start-time="2016-08-02 15:59:03Z" end-time="2016-08-02 15:59:03Z" duration="0.002945" asserts="0">
              <failure>
                <message><![CDATA[System.Collections.Generic.KeyNotFoundException : The given key was not present in the dictionary.
TearDown : System.Collections.Generic.KeyNotFoundException : The given key was not present in the dictionary.]]></message>
                <stack-trace><![CDATA[   at System.Collections.Generic.Dictionary`2.get_Item(TKey key)
   at log4net.Core.CompactRepositorySelector.CreateRepository(Assembly assembly, Type repositoryType) in C:\src\log4net\src\log4net\Core\CompactRepositorySelector.cs:line 185
   at log4net.Core.CompactRepositorySelector.GetRepository(Assembly assembly) in C:\src\log4net\src\log4net\Core\CompactRepositorySelector.cs:line 115
   at log4net.Core.LoggerManager.GetRepository(Assembly repositoryAssembly) in C:\src\log4net\src\log4net\Core\LoggerManager.cs:line 242
   at log4net.LogManager.GetRepository(Assembly repositoryAssembly) in C:\src\log4net\src\log4net\LogManager.cs:line 543
   at log4net.LogManager.GetRepository() in C:\src\log4net\src\log4net\LogManager.cs:line 511
   at log4net.Tests.Appender.RollingFileAppenderTest.ResetAndDeleteTestFiles() in C:\src\log4net\tests\log4net.Tests\Appender\RollingFileAppenderTest.cs:line 101
   at log4net.Tests.Appender.RollingFileAppenderTest.SetUp() in C:\src\log4net\tests\log4net.Tests\Appender\RollingFileAppenderTest.cs:line 115
--TearDown
   at System.Collections.Generic.Dictionary`2.get_Item(TKey key)
   at log4net.Core.CompactRepositorySelector.CreateRepository(Assembly assembly, Type repositoryType) in C:\src\log4net\src\log4net\Core\CompactRepositorySelector.cs:line 185
   at log4net.Core.CompactRepositorySelector.GetRepository(Assembly assembly) in C:\src\log4net\src\log4net\Core\CompactRepositorySelector.cs:line 115
   at log4net.Core.LoggerManager.GetRepository(Assembly repositoryAssembly) in C:\src\log4net\src\log4net\Core\LoggerManager.cs:line 242
   at log4net.LogManager.GetRepository(Assembly repositoryAssembly) in C:\src\log4net\src\log4net\LogManager.cs:line 543
   at log4net.LogManager.GetRepository() in C:\src\log4net\src\log4net\LogManager.cs:line 511
   at log4net.Tests.Appender.RollingFileAppenderTest.ResetAndDeleteTestFiles() in C:\src\log4net\tests\log4net.Tests\Appender\RollingFileAppenderTest.cs:line 101
   at log4net.Tests.Appender.RollingFileAppenderTest.TearDown() in C:\src\log4net\tests\log4net.Tests\Appender\RollingFileAppenderTest.cs:line 130]]></stack-trace>
              </failure>
            </test-case>
          </test-suite>
        </test-suite>
        <test-suite type="TestSuite" id="1131" name="Context" fullname="log4net.Tests.Context" runstate="Runnable" testcasecount="6" result="Failed" site="Child" start-time="2016-08-02 15:59:03Z" end-time="2016-08-02 15:59:03Z" duration="0.044027" total="6" passed="0" failed="6" inconclusive="0" skipped="0" asserts="0">
          <failure>
            <message><![CDATA[One or more child tests had errors]]></message>
          </failure>
          <test-suite type="TestFixture" id="1062" name="ThreadContextTest" fullname="log4net.Tests.Context.ThreadContextTest" classname="log4net.Tests.Context.ThreadContextTest" runstate="Runnable" testcasecount="6" result="Failed" site="Child" start-time="2016-08-02 15:59:03Z" end-time="2016-08-02 15:59:03Z" duration="0.043822" total="6" passed="0" failed="6" inconclusive="0" skipped="0" asserts="0">
            <failure>
              <message><![CDATA[One or more child tests had errors]]></message>
            </failure>
            <test-case id="1068" name="TestBackgroundThreadContextProperty" fullname="log4net.Tests.Context.ThreadContextTest.TestBackgroundThreadContextProperty" methodname="TestBackgroundThreadContextProperty" classname="log4net.Tests.Context.ThreadContextTest" runstate="Runnable" seed="1551745417" result="Failed" label="Error" start-time="2016-08-02 15:59:03Z" end-time="2016-08-02 15:59:03Z" duration="0.017986" asserts="0">
              <failure>
                <message><![CDATA[System.Collections.Generic.KeyNotFoundException : The given key was not present in the dictionary.
TearDown : System.TypeInitializationException : The type initializer for 'log4net.GlobalContext' threw an exception.
  ----> System.InvalidCastException : Unable to cast object of type 'System.Collections.Generic.KeyValuePair`2[System.Object,System.Object]' to type 'System.Collections.DictionaryEntry'.]]></message>
                <stack-trace><![CDATA[   at System.Collections.Generic.Dictionary`2.get_Item(TKey key)
   at log4net.Core.CompactRepositorySelector.CreateRepository(String repositoryName, Type repositoryType) in C:\src\log4net\src\log4net\Core\CompactRepositorySelector.cs:line 237
   at log4net.Core.LoggerManager.CreateRepository(String repository) in C:\src\log4net\src\log4net\Core\LoggerManager.cs:line 635
   at log4net.LogManager.CreateRepository(String repository) in C:\src\log4net\src\log4net\LogManager.cs:line 633
   at log4net.Tests.Context.ThreadContextTest.TestBackgroundThreadContextProperty() in C:\src\log4net\tests\log4net.Tests\Context\ThreadContextTest.cs:line 205
--TearDown
   at log4net.GlobalContext.get_Properties() in C:\src\log4net\src\log4net\GlobalContext.cs:line 88
   at log4net.Tests.Utils.RemovePropertyFromAllContexts() in C:\src\log4net\tests\log4net.Tests\Utils.cs:line 119
   at log4net.Tests.Context.ThreadContextTest.TearDown() in C:\src\log4net\tests\log4net.Tests\Context\ThreadContextTest.cs:line 44
--InvalidCastException
   at log4net.Util.ReadOnlyPropertiesDictionary..ctor(ReadOnlyPropertiesDictionary propertiesDictionary) in C:\src\log4net\src\log4net\Util\ReadOnlyPropertiesDictionary.cs:line 86
   at log4net.Util.GlobalContextProperties.set_Item(String key, Object value) in C:\src\log4net\src\log4net\Util\GlobalContextProperties.cs:line 110
   at log4net.GlobalContext..cctor() in C:\src\log4net\src\log4net\GlobalContext.cs:line 70]]></stack-trace>
              </failure>
            </test-case>
            <test-case id="1063" name="TestThreadPropertiesPattern" fullname="log4net.Tests.Context.ThreadContextTest.TestThreadPropertiesPattern" methodname="TestThreadPropertiesPattern" classname="log4net.Tests.Context.ThreadContextTest" runstate="Runnable" seed="1793532739" result="Failed" label="Error" start-time="2016-08-02 15:59:03Z" end-time="2016-08-02 15:59:03Z" duration="0.004814" asserts="0">
              <failure>
                <message><![CDATA[System.Collections.Generic.KeyNotFoundException : The given key was not present in the dictionary.
TearDown : System.TypeInitializationException : The type initializer for 'log4net.GlobalContext' threw an exception.
  ----> System.InvalidCastException : Unable to cast object of type 'System.Collections.Generic.KeyValuePair`2[System.Object,System.Object]' to type 'System.Collections.DictionaryEntry'.]]></message>
                <stack-trace><![CDATA[   at System.Collections.Generic.Dictionary`2.get_Item(TKey key)
   at log4net.Core.CompactRepositorySelector.CreateRepository(String repositoryName, Type repositoryType) in C:\src\log4net\src\log4net\Core\CompactRepositorySelector.cs:line 237
   at log4net.Core.LoggerManager.CreateRepository(String repository) in C:\src\log4net\src\log4net\Core\LoggerManager.cs:line 635
   at log4net.LogManager.CreateRepository(String repository) in C:\src\log4net\src\log4net\LogManager.cs:line 633
   at log4net.Tests.Context.ThreadContextTest.TestThreadPropertiesPattern() in C:\src\log4net\tests\log4net.Tests\Context\ThreadContextTest.cs:line 53
--TearDown
   at log4net.GlobalContext.get_Properties() in C:\src\log4net\src\log4net\GlobalContext.cs:line 88
   at log4net.Tests.Utils.RemovePropertyFromAllContexts() in C:\src\log4net\tests\log4net.Tests\Utils.cs:line 119
   at log4net.Tests.Context.ThreadContextTest.TearDown() in C:\src\log4net\tests\log4net.Tests\Context\ThreadContextTest.cs:line 44
--InvalidCastException
   at log4net.Util.ReadOnlyPropertiesDictionary..ctor(ReadOnlyPropertiesDictionary propertiesDictionary) in C:\src\log4net\src\log4net\Util\ReadOnlyPropertiesDictionary.cs:line 86
   at log4net.Util.GlobalContextProperties.set_Item(String key, Object value) in C:\src\log4net\src\log4net\Util\GlobalContextProperties.cs:line 110
   at log4net.GlobalContext..cctor() in C:\src\log4net\src\log4net\GlobalContext.cs:line 70]]></stack-trace>
              </failure>
            </test-case>
            <test-case id="1064" name="TestThreadStackPattern" fullname="log4net.Tests.Context.ThreadContextTest.TestThreadStackPattern" methodname="TestThreadStackPattern" classname="log4net.Tests.Context.ThreadContextTest" runstate="Runnable" seed="398097852" result="Failed" label="Error" start-time="2016-08-02 15:59:03Z" end-time="2016-08-02 15:59:03Z" duration="0.003228" asserts="0">
              <failure>
                <message><![CDATA[System.Collections.Generic.KeyNotFoundException : The given key was not present in the dictionary.
TearDown : System.TypeInitializationException : The type initializer for 'log4net.GlobalContext' threw an exception.
  ----> System.InvalidCastException : Unable to cast object of type 'System.Collections.Generic.KeyValuePair`2[System.Object,System.Object]' to type 'System.Collections.DictionaryEntry'.]]></message>
                <stack-trace><![CDATA[   at System.Collections.Generic.Dictionary`2.get_Item(TKey key)
   at log4net.Core.CompactRepositorySelector.CreateRepository(String repositoryName, Type repositoryType) in C:\src\log4net\src\log4net\Core\CompactRepositorySelector.cs:line 237
   at log4net.Core.LoggerManager.CreateRepository(String repository) in C:\src\log4net\src\log4net\Core\LoggerManager.cs:line 635
   at log4net.LogManager.CreateRepository(String repository) in C:\src\log4net\src\log4net\LogManager.cs:line 633
   at log4net.Tests.Context.ThreadContextTest.TestThreadStackPattern() in C:\src\log4net\tests\log4net.Tests\Context\ThreadContextTest.cs:line 81
--TearDown
   at log4net.GlobalContext.get_Properties() in C:\src\log4net\src\log4net\GlobalContext.cs:line 88
   at log4net.Tests.Utils.RemovePropertyFromAllContexts() in C:\src\log4net\tests\log4net.Tests\Utils.cs:line 119
   at log4net.Tests.Context.ThreadContextTest.TearDown() in C:\src\log4net\tests\log4net.Tests\Context\ThreadContextTest.cs:line 44
--InvalidCastException
   at log4net.Util.ReadOnlyPropertiesDictionary..ctor(ReadOnlyPropertiesDictionary propertiesDictionary) in C:\src\log4net\src\log4net\Util\ReadOnlyPropertiesDictionary.cs:line 86
   at log4net.Util.GlobalContextProperties.set_Item(String key, Object value) in C:\src\log4net\src\log4net\Util\GlobalContextProperties.cs:line 110
   at log4net.GlobalContext..cctor() in C:\src\log4net\src\log4net\GlobalContext.cs:line 70]]></stack-trace>
              </failure>
            </test-case>
            <test-case id="1065" name="TestThreadStackPattern2" fullname="log4net.Tests.Context.ThreadContextTest.TestThreadStackPattern2" methodname="TestThreadStackPattern2" classname="log4net.Tests.Context.ThreadContextTest" runstate="Runnable" seed="1705008611" result="Failed" label="Error" start-time="2016-08-02 15:59:03Z" end-time="2016-08-02 15:59:03Z" duration="0.003172" asserts="0">
              <failure>
                <message><![CDATA[System.Collections.Generic.KeyNotFoundException : The given key was not present in the dictionary.
TearDown : System.TypeInitializationException : The type initializer for 'log4net.GlobalContext' threw an exception.
  ----> System.InvalidCastException : Unable to cast object of type 'System.Collections.Generic.KeyValuePair`2[System.Object,System.Object]' to type 'System.Collections.DictionaryEntry'.]]></message>
                <stack-trace><![CDATA[   at System.Collections.Generic.Dictionary`2.get_Item(TKey key)
   at log4net.Core.CompactRepositorySelector.CreateRepository(String repositoryName, Type repositoryType) in C:\src\log4net\src\log4net\Core\CompactRepositorySelector.cs:line 237
   at log4net.Core.LoggerManager.CreateRepository(String repository) in C:\src\log4net\src\log4net\Core\LoggerManager.cs:line 635
   at log4net.LogManager.CreateRepository(String repository) in C:\src\log4net\src\log4net\LogManager.cs:line 633
   at log4net.Tests.Context.ThreadContextTest.TestThreadStackPattern2() in C:\src\log4net\tests\log4net.Tests\Context\ThreadContextTest.cs:line 108
--TearDown
   at log4net.GlobalContext.get_Properties() in C:\src\log4net\src\log4net\GlobalContext.cs:line 88
   at log4net.Tests.Utils.RemovePropertyFromAllContexts() in C:\src\log4net\tests\log4net.Tests\Utils.cs:line 119
   at log4net.Tests.Context.ThreadContextTest.TearDown() in C:\src\log4net\tests\log4net.Tests\Context\ThreadContextTest.cs:line 44
--InvalidCastException
   at log4net.Util.ReadOnlyPropertiesDictionary..ctor(ReadOnlyPropertiesDictionary propertiesDictionary) in C:\src\log4net\src\log4net\Util\ReadOnlyPropertiesDictionary.cs:line 86
   at log4net.Util.GlobalContextProperties.set_Item(String key, Object value) in C:\src\log4net\src\log4net\Util\GlobalContextProperties.cs:line 110
   at log4net.GlobalContext..cctor() in C:\src\log4net\src\log4net\GlobalContext.cs:line 70]]></stack-trace>
              </failure>
            </test-case>
            <test-case id="1066" name="TestThreadStackPatternNullVal" fullname="log4net.Tests.Context.ThreadContextTest.TestThreadStackPatternNullVal" methodname="TestThreadStackPatternNullVal" classname="log4net.Tests.Context.ThreadContextTest" runstate="Runnable" seed="1802870133" result="Failed" label="Error" start-time="2016-08-02 15:59:03Z" end-time="2016-08-02 15:59:03Z" duration="0.003033" asserts="0">
              <failure>
                <message><![CDATA[System.Collections.Generic.KeyNotFoundException : The given key was not present in the dictionary.
TearDown : System.TypeInitializationException : The type initializer for 'log4net.GlobalContext' threw an exception.
  ----> System.InvalidCastException : Unable to cast object of type 'System.Collections.Generic.KeyValuePair`2[System.Object,System.Object]' to type 'System.Collections.DictionaryEntry'.]]></message>
                <stack-trace><![CDATA[   at System.Collections.Generic.Dictionary`2.get_Item(TKey key)
   at log4net.Core.CompactRepositorySelector.CreateRepository(String repositoryName, Type repositoryType) in C:\src\log4net\src\log4net\Core\CompactRepositorySelector.cs:line 237
   at log4net.Core.LoggerManager.CreateRepository(String repository) in C:\src\log4net\src\log4net\Core\LoggerManager.cs:line 635
   at log4net.LogManager.CreateRepository(String repository) in C:\src\log4net\src\log4net\LogManager.cs:line 633
   at log4net.Tests.Context.ThreadContextTest.TestThreadStackPatternNullVal() in C:\src\log4net\tests\log4net.Tests\Context\ThreadContextTest.cs:line 142
--TearDown
   at log4net.GlobalContext.get_Properties() in C:\src\log4net\src\log4net\GlobalContext.cs:line 88
   at log4net.Tests.Utils.RemovePropertyFromAllContexts() in C:\src\log4net\tests\log4net.Tests\Utils.cs:line 119
   at log4net.Tests.Context.ThreadContextTest.TearDown() in C:\src\log4net\tests\log4net.Tests\Context\ThreadContextTest.cs:line 44
--InvalidCastException
   at log4net.Util.ReadOnlyPropertiesDictionary..ctor(ReadOnlyPropertiesDictionary propertiesDictionary) in C:\src\log4net\src\log4net\Util\ReadOnlyPropertiesDictionary.cs:line 86
   at log4net.Util.GlobalContextProperties.set_Item(String key, Object value) in C:\src\log4net\src\log4net\Util\GlobalContextProperties.cs:line 110
   at log4net.GlobalContext..cctor() in C:\src\log4net\src\log4net\GlobalContext.cs:line 70]]></stack-trace>
              </failure>
            </test-case>
            <test-case id="1067" name="TestThreadStackPatternNullVal2" fullname="log4net.Tests.Context.ThreadContextTest.TestThreadStackPatternNullVal2" methodname="TestThreadStackPatternNullVal2" classname="log4net.Tests.Context.ThreadContextTest" runstate="Runnable" seed="968551452" result="Failed" label="Error" start-time="2016-08-02 15:59:03Z" end-time="2016-08-02 15:59:03Z" duration="0.004179" asserts="0">
              <failure>
                <message><![CDATA[System.Collections.Generic.KeyNotFoundException : The given key was not present in the dictionary.
TearDown : System.TypeInitializationException : The type initializer for 'log4net.GlobalContext' threw an exception.
  ----> System.InvalidCastException : Unable to cast object of type 'System.Collections.Generic.KeyValuePair`2[System.Object,System.Object]' to type 'System.Collections.DictionaryEntry'.]]></message>
                <stack-trace><![CDATA[   at System.Collections.Generic.Dictionary`2.get_Item(TKey key)
   at log4net.Core.CompactRepositorySelector.CreateRepository(String repositoryName, Type repositoryType) in C:\src\log4net\src\log4net\Core\CompactRepositorySelector.cs:line 237
   at log4net.Core.LoggerManager.CreateRepository(String repository) in C:\src\log4net\src\log4net\Core\LoggerManager.cs:line 635
   at log4net.LogManager.CreateRepository(String repository) in C:\src\log4net\src\log4net\LogManager.cs:line 633
   at log4net.Tests.Context.ThreadContextTest.TestThreadStackPatternNullVal2() in C:\src\log4net\tests\log4net.Tests\Context\ThreadContextTest.cs:line 169
--TearDown
   at log4net.GlobalContext.get_Properties() in C:\src\log4net\src\log4net\GlobalContext.cs:line 88
   at log4net.Tests.Utils.RemovePropertyFromAllContexts() in C:\src\log4net\tests\log4net.Tests\Utils.cs:line 119
   at log4net.Tests.Context.ThreadContextTest.TearDown() in C:\src\log4net\tests\log4net.Tests\Context\ThreadContextTest.cs:line 44
--InvalidCastException
   at log4net.Util.ReadOnlyPropertiesDictionary..ctor(ReadOnlyPropertiesDictionary propertiesDictionary) in C:\src\log4net\src\log4net\Util\ReadOnlyPropertiesDictionary.cs:line 86
   at log4net.Util.GlobalContextProperties.set_Item(String key, Object value) in C:\src\log4net\src\log4net\Util\GlobalContextProperties.cs:line 110
   at log4net.GlobalContext..cctor() in C:\src\log4net\src\log4net\GlobalContext.cs:line 70]]></stack-trace>
              </failure>
            </test-case>
          </test-suite>
        </test-suite>
        <test-suite type="TestSuite" id="1130" name="Core" fullname="log4net.Tests.Core" runstate="Runnable" testcasecount="20" result="Failed" site="Child" start-time="2016-08-02 15:59:03Z" end-time="2016-08-02 15:59:03Z" duration="0.055673" total="20" passed="0" failed="20" inconclusive="0" skipped="0" asserts="0">
          <failure>
            <message><![CDATA[One or more child tests had errors]]></message>
          </failure>
          <test-suite type="TestFixture" id="1038" name="EvaluatorTest" fullname="log4net.Tests.Core.EvaluatorTest" classname="log4net.Tests.Core.EvaluatorTest" runstate="Runnable" testcasecount="5" result="Failed" site="Child" start-time="2016-08-02 15:59:03Z" end-time="2016-08-02 15:59:03Z" duration="0.013438" total="5" passed="0" failed="5" inconclusive="0" skipped="0" asserts="0">
            <failure>
              <message><![CDATA[One or more child tests had errors]]></message>
            </failure>
            <test-case id="1040" name="TestExceptionEvaluator" fullname="log4net.Tests.Core.EvaluatorTest.TestExceptionEvaluator" methodname="TestExceptionEvaluator" classname="log4net.Tests.Core.EvaluatorTest" runstate="Runnable" seed="67528294" result="Failed" label="Error" start-time="2016-08-02 15:59:03Z" end-time="2016-08-02 15:59:03Z" duration="0.002322" asserts="0">
              <failure>
                <message><![CDATA[System.Collections.Generic.KeyNotFoundException : The given key was not present in the dictionary.]]></message>
                <stack-trace><![CDATA[   at System.Collections.Generic.Dictionary`2.get_Item(TKey key)
   at log4net.Repository.Hierarchy.Hierarchy.GetLogger(String name, ILoggerFactory factory) in C:\src\log4net\src\log4net\Repository\Hierarchy\Hierarchy.cs:line 694
   at log4net.Repository.Hierarchy.Hierarchy.GetLogger(String name) in C:\src\log4net\src\log4net\Repository\Hierarchy\Hierarchy.cs:line 356
   at log4net.Tests.Core.EvaluatorTest.TestExceptionEvaluator() in C:\src\log4net\tests\log4net.Tests\Core\EvaluatorTest.cs:line 80]]></stack-trace>
              </failure>
            </test-case>
            <test-case id="1042" name="TestExceptionEvaluatorNoTriggerOnSubClass" fullname="log4net.Tests.Core.EvaluatorTest.TestExceptionEvaluatorNoTriggerOnSubClass" methodname="TestExceptionEvaluatorNoTriggerOnSubClass" classname="log4net.Tests.Core.EvaluatorTest" runstate="Runnable" seed="2080608055" result="Failed" label="Error" start-time="2016-08-02 15:59:03Z" end-time="2016-08-02 15:59:03Z" duration="0.001749" asserts="0">
              <failure>
                <message><![CDATA[System.Collections.Generic.KeyNotFoundException : The given key was not present in the dictionary.]]></message>
                <stack-trace><![CDATA[   at System.Collections.Generic.Dictionary`2.get_Item(TKey key)
   at log4net.Repository.Hierarchy.Hierarchy.GetLogger(String name, ILoggerFactory factory) in C:\src\log4net\src\log4net\Repository\Hierarchy\Hierarchy.cs:line 694
   at log4net.Repository.Hierarchy.Hierarchy.GetLogger(String name) in C:\src\log4net\src\log4net\Repository\Hierarchy\Hierarchy.cs:line 356
   at log4net.Tests.Core.EvaluatorTest.TestExceptionEvaluatorNoTriggerOnSubClass() in C:\src\log4net\tests\log4net.Tests\Core\EvaluatorTest.cs:line 114]]></stack-trace>
              </failure>
            </test-case>
            <test-case id="1041" name="TestExceptionEvaluatorTriggerOnSubClass" fullname="log4net.Tests.Core.EvaluatorTest.TestExceptionEvaluatorTriggerOnSubClass" methodname="TestExceptionEvaluatorTriggerOnSubClass" classname="log4net.Tests.Core.EvaluatorTest" runstate="Runnable" seed="1155498808" result="Failed" label="Error" start-time="2016-08-02 15:59:03Z" end-time="2016-08-02 15:59:03Z" duration="0.001949" asserts="0">
              <failure>
                <message><![CDATA[System.Collections.Generic.KeyNotFoundException : The given key was not present in the dictionary.]]></message>
                <stack-trace><![CDATA[   at System.Collections.Generic.Dictionary`2.get_Item(TKey key)
   at log4net.Repository.Hierarchy.Hierarchy.GetLogger(String name, ILoggerFactory factory) in C:\src\log4net\src\log4net\Repository\Hierarchy\Hierarchy.cs:line 694
   at log4net.Repository.Hierarchy.Hierarchy.GetLogger(String name) in C:\src\log4net\src\log4net\Repository\Hierarchy\Hierarchy.cs:line 356
   at log4net.Tests.Core.EvaluatorTest.TestExceptionEvaluatorTriggerOnSubClass() in C:\src\log4net\tests\log4net.Tests\Core\EvaluatorTest.cs:line 97]]></stack-trace>
              </failure>
            </test-case>
            <test-case id="1043" name="TestInvalidExceptionEvaluator" fullname="log4net.Tests.Core.EvaluatorTest.TestInvalidExceptionEvaluator" methodname="TestInvalidExceptionEvaluator" classname="log4net.Tests.Core.EvaluatorTest" runstate="Runnable" seed="1690067258" result="Failed" label="Error" start-time="2016-08-02 15:59:03Z" end-time="2016-08-02 15:59:03Z" duration="0.001766" asserts="0">
              <failure>
                <message><![CDATA[System.Collections.Generic.KeyNotFoundException : The given key was not present in the dictionary.]]></message>
                <stack-trace><![CDATA[   at System.Collections.Generic.Dictionary`2.get_Item(TKey key)
   at log4net.Repository.Hierarchy.Hierarchy.GetLogger(String name, ILoggerFactory factory) in C:\src\log4net\src\log4net\Repository\Hierarchy\Hierarchy.cs:line 694
   at log4net.Repository.Hierarchy.Hierarchy.GetLogger(String name) in C:\src\log4net\src\log4net\Repository\Hierarchy\Hierarchy.cs:line 356
   at log4net.Tests.Core.EvaluatorTest.TestInvalidExceptionEvaluator() in C:\src\log4net\tests\log4net.Tests\Core\EvaluatorTest.cs:line 132]]></stack-trace>
              </failure>
            </test-case>
            <test-case id="1039" name="TestLevelEvaluator" fullname="log4net.Tests.Core.EvaluatorTest.TestLevelEvaluator" methodname="TestLevelEvaluator" classname="log4net.Tests.Core.EvaluatorTest" runstate="Runnable" seed="853824630" result="Failed" label="Error" start-time="2016-08-02 15:59:03Z" end-time="2016-08-02 15:59:03Z" duration="0.002005" asserts="0">
              <failure>
                <message><![CDATA[System.Collections.Generic.KeyNotFoundException : The given key was not present in the dictionary.]]></message>
                <stack-trace><![CDATA[   at System.Collections.Generic.Dictionary`2.get_Item(TKey key)
   at log4net.Repository.Hierarchy.Hierarchy.GetLogger(String name, ILoggerFactory factory) in C:\src\log4net\src\log4net\Repository\Hierarchy\Hierarchy.cs:line 694
   at log4net.Repository.Hierarchy.Hierarchy.GetLogger(String name) in C:\src\log4net\src\log4net\Repository\Hierarchy\Hierarchy.cs:line 356
   at log4net.Tests.Core.EvaluatorTest.TestLevelEvaluator() in C:\src\log4net\tests\log4net.Tests\Core\EvaluatorTest.cs:line 63]]></stack-trace>
              </failure>
            </test-case>
          </test-suite>
          <test-suite type="TestFixture" id="1044" name="FixingTest" fullname="log4net.Tests.Core.FixingTest" classname="log4net.Tests.Core.FixingTest" runstate="Runnable" testcasecount="3" result="Failed" label="Error" site="SetUp" start-time="2016-08-02 15:59:03Z" end-time="2016-08-02 15:59:03Z" duration="0.004278" total="3" passed="0" failed="3" inconclusive="0" skipped="0" asserts="0">
            <failure>
              <message><![CDATA[System.Collections.Generic.KeyNotFoundException : The given key was not present in the dictionary.]]></message>
              <stack-trace><![CDATA[   at System.Collections.Generic.Dictionary`2.get_Item(TKey key)
   at log4net.Core.CompactRepositorySelector.CreateRepository(String repositoryName, Type repositoryType) in C:\src\log4net\src\log4net\Core\CompactRepositorySelector.cs:line 237
   at log4net.Core.LoggerManager.CreateRepository(String repository) in C:\src\log4net\src\log4net\Core\LoggerManager.cs:line 635
   at log4net.LogManager.CreateRepository(String repository) in C:\src\log4net\src\log4net\LogManager.cs:line 633
   at log4net.Tests.Core.FixingTest.CreateRepository() in C:\src\log4net\tests\log4net.Tests\Core\FixingTest.cs:line 50]]></stack-trace>
            </failure>
            <test-case id="1046" name="TestAllFixedValues" fullname="log4net.Tests.Core.FixingTest.TestAllFixedValues" methodname="TestAllFixedValues" classname="log4net.Tests.Core.FixingTest" runstate="Runnable" seed="818157428" result="Failed" label="Error" site="Parent" start-time="0001-01-01 00:00:00Z" end-time="0001-01-01 00:00:00Z" duration="0.000000" asserts="0">
              <failure>
                <message><![CDATA[OneTimeSetUp: System.Collections.Generic.KeyNotFoundException : The given key was not present in the dictionary.]]></message>
              </failure>
            </test-case>
            <test-case id="1047" name="TestNoFixedValues" fullname="log4net.Tests.Core.FixingTest.TestNoFixedValues" methodname="TestNoFixedValues" classname="log4net.Tests.Core.FixingTest" runstate="Runnable" seed="1991333249" result="Failed" label="Error" site="Parent" start-time="0001-01-01 00:00:00Z" end-time="0001-01-01 00:00:00Z" duration="0.000000" asserts="0">
              <failure>
                <message><![CDATA[OneTimeSetUp: System.Collections.Generic.KeyNotFoundException : The given key was not present in the dictionary.]]></message>
              </failure>
            </test-case>
            <test-case id="1045" name="TestUnfixedValues" fullname="log4net.Tests.Core.FixingTest.TestUnfixedValues" methodname="TestUnfixedValues" classname="log4net.Tests.Core.FixingTest" runstate="Runnable" seed="1820863832" result="Failed" label="Error" site="Parent" start-time="0001-01-01 00:00:00Z" end-time="0001-01-01 00:00:00Z" duration="0.000000" asserts="0">
              <failure>
                <message><![CDATA[OneTimeSetUp: System.Collections.Generic.KeyNotFoundException : The given key was not present in the dictionary.]]></message>
              </failure>
            </test-case>
          </test-suite>
          <test-suite type="TestFixture" id="1048" name="ShutdownTest" fullname="log4net.Tests.Core.ShutdownTest" classname="log4net.Tests.Core.ShutdownTest" runstate="Runnable" testcasecount="1" result="Failed" site="Child" start-time="2016-08-02 15:59:03Z" end-time="2016-08-02 15:59:03Z" duration="0.002420" total="1" passed="0" failed="1" inconclusive="0" skipped="0" asserts="0">
            <failure>
              <message><![CDATA[One or more child tests had errors]]></message>
            </failure>
            <test-case id="1049" name="TestShutdownAndReconfigure" fullname="log4net.Tests.Core.ShutdownTest.TestShutdownAndReconfigure" methodname="TestShutdownAndReconfigure" classname="log4net.Tests.Core.ShutdownTest" runstate="Runnable" seed="2084540229" result="Failed" label="Error" start-time="2016-08-02 15:59:03Z" end-time="2016-08-02 15:59:03Z" duration="0.001673" asserts="0">
              <failure>
                <message><![CDATA[System.Collections.Generic.KeyNotFoundException : The given key was not present in the dictionary.]]></message>
                <stack-trace><![CDATA[   at System.Collections.Generic.Dictionary`2.get_Item(TKey key)
   at log4net.Core.CompactRepositorySelector.CreateRepository(String repositoryName, Type repositoryType) in C:\src\log4net\src\log4net\Core\CompactRepositorySelector.cs:line 237
   at log4net.Core.LoggerManager.CreateRepository(String repository) in C:\src\log4net\src\log4net\Core\LoggerManager.cs:line 635
   at log4net.LogManager.CreateRepository(String repository) in C:\src\log4net\src\log4net\LogManager.cs:line 633
   at log4net.Tests.Core.ShutdownTest.TestShutdownAndReconfigure() in C:\src\log4net\tests\log4net.Tests\Core\ShutdownTest.cs:line 43]]></stack-trace>
              </failure>
            </test-case>
          </test-suite>
          <test-suite type="TestFixture" id="1050" name="StringFormatTest" fullname="log4net.Tests.Core.StringFormatTest" classname="log4net.Tests.Core.StringFormatTest" runstate="Runnable" testcasecount="11" result="Failed" site="Child" start-time="2016-08-02 15:59:03Z" end-time="2016-08-02 15:59:03Z" duration="0.034532" total="11" passed="0" failed="11" inconclusive="0" skipped="0" asserts="0">
            <failure>
              <message><![CDATA[One or more child tests had errors]]></message>
            </failure>
            <test-case id="1051" name="TestFormatString" fullname="log4net.Tests.Core.StringFormatTest.TestFormatString" methodname="TestFormatString" classname="log4net.Tests.Core.StringFormatTest" runstate="Runnable" seed="1311214122" result="Failed" label="Error" start-time="2016-08-02 15:59:03Z" end-time="2016-08-02 15:59:03Z" duration="0.003035" asserts="0">
              <failure>
                <message><![CDATA[System.Collections.Generic.KeyNotFoundException : The given key was not present in the dictionary.]]></message>
                <stack-trace><![CDATA[   at System.Collections.Generic.Dictionary`2.get_Item(TKey key)
   at log4net.Core.CompactRepositorySelector.CreateRepository(String repositoryName, Type repositoryType) in C:\src\log4net\src\log4net\Core\CompactRepositorySelector.cs:line 237
   at log4net.Core.LoggerManager.CreateRepository(String repository) in C:\src\log4net\src\log4net\Core\LoggerManager.cs:line 635
   at log4net.LogManager.CreateRepository(String repository) in C:\src\log4net\src\log4net\LogManager.cs:line 633
   at log4net.Tests.Core.StringFormatTest.TestFormatString() in C:\src\log4net\tests\log4net.Tests\Core\StringFormatTest.cs:line 69]]></stack-trace>
              </failure>
            </test-case>
            <test-case id="1052" name="TestLogFormatApi_Debug" fullname="log4net.Tests.Core.StringFormatTest.TestLogFormatApi_Debug" methodname="TestLogFormatApi_Debug" classname="log4net.Tests.Core.StringFormatTest" runstate="Runnable" seed="1357685675" result="Failed" label="Error" start-time="2016-08-02 15:59:03Z" end-time="2016-08-02 15:59:03Z" duration="0.002897" asserts="0">
              <failure>
                <message><![CDATA[System.Collections.Generic.KeyNotFoundException : The given key was not present in the dictionary.]]></message>
                <stack-trace><![CDATA[   at System.Collections.Generic.Dictionary`2.get_Item(TKey key)
   at log4net.Core.CompactRepositorySelector.CreateRepository(String repositoryName, Type repositoryType) in C:\src\log4net\src\log4net\Core\CompactRepositorySelector.cs:line 237
   at log4net.Core.LoggerManager.CreateRepository(String repository) in C:\src\log4net\src\log4net\Core\LoggerManager.cs:line 635
   at log4net.LogManager.CreateRepository(String repository) in C:\src\log4net\src\log4net\LogManager.cs:line 633
   at log4net.Tests.Core.StringFormatTest.TestLogFormatApi_Debug() in C:\src\log4net\tests\log4net.Tests\Core\StringFormatTest.cs:line 126]]></stack-trace>
              </failure>
            </test-case>
            <test-case id="1058" name="TestLogFormatApi_Error" fullname="log4net.Tests.Core.StringFormatTest.TestLogFormatApi_Error" methodname="TestLogFormatApi_Error" classname="log4net.Tests.Core.StringFormatTest" runstate="Runnable" seed="258362712" result="Failed" label="Error" start-time="2016-08-02 15:59:03Z" end-time="2016-08-02 15:59:03Z" duration="0.002359" asserts="0">
              <failure>
                <message><![CDATA[System.Collections.Generic.KeyNotFoundException : The given key was not present in the dictionary.]]></message>
                <stack-trace><![CDATA[   at System.Collections.Generic.Dictionary`2.get_Item(TKey key)
   at log4net.Core.CompactRepositorySelector.CreateRepository(String repositoryName, Type repositoryType) in C:\src\log4net\src\log4net\Core\CompactRepositorySelector.cs:line 237
   at log4net.Core.LoggerManager.CreateRepository(String repository) in C:\src\log4net\src\log4net\Core\LoggerManager.cs:line 635
   at log4net.LogManager.CreateRepository(String repository) in C:\src\log4net\src\log4net\LogManager.cs:line 633
   at log4net.Tests.Core.StringFormatTest.TestLogFormatApi_Error() in C:\src\log4net\tests\log4net.Tests\Core\StringFormatTest.cs:line 480]]></stack-trace>
              </failure>
            </test-case>
            <test-case id="1060" name="TestLogFormatApi_Fatal" fullname="log4net.Tests.Core.StringFormatTest.TestLogFormatApi_Fatal" methodname="TestLogFormatApi_Fatal" classname="log4net.Tests.Core.StringFormatTest" runstate="Runnable" seed="1102021186" result="Failed" label="Error" start-time="2016-08-02 15:59:03Z" end-time="2016-08-02 15:59:03Z" duration="0.002337" asserts="0">
              <failure>
                <message><![CDATA[System.Collections.Generic.KeyNotFoundException : The given key was not present in the dictionary.]]></message>
                <stack-trace><![CDATA[   at System.Collections.Generic.Dictionary`2.get_Item(TKey key)
   at log4net.Core.CompactRepositorySelector.CreateRepository(String repositoryName, Type repositoryType) in C:\src\log4net\src\log4net\Core\CompactRepositorySelector.cs:line 237
   at log4net.Core.LoggerManager.CreateRepository(String repository) in C:\src\log4net\src\log4net\Core\LoggerManager.cs:line 635
   at log4net.LogManager.CreateRepository(String repository) in C:\src\log4net\src\log4net\LogManager.cs:line 633
   at log4net.Tests.Core.StringFormatTest.TestLogFormatApi_Fatal() in C:\src\log4net\tests\log4net.Tests\Core\StringFormatTest.cs:line 598]]></stack-trace>
              </failure>
            </test-case>
            <test-case id="1054" name="TestLogFormatApi_Info" fullname="log4net.Tests.Core.StringFormatTest.TestLogFormatApi_Info" methodname="TestLogFormatApi_Info" classname="log4net.Tests.Core.StringFormatTest" runstate="Runnable" seed="291491192" result="Failed" label="Error" start-time="2016-08-02 15:59:03Z" end-time="2016-08-02 15:59:03Z" duration="0.002349" asserts="0">
              <failure>
                <message><![CDATA[System.Collections.Generic.KeyNotFoundException : The given key was not present in the dictionary.]]></message>
                <stack-trace><![CDATA[   at System.Collections.Generic.Dictionary`2.get_Item(TKey key)
   at log4net.Core.CompactRepositorySelector.CreateRepository(String repositoryName, Type repositoryType) in C:\src\log4net\src\log4net\Core\CompactRepositorySelector.cs:line 237
   at log4net.Core.LoggerManager.CreateRepository(String repository) in C:\src\log4net\src\log4net\Core\LoggerManager.cs:line 635
   at log4net.LogManager.CreateRepository(String repository) in C:\src\log4net\src\log4net\LogManager.cs:line 633
   at log4net.Tests.Core.StringFormatTest.TestLogFormatApi_Info() in C:\src\log4net\tests\log4net.Tests\Core\StringFormatTest.cs:line 244]]></stack-trace>
              </failure>
            </test-case>
            <test-case id="1053" name="TestLogFormatApi_NoDebug" fullname="log4net.Tests.Core.StringFormatTest.TestLogFormatApi_NoDebug" methodname="TestLogFormatApi_NoDebug" classname="log4net.Tests.Core.StringFormatTest" runstate="Runnable" seed="1893152755" result="Failed" label="Error" start-time="2016-08-02 15:59:03Z" end-time="2016-08-02 15:59:03Z" duration="0.002450" asserts="0">
              <failure>
                <message><![CDATA[System.Collections.Generic.KeyNotFoundException : The given key was not present in the dictionary.]]></message>
                <stack-trace><![CDATA[   at System.Collections.Generic.Dictionary`2.get_Item(TKey key)
   at log4net.Core.CompactRepositorySelector.CreateRepository(String repositoryName, Type repositoryType) in C:\src\log4net\src\log4net\Core\CompactRepositorySelector.cs:line 237
   at log4net.Core.LoggerManager.CreateRepository(String repository) in C:\src\log4net\src\log4net\Core\LoggerManager.cs:line 635
   at log4net.LogManager.CreateRepository(String repository) in C:\src\log4net\src\log4net\LogManager.cs:line 633
   at log4net.Tests.Core.StringFormatTest.TestLogFormatApi_NoDebug() in C:\src\log4net\tests\log4net.Tests\Core\StringFormatTest.cs:line 185]]></stack-trace>
              </failure>
            </test-case>
            <test-case id="1059" name="TestLogFormatApi_NoError" fullname="log4net.Tests.Core.StringFormatTest.TestLogFormatApi_NoError" methodname="TestLogFormatApi_NoError" classname="log4net.Tests.Core.StringFormatTest" runstate="Runnable" seed="1271753707" result="Failed" label="Error" start-time="2016-08-02 15:59:03Z" end-time="2016-08-02 15:59:03Z" duration="0.002333" asserts="0">
              <failure>
                <message><![CDATA[System.Collections.Generic.KeyNotFoundException : The given key was not present in the dictionary.]]></message>
                <stack-trace><![CDATA[   at System.Collections.Generic.Dictionary`2.get_Item(TKey key)
   at log4net.Core.CompactRepositorySelector.CreateRepository(String repositoryName, Type repositoryType) in C:\src\log4net\src\log4net\Core\CompactRepositorySelector.cs:line 237
   at log4net.Core.LoggerManager.CreateRepository(String repository) in C:\src\log4net\src\log4net\Core\LoggerManager.cs:line 635
   at log4net.LogManager.CreateRepository(String repository) in C:\src\log4net\src\log4net\LogManager.cs:line 633
   at log4net.Tests.Core.StringFormatTest.TestLogFormatApi_NoError() in C:\src\log4net\tests\log4net.Tests\Core\StringFormatTest.cs:line 539]]></stack-trace>
              </failure>
            </test-case>
            <test-case id="1061" name="TestLogFormatApi_NoFatal" fullname="log4net.Tests.Core.StringFormatTest.TestLogFormatApi_NoFatal" methodname="TestLogFormatApi_NoFatal" classname="log4net.Tests.Core.StringFormatTest" runstate="Runnable" seed="1116552273" result="Failed" label="Error" start-time="2016-08-02 15:59:03Z" end-time="2016-08-02 15:59:03Z" duration="0.002331" asserts="0">
              <failure>
                <message><![CDATA[System.Collections.Generic.KeyNotFoundException : The given key was not present in the dictionary.]]></message>
                <stack-trace><![CDATA[   at System.Collections.Generic.Dictionary`2.get_Item(TKey key)
   at log4net.Core.CompactRepositorySelector.CreateRepository(String repositoryName, Type repositoryType) in C:\src\log4net\src\log4net\Core\CompactRepositorySelector.cs:line 237
   at log4net.Core.LoggerManager.CreateRepository(String repository) in C:\src\log4net\src\log4net\Core\LoggerManager.cs:line 635
   at log4net.LogManager.CreateRepository(String repository) in C:\src\log4net\src\log4net\LogManager.cs:line 633
   at log4net.Tests.Core.StringFormatTest.TestLogFormatApi_NoFatal() in C:\src\log4net\tests\log4net.Tests\Core\StringFormatTest.cs:line 657]]></stack-trace>
              </failure>
            </test-case>
            <test-case id="1055" name="TestLogFormatApi_NoInfo" fullname="log4net.Tests.Core.StringFormatTest.TestLogFormatApi_NoInfo" methodname="TestLogFormatApi_NoInfo" classname="log4net.Tests.Core.StringFormatTest" runstate="Runnable" seed="1602931995" result="Failed" label="Error" start-time="2016-08-02 15:59:03Z" end-time="2016-08-02 15:59:03Z" duration="0.002289" asserts="0">
              <failure>
                <message><![CDATA[System.Collections.Generic.KeyNotFoundException : The given key was not present in the dictionary.]]></message>
                <stack-trace><![CDATA[   at System.Collections.Generic.Dictionary`2.get_Item(TKey key)
   at log4net.Core.CompactRepositorySelector.CreateRepository(String repositoryName, Type repositoryType) in C:\src\log4net\src\log4net\Core\CompactRepositorySelector.cs:line 237
   at log4net.Core.LoggerManager.CreateRepository(String repository) in C:\src\log4net\src\log4net\Core\LoggerManager.cs:line 635
   at log4net.LogManager.CreateRepository(String repository) in C:\src\log4net\src\log4net\LogManager.cs:line 633
   at log4net.Tests.Core.StringFormatTest.TestLogFormatApi_NoInfo() in C:\src\log4net\tests\log4net.Tests\Core\StringFormatTest.cs:line 303]]></stack-trace>
              </failure>
            </test-case>
            <test-case id="1057" name="TestLogFormatApi_NoWarn" fullname="log4net.Tests.Core.StringFormatTest.TestLogFormatApi_NoWarn" methodname="TestLogFormatApi_NoWarn" classname="log4net.Tests.Core.StringFormatTest" runstate="Runnable" seed="2011991550" result="Failed" label="Error" start-time="2016-08-02 15:59:03Z" end-time="2016-08-02 15:59:03Z" duration="0.002328" asserts="0">
              <failure>
                <message><![CDATA[System.Collections.Generic.KeyNotFoundException : The given key was not present in the dictionary.]]></message>
                <stack-trace><![CDATA[   at System.Collections.Generic.Dictionary`2.get_Item(TKey key)
   at log4net.Core.CompactRepositorySelector.CreateRepository(String repositoryName, Type repositoryType) in C:\src\log4net\src\log4net\Core\CompactRepositorySelector.cs:line 237
   at log4net.Core.LoggerManager.CreateRepository(String repository) in C:\src\log4net\src\log4net\Core\LoggerManager.cs:line 635
   at log4net.LogManager.CreateRepository(String repository) in C:\src\log4net\src\log4net\LogManager.cs:line 633
   at log4net.Tests.Core.StringFormatTest.TestLogFormatApi_NoWarn() in C:\src\log4net\tests\log4net.Tests\Core\StringFormatTest.cs:line 421]]></stack-trace>
              </failure>
            </test-case>
            <test-case id="1056" name="TestLogFormatApi_Warn" fullname="log4net.Tests.Core.StringFormatTest.TestLogFormatApi_Warn" methodname="TestLogFormatApi_Warn" classname="log4net.Tests.Core.StringFormatTest" runstate="Runnable" seed="805408793" result="Failed" label="Error" start-time="2016-08-02 15:59:03Z" end-time="2016-08-02 15:59:03Z" duration="0.002583" asserts="0">
              <failure>
                <message><![CDATA[System.Collections.Generic.KeyNotFoundException : The given key was not present in the dictionary.]]></message>
                <stack-trace><![CDATA[   at System.Collections.Generic.Dictionary`2.get_Item(TKey key)
   at log4net.Core.CompactRepositorySelector.CreateRepository(String repositoryName, Type repositoryType) in C:\src\log4net\src\log4net\Core\CompactRepositorySelector.cs:line 237
   at log4net.Core.LoggerManager.CreateRepository(String repository) in C:\src\log4net\src\log4net\Core\LoggerManager.cs:line 635
   at log4net.LogManager.CreateRepository(String repository) in C:\src\log4net\src\log4net\LogManager.cs:line 633
   at log4net.Tests.Core.StringFormatTest.TestLogFormatApi_Warn() in C:\src\log4net\tests\log4net.Tests\Core\StringFormatTest.cs:line 362]]></stack-trace>
              </failure>
            </test-case>
          </test-suite>
        </test-suite>
        <test-suite type="TestSuite" id="1129" name="DateFormatter" fullname="log4net.Tests.DateFormatter" runstate="Runnable" testcasecount="4" result="Failed" site="Child" start-time="2016-08-02 15:59:03Z" end-time="2016-08-02 15:59:03Z" duration="0.010514" total="4" passed="0" failed="4" inconclusive="0" skipped="0" asserts="0">
          <failure>
            <message><![CDATA[One or more child tests had errors]]></message>
          </failure>
          <test-suite type="TestFixture" id="1033" name="AbsoluteTimeDateFormatterTest" fullname="log4net.Tests.DateFormatter.AbsoluteTimeDateFormatterTest" classname="log4net.Tests.DateFormatter.AbsoluteTimeDateFormatterTest" runstate="Runnable" testcasecount="4" result="Failed" site="Child" start-time="2016-08-02 15:59:03Z" end-time="2016-08-02 15:59:03Z" duration="0.010293" total="4" passed="0" failed="4" inconclusive="0" skipped="0" asserts="0">
            <failure>
              <message><![CDATA[One or more child tests had errors]]></message>
            </failure>
            <test-case id="1036" name="CacheExpiresWhenCrossingSecond" fullname="log4net.Tests.DateFormatter.AbsoluteTimeDateFormatterTest.CacheExpiresWhenCrossingSecond" methodname="CacheExpiresWhenCrossingSecond" classname="log4net.Tests.DateFormatter.AbsoluteTimeDateFormatterTest" runstate="Runnable" seed="1254033887" result="Failed" label="Error" start-time="2016-08-02 15:59:03Z" end-time="2016-08-02 15:59:03Z" duration="0.003055" asserts="0">
              <failure>
                <message><![CDATA[System.Collections.Generic.KeyNotFoundException : The given key was not present in the dictionary.]]></message>
                <stack-trace><![CDATA[   at System.Collections.Generic.Dictionary`2.get_Item(TKey key)
   at log4net.DateFormatter.AbsoluteTimeDateFormatter.FormatDate(DateTime dateToFormat, TextWriter writer) in C:\src\log4net\src\log4net\DateFormatter\AbsoluteTimeDateFormatter.cs:line 130
   at log4net.Tests.DateFormatter.AbsoluteTimeDateFormatterTest.CacheExpiresWhenCrossingSecond() in C:\src\log4net\tests\log4net.Tests\DateFormatter\AbsoluteTimeDateFormatterTest.cs:line 72]]></stack-trace>
              </failure>
            </test-case>
            <test-case id="1037" name="CacheIsLocalToSubclass" fullname="log4net.Tests.DateFormatter.AbsoluteTimeDateFormatterTest.CacheIsLocalToSubclass" methodname="CacheIsLocalToSubclass" classname="log4net.Tests.DateFormatter.AbsoluteTimeDateFormatterTest" runstate="Runnable" seed="422241726" result="Failed" label="Error" start-time="2016-08-02 15:59:03Z" end-time="2016-08-02 15:59:03Z" duration="0.001605" asserts="0">
              <failure>
                <message><![CDATA[System.Collections.Generic.KeyNotFoundException : The given key was not present in the dictionary.]]></message>
                <stack-trace><![CDATA[   at System.Collections.Generic.Dictionary`2.get_Item(TKey key)
   at log4net.DateFormatter.AbsoluteTimeDateFormatter.FormatDate(DateTime dateToFormat, TextWriter writer) in C:\src\log4net\src\log4net\DateFormatter\AbsoluteTimeDateFormatter.cs:line 130
   at log4net.Tests.DateFormatter.AbsoluteTimeDateFormatterTest.CacheIsLocalToSubclass() in C:\src\log4net\tests\log4net.Tests\DateFormatter\AbsoluteTimeDateFormatterTest.cs:line 84]]></stack-trace>
              </failure>
            </test-case>
            <test-case id="1035" name="CacheWorksForSameSecond" fullname="log4net.Tests.DateFormatter.AbsoluteTimeDateFormatterTest.CacheWorksForSameSecond" methodname="CacheWorksForSameSecond" classname="log4net.Tests.DateFormatter.AbsoluteTimeDateFormatterTest" runstate="Runnable" seed="2113722097" result="Failed" label="Error" start-time="2016-08-02 15:59:03Z" end-time="2016-08-02 15:59:03Z" duration="0.001535" asserts="0">
              <failure>
                <message><![CDATA[System.Collections.Generic.KeyNotFoundException : The given key was not present in the dictionary.]]></message>
                <stack-trace><![CDATA[   at System.Collections.Generic.Dictionary`2.get_Item(TKey key)
   at log4net.DateFormatter.AbsoluteTimeDateFormatter.FormatDate(DateTime dateToFormat, TextWriter writer) in C:\src\log4net\src\log4net\DateFormatter\AbsoluteTimeDateFormatter.cs:line 130
   at log4net.Tests.DateFormatter.AbsoluteTimeDateFormatterTest.CacheWorksForSameSecond() in C:\src\log4net\tests\log4net.Tests\DateFormatter\AbsoluteTimeDateFormatterTest.cs:line 59]]></stack-trace>
              </failure>
            </test-case>
            <test-case id="1034" name="CacheWorksForSameTicks" fullname="log4net.Tests.DateFormatter.AbsoluteTimeDateFormatterTest.CacheWorksForSameTicks" methodname="CacheWorksForSameTicks" classname="log4net.Tests.DateFormatter.AbsoluteTimeDateFormatterTest" runstate="Runnable" seed="1626377384" result="Failed" label="Error" start-time="2016-08-02 15:59:03Z" end-time="2016-08-02 15:59:03Z" duration="0.001499" asserts="0">
              <failure>
                <message><![CDATA[System.Collections.Generic.KeyNotFoundException : The given key was not present in the dictionary.]]></message>
                <stack-trace><![CDATA[   at System.Collections.Generic.Dictionary`2.get_Item(TKey key)
   at log4net.DateFormatter.AbsoluteTimeDateFormatter.FormatDate(DateTime dateToFormat, TextWriter writer) in C:\src\log4net\src\log4net\DateFormatter\AbsoluteTimeDateFormatter.cs:line 130
   at log4net.Tests.DateFormatter.AbsoluteTimeDateFormatterTest.CacheWorksForSameTicks() in C:\src\log4net\tests\log4net.Tests\DateFormatter\AbsoluteTimeDateFormatterTest.cs:line 46]]></stack-trace>
              </failure>
            </test-case>
          </test-suite>
        </test-suite>
        <test-suite type="TestSuite" id="1128" name="Hierarchy" fullname="log4net.Tests.Hierarchy" runstate="Runnable" testcasecount="8" result="Failed" site="Child" start-time="2016-08-02 15:59:03Z" end-time="2016-08-02 15:59:03Z" duration="0.038134" total="8" passed="0" failed="8" inconclusive="0" skipped="0" asserts="0">
          <failure>
            <message><![CDATA[One or more child tests had errors]]></message>
          </failure>
          <test-suite type="TestFixture" id="1024" name="LoggerTest" fullname="log4net.Tests.Hierarchy.LoggerTest" classname="log4net.Tests.Hierarchy.LoggerTest" runstate="Runnable" testcasecount="8" result="Failed" site="Child" start-time="2016-08-02 15:59:03Z" end-time="2016-08-02 15:59:03Z" duration="0.037927" total="8" passed="0" failed="8" inconclusive="0" skipped="0" asserts="0">
            <failure>
              <message><![CDATA[One or more child tests had errors]]></message>
            </failure>
            <test-case id="1027" name="TestAdditivity1" fullname="log4net.Tests.Hierarchy.LoggerTest.TestAdditivity1" methodname="TestAdditivity1" classname="log4net.Tests.Hierarchy.LoggerTest" runstate="Runnable" seed="808043896" result="Failed" label="Error" start-time="2016-08-02 15:59:03Z" end-time="2016-08-02 15:59:03Z" duration="0.004242" asserts="0">
              <failure>
                <message><![CDATA[System.Collections.Generic.KeyNotFoundException : The given key was not present in the dictionary.
TearDown : System.Collections.Generic.KeyNotFoundException : The given key was not present in the dictionary.]]></message>
                <stack-trace><![CDATA[   at System.Collections.Generic.Dictionary`2.get_Item(TKey key)
   at log4net.Core.CompactRepositorySelector.CreateRepository(Assembly assembly, Type repositoryType) in C:\src\log4net\src\log4net\Core\CompactRepositorySelector.cs:line 185
   at log4net.Core.CompactRepositorySelector.GetRepository(Assembly assembly) in C:\src\log4net\src\log4net\Core\CompactRepositorySelector.cs:line 115
   at log4net.Core.LoggerManager.GetLogger(Assembly repositoryAssembly, String name) in C:\src\log4net\src\log4net\Core\LoggerManager.cs:line 402
   at log4net.LogManager.GetLogger(Assembly repositoryAssembly, String name) in C:\src\log4net\src\log4net\LogManager.cs:line 242
   at log4net.LogManager.GetLogger(String name) in C:\src\log4net\src\log4net\LogManager.cs:line 194
   at log4net.Tests.Hierarchy.LoggerTest.TestAdditivity1() in C:\src\log4net\tests\log4net.Tests\Hierarchy\Logger.cs:line 122
--TearDown
   at System.Collections.Generic.Dictionary`2.get_Item(TKey key)
   at log4net.Core.CompactRepositorySelector.CreateRepository(Assembly assembly, Type repositoryType) in C:\src\log4net\src\log4net\Core\CompactRepositorySelector.cs:line 185
   at log4net.Core.CompactRepositorySelector.GetRepository(Assembly assembly) in C:\src\log4net\src\log4net\Core\CompactRepositorySelector.cs:line 115
   at log4net.Core.LoggerManager.GetRepository(Assembly repositoryAssembly) in C:\src\log4net\src\log4net\Core\LoggerManager.cs:line 242
   at log4net.LogManager.GetRepository(Assembly repositoryAssembly) in C:\src\log4net\src\log4net\LogManager.cs:line 543
   at log4net.LogManager.GetRepository() in C:\src\log4net\src\log4net\LogManager.cs:line 511
   at log4net.Tests.Hierarchy.LoggerTest.TearDown() in C:\src\log4net\tests\log4net.Tests\Hierarchy\Logger.cs:line 60]]></stack-trace>
              </failure>
            </test-case>
            <test-case id="1028" name="TestAdditivity2" fullname="log4net.Tests.Hierarchy.LoggerTest.TestAdditivity2" methodname="TestAdditivity2" classname="log4net.Tests.Hierarchy.LoggerTest" runstate="Runnable" seed="1357326338" result="Failed" label="Error" start-time="2016-08-02 15:59:03Z" end-time="2016-08-02 15:59:03Z" duration="0.003519" asserts="0">
              <failure>
                <message><![CDATA[System.Collections.Generic.KeyNotFoundException : The given key was not present in the dictionary.
TearDown : System.Collections.Generic.KeyNotFoundException : The given key was not present in the dictionary.]]></message>
                <stack-trace><![CDATA[   at System.Collections.Generic.Dictionary`2.get_Item(TKey key)
   at log4net.Core.CompactRepositorySelector.CreateRepository(Assembly assembly, Type repositoryType) in C:\src\log4net\src\log4net\Core\CompactRepositorySelector.cs:line 185
   at log4net.Core.CompactRepositorySelector.GetRepository(Assembly assembly) in C:\src\log4net\src\log4net\Core\CompactRepositorySelector.cs:line 115
   at log4net.Core.LoggerManager.GetLogger(Assembly repositoryAssembly, String name) in C:\src\log4net\src\log4net\Core\LoggerManager.cs:line 402
   at log4net.LogManager.GetLogger(Assembly repositoryAssembly, String name) in C:\src\log4net\src\log4net\LogManager.cs:line 242
   at log4net.LogManager.GetLogger(String name) in C:\src\log4net\src\log4net\LogManager.cs:line 194
   at log4net.Tests.Hierarchy.LoggerTest.TestAdditivity2() in C:\src\log4net\tests\log4net.Tests\Hierarchy\Logger.cs:line 146
--TearDown
   at System.Collections.Generic.Dictionary`2.get_Item(TKey key)
   at log4net.Core.CompactRepositorySelector.CreateRepository(Assembly assembly, Type repositoryType) in C:\src\log4net\src\log4net\Core\CompactRepositorySelector.cs:line 185
   at log4net.Core.CompactRepositorySelector.GetRepository(Assembly assembly) in C:\src\log4net\src\log4net\Core\CompactRepositorySelector.cs:line 115
   at log4net.Core.LoggerManager.GetRepository(Assembly repositoryAssembly) in C:\src\log4net\src\log4net\Core\LoggerManager.cs:line 242
   at log4net.LogManager.GetRepository(Assembly repositoryAssembly) in C:\src\log4net\src\log4net\LogManager.cs:line 543
   at log4net.LogManager.GetRepository() in C:\src\log4net\src\log4net\LogManager.cs:line 511
   at log4net.Tests.Hierarchy.LoggerTest.TearDown() in C:\src\log4net\tests\log4net.Tests\Hierarchy\Logger.cs:line 60]]></stack-trace>
              </failure>
            </test-case>
            <test-case id="1029" name="TestAdditivity3" fullname="log4net.Tests.Hierarchy.LoggerTest.TestAdditivity3" methodname="TestAdditivity3" classname="log4net.Tests.Hierarchy.LoggerTest" runstate="Runnable" seed="1207098775" result="Failed" label="Error" start-time="2016-08-02 15:59:03Z" end-time="2016-08-02 15:59:03Z" duration="0.003799" asserts="0">
              <failure>
                <message><![CDATA[System.Collections.Generic.KeyNotFoundException : The given key was not present in the dictionary.
TearDown : System.Collections.Generic.KeyNotFoundException : The given key was not present in the dictionary.]]></message>
                <stack-trace><![CDATA[   at System.Collections.Generic.Dictionary`2.get_Item(TKey key)
   at log4net.Core.CompactRepositorySelector.CreateRepository(Assembly assembly, Type repositoryType) in C:\src\log4net\src\log4net\Core\CompactRepositorySelector.cs:line 185
   at log4net.Core.CompactRepositorySelector.GetRepository(Assembly assembly) in C:\src\log4net\src\log4net\Core\CompactRepositorySelector.cs:line 115
   at log4net.Core.LoggerManager.GetRepository(Assembly repositoryAssembly) in C:\src\log4net\src\log4net\Core\LoggerManager.cs:line 242
   at log4net.LogManager.GetRepository(Assembly repositoryAssembly) in C:\src\log4net\src\log4net\LogManager.cs:line 543
   at log4net.LogManager.GetRepository() in C:\src\log4net\src\log4net\LogManager.cs:line 511
   at log4net.Tests.Hierarchy.LoggerTest.TestAdditivity3() in C:\src\log4net\tests\log4net.Tests\Hierarchy\Logger.cs:line 180
--TearDown
   at System.Collections.Generic.Dictionary`2.get_Item(TKey key)
   at log4net.Core.CompactRepositorySelector.CreateRepository(Assembly assembly, Type repositoryType) in C:\src\log4net\src\log4net\Core\CompactRepositorySelector.cs:line 185
   at log4net.Core.CompactRepositorySelector.GetRepository(Assembly assembly) in C:\src\log4net\src\log4net\Core\CompactRepositorySelector.cs:line 115
   at log4net.Core.LoggerManager.GetRepository(Assembly repositoryAssembly) in C:\src\log4net\src\log4net\Core\LoggerManager.cs:line 242
   at log4net.LogManager.GetRepository(Assembly repositoryAssembly) in C:\src\log4net\src\log4net\LogManager.cs:line 543
   at log4net.LogManager.GetRepository() in C:\src\log4net\src\log4net\LogManager.cs:line 511
   at log4net.Tests.Hierarchy.LoggerTest.TearDown() in C:\src\log4net\tests\log4net.Tests\Hierarchy\Logger.cs:line 60]]></stack-trace>
              </failure>
            </test-case>
            <test-case id="1025" name="TestAppender1" fullname="log4net.Tests.Hierarchy.LoggerTest.TestAppender1" methodname="TestAppender1" classname="log4net.Tests.Hierarchy.LoggerTest" runstate="Runnable" seed="1044934505" result="Failed" label="Error" start-time="2016-08-02 15:59:03Z" end-time="2016-08-02 15:59:03Z" duration="0.002869" asserts="0">
              <failure>
                <message><![CDATA[System.Collections.Generic.KeyNotFoundException : The given key was not present in the dictionary.
TearDown : System.Collections.Generic.KeyNotFoundException : The given key was not present in the dictionary.]]></message>
                <stack-trace><![CDATA[   at System.Collections.Generic.Dictionary`2.get_Item(TKey key)
   at log4net.Core.CompactRepositorySelector.CreateRepository(Assembly assembly, Type repositoryType) in C:\src\log4net\src\log4net\Core\CompactRepositorySelector.cs:line 185
   at log4net.Core.CompactRepositorySelector.GetRepository(Assembly assembly) in C:\src\log4net\src\log4net\Core\CompactRepositorySelector.cs:line 115
   at log4net.Core.LoggerManager.GetLogger(Assembly repositoryAssembly, String name) in C:\src\log4net\src\log4net\Core\LoggerManager.cs:line 402
   at log4net.LogManager.GetLogger(Assembly repositoryAssembly, String name) in C:\src\log4net\src\log4net\LogManager.cs:line 242
   at log4net.LogManager.GetLogger(String name) in C:\src\log4net\src\log4net\LogManager.cs:line 194
   at log4net.Tests.Hierarchy.LoggerTest.TestAppender1() in C:\src\log4net\tests\log4net.Tests\Hierarchy\Logger.cs:line 71
--TearDown
   at System.Collections.Generic.Dictionary`2.get_Item(TKey key)
   at log4net.Core.CompactRepositorySelector.CreateRepository(Assembly assembly, Type repositoryType) in C:\src\log4net\src\log4net\Core\CompactRepositorySelector.cs:line 185
   at log4net.Core.CompactRepositorySelector.GetRepository(Assembly assembly) in C:\src\log4net\src\log4net\Core\CompactRepositorySelector.cs:line 115
   at log4net.Core.LoggerManager.GetRepository(Assembly repositoryAssembly) in C:\src\log4net\src\log4net\Core\LoggerManager.cs:line 242
   at log4net.LogManager.GetRepository(Assembly repositoryAssembly) in C:\src\log4net\src\log4net\LogManager.cs:line 543
   at log4net.LogManager.GetRepository() in C:\src\log4net\src\log4net\LogManager.cs:line 511
   at log4net.Tests.Hierarchy.LoggerTest.TearDown() in C:\src\log4net\tests\log4net.Tests\Hierarchy\Logger.cs:line 60]]></stack-trace>
              </failure>
            </test-case>
            <test-case id="1026" name="TestAppender2" fullname="log4net.Tests.Hierarchy.LoggerTest.TestAppender2" methodname="TestAppender2" classname="log4net.Tests.Hierarchy.LoggerTest" runstate="Runnable" seed="1200660453" result="Failed" label="Error" start-time="2016-08-02 15:59:03Z" end-time="2016-08-02 15:59:03Z" duration="0.003021" asserts="0">
              <failure>
                <message><![CDATA[System.Collections.Generic.KeyNotFoundException : The given key was not present in the dictionary.
TearDown : System.Collections.Generic.KeyNotFoundException : The given key was not present in the dictionary.]]></message>
                <stack-trace><![CDATA[   at System.Collections.Generic.Dictionary`2.get_Item(TKey key)
   at log4net.Core.CompactRepositorySelector.CreateRepository(Assembly assembly, Type repositoryType) in C:\src\log4net\src\log4net\Core\CompactRepositorySelector.cs:line 185
   at log4net.Core.CompactRepositorySelector.GetRepository(Assembly assembly) in C:\src\log4net\src\log4net\Core\CompactRepositorySelector.cs:line 115
   at log4net.Core.LoggerManager.GetLogger(Assembly repositoryAssembly, String name) in C:\src\log4net\src\log4net\Core\LoggerManager.cs:line 402
   at log4net.LogManager.GetLogger(Assembly repositoryAssembly, String name) in C:\src\log4net\src\log4net\LogManager.cs:line 242
   at log4net.LogManager.GetLogger(String name) in C:\src\log4net\src\log4net\LogManager.cs:line 194
   at log4net.Tests.Hierarchy.LoggerTest.TestAppender2() in C:\src\log4net\tests\log4net.Tests\Hierarchy\Logger.cs:line 94
--TearDown
   at System.Collections.Generic.Dictionary`2.get_Item(TKey key)
   at log4net.Core.CompactRepositorySelector.CreateRepository(Assembly assembly, Type repositoryType) in C:\src\log4net\src\log4net\Core\CompactRepositorySelector.cs:line 185
   at log4net.Core.CompactRepositorySelector.GetRepository(Assembly assembly) in C:\src\log4net\src\log4net\Core\CompactRepositorySelector.cs:line 115
   at log4net.Core.LoggerManager.GetRepository(Assembly repositoryAssembly) in C:\src\log4net\src\log4net\Core\LoggerManager.cs:line 242
   at log4net.LogManager.GetRepository(Assembly repositoryAssembly) in C:\src\log4net\src\log4net\LogManager.cs:line 543
   at log4net.LogManager.GetRepository() in C:\src\log4net\src\log4net\LogManager.cs:line 511
   at log4net.Tests.Hierarchy.LoggerTest.TearDown() in C:\src\log4net\tests\log4net.Tests\Hierarchy\Logger.cs:line 60]]></stack-trace>
              </failure>
            </test-case>
            <test-case id="1030" name="TestDisable1" fullname="log4net.Tests.Hierarchy.LoggerTest.TestDisable1" methodname="TestDisable1" classname="log4net.Tests.Hierarchy.LoggerTest" runstate="Runnable" seed="552280268" result="Failed" label="Error" start-time="2016-08-02 15:59:03Z" end-time="2016-08-02 15:59:03Z" duration="0.003869" asserts="0">
              <failure>
                <message><![CDATA[System.Collections.Generic.KeyNotFoundException : The given key was not present in the dictionary.
TearDown : System.Collections.Generic.KeyNotFoundException : The given key was not present in the dictionary.]]></message>
                <stack-trace><![CDATA[   at System.Collections.Generic.Dictionary`2.get_Item(TKey key)
   at log4net.Core.CompactRepositorySelector.CreateRepository(Assembly assembly, Type repositoryType) in C:\src\log4net\src\log4net\Core\CompactRepositorySelector.cs:line 185
   at log4net.Core.CompactRepositorySelector.GetRepository(Assembly assembly) in C:\src\log4net\src\log4net\Core\CompactRepositorySelector.cs:line 115
   at log4net.Core.LoggerManager.GetRepository(Assembly repositoryAssembly) in C:\src\log4net\src\log4net\Core\LoggerManager.cs:line 242
   at log4net.LogManager.GetRepository(Assembly repositoryAssembly) in C:\src\log4net\src\log4net\LogManager.cs:line 543
   at log4net.LogManager.GetRepository() in C:\src\log4net\src\log4net\LogManager.cs:line 511
   at log4net.Tests.Hierarchy.LoggerTest.TestDisable1() in C:\src\log4net\tests\log4net.Tests\Hierarchy\Logger.cs:line 223
--TearDown
   at System.Collections.Generic.Dictionary`2.get_Item(TKey key)
   at log4net.Core.CompactRepositorySelector.CreateRepository(Assembly assembly, Type repositoryType) in C:\src\log4net\src\log4net\Core\CompactRepositorySelector.cs:line 185
   at log4net.Core.CompactRepositorySelector.GetRepository(Assembly assembly) in C:\src\log4net\src\log4net\Core\CompactRepositorySelector.cs:line 115
   at log4net.Core.LoggerManager.GetRepository(Assembly repositoryAssembly) in C:\src\log4net\src\log4net\Core\LoggerManager.cs:line 242
   at log4net.LogManager.GetRepository(Assembly repositoryAssembly) in C:\src\log4net\src\log4net\LogManager.cs:line 543
   at log4net.LogManager.GetRepository() in C:\src\log4net\src\log4net\LogManager.cs:line 511
   at log4net.Tests.Hierarchy.LoggerTest.TearDown() in C:\src\log4net\tests\log4net.Tests\Hierarchy\Logger.cs:line 60]]></stack-trace>
              </failure>
            </test-case>
            <test-case id="1031" name="TestExists" fullname="log4net.Tests.Hierarchy.LoggerTest.TestExists" methodname="TestExists" classname="log4net.Tests.Hierarchy.LoggerTest" runstate="Runnable" seed="947409682" result="Failed" label="Error" start-time="2016-08-02 15:59:03Z" end-time="2016-08-02 15:59:03Z" duration="0.002401" asserts="0">
              <failure>
                <message><![CDATA[System.Collections.Generic.KeyNotFoundException : The given key was not present in the dictionary.
TearDown : System.Collections.Generic.KeyNotFoundException : The given key was not present in the dictionary.]]></message>
                <stack-trace><![CDATA[   at System.Collections.Generic.Dictionary`2.get_Item(TKey key)
   at log4net.Core.CompactRepositorySelector.CreateRepository(Assembly assembly, Type repositoryType) in C:\src\log4net\src\log4net\Core\CompactRepositorySelector.cs:line 185
   at log4net.Core.CompactRepositorySelector.GetRepository(Assembly assembly) in C:\src\log4net\src\log4net\Core\CompactRepositorySelector.cs:line 115
   at log4net.Core.LoggerManager.GetLogger(Assembly repositoryAssembly, String name) in C:\src\log4net\src\log4net\Core\LoggerManager.cs:line 402
   at log4net.LogManager.GetLogger(Assembly repositoryAssembly, String name) in C:\src\log4net\src\log4net\LogManager.cs:line 242
   at log4net.LogManager.GetLogger(String name) in C:\src\log4net\src\log4net\LogManager.cs:line 194
   at log4net.Tests.Hierarchy.LoggerTest.TestExists() in C:\src\log4net\tests\log4net.Tests\Hierarchy\Logger.cs:line 274
--TearDown
   at System.Collections.Generic.Dictionary`2.get_Item(TKey key)
   at log4net.Core.CompactRepositorySelector.CreateRepository(Assembly assembly, Type repositoryType) in C:\src\log4net\src\log4net\Core\CompactRepositorySelector.cs:line 185
   at log4net.Core.CompactRepositorySelector.GetRepository(Assembly assembly) in C:\src\log4net\src\log4net\Core\CompactRepositorySelector.cs:line 115
   at log4net.Core.LoggerManager.GetRepository(Assembly repositoryAssembly) in C:\src\log4net\src\log4net\Core\LoggerManager.cs:line 242
   at log4net.LogManager.GetRepository(Assembly repositoryAssembly) in C:\src\log4net\src\log4net\LogManager.cs:line 543
   at log4net.LogManager.GetRepository() in C:\src\log4net\src\log4net\LogManager.cs:line 511
   at log4net.Tests.Hierarchy.LoggerTest.TearDown() in C:\src\log4net\tests\log4net.Tests\Hierarchy\Logger.cs:line 60]]></stack-trace>
              </failure>
            </test-case>
            <test-case id="1032" name="TestHierarchy1" fullname="log4net.Tests.Hierarchy.LoggerTest.TestHierarchy1" methodname="TestHierarchy1" classname="log4net.Tests.Hierarchy.LoggerTest" runstate="Runnable" seed="596406277" result="Failed" label="Error" start-time="2016-08-02 15:59:03Z" end-time="2016-08-02 15:59:03Z" duration="0.002927" asserts="0">
              <failure>
                <message><![CDATA[System.Collections.Generic.KeyNotFoundException : The given key was not present in the dictionary.
TearDown : System.Collections.Generic.KeyNotFoundException : The given key was not present in the dictionary.]]></message>
                <stack-trace><![CDATA[   at System.Collections.Generic.Dictionary`2.get_Item(TKey key)
   at log4net.Repository.Hierarchy.Hierarchy.GetLogger(String name, ILoggerFactory factory) in C:\src\log4net\src\log4net\Repository\Hierarchy\Hierarchy.cs:line 694
   at log4net.Repository.Hierarchy.Hierarchy.GetLogger(String name) in C:\src\log4net\src\log4net\Repository\Hierarchy\Hierarchy.cs:line 356
   at log4net.Tests.Hierarchy.LoggerTest.TestHierarchy1() in C:\src\log4net\tests\log4net.Tests\Hierarchy\Logger.cs:line 298
--TearDown
   at System.Collections.Generic.Dictionary`2.get_Item(TKey key)
   at log4net.Core.CompactRepositorySelector.CreateRepository(Assembly assembly, Type repositoryType) in C:\src\log4net\src\log4net\Core\CompactRepositorySelector.cs:line 185
   at log4net.Core.CompactRepositorySelector.GetRepository(Assembly assembly) in C:\src\log4net\src\log4net\Core\CompactRepositorySelector.cs:line 115
   at log4net.Core.LoggerManager.GetRepository(Assembly repositoryAssembly) in C:\src\log4net\src\log4net\Core\LoggerManager.cs:line 242
   at log4net.LogManager.GetRepository(Assembly repositoryAssembly) in C:\src\log4net\src\log4net\LogManager.cs:line 543
   at log4net.LogManager.GetRepository() in C:\src\log4net\src\log4net\LogManager.cs:line 511
   at log4net.Tests.Hierarchy.LoggerTest.TearDown() in C:\src\log4net\tests\log4net.Tests\Hierarchy\Logger.cs:line 60]]></stack-trace>
              </failure>
            </test-case>
          </test-suite>
        </test-suite>
        <test-suite type="TestSuite" id="1127" name="Layout" fullname="log4net.Tests.Layout" runstate="Runnable" testcasecount="16" result="Failed" site="Child" start-time="2016-08-02 15:59:03Z" end-time="2016-08-02 15:59:03Z" duration="0.064351" total="16" passed="0" failed="16" inconclusive="0" skipped="0" asserts="0">
          <failure>
            <message><![CDATA[One or more child tests had errors]]></message>
          </failure>
          <test-suite type="TestFixture" id="1006" name="DynamicPatternLayoutTest" fullname="log4net.Tests.Layout.DynamicPatternLayoutTest" classname="log4net.Tests.Layout.DynamicPatternLayoutTest" runstate="Runnable" testcasecount="8" result="Failed" site="Child" start-time="2016-08-02 15:59:03Z" end-time="2016-08-02 15:59:03Z" duration="0.037376" total="8" passed="0" failed="8" inconclusive="0" skipped="0" asserts="0">
            <failure>
              <message><![CDATA[One or more child tests had errors]]></message>
            </failure>
            <test-case id="1011" name="NamedPatternConverterWithoutPrecisionShouldReturnFullName" fullname="log4net.Tests.Layout.DynamicPatternLayoutTest.NamedPatternConverterWithoutPrecisionShouldReturnFullName" methodname="NamedPatternConverterWithoutPrecisionShouldReturnFullName" classname="log4net.Tests.Layout.PatternLayoutTest" runstate="Runnable" seed="27046376" result="Failed" label="Error" start-time="2016-08-02 15:59:03Z" end-time="2016-08-02 15:59:03Z" duration="0.007368" asserts="0">
              <failure>
                <message><![CDATA[System.Collections.Generic.KeyNotFoundException : The given key was not present in the dictionary.
TearDown : System.TypeInitializationException : The type initializer for 'log4net.GlobalContext' threw an exception.
  ----> System.InvalidCastException : Unable to cast object of type 'System.Collections.Generic.KeyValuePair`2[System.Object,System.Object]' to type 'System.Collections.DictionaryEntry'.]]></message>
                <stack-trace><![CDATA[   at System.Collections.Generic.Dictionary`2.get_Item(TKey key)
   at log4net.Core.CompactRepositorySelector.CreateRepository(String repositoryName, Type repositoryType) in C:\src\log4net\src\log4net\Core\CompactRepositorySelector.cs:line 237
   at log4net.Core.LoggerManager.CreateRepository(String repository) in C:\src\log4net\src\log4net\Core\LoggerManager.cs:line 635
   at log4net.LogManager.CreateRepository(String repository) in C:\src\log4net\src\log4net\LogManager.cs:line 633
   at log4net.Tests.Layout.PatternLayoutTest.NamedPatternConverterWithoutPrecisionShouldReturnFullName() in C:\src\log4net\tests\log4net.Tests\Layout\PatternLayoutTest.cs:line 177
--TearDown
   at log4net.GlobalContext.get_Properties() in C:\src\log4net\src\log4net\GlobalContext.cs:line 88
   at log4net.Tests.Utils.RemovePropertyFromAllContexts() in C:\src\log4net\tests\log4net.Tests\Utils.cs:line 119
   at log4net.Tests.Layout.PatternLayoutTest.TearDown() in C:\src\log4net\tests\log4net.Tests\Layout\PatternLayoutTest.cs:line 60
--InvalidCastException
   at log4net.Util.ReadOnlyPropertiesDictionary..ctor(ReadOnlyPropertiesDictionary propertiesDictionary) in C:\src\log4net\src\log4net\Util\ReadOnlyPropertiesDictionary.cs:line 86
   at log4net.Util.GlobalContextProperties.set_Item(String key, Object value) in C:\src\log4net\src\log4net\Util\GlobalContextProperties.cs:line 110
   at log4net.GlobalContext..cctor() in C:\src\log4net\src\log4net\GlobalContext.cs:line 70]]></stack-trace>
              </failure>
            </test-case>
            <test-case id="1012" name="NamedPatternConverterWithPrecision1ShouldStripLeadingStuffIfPresent" fullname="log4net.Tests.Layout.DynamicPatternLayoutTest.NamedPatternConverterWithPrecision1ShouldStripLeadingStuffIfPresent" methodname="NamedPatternConverterWithPrecision1ShouldStripLeadingStuffIfPresent" classname="log4net.Tests.Layout.PatternLayoutTest" runstate="Runnable" seed="995199040" result="Failed" label="Error" start-time="2016-08-02 15:59:03Z" end-time="2016-08-02 15:59:03Z" duration="0.003548" asserts="0">
              <failure>
                <message><![CDATA[System.Collections.Generic.KeyNotFoundException : The given key was not present in the dictionary.
TearDown : System.TypeInitializationException : The type initializer for 'log4net.GlobalContext' threw an exception.
  ----> System.InvalidCastException : Unable to cast object of type 'System.Collections.Generic.KeyValuePair`2[System.Object,System.Object]' to type 'System.Collections.DictionaryEntry'.]]></message>
                <stack-trace><![CDATA[   at System.Collections.Generic.Dictionary`2.get_Item(TKey key)
   at log4net.Core.CompactRepositorySelector.CreateRepository(String repositoryName, Type repositoryType) in C:\src\log4net\src\log4net\Core\CompactRepositorySelector.cs:line 237
   at log4net.Core.LoggerManager.CreateRepository(String repository) in C:\src\log4net\src\log4net\Core\LoggerManager.cs:line 635
   at log4net.LogManager.CreateRepository(String repository) in C:\src\log4net\src\log4net\LogManager.cs:line 633
   at log4net.Tests.Layout.PatternLayoutTest.NamedPatternConverterWithPrecision1ShouldStripLeadingStuffIfPresent() in C:\src\log4net\tests\log4net.Tests\Layout\PatternLayoutTest.cs:line 224
--TearDown
   at log4net.GlobalContext.get_Properties() in C:\src\log4net\src\log4net\GlobalContext.cs:line 88
   at log4net.Tests.Utils.RemovePropertyFromAllContexts() in C:\src\log4net\tests\log4net.Tests\Utils.cs:line 119
   at log4net.Tests.Layout.PatternLayoutTest.TearDown() in C:\src\log4net\tests\log4net.Tests\Layout\PatternLayoutTest.cs:line 60
--InvalidCastException
   at log4net.Util.ReadOnlyPropertiesDictionary..ctor(ReadOnlyPropertiesDictionary propertiesDictionary) in C:\src\log4net\src\log4net\Util\ReadOnlyPropertiesDictionary.cs:line 86
   at log4net.Util.GlobalContextProperties.set_Item(String key, Object value) in C:\src\log4net\src\log4net\Util\GlobalContextProperties.cs:line 110
   at log4net.GlobalContext..cctor() in C:\src\log4net\src\log4net\GlobalContext.cs:line 70]]></stack-trace>
              </failure>
            </test-case>
            <test-case id="1013" name="NamedPatternConverterWithPrecision2ShouldStripLessLeadingStuffIfPresent" fullname="log4net.Tests.Layout.DynamicPatternLayoutTest.NamedPatternConverterWithPrecision2ShouldStripLessLeadingStuffIfPresent" methodname="NamedPatternConverterWithPrecision2ShouldStripLessLeadingStuffIfPresent" classname="log4net.Tests.Layout.PatternLayoutTest" runstate="Runnable" seed="1488643714" result="Failed" label="Error" start-time="2016-08-02 15:59:03Z" end-time="2016-08-02 15:59:03Z" duration="0.003059" asserts="0">
              <failure>
                <message><![CDATA[System.Collections.Generic.KeyNotFoundException : The given key was not present in the dictionary.
TearDown : System.TypeInitializationException : The type initializer for 'log4net.GlobalContext' threw an exception.
  ----> System.InvalidCastException : Unable to cast object of type 'System.Collections.Generic.KeyValuePair`2[System.Object,System.Object]' to type 'System.Collections.DictionaryEntry'.]]></message>
                <stack-trace><![CDATA[   at System.Collections.Generic.Dictionary`2.get_Item(TKey key)
   at log4net.Core.CompactRepositorySelector.CreateRepository(String repositoryName, Type repositoryType) in C:\src\log4net\src\log4net\Core\CompactRepositorySelector.cs:line 237
   at log4net.Core.LoggerManager.CreateRepository(String repository) in C:\src\log4net\src\log4net\Core\LoggerManager.cs:line 635
   at log4net.LogManager.CreateRepository(String repository) in C:\src\log4net\src\log4net\LogManager.cs:line 633
   at log4net.Tests.Layout.PatternLayoutTest.NamedPatternConverterWithPrecision2ShouldStripLessLeadingStuffIfPresent() in C:\src\log4net\tests\log4net.Tests\Layout\PatternLayoutTest.cs:line 270
--TearDown
   at log4net.GlobalContext.get_Properties() in C:\src\log4net\src\log4net\GlobalContext.cs:line 88
   at log4net.Tests.Utils.RemovePropertyFromAllContexts() in C:\src\log4net\tests\log4net.Tests\Utils.cs:line 119
   at log4net.Tests.Layout.PatternLayoutTest.TearDown() in C:\src\log4net\tests\log4net.Tests\Layout\PatternLayoutTest.cs:line 60
--InvalidCastException
   at log4net.Util.ReadOnlyPropertiesDictionary..ctor(ReadOnlyPropertiesDictionary propertiesDictionary) in C:\src\log4net\src\log4net\Util\ReadOnlyPropertiesDictionary.cs:line 86
   at log4net.Util.GlobalContextProperties.set_Item(String key, Object value) in C:\src\log4net\src\log4net\Util\GlobalContextProperties.cs:line 110
   at log4net.GlobalContext..cctor() in C:\src\log4net\src\log4net\GlobalContext.cs:line 70]]></stack-trace>
              </failure>
            </test-case>
            <test-case id="1010" name="TestAddingCustomPattern" fullname="log4net.Tests.Layout.DynamicPatternLayoutTest.TestAddingCustomPattern" methodname="TestAddingCustomPattern" classname="log4net.Tests.Layout.PatternLayoutTest" runstate="Runnable" seed="62868368" result="Failed" label="Error" start-time="2016-08-02 15:59:03Z" end-time="2016-08-02 15:59:03Z" duration="0.002644" asserts="0">
              <failure>
                <message><![CDATA[System.Collections.Generic.KeyNotFoundException : The given key was not present in the dictionary.
TearDown : System.TypeInitializationException : The type initializer for 'log4net.GlobalContext' threw an exception.
  ----> System.InvalidCastException : Unable to cast object of type 'System.Collections.Generic.KeyValuePair`2[System.Object,System.Object]' to type 'System.Collections.DictionaryEntry'.]]></message>
                <stack-trace><![CDATA[   at System.Collections.Generic.Dictionary`2.get_Item(TKey key)
   at log4net.Core.CompactRepositorySelector.CreateRepository(String repositoryName, Type repositoryType) in C:\src\log4net\src\log4net\Core\CompactRepositorySelector.cs:line 237
   at log4net.Core.LoggerManager.CreateRepository(String repository) in C:\src\log4net\src\log4net\Core\LoggerManager.cs:line 635
   at log4net.LogManager.CreateRepository(String repository) in C:\src\log4net\src\log4net\LogManager.cs:line 633
   at log4net.Tests.Layout.PatternLayoutTest.TestAddingCustomPattern() in C:\src\log4net\tests\log4net.Tests\Layout\PatternLayoutTest.cs:line 158
--TearDown
   at log4net.GlobalContext.get_Properties() in C:\src\log4net\src\log4net\GlobalContext.cs:line 88
   at log4net.Tests.Utils.RemovePropertyFromAllContexts() in C:\src\log4net\tests\log4net.Tests\Utils.cs:line 119
   at log4net.Tests.Layout.PatternLayoutTest.TearDown() in C:\src\log4net\tests\log4net.Tests\Layout\PatternLayoutTest.cs:line 60
--InvalidCastException
   at log4net.Util.ReadOnlyPropertiesDictionary..ctor(ReadOnlyPropertiesDictionary propertiesDictionary) in C:\src\log4net\src\log4net\Util\ReadOnlyPropertiesDictionary.cs:line 86
   at log4net.Util.GlobalContextProperties.set_Item(String key, Object value) in C:\src\log4net\src\log4net\Util\GlobalContextProperties.cs:line 110
   at log4net.GlobalContext..cctor() in C:\src\log4net\src\log4net\GlobalContext.cs:line 70]]></stack-trace>
              </failure>
            </test-case>
            <test-case id="1014" name="TestExceptionPattern" fullname="log4net.Tests.Layout.DynamicPatternLayoutTest.TestExceptionPattern" methodname="TestExceptionPattern" classname="log4net.Tests.Layout.PatternLayoutTest" runstate="Runnable" seed="759349595" result="Failed" label="Error" start-time="2016-08-02 15:59:03Z" end-time="2016-08-02 15:59:03Z" duration="0.002833" asserts="0">
              <failure>
                <message><![CDATA[System.Collections.Generic.KeyNotFoundException : The given key was not present in the dictionary.
TearDown : System.TypeInitializationException : The type initializer for 'log4net.GlobalContext' threw an exception.
  ----> System.InvalidCastException : Unable to cast object of type 'System.Collections.Generic.KeyValuePair`2[System.Object,System.Object]' to type 'System.Collections.DictionaryEntry'.]]></message>
                <stack-trace><![CDATA[   at System.Collections.Generic.Dictionary`2.get_Item(TKey key)
   at log4net.Core.CompactRepositorySelector.CreateRepository(String repositoryName, Type repositoryType) in C:\src\log4net\src\log4net\Core\CompactRepositorySelector.cs:line 237
   at log4net.Core.LoggerManager.CreateRepository(String repository) in C:\src\log4net\src\log4net\Core\LoggerManager.cs:line 635
   at log4net.LogManager.CreateRepository(String repository) in C:\src\log4net\src\log4net\LogManager.cs:line 633
   at log4net.Tests.Layout.PatternLayoutTest.TestExceptionPattern() in C:\src\log4net\tests\log4net.Tests\Layout\PatternLayoutTest.cs:line 332
--TearDown
   at log4net.GlobalContext.get_Properties() in C:\src\log4net\src\log4net\GlobalContext.cs:line 88
   at log4net.Tests.Utils.RemovePropertyFromAllContexts() in C:\src\log4net\tests\log4net.Tests\Utils.cs:line 119
   at log4net.Tests.Layout.PatternLayoutTest.TearDown() in C:\src\log4net\tests\log4net.Tests\Layout\PatternLayoutTest.cs:line 60
--InvalidCastException
   at log4net.Util.ReadOnlyPropertiesDictionary..ctor(ReadOnlyPropertiesDictionary propertiesDictionary) in C:\src\log4net\src\log4net\Util\ReadOnlyPropertiesDictionary.cs:line 86
   at log4net.Util.GlobalContextProperties.set_Item(String key, Object value) in C:\src\log4net\src\log4net\Util\GlobalContextProperties.cs:line 110
   at log4net.GlobalContext..cctor() in C:\src\log4net\src\log4net\GlobalContext.cs:line 70]]></stack-trace>
              </failure>
            </test-case>
            <test-case id="1009" name="TestGlobalPropertiesPattern" fullname="log4net.Tests.Layout.DynamicPatternLayoutTest.TestGlobalPropertiesPattern" methodname="TestGlobalPropertiesPattern" classname="log4net.Tests.Layout.PatternLayoutTest" runstate="Runnable" seed="346087475" result="Failed" label="Error" start-time="2016-08-02 15:59:03Z" end-time="2016-08-02 15:59:03Z" duration="0.002746" asserts="0">
              <failure>
                <message><![CDATA[System.Collections.Generic.KeyNotFoundException : The given key was not present in the dictionary.
TearDown : System.TypeInitializationException : The type initializer for 'log4net.GlobalContext' threw an exception.
  ----> System.InvalidCastException : Unable to cast object of type 'System.Collections.Generic.KeyValuePair`2[System.Object,System.Object]' to type 'System.Collections.DictionaryEntry'.]]></message>
                <stack-trace><![CDATA[   at System.Collections.Generic.Dictionary`2.get_Item(TKey key)
   at log4net.Core.CompactRepositorySelector.CreateRepository(String repositoryName, Type repositoryType) in C:\src\log4net\src\log4net\Core\CompactRepositorySelector.cs:line 237
   at log4net.Core.LoggerManager.CreateRepository(String repository) in C:\src\log4net\src\log4net\Core\LoggerManager.cs:line 635
   at log4net.LogManager.CreateRepository(String repository) in C:\src\log4net\src\log4net\LogManager.cs:line 633
   at log4net.Tests.Layout.PatternLayoutTest.TestGlobalPropertiesPattern() in C:\src\log4net\tests\log4net.Tests\Layout\PatternLayoutTest.cs:line 124
--TearDown
   at log4net.GlobalContext.get_Properties() in C:\src\log4net\src\log4net\GlobalContext.cs:line 88
   at log4net.Tests.Utils.RemovePropertyFromAllContexts() in C:\src\log4net\tests\log4net.Tests\Utils.cs:line 119
   at log4net.Tests.Layout.PatternLayoutTest.TearDown() in C:\src\log4net\tests\log4net.Tests\Layout\PatternLayoutTest.cs:line 60
--InvalidCastException
   at log4net.Util.ReadOnlyPropertiesDictionary..ctor(ReadOnlyPropertiesDictionary propertiesDictionary) in C:\src\log4net\src\log4net\Util\ReadOnlyPropertiesDictionary.cs:line 86
   at log4net.Util.GlobalContextProperties.set_Item(String key, Object value) in C:\src\log4net\src\log4net\Util\GlobalContextProperties.cs:line 110
   at log4net.GlobalContext..cctor() in C:\src\log4net\src\log4net\GlobalContext.cs:line 70]]></stack-trace>
              </failure>
            </test-case>
            <test-case id="1008" name="TestStackTracePattern" fullname="log4net.Tests.Layout.DynamicPatternLayoutTest.TestStackTracePattern" methodname="TestStackTracePattern" classname="log4net.Tests.Layout.PatternLayoutTest" runstate="Runnable" seed="632583446" result="Failed" label="Error" start-time="2016-08-02 15:59:03Z" end-time="2016-08-02 15:59:03Z" duration="0.002954" asserts="0">
              <failure>
                <message><![CDATA[System.Collections.Generic.KeyNotFoundException : The given key was not present in the dictionary.
TearDown : System.TypeInitializationException : The type initializer for 'log4net.GlobalContext' threw an exception.
  ----> System.InvalidCastException : Unable to cast object of type 'System.Collections.Generic.KeyValuePair`2[System.Object,System.Object]' to type 'System.Collections.DictionaryEntry'.]]></message>
                <stack-trace><![CDATA[   at System.Collections.Generic.Dictionary`2.get_Item(TKey key)
   at log4net.Core.CompactRepositorySelector.CreateRepository(String repositoryName, Type repositoryType) in C:\src\log4net\src\log4net\Core\CompactRepositorySelector.cs:line 237
   at log4net.Core.LoggerManager.CreateRepository(String repository) in C:\src\log4net\src\log4net\Core\LoggerManager.cs:line 635
   at log4net.LogManager.CreateRepository(String repository) in C:\src\log4net\src\log4net\LogManager.cs:line 633
   at log4net.Tests.Layout.PatternLayoutTest.TestStackTracePattern() in C:\src\log4net\tests\log4net.Tests\Layout\PatternLayoutTest.cs:line 108
--TearDown
   at log4net.GlobalContext.get_Properties() in C:\src\log4net\src\log4net\GlobalContext.cs:line 88
   at log4net.Tests.Utils.RemovePropertyFromAllContexts() in C:\src\log4net\tests\log4net.Tests\Utils.cs:line 119
   at log4net.Tests.Layout.PatternLayoutTest.TearDown() in C:\src\log4net\tests\log4net.Tests\Layout\PatternLayoutTest.cs:line 60
--InvalidCastException
   at log4net.Util.ReadOnlyPropertiesDictionary..ctor(ReadOnlyPropertiesDictionary propertiesDictionary) in C:\src\log4net\src\log4net\Util\ReadOnlyPropertiesDictionary.cs:line 86
   at log4net.Util.GlobalContextProperties.set_Item(String key, Object value) in C:\src\log4net\src\log4net\Util\GlobalContextProperties.cs:line 110
   at log4net.GlobalContext..cctor() in C:\src\log4net\src\log4net\GlobalContext.cs:line 70]]></stack-trace>
              </failure>
            </test-case>
            <test-case id="1007" name="TestThreadPropertiesPattern" fullname="log4net.Tests.Layout.DynamicPatternLayoutTest.TestThreadPropertiesPattern" methodname="TestThreadPropertiesPattern" classname="log4net.Tests.Layout.PatternLayoutTest" runstate="Runnable" seed="343196313" result="Failed" label="Error" start-time="2016-08-02 15:59:03Z" end-time="2016-08-02 15:59:03Z" duration="0.002631" asserts="0">
              <failure>
                <message><![CDATA[System.Collections.Generic.KeyNotFoundException : The given key was not present in the dictionary.
TearDown : System.TypeInitializationException : The type initializer for 'log4net.GlobalContext' threw an exception.
  ----> System.InvalidCastException : Unable to cast object of type 'System.Collections.Generic.KeyValuePair`2[System.Object,System.Object]' to type 'System.Collections.DictionaryEntry'.]]></message>
                <stack-trace><![CDATA[   at System.Collections.Generic.Dictionary`2.get_Item(TKey key)
   at log4net.Core.CompactRepositorySelector.CreateRepository(String repositoryName, Type repositoryType) in C:\src\log4net\src\log4net\Core\CompactRepositorySelector.cs:line 237
   at log4net.Core.LoggerManager.CreateRepository(String repository) in C:\src\log4net\src\log4net\Core\LoggerManager.cs:line 635
   at log4net.LogManager.CreateRepository(String repository) in C:\src\log4net\src\log4net\LogManager.cs:line 633
   at log4net.Tests.Layout.PatternLayoutTest.TestThreadPropertiesPattern() in C:\src\log4net\tests\log4net.Tests\Layout\PatternLayoutTest.cs:line 80
--TearDown
   at log4net.GlobalContext.get_Properties() in C:\src\log4net\src\log4net\GlobalContext.cs:line 88
   at log4net.Tests.Utils.RemovePropertyFromAllContexts() in C:\src\log4net\tests\log4net.Tests\Utils.cs:line 119
   at log4net.Tests.Layout.PatternLayoutTest.TearDown() in C:\src\log4net\tests\log4net.Tests\Layout\PatternLayoutTest.cs:line 60
--InvalidCastException
   at log4net.Util.ReadOnlyPropertiesDictionary..ctor(ReadOnlyPropertiesDictionary propertiesDictionary) in C:\src\log4net\src\log4net\Util\ReadOnlyPropertiesDictionary.cs:line 86
   at log4net.Util.GlobalContextProperties.set_Item(String key, Object value) in C:\src\log4net\src\log4net\Util\GlobalContextProperties.cs:line 110
   at log4net.GlobalContext..cctor() in C:\src\log4net\src\log4net\GlobalContext.cs:line 70]]></stack-trace>
              </failure>
            </test-case>
          </test-suite>
          <test-suite type="TestFixture" id="1015" name="PatternLayoutTest" fullname="log4net.Tests.Layout.PatternLayoutTest" classname="log4net.Tests.Layout.PatternLayoutTest" runstate="Runnable" testcasecount="8" result="Failed" site="Child" start-time="2016-08-02 15:59:03Z" end-time="2016-08-02 15:59:03Z" duration="0.026202" total="8" passed="0" failed="8" inconclusive="0" skipped="0" asserts="0">
            <failure>
              <message><![CDATA[One or more child tests had errors]]></message>
            </failure>
            <test-case id="1020" name="NamedPatternConverterWithoutPrecisionShouldReturnFullName" fullname="log4net.Tests.Layout.PatternLayoutTest.NamedPatternConverterWithoutPrecisionShouldReturnFullName" methodname="NamedPatternConverterWithoutPrecisionShouldReturnFullName" classname="log4net.Tests.Layout.PatternLayoutTest" runstate="Runnable" seed="721239717" result="Failed" label="Error" start-time="2016-08-02 15:59:03Z" end-time="2016-08-02 15:59:03Z" duration="0.002373" asserts="0">
              <failure>
                <message><![CDATA[System.Collections.Generic.KeyNotFoundException : The given key was not present in the dictionary.
TearDown : System.TypeInitializationException : The type initializer for 'log4net.GlobalContext' threw an exception.
  ----> System.InvalidCastException : Unable to cast object of type 'System.Collections.Generic.KeyValuePair`2[System.Object,System.Object]' to type 'System.Collections.DictionaryEntry'.]]></message>
                <stack-trace><![CDATA[   at System.Collections.Generic.Dictionary`2.get_Item(TKey key)
   at log4net.Core.CompactRepositorySelector.CreateRepository(String repositoryName, Type repositoryType) in C:\src\log4net\src\log4net\Core\CompactRepositorySelector.cs:line 237
   at log4net.Core.LoggerManager.CreateRepository(String repository) in C:\src\log4net\src\log4net\Core\LoggerManager.cs:line 635
   at log4net.LogManager.CreateRepository(String repository) in C:\src\log4net\src\log4net\LogManager.cs:line 633
   at log4net.Tests.Layout.PatternLayoutTest.NamedPatternConverterWithoutPrecisionShouldReturnFullName() in C:\src\log4net\tests\log4net.Tests\Layout\PatternLayoutTest.cs:line 177
--TearDown
   at log4net.GlobalContext.get_Properties() in C:\src\log4net\src\log4net\GlobalContext.cs:line 88
   at log4net.Tests.Utils.RemovePropertyFromAllContexts() in C:\src\log4net\tests\log4net.Tests\Utils.cs:line 119
   at log4net.Tests.Layout.PatternLayoutTest.TearDown() in C:\src\log4net\tests\log4net.Tests\Layout\PatternLayoutTest.cs:line 60
--InvalidCastException
   at log4net.Util.ReadOnlyPropertiesDictionary..ctor(ReadOnlyPropertiesDictionary propertiesDictionary) in C:\src\log4net\src\log4net\Util\ReadOnlyPropertiesDictionary.cs:line 86
   at log4net.Util.GlobalContextProperties.set_Item(String key, Object value) in C:\src\log4net\src\log4net\Util\GlobalContextProperties.cs:line 110
   at log4net.GlobalContext..cctor() in C:\src\log4net\src\log4net\GlobalContext.cs:line 70]]></stack-trace>
              </failure>
            </test-case>
            <test-case id="1021" name="NamedPatternConverterWithPrecision1ShouldStripLeadingStuffIfPresent" fullname="log4net.Tests.Layout.PatternLayoutTest.NamedPatternConverterWithPrecision1ShouldStripLeadingStuffIfPresent" methodname="NamedPatternConverterWithPrecision1ShouldStripLeadingStuffIfPresent" classname="log4net.Tests.Layout.PatternLayoutTest" runstate="Runnable" seed="1795433016" result="Failed" label="Error" start-time="2016-08-02 15:59:03Z" end-time="2016-08-02 15:59:03Z" duration="0.002306" asserts="0">
              <failure>
                <message><![CDATA[System.Collections.Generic.KeyNotFoundException : The given key was not present in the dictionary.
TearDown : System.TypeInitializationException : The type initializer for 'log4net.GlobalContext' threw an exception.
  ----> System.InvalidCastException : Unable to cast object of type 'System.Collections.Generic.KeyValuePair`2[System.Object,System.Object]' to type 'System.Collections.DictionaryEntry'.]]></message>
                <stack-trace><![CDATA[   at System.Collections.Generic.Dictionary`2.get_Item(TKey key)
   at log4net.Core.CompactRepositorySelector.CreateRepository(String repositoryName, Type repositoryType) in C:\src\log4net\src\log4net\Core\CompactRepositorySelector.cs:line 237
   at log4net.Core.LoggerManager.CreateRepository(String repository) in C:\src\log4net\src\log4net\Core\LoggerManager.cs:line 635
   at log4net.LogManager.CreateRepository(String repository) in C:\src\log4net\src\log4net\LogManager.cs:line 633
   at log4net.Tests.Layout.PatternLayoutTest.NamedPatternConverterWithPrecision1ShouldStripLeadingStuffIfPresent() in C:\src\log4net\tests\log4net.Tests\Layout\PatternLayoutTest.cs:line 224
--TearDown
   at log4net.GlobalContext.get_Properties() in C:\src\log4net\src\log4net\GlobalContext.cs:line 88
   at log4net.Tests.Utils.RemovePropertyFromAllContexts() in C:\src\log4net\tests\log4net.Tests\Utils.cs:line 119
   at log4net.Tests.Layout.PatternLayoutTest.TearDown() in C:\src\log4net\tests\log4net.Tests\Layout\PatternLayoutTest.cs:line 60
--InvalidCastException
   at log4net.Util.ReadOnlyPropertiesDictionary..ctor(ReadOnlyPropertiesDictionary propertiesDictionary) in C:\src\log4net\src\log4net\Util\ReadOnlyPropertiesDictionary.cs:line 86
   at log4net.Util.GlobalContextProperties.set_Item(String key, Object value) in C:\src\log4net\src\log4net\Util\GlobalContextProperties.cs:line 110
   at log4net.GlobalContext..cctor() in C:\src\log4net\src\log4net\GlobalContext.cs:line 70]]></stack-trace>
              </failure>
            </test-case>
            <test-case id="1022" name="NamedPatternConverterWithPrecision2ShouldStripLessLeadingStuffIfPresent" fullname="log4net.Tests.Layout.PatternLayoutTest.NamedPatternConverterWithPrecision2ShouldStripLessLeadingStuffIfPresent" methodname="NamedPatternConverterWithPrecision2ShouldStripLessLeadingStuffIfPresent" classname="log4net.Tests.Layout.PatternLayoutTest" runstate="Runnable" seed="2141915520" result="Failed" label="Error" start-time="2016-08-02 15:59:03Z" end-time="2016-08-02 15:59:03Z" duration="0.002108" asserts="0">
              <failure>
                <message><![CDATA[System.Collections.Generic.KeyNotFoundException : The given key was not present in the dictionary.
TearDown : System.TypeInitializationException : The type initializer for 'log4net.GlobalContext' threw an exception.
  ----> System.InvalidCastException : Unable to cast object of type 'System.Collections.Generic.KeyValuePair`2[System.Object,System.Object]' to type 'System.Collections.DictionaryEntry'.]]></message>
                <stack-trace><![CDATA[   at System.Collections.Generic.Dictionary`2.get_Item(TKey key)
   at log4net.Core.CompactRepositorySelector.CreateRepository(String repositoryName, Type repositoryType) in C:\src\log4net\src\log4net\Core\CompactRepositorySelector.cs:line 237
   at log4net.Core.LoggerManager.CreateRepository(String repository) in C:\src\log4net\src\log4net\Core\LoggerManager.cs:line 635
   at log4net.LogManager.CreateRepository(String repository) in C:\src\log4net\src\log4net\LogManager.cs:line 633
   at log4net.Tests.Layout.PatternLayoutTest.NamedPatternConverterWithPrecision2ShouldStripLessLeadingStuffIfPresent() in C:\src\log4net\tests\log4net.Tests\Layout\PatternLayoutTest.cs:line 270
--TearDown
   at log4net.GlobalContext.get_Properties() in C:\src\log4net\src\log4net\GlobalContext.cs:line 88
   at log4net.Tests.Utils.RemovePropertyFromAllContexts() in C:\src\log4net\tests\log4net.Tests\Utils.cs:line 119
   at log4net.Tests.Layout.PatternLayoutTest.TearDown() in C:\src\log4net\tests\log4net.Tests\Layout\PatternLayoutTest.cs:line 60
--InvalidCastException
   at log4net.Util.ReadOnlyPropertiesDictionary..ctor(ReadOnlyPropertiesDictionary propertiesDictionary) in C:\src\log4net\src\log4net\Util\ReadOnlyPropertiesDictionary.cs:line 86
   at log4net.Util.GlobalContextProperties.set_Item(String key, Object value) in C:\src\log4net\src\log4net\Util\GlobalContextProperties.cs:line 110
   at log4net.GlobalContext..cctor() in C:\src\log4net\src\log4net\GlobalContext.cs:line 70]]></stack-trace>
              </failure>
            </test-case>
            <test-case id="1019" name="TestAddingCustomPattern" fullname="log4net.Tests.Layout.PatternLayoutTest.TestAddingCustomPattern" methodname="TestAddingCustomPattern" classname="log4net.Tests.Layout.PatternLayoutTest" runstate="Runnable" seed="1718105529" result="Failed" label="Error" start-time="2016-08-02 15:59:03Z" end-time="2016-08-02 15:59:03Z" duration="0.002066" asserts="0">
              <failure>
                <message><![CDATA[System.Collections.Generic.KeyNotFoundException : The given key was not present in the dictionary.
TearDown : System.TypeInitializationException : The type initializer for 'log4net.GlobalContext' threw an exception.
  ----> System.InvalidCastException : Unable to cast object of type 'System.Collections.Generic.KeyValuePair`2[System.Object,System.Object]' to type 'System.Collections.DictionaryEntry'.]]></message>
                <stack-trace><![CDATA[   at System.Collections.Generic.Dictionary`2.get_Item(TKey key)
   at log4net.Core.CompactRepositorySelector.CreateRepository(String repositoryName, Type repositoryType) in C:\src\log4net\src\log4net\Core\CompactRepositorySelector.cs:line 237
   at log4net.Core.LoggerManager.CreateRepository(String repository) in C:\src\log4net\src\log4net\Core\LoggerManager.cs:line 635
   at log4net.LogManager.CreateRepository(String repository) in C:\src\log4net\src\log4net\LogManager.cs:line 633
   at log4net.Tests.Layout.PatternLayoutTest.TestAddingCustomPattern() in C:\src\log4net\tests\log4net.Tests\Layout\PatternLayoutTest.cs:line 158
--TearDown
   at log4net.GlobalContext.get_Properties() in C:\src\log4net\src\log4net\GlobalContext.cs:line 88
   at log4net.Tests.Utils.RemovePropertyFromAllContexts() in C:\src\log4net\tests\log4net.Tests\Utils.cs:line 119
   at log4net.Tests.Layout.PatternLayoutTest.TearDown() in C:\src\log4net\tests\log4net.Tests\Layout\PatternLayoutTest.cs:line 60
--InvalidCastException
   at log4net.Util.ReadOnlyPropertiesDictionary..ctor(ReadOnlyPropertiesDictionary propertiesDictionary) in C:\src\log4net\src\log4net\Util\ReadOnlyPropertiesDictionary.cs:line 86
   at log4net.Util.GlobalContextProperties.set_Item(String key, Object value) in C:\src\log4net\src\log4net\Util\GlobalContextProperties.cs:line 110
   at log4net.GlobalContext..cctor() in C:\src\log4net\src\log4net\GlobalContext.cs:line 70]]></stack-trace>
              </failure>
            </test-case>
            <test-case id="1023" name="TestExceptionPattern" fullname="log4net.Tests.Layout.PatternLayoutTest.TestExceptionPattern" methodname="TestExceptionPattern" classname="log4net.Tests.Layout.PatternLayoutTest" runstate="Runnable" seed="730129154" result="Failed" label="Error" start-time="2016-08-02 15:59:03Z" end-time="2016-08-02 15:59:03Z" duration="0.002343" asserts="0">
              <failure>
                <message><![CDATA[System.Collections.Generic.KeyNotFoundException : The given key was not present in the dictionary.
TearDown : System.TypeInitializationException : The type initializer for 'log4net.GlobalContext' threw an exception.
  ----> System.InvalidCastException : Unable to cast object of type 'System.Collections.Generic.KeyValuePair`2[System.Object,System.Object]' to type 'System.Collections.DictionaryEntry'.]]></message>
                <stack-trace><![CDATA[   at System.Collections.Generic.Dictionary`2.get_Item(TKey key)
   at log4net.Core.CompactRepositorySelector.CreateRepository(String repositoryName, Type repositoryType) in C:\src\log4net\src\log4net\Core\CompactRepositorySelector.cs:line 237
   at log4net.Core.LoggerManager.CreateRepository(String repository) in C:\src\log4net\src\log4net\Core\LoggerManager.cs:line 635
   at log4net.LogManager.CreateRepository(String repository) in C:\src\log4net\src\log4net\LogManager.cs:line 633
   at log4net.Tests.Layout.PatternLayoutTest.TestExceptionPattern() in C:\src\log4net\tests\log4net.Tests\Layout\PatternLayoutTest.cs:line 332
--TearDown
   at log4net.GlobalContext.get_Properties() in C:\src\log4net\src\log4net\GlobalContext.cs:line 88
   at log4net.Tests.Utils.RemovePropertyFromAllContexts() in C:\src\log4net\tests\log4net.Tests\Utils.cs:line 119
   at log4net.Tests.Layout.PatternLayoutTest.TearDown() in C:\src\log4net\tests\log4net.Tests\Layout\PatternLayoutTest.cs:line 60
--InvalidCastException
   at log4net.Util.ReadOnlyPropertiesDictionary..ctor(ReadOnlyPropertiesDictionary propertiesDictionary) in C:\src\log4net\src\log4net\Util\ReadOnlyPropertiesDictionary.cs:line 86
   at log4net.Util.GlobalContextProperties.set_Item(String key, Object value) in C:\src\log4net\src\log4net\Util\GlobalContextProperties.cs:line 110
   at log4net.GlobalContext..cctor() in C:\src\log4net\src\log4net\GlobalContext.cs:line 70]]></stack-trace>
              </failure>
            </test-case>
            <test-case id="1018" name="TestGlobalPropertiesPattern" fullname="log4net.Tests.Layout.PatternLayoutTest.TestGlobalPropertiesPattern" methodname="TestGlobalPropertiesPattern" classname="log4net.Tests.Layout.PatternLayoutTest" runstate="Runnable" seed="2141257277" result="Failed" label="Error" start-time="2016-08-02 15:59:03Z" end-time="2016-08-02 15:59:03Z" duration="0.002265" asserts="0">
              <failure>
                <message><![CDATA[System.Collections.Generic.KeyNotFoundException : The given key was not present in the dictionary.
TearDown : System.TypeInitializationException : The type initializer for 'log4net.GlobalContext' threw an exception.
  ----> System.InvalidCastException : Unable to cast object of type 'System.Collections.Generic.KeyValuePair`2[System.Object,System.Object]' to type 'System.Collections.DictionaryEntry'.]]></message>
                <stack-trace><![CDATA[   at System.Collections.Generic.Dictionary`2.get_Item(TKey key)
   at log4net.Core.CompactRepositorySelector.CreateRepository(String repositoryName, Type repositoryType) in C:\src\log4net\src\log4net\Core\CompactRepositorySelector.cs:line 237
   at log4net.Core.LoggerManager.CreateRepository(String repository) in C:\src\log4net\src\log4net\Core\LoggerManager.cs:line 635
   at log4net.LogManager.CreateRepository(String repository) in C:\src\log4net\src\log4net\LogManager.cs:line 633
   at log4net.Tests.Layout.PatternLayoutTest.TestGlobalPropertiesPattern() in C:\src\log4net\tests\log4net.Tests\Layout\PatternLayoutTest.cs:line 124
--TearDown
   at log4net.GlobalContext.get_Properties() in C:\src\log4net\src\log4net\GlobalContext.cs:line 88
   at log4net.Tests.Utils.RemovePropertyFromAllContexts() in C:\src\log4net\tests\log4net.Tests\Utils.cs:line 119
   at log4net.Tests.Layout.PatternLayoutTest.TearDown() in C:\src\log4net\tests\log4net.Tests\Layout\PatternLayoutTest.cs:line 60
--InvalidCastException
   at log4net.Util.ReadOnlyPropertiesDictionary..ctor(ReadOnlyPropertiesDictionary propertiesDictionary) in C:\src\log4net\src\log4net\Util\ReadOnlyPropertiesDictionary.cs:line 86
   at log4net.Util.GlobalContextProperties.set_Item(String key, Object value) in C:\src\log4net\src\log4net\Util\GlobalContextProperties.cs:line 110
   at log4net.GlobalContext..cctor() in C:\src\log4net\src\log4net\GlobalContext.cs:line 70]]></stack-trace>
              </failure>
            </test-case>
            <test-case id="1017" name="TestStackTracePattern" fullname="log4net.Tests.Layout.PatternLayoutTest.TestStackTracePattern" methodname="TestStackTracePattern" classname="log4net.Tests.Layout.PatternLayoutTest" runstate="Runnable" seed="435611996" result="Failed" label="Error" start-time="2016-08-02 15:59:03Z" end-time="2016-08-02 15:59:03Z" duration="0.002328" asserts="0">
              <failure>
                <message><![CDATA[System.Collections.Generic.KeyNotFoundException : The given key was not present in the dictionary.
TearDown : System.TypeInitializationException : The type initializer for 'log4net.GlobalContext' threw an exception.
  ----> System.InvalidCastException : Unable to cast object of type 'System.Collections.Generic.KeyValuePair`2[System.Object,System.Object]' to type 'System.Collections.DictionaryEntry'.]]></message>
                <stack-trace><![CDATA[   at System.Collections.Generic.Dictionary`2.get_Item(TKey key)
   at log4net.Core.CompactRepositorySelector.CreateRepository(String repositoryName, Type repositoryType) in C:\src\log4net\src\log4net\Core\CompactRepositorySelector.cs:line 237
   at log4net.Core.LoggerManager.CreateRepository(String repository) in C:\src\log4net\src\log4net\Core\LoggerManager.cs:line 635
   at log4net.LogManager.CreateRepository(String repository) in C:\src\log4net\src\log4net\LogManager.cs:line 633
   at log4net.Tests.Layout.PatternLayoutTest.TestStackTracePattern() in C:\src\log4net\tests\log4net.Tests\Layout\PatternLayoutTest.cs:line 108
--TearDown
   at log4net.GlobalContext.get_Properties() in C:\src\log4net\src\log4net\GlobalContext.cs:line 88
   at log4net.Tests.Utils.RemovePropertyFromAllContexts() in C:\src\log4net\tests\log4net.Tests\Utils.cs:line 119
   at log4net.Tests.Layout.PatternLayoutTest.TearDown() in C:\src\log4net\tests\log4net.Tests\Layout\PatternLayoutTest.cs:line 60
--InvalidCastException
   at log4net.Util.ReadOnlyPropertiesDictionary..ctor(ReadOnlyPropertiesDictionary propertiesDictionary) in C:\src\log4net\src\log4net\Util\ReadOnlyPropertiesDictionary.cs:line 86
   at log4net.Util.GlobalContextProperties.set_Item(String key, Object value) in C:\src\log4net\src\log4net\Util\GlobalContextProperties.cs:line 110
   at log4net.GlobalContext..cctor() in C:\src\log4net\src\log4net\GlobalContext.cs:line 70]]></stack-trace>
              </failure>
            </test-case>
            <test-case id="1016" name="TestThreadPropertiesPattern" fullname="log4net.Tests.Layout.PatternLayoutTest.TestThreadPropertiesPattern" methodname="TestThreadPropertiesPattern" classname="log4net.Tests.Layout.PatternLayoutTest" runstate="Runnable" seed="584768088" result="Failed" label="Error" start-time="2016-08-02 15:59:03Z" end-time="2016-08-02 15:59:03Z" duration="0.002058" asserts="0">
              <failure>
                <message><![CDATA[System.Collections.Generic.KeyNotFoundException : The given key was not present in the dictionary.
TearDown : System.TypeInitializationException : The type initializer for 'log4net.GlobalContext' threw an exception.
  ----> System.InvalidCastException : Unable to cast object of type 'System.Collections.Generic.KeyValuePair`2[System.Object,System.Object]' to type 'System.Collections.DictionaryEntry'.]]></message>
                <stack-trace><![CDATA[   at System.Collections.Generic.Dictionary`2.get_Item(TKey key)
   at log4net.Core.CompactRepositorySelector.CreateRepository(String repositoryName, Type repositoryType) in C:\src\log4net\src\log4net\Core\CompactRepositorySelector.cs:line 237
   at log4net.Core.LoggerManager.CreateRepository(String repository) in C:\src\log4net\src\log4net\Core\LoggerManager.cs:line 635
   at log4net.LogManager.CreateRepository(String repository) in C:\src\log4net\src\log4net\LogManager.cs:line 633
   at log4net.Tests.Layout.PatternLayoutTest.TestThreadPropertiesPattern() in C:\src\log4net\tests\log4net.Tests\Layout\PatternLayoutTest.cs:line 80
--TearDown
   at log4net.GlobalContext.get_Properties() in C:\src\log4net\src\log4net\GlobalContext.cs:line 88
   at log4net.Tests.Utils.RemovePropertyFromAllContexts() in C:\src\log4net\tests\log4net.Tests\Utils.cs:line 119
   at log4net.Tests.Layout.PatternLayoutTest.TearDown() in C:\src\log4net\tests\log4net.Tests\Layout\PatternLayoutTest.cs:line 60
--InvalidCastException
   at log4net.Util.ReadOnlyPropertiesDictionary..ctor(ReadOnlyPropertiesDictionary propertiesDictionary) in C:\src\log4net\src\log4net\Util\ReadOnlyPropertiesDictionary.cs:line 86
   at log4net.Util.GlobalContextProperties.set_Item(String key, Object value) in C:\src\log4net\src\log4net\Util\GlobalContextProperties.cs:line 110
   at log4net.GlobalContext..cctor() in C:\src\log4net\src\log4net\GlobalContext.cs:line 70]]></stack-trace>
              </failure>
            </test-case>
          </test-suite>
        </test-suite>
        <test-suite type="TestSuite" id="1126" name="Util" fullname="log4net.Tests.Util" runstate="Runnable" testcasecount="4" result="Failed" site="Child" start-time="2016-08-02 15:59:03Z" end-time="2016-08-02 15:59:03Z" duration="0.022206" total="4" passed="3" failed="1" inconclusive="0" skipped="0" asserts="23">
          <failure>
            <message><![CDATA[One or more child tests had errors]]></message>
          </failure>
          <test-suite type="TestFixture" id="1000" name="CyclicBufferTest" fullname="log4net.Tests.Util.CyclicBufferTest" classname="log4net.Tests.Util.CyclicBufferTest" runstate="Runnable" testcasecount="3" result="Passed" start-time="2016-08-02 15:59:03Z" end-time="2016-08-02 15:59:03Z" duration="0.018830" total="3" passed="3" failed="0" inconclusive="0" skipped="0" asserts="23">
            <test-case id="1001" name="TestConstructorSize0" fullname="log4net.Tests.Util.CyclicBufferTest.TestConstructorSize0" methodname="TestConstructorSize0" classname="log4net.Tests.Util.CyclicBufferTest" runstate="Runnable" seed="814985398" result="Passed" start-time="2016-08-02 15:59:03Z" end-time="2016-08-02 15:59:03Z" duration="0.012707" asserts="1" />
            <test-case id="1002" name="TestSize1" fullname="log4net.Tests.Util.CyclicBufferTest.TestSize1" methodname="TestSize1" classname="log4net.Tests.Util.CyclicBufferTest" runstate="Runnable" seed="415097330" result="Passed" start-time="2016-08-02 15:59:03Z" end-time="2016-08-02 15:59:03Z" duration="0.003681" asserts="12" />
            <test-case id="1003" name="TestSize2" fullname="log4net.Tests.Util.CyclicBufferTest.TestSize2" methodname="TestSize2" classname="log4net.Tests.Util.CyclicBufferTest" runstate="Runnable" seed="559227830" result="Passed" start-time="2016-08-02 15:59:03Z" end-time="2016-08-02 15:59:03Z" duration="0.001285" asserts="10" />
          </test-suite>
          <test-suite type="TestFixture" id="1004" name="RandomStringPatternConverterTest" fullname="log4net.Tests.Util.RandomStringPatternConverterTest" classname="log4net.Tests.Util.RandomStringPatternConverterTest" runstate="Runnable" testcasecount="1" result="Failed" site="Child" start-time="2016-08-02 15:59:03Z" end-time="2016-08-02 15:59:03Z" duration="0.003000" total="1" passed="0" failed="1" inconclusive="0" skipped="0" asserts="0">
            <failure>
              <message><![CDATA[One or more child tests had errors]]></message>
            </failure>
            <test-case id="1005" name="TestConvert" fullname="log4net.Tests.Util.RandomStringPatternConverterTest.TestConvert" methodname="TestConvert" classname="log4net.Tests.Util.RandomStringPatternConverterTest" runstate="Runnable" seed="635644512" result="Failed" label="Error" start-time="2016-08-02 15:59:03Z" end-time="2016-08-02 15:59:03Z" duration="0.002261" asserts="0">
              <failure>
                <message><![CDATA[System.NullReferenceException : Object reference not set to an instance of an object.]]></message>
                <stack-trace><![CDATA[   at log4net.Tests.Utils.InvokeMethod(Object target, String name, Object[] args) in C:\src\log4net\tests\log4net.Tests\Utils.cs:line 53
   at log4net.Tests.Util.RandomStringPatternConverterTest.RandomStringPatternConverter.Convert(TextWriter writer, Object state) in C:\src\log4net\tests\log4net.Tests\Util\RandomStringPatternConverterTest.cs:line 81
   at log4net.Tests.Util.RandomStringPatternConverterTest.TestConvert() in C:\src\log4net\tests\log4net.Tests\Util\RandomStringPatternConverterTest.cs:line 42]]></stack-trace>
              </failure>
            </test-case>
          </test-suite>
        </test-suite>
      </test-suite>
    </test-suite>
  </test-suite>
</test-run>