<?xml version="1.0" encoding="utf-8"?>
<test-run id="0" testcasecount="108" result="Passed" total="108" passed="103" failed="0" inconclusive="0" skipped="5" asserts="3777" portable-engine-version="3.3.0.0" start-time="2016-08-03 07:05:59Z" end-time="2016-08-03 07:06:02Z" duration="3.637233">
  <test-suite type="Assembly" id="1123" name="log4net.Tests.DLL" fullname="c:/src/log4net/tests/log4net.Tests/bin/Debug/net451/win7-x64/log4net.Tests.DLL" runstate="Runnable" testcasecount="108" result="Skipped" label="Ignored" start-time="2016-08-03 07:05:59Z" end-time="2016-08-03 07:06:02Z" duration="3.328128" total="108" passed="103" failed="0" inconclusive="0" skipped="5" asserts="3777">
    <environment framework-version="3.4.1.0" clr-version="4.0.30319.42000" os-version="Microsoft Windows NT 6.2.9200.0" platform="Win32NT" cwd="C:\src\log4net\tests\log4net.Tests" machine-name="LENOVO-PC" user="jakub_000" user-domain="LENOVO-PC" culture="pl-PL" uiculture="en-US" os-architecture="x64" />
    <settings>
      <setting name="WorkDirectory" value="C:\src\log4net\tests\log4net.Tests" />
      <setting name="NumberOfTestWorkers" value="4" />
    </settings>
    <properties>
      <property name="_PID" value="11964" />
      <property name="_APPDOMAIN" value="dotnet-test-nunit.exe" />
    </properties>
    <reason>
      <message><![CDATA[One or more child tests were ignored]]></message>
    </reason>
    <test-suite type="TestSuite" id="1124" name="log4net" fullname="log4net" runstate="Runnable" testcasecount="108" result="Skipped" label="Ignored" start-time="2016-08-03 07:05:59Z" end-time="2016-08-03 07:06:02Z" duration="3.314263" total="108" passed="103" failed="0" inconclusive="0" skipped="5" asserts="3777">
      <reason>
        <message><![CDATA[One or more child tests were ignored]]></message>
      </reason>
      <test-suite type="TestSuite" id="1125" name="Tests" fullname="log4net.Tests" runstate="Runnable" testcasecount="108" result="Skipped" label="Ignored" start-time="2016-08-03 07:05:59Z" end-time="2016-08-03 07:06:02Z" duration="3.310254" total="108" passed="103" failed="0" inconclusive="0" skipped="5" asserts="3777">
        <reason>
          <message><![CDATA[One or more child tests were ignored]]></message>
        </reason>
        <test-suite type="TestSuite" id="1132" name="Appender" fullname="log4net.Tests.Appender" runstate="Runnable" testcasecount="50" result="Skipped" label="Ignored" start-time="2016-08-03 07:05:59Z" end-time="2016-08-03 07:06:00Z" duration="0.902421" total="50" passed="45" failed="0" inconclusive="0" skipped="5" asserts="3459">
          <reason>
            <message><![CDATA[One or more child tests were ignored]]></message>
          </reason>
          <test-suite type="TestFixture" id="1069" name="AppenderCollectionTest" fullname="log4net.Tests.Appender.AppenderCollectionTest" classname="log4net.Tests.Appender.AppenderCollectionTest" runstate="Runnable" testcasecount="2" result="Passed" start-time="2016-08-03 07:05:59Z" end-time="2016-08-03 07:05:59Z" duration="0.036353" total="2" passed="2" failed="0" inconclusive="0" skipped="0" asserts="4">
            <test-case id="1071" name="ReadOnlyToArrayTest" fullname="log4net.Tests.Appender.AppenderCollectionTest.ReadOnlyToArrayTest" methodname="ReadOnlyToArrayTest" classname="log4net.Tests.Appender.AppenderCollectionTest" runstate="Runnable" seed="353196332" result="Passed" start-time="2016-08-03 07:05:59Z" end-time="2016-08-03 07:05:59Z" duration="0.019868" asserts="2" />
            <test-case id="1070" name="ToArrayTest" fullname="log4net.Tests.Appender.AppenderCollectionTest.ToArrayTest" methodname="ToArrayTest" classname="log4net.Tests.Appender.AppenderCollectionTest" runstate="Runnable" seed="348418937" result="Passed" start-time="2016-08-03 07:05:59Z" end-time="2016-08-03 07:05:59Z" duration="0.000432" asserts="2" />
          </test-suite>
          <test-suite type="TestFixture" id="1072" name="BufferingAppenderTest" fullname="log4net.Tests.Appender.BufferingAppenderTest" classname="log4net.Tests.Appender.BufferingAppenderTest" runstate="Runnable" testcasecount="2" result="Passed" start-time="2016-08-03 07:05:59Z" end-time="2016-08-03 07:05:59Z" duration="0.071694" total="2" passed="2" failed="0" inconclusive="0" skipped="0" asserts="11">
            <test-case id="1074" name="TestBufferSize5" fullname="log4net.Tests.Appender.BufferingAppenderTest.TestBufferSize5" methodname="TestBufferSize5" classname="log4net.Tests.Appender.BufferingAppenderTest" runstate="Runnable" seed="1204021507" result="Passed" start-time="2016-08-03 07:05:59Z" end-time="2016-08-03 07:05:59Z" duration="0.064073" asserts="9" />
            <test-case id="1073" name="TestSetupAppender" fullname="log4net.Tests.Appender.BufferingAppenderTest.TestSetupAppender" methodname="TestSetupAppender" classname="log4net.Tests.Appender.BufferingAppenderTest" runstate="Runnable" seed="1686848694" result="Passed" start-time="2016-08-03 07:05:59Z" end-time="2016-08-03 07:05:59Z" duration="0.000891" asserts="2" />
          </test-suite>
          <test-suite type="TestFixture" id="1121" name="RollingFileAppenderSubClassTest" fullname="log4net.Tests.Appender.RollingFileAppenderSubClassTest" classname="log4net.Tests.Appender.RollingFileAppenderSubClassTest" runstate="Runnable" testcasecount="1" result="Passed" start-time="2016-08-03 07:05:59Z" end-time="2016-08-03 07:05:59Z" duration="0.009067" total="1" passed="1" failed="0" inconclusive="0" skipped="0" asserts="6">
            <test-case id="1122" name="TestComputeCheckPeriod" fullname="log4net.Tests.Appender.RollingFileAppenderSubClassTest.TestComputeCheckPeriod" methodname="TestComputeCheckPeriod" classname="log4net.Tests.Appender.RollingFileAppenderSubClassTest" runstate="Runnable" seed="1671460695" result="Passed" start-time="2016-08-03 07:05:59Z" end-time="2016-08-03 07:05:59Z" duration="0.004835" asserts="6" />
          </test-suite>
          <test-suite type="TestFixture" id="1075" name="RollingFileAppenderTest" fullname="log4net.Tests.Appender.RollingFileAppenderTest" classname="log4net.Tests.Appender.RollingFileAppenderTest" runstate="Runnable" testcasecount="45" result="Skipped" label="Ignored" start-time="2016-08-03 07:05:59Z" end-time="2016-08-03 07:06:00Z" duration="0.756703" total="45" passed="40" failed="0" inconclusive="0" skipped="5" asserts="3438">
            <reason>
              <message><![CDATA[One or more child tests were ignored]]></message>
            </reason>
            <test-case id="1112" name="TestDefaultLockingModel" fullname="log4net.Tests.Appender.RollingFileAppenderTest.TestDefaultLockingModel" methodname="TestDefaultLockingModel" classname="log4net.Tests.Appender.RollingFileAppenderTest" runstate="Runnable" seed="370680959" result="Passed" start-time="2016-08-03 07:05:59Z" end-time="2016-08-03 07:05:59Z" duration="0.058477" asserts="2" />
            <test-case id="1102" name="TestExclusiveLockFails" fullname="log4net.Tests.Appender.RollingFileAppenderTest.TestExclusiveLockFails" methodname="TestExclusiveLockFails" classname="log4net.Tests.Appender.RollingFileAppenderTest" runstate="Runnable" seed="1792072336" result="Passed" start-time="2016-08-03 07:05:59Z" end-time="2016-08-03 07:05:59Z" duration="0.009005" asserts="2" />
            <test-case id="1104" name="TestExclusiveLockLocks" fullname="log4net.Tests.Appender.RollingFileAppenderTest.TestExclusiveLockLocks" methodname="TestExclusiveLockLocks" classname="log4net.Tests.Appender.RollingFileAppenderTest" runstate="Runnable" seed="1587091712" result="Passed" start-time="2016-08-03 07:05:59Z" end-time="2016-08-03 07:05:59Z" duration="0.010357" asserts="4" />
            <test-case id="1103" name="TestExclusiveLockRecovers" fullname="log4net.Tests.Appender.RollingFileAppenderTest.TestExclusiveLockRecovers" methodname="TestExclusiveLockRecovers" classname="log4net.Tests.Appender.RollingFileAppenderTest" runstate="Runnable" seed="1058765482" result="Passed" start-time="2016-08-03 07:05:59Z" end-time="2016-08-03 07:05:59Z" duration="0.004867" asserts="2" />
            <test-case id="1076" name="TestGetExistingFiles" fullname="log4net.Tests.Appender.RollingFileAppenderTest.TestGetExistingFiles" methodname="TestGetExistingFiles" classname="log4net.Tests.Appender.RollingFileAppenderTest" runstate="Runnable" seed="419352133" result="Passed" start-time="2016-08-03 07:05:59Z" end-time="2016-08-03 07:05:59Z" duration="0.009124" asserts="6" />
            <test-case id="1116" name="TestInitialization3" fullname="log4net.Tests.Appender.RollingFileAppenderTest.TestInitialization3" methodname="TestInitialization3" classname="log4net.Tests.Appender.RollingFileAppenderTest" runstate="Ignored" seed="151056800" result="Skipped" label="Ignored" start-time="2016-08-03 07:05:59Z" end-time="2016-08-03 07:05:59Z" duration="0.000896" asserts="0">
              <properties>
                <property name="_SKIPREASON" value="Not Implemented: Want to test counted files limited up, to see that others are ?? ignored? deleted?" />
              </properties>
              <reason>
                <message><![CDATA[Not Implemented: Want to test counted files limited up, to see that others are ?? ignored? deleted?]]></message>
              </reason>
            </test-case>
            <test-case id="1117" name="TestInitialization4" fullname="log4net.Tests.Appender.RollingFileAppenderTest.TestInitialization4" methodname="TestInitialization4" classname="log4net.Tests.Appender.RollingFileAppenderTest" runstate="Ignored" seed="1340231696" result="Skipped" label="Ignored" start-time="2016-08-03 07:05:59Z" end-time="2016-08-03 07:05:59Z" duration="0.000038" asserts="0">
              <properties>
                <property name="_SKIPREASON" value="Not Implemented: Want to test counted files limited down, to see that others are ?? ignored? deleted?" />
              </properties>
              <reason>
                <message><![CDATA[Not Implemented: Want to test counted files limited down, to see that others are ?? ignored? deleted?]]></message>
              </reason>
            </test-case>
            <test-case id="1118" name="TestInitialization5" fullname="log4net.Tests.Appender.RollingFileAppenderTest.TestInitialization5" methodname="TestInitialization5" classname="log4net.Tests.Appender.RollingFileAppenderTest" runstate="Ignored" seed="1298457548" result="Skipped" label="Ignored" start-time="2016-08-03 07:05:59Z" end-time="2016-08-03 07:05:59Z" duration="0.000014" asserts="0">
              <properties>
                <property name="_SKIPREASON" value="Not Implemented: Want to test dated files with a limit, to see that others are ?? ignored? deleted?" />
              </properties>
              <reason>
                <message><![CDATA[Not Implemented: Want to test dated files with a limit, to see that others are ?? ignored? deleted?]]></message>
              </reason>
            </test-case>
            <test-case id="1119" name="TestInitialization6" fullname="log4net.Tests.Appender.RollingFileAppenderTest.TestInitialization6" methodname="TestInitialization6" classname="log4net.Tests.Appender.RollingFileAppenderTest" runstate="Ignored" seed="1821819800" result="Skipped" label="Ignored" start-time="2016-08-03 07:05:59Z" end-time="2016-08-03 07:05:59Z" duration="0.000007" asserts="0">
              <properties>
                <property name="_SKIPREASON" value="Not Implemented: Want to test dated files with no limit, to see that others are ?? ignored? deleted?" />
              </properties>
              <reason>
                <message><![CDATA[Not Implemented: Want to test dated files with no limit, to see that others are ?? ignored? deleted?]]></message>
              </reason>
            </test-case>
            <test-case id="1120" name="TestInitialization7" fullname="log4net.Tests.Appender.RollingFileAppenderTest.TestInitialization7" methodname="TestInitialization7" classname="log4net.Tests.Appender.RollingFileAppenderTest" runstate="Ignored" seed="1645249844" result="Skipped" label="Ignored" start-time="2016-08-03 07:05:59Z" end-time="2016-08-03 07:05:59Z" duration="0.000014" asserts="0">
              <properties>
                <property name="_SKIPREASON" value="Not Implemented: Want to test dated files with mixed dates existing, to see that other dates do not matter" />
              </properties>
              <reason>
                <message><![CDATA[Not Implemented: Want to test dated files with mixed dates existing, to see that other dates do not matter]]></message>
              </reason>
            </test-case>
            <test-case id="1088" name="TestInitializeCountDownFixed" fullname="log4net.Tests.Appender.RollingFileAppenderTest.TestInitializeCountDownFixed" methodname="TestInitializeCountDownFixed" classname="log4net.Tests.Appender.RollingFileAppenderTest" runstate="Runnable" seed="1810585950" result="Passed" start-time="2016-08-03 07:05:59Z" end-time="2016-08-03 07:05:59Z" duration="0.003851" asserts="1" />
            <test-case id="1089" name="TestInitializeCountDownFixed2" fullname="log4net.Tests.Appender.RollingFileAppenderTest.TestInitializeCountDownFixed2" methodname="TestInitializeCountDownFixed2" classname="log4net.Tests.Appender.RollingFileAppenderTest" runstate="Runnable" seed="1460779244" result="Passed" start-time="2016-08-03 07:05:59Z" end-time="2016-08-03 07:05:59Z" duration="0.000748" asserts="1" />
            <test-case id="1090" name="TestInitializeCountDownFixed3" fullname="log4net.Tests.Appender.RollingFileAppenderTest.TestInitializeCountDownFixed3" methodname="TestInitializeCountDownFixed3" classname="log4net.Tests.Appender.RollingFileAppenderTest" runstate="Runnable" seed="948311721" result="Passed" start-time="2016-08-03 07:05:59Z" end-time="2016-08-03 07:05:59Z" duration="0.000733" asserts="1" />
            <test-case id="1091" name="TestInitializeCountDownFixed4" fullname="log4net.Tests.Appender.RollingFileAppenderTest.TestInitializeCountDownFixed4" methodname="TestInitializeCountDownFixed4" classname="log4net.Tests.Appender.RollingFileAppenderTest" runstate="Runnable" seed="2142448313" result="Passed" start-time="2016-08-03 07:05:59Z" end-time="2016-08-03 07:05:59Z" duration="0.000550" asserts="1" />
            <test-case id="1092" name="TestInitializeCountDownFixed5" fullname="log4net.Tests.Appender.RollingFileAppenderTest.TestInitializeCountDownFixed5" methodname="TestInitializeCountDownFixed5" classname="log4net.Tests.Appender.RollingFileAppenderTest" runstate="Runnable" seed="496831094" result="Passed" start-time="2016-08-03 07:05:59Z" end-time="2016-08-03 07:05:59Z" duration="0.000735" asserts="1" />
            <test-case id="1093" name="TestInitializeCountDownFixed6" fullname="log4net.Tests.Appender.RollingFileAppenderTest.TestInitializeCountDownFixed6" methodname="TestInitializeCountDownFixed6" classname="log4net.Tests.Appender.RollingFileAppenderTest" runstate="Runnable" seed="690152639" result="Passed" start-time="2016-08-03 07:05:59Z" end-time="2016-08-03 07:05:59Z" duration="0.000739" asserts="1" />
            <test-case id="1094" name="TestInitializeCountDownFixed7" fullname="log4net.Tests.Appender.RollingFileAppenderTest.TestInitializeCountDownFixed7" methodname="TestInitializeCountDownFixed7" classname="log4net.Tests.Appender.RollingFileAppenderTest" runstate="Runnable" seed="1264926136" result="Passed" start-time="2016-08-03 07:05:59Z" end-time="2016-08-03 07:05:59Z" duration="0.000751" asserts="1" />
            <test-case id="1095" name="TestInitializeCountDownInfinite" fullname="log4net.Tests.Appender.RollingFileAppenderTest.TestInitializeCountDownInfinite" methodname="TestInitializeCountDownInfinite" classname="log4net.Tests.Appender.RollingFileAppenderTest" runstate="Runnable" seed="1670628254" result="Passed" start-time="2016-08-03 07:05:59Z" end-time="2016-08-03 07:05:59Z" duration="0.000886" asserts="1" />
            <test-case id="1096" name="TestInitializeCountDownInfinite2" fullname="log4net.Tests.Appender.RollingFileAppenderTest.TestInitializeCountDownInfinite2" methodname="TestInitializeCountDownInfinite2" classname="log4net.Tests.Appender.RollingFileAppenderTest" runstate="Runnable" seed="949725716" result="Passed" start-time="2016-08-03 07:05:59Z" end-time="2016-08-03 07:05:59Z" duration="0.000764" asserts="1" />
            <test-case id="1097" name="TestInitializeCountDownInfinite3" fullname="log4net.Tests.Appender.RollingFileAppenderTest.TestInitializeCountDownInfinite3" methodname="TestInitializeCountDownInfinite3" classname="log4net.Tests.Appender.RollingFileAppenderTest" runstate="Runnable" seed="1334999870" result="Passed" start-time="2016-08-03 07:05:59Z" end-time="2016-08-03 07:05:59Z" duration="0.000769" asserts="1" />
            <test-case id="1087" name="TestInitializeCountDownZeroBackups" fullname="log4net.Tests.Appender.RollingFileAppenderTest.TestInitializeCountDownZeroBackups" methodname="TestInitializeCountDownZeroBackups" classname="log4net.Tests.Appender.RollingFileAppenderTest" runstate="Runnable" seed="743543941" result="Passed" start-time="2016-08-03 07:05:59Z" end-time="2016-08-03 07:05:59Z" duration="0.000768" asserts="1" />
            <test-case id="1084" name="TestInitializeCountUpFixed" fullname="log4net.Tests.Appender.RollingFileAppenderTest.TestInitializeCountUpFixed" methodname="TestInitializeCountUpFixed" classname="log4net.Tests.Appender.RollingFileAppenderTest" runstate="Runnable" seed="809983818" result="Passed" start-time="2016-08-03 07:05:59Z" end-time="2016-08-03 07:05:59Z" duration="0.000777" asserts="1" />
            <test-case id="1085" name="TestInitializeCountUpFixed2" fullname="log4net.Tests.Appender.RollingFileAppenderTest.TestInitializeCountUpFixed2" methodname="TestInitializeCountUpFixed2" classname="log4net.Tests.Appender.RollingFileAppenderTest" runstate="Runnable" seed="1261100226" result="Passed" start-time="2016-08-03 07:05:59Z" end-time="2016-08-03 07:05:59Z" duration="0.000772" asserts="1" />
            <test-case id="1098" name="TestInitializeCountUpInfinite" fullname="log4net.Tests.Appender.RollingFileAppenderTest.TestInitializeCountUpInfinite" methodname="TestInitializeCountUpInfinite" classname="log4net.Tests.Appender.RollingFileAppenderTest" runstate="Runnable" seed="363182908" result="Passed" start-time="2016-08-03 07:05:59Z" end-time="2016-08-03 07:05:59Z" duration="0.000894" asserts="1" />
            <test-case id="1099" name="TestInitializeCountUpInfinite2" fullname="log4net.Tests.Appender.RollingFileAppenderTest.TestInitializeCountUpInfinite2" methodname="TestInitializeCountUpInfinite2" classname="log4net.Tests.Appender.RollingFileAppenderTest" runstate="Runnable" seed="1683464452" result="Passed" start-time="2016-08-03 07:05:59Z" end-time="2016-08-03 07:05:59Z" duration="0.000757" asserts="1" />
            <test-case id="1100" name="TestInitializeCountUpInfinite3" fullname="log4net.Tests.Appender.RollingFileAppenderTest.TestInitializeCountUpInfinite3" methodname="TestInitializeCountUpInfinite3" classname="log4net.Tests.Appender.RollingFileAppenderTest" runstate="Runnable" seed="702262230" result="Passed" start-time="2016-08-03 07:05:59Z" end-time="2016-08-03 07:05:59Z" duration="0.000737" asserts="1" />
            <test-case id="1086" name="TestInitializeCountUpZeroBackups" fullname="log4net.Tests.Appender.RollingFileAppenderTest.TestInitializeCountUpZeroBackups" methodname="TestInitializeCountUpZeroBackups" classname="log4net.Tests.Appender.RollingFileAppenderTest" runstate="Runnable" seed="381123910" result="Passed" start-time="2016-08-03 07:05:59Z" end-time="2016-08-03 07:05:59Z" duration="0.000771" asserts="1" />
            <test-case id="1083" name="TestInitializeRollBackups1" fullname="log4net.Tests.Appender.RollingFileAppenderTest.TestInitializeRollBackups1" methodname="TestInitializeRollBackups1" classname="log4net.Tests.Appender.RollingFileAppenderTest" runstate="Runnable" seed="522237589" result="Passed" start-time="2016-08-03 07:05:59Z" end-time="2016-08-03 07:05:59Z" duration="0.001009" asserts="1" />
            <test-case id="1113" name="TestInitializeRollBackups2" fullname="log4net.Tests.Appender.RollingFileAppenderTest.TestInitializeRollBackups2" methodname="TestInitializeRollBackups2" classname="log4net.Tests.Appender.RollingFileAppenderTest" runstate="Runnable" seed="1979045379" result="Passed" start-time="2016-08-03 07:05:59Z" end-time="2016-08-03 07:05:59Z" duration="0.000847" asserts="1" />
            <test-case id="1114" name="TestInitializeRollBackups3" fullname="log4net.Tests.Appender.RollingFileAppenderTest.TestInitializeRollBackups3" methodname="TestInitializeRollBackups3" classname="log4net.Tests.Appender.RollingFileAppenderTest" runstate="Runnable" seed="829350855" result="Passed" start-time="2016-08-03 07:05:59Z" end-time="2016-08-03 07:05:59Z" duration="0.000701" asserts="1" />
            <test-case id="1115" name="TestInitializeRollBackups4" fullname="log4net.Tests.Appender.RollingFileAppenderTest.TestInitializeRollBackups4" methodname="TestInitializeRollBackups4" classname="log4net.Tests.Appender.RollingFileAppenderTest" runstate="Runnable" seed="699734697" result="Passed" start-time="2016-08-03 07:05:59Z" end-time="2016-08-03 07:05:59Z" duration="0.001486" asserts="9" />
            <test-case id="1108" name="TestInterProcessLockFails" fullname="log4net.Tests.Appender.RollingFileAppenderTest.TestInterProcessLockFails" methodname="TestInterProcessLockFails" classname="log4net.Tests.Appender.RollingFileAppenderTest" runstate="Runnable" seed="221468491" result="Passed" start-time="2016-08-03 07:05:59Z" end-time="2016-08-03 07:05:59Z" duration="0.007038" asserts="2" />
            <test-case id="1109" name="TestInterProcessLockRecovers" fullname="log4net.Tests.Appender.RollingFileAppenderTest.TestInterProcessLockRecovers" methodname="TestInterProcessLockRecovers" classname="log4net.Tests.Appender.RollingFileAppenderTest" runstate="Runnable" seed="523562208" result="Passed" start-time="2016-08-03 07:05:59Z" end-time="2016-08-03 07:05:59Z" duration="0.008258" asserts="2" />
            <test-case id="1111" name="TestInterProcessLockRoll" fullname="log4net.Tests.Appender.RollingFileAppenderTest.TestInterProcessLockRoll" methodname="TestInterProcessLockRoll" classname="log4net.Tests.Appender.RollingFileAppenderTest" runstate="Runnable" seed="321982974" result="Passed" start-time="2016-08-03 07:05:59Z" end-time="2016-08-03 07:05:59Z" duration="0.015035" asserts="5" />
            <test-case id="1110" name="TestInterProcessLockUnlocks" fullname="log4net.Tests.Appender.RollingFileAppenderTest.TestInterProcessLockUnlocks" methodname="TestInterProcessLockUnlocks" classname="log4net.Tests.Appender.RollingFileAppenderTest" runstate="Runnable" seed="277211701" result="Passed" start-time="2016-08-03 07:05:59Z" end-time="2016-08-03 07:05:59Z" duration="0.005114" asserts="3" />
            <test-case id="1101" name="TestLogOutput" fullname="log4net.Tests.Appender.RollingFileAppenderTest.TestLogOutput" methodname="TestLogOutput" classname="log4net.Tests.Appender.RollingFileAppenderTest" runstate="Runnable" seed="673791365" result="Passed" start-time="2016-08-03 07:05:59Z" end-time="2016-08-03 07:05:59Z" duration="0.004854" asserts="2">
              <output><![CDATA[log4net: Creating repository [TestRepository] using type [log4net.Repository.Hierarchy.Hierarchy]
log4net: Converter [message] Option [] Format [min=-1,max=2147483647,leftAlign=False]
log4net: Converter [newline] Option [] Format [min=-1,max=2147483647,leftAlign=False]
log4net: Converter [m] Option [] Format [min=-1,max=2147483647,leftAlign=False]
log4net: Converter [n] Option [] Format [min=-1,max=2147483647,leftAlign=False]
log4net: Searched for existing files in [c:\src\log4net\tests\log4net.Tests\bin\Debug\net451\win7-x64]
log4net: curSizeRollBackups starts at [0]
log4net: Opening file for writing [c:\src\log4net\tests\log4net.Tests\bin\Debug\net451\win7-x64\test.log] append [False]
log4net: Shutdown called on Hierarchy [TestRepository]
log4net: defaultRepositoryType [log4net.Repository.Hierarchy.Hierarchy]
log4net: Creating repository for assembly [log4net, Version=1.2.15.0, Culture=neutral, PublicKeyToken=null]
log4net: Assembly [log4net, Version=1.2.15.0, Culture=neutral, PublicKeyToken=null] Loaded From [c:\src\log4net\tests\log4net.Tests\bin\Debug\net451\win7-x64\log4net.dll]
log4net: Assembly [log4net, Version=1.2.15.0, Culture=neutral, PublicKeyToken=null] does not have a RepositoryAttribute specified.
log4net: Assembly [log4net, Version=1.2.15.0, Culture=neutral, PublicKeyToken=null] using repository [log4net-default-repository] and repository type [log4net.Repository.Hierarchy.Hierarchy]
log4net: Creating repository [log4net-default-repository] using type [log4net.Repository.Hierarchy.Hierarchy]
log4net: Shutdown called on Hierarchy [log4net-default-repository]
log4net: Shutdown called on Hierarchy [log4net-default-repository]
log4net: Searched for existing files in [c:\src\log4net\tests\log4net.Tests\bin\Debug\net451\win7-x64]
]]></output>
            </test-case>
            <test-case id="1105" name="TestMinimalLockFails" fullname="log4net.Tests.Appender.RollingFileAppenderTest.TestMinimalLockFails" methodname="TestMinimalLockFails" classname="log4net.Tests.Appender.RollingFileAppenderTest" runstate="Runnable" seed="2032988101" result="Passed" start-time="2016-08-03 07:05:59Z" end-time="2016-08-03 07:05:59Z" duration="0.005831" asserts="2">
              <output><![CDATA[log4net: Shutdown called on Hierarchy [log4net-default-repository]
log4net: Shutdown called on Hierarchy [log4net-default-repository]
log4net: Searched for existing files in [c:\src\log4net\tests\log4net.Tests\bin\Debug\net451\win7-x64]
log4net: Creating repository [TestRepository] using type [log4net.Repository.Hierarchy.Hierarchy]
log4net: Converter [message] Option [] Format [min=-1,max=2147483647,leftAlign=False]
log4net: Converter [newline] Option [] Format [min=-1,max=2147483647,leftAlign=False]
log4net: Converter [m] Option [] Format [min=-1,max=2147483647,leftAlign=False]
log4net: Converter [n] Option [] Format [min=-1,max=2147483647,leftAlign=False]
log4net: Searched for existing files in [c:\src\log4net\tests\log4net.Tests\bin\Debug\net451\win7-x64]
log4net: curSizeRollBackups starts at [0]
log4net: Output file [c:\src\log4net\tests\log4net.Tests\bin\Debug\net451\win7-x64\test.log] already exists. MaxSizeRollBackups is 0; cannot roll. Overwriting existing file.
log4net: Opening file for writing [c:\src\log4net\tests\log4net.Tests\bin\Debug\net451\win7-x64\test.log] append [False]
log4net: Opening file for writing [c:\src\log4net\tests\log4net.Tests\bin\Debug\net451\win7-x64\test.log] append [False]
log4net: Opening file for writing [c:\src\log4net\tests\log4net.Tests\bin\Debug\net451\win7-x64\test.log] append [False]
log4net: Shutdown called on Hierarchy [TestRepository]
log4net: defaultRepositoryType [log4net.Repository.Hierarchy.Hierarchy]
log4net: Creating repository for assembly [log4net, Version=1.2.15.0, Culture=neutral, PublicKeyToken=null]
log4net: Assembly [log4net, Version=1.2.15.0, Culture=neutral, PublicKeyToken=null] Loaded From [c:\src\log4net\tests\log4net.Tests\bin\Debug\net451\win7-x64\log4net.dll]
log4net: Assembly [log4net, Version=1.2.15.0, Culture=neutral, PublicKeyToken=null] does not have a RepositoryAttribute specified.
log4net: Assembly [log4net, Version=1.2.15.0, Culture=neutral, PublicKeyToken=null] using repository [log4net-default-repository] and repository type [log4net.Repository.Hierarchy.Hierarchy]
log4net: Creating repository [log4net-default-repository] using type [log4net.Repository.Hierarchy.Hierarchy]
log4net: Shutdown called on Hierarchy [log4net-default-repository]
log4net: Shutdown called on Hierarchy [log4net-default-repository]
log4net: Searched for existing files in [c:\src\log4net\tests\log4net.Tests\bin\Debug\net451\win7-x64]
]]></output>
            </test-case>
            <test-case id="1106" name="TestMinimalLockRecovers" fullname="log4net.Tests.Appender.RollingFileAppenderTest.TestMinimalLockRecovers" methodname="TestMinimalLockRecovers" classname="log4net.Tests.Appender.RollingFileAppenderTest" runstate="Runnable" seed="1658685878" result="Passed" start-time="2016-08-03 07:05:59Z" end-time="2016-08-03 07:05:59Z" duration="0.006727" asserts="2">
              <output><![CDATA[log4net: Shutdown called on Hierarchy [log4net-default-repository]
log4net: Shutdown called on Hierarchy [log4net-default-repository]
log4net: Searched for existing files in [c:\src\log4net\tests\log4net.Tests\bin\Debug\net451\win7-x64]
log4net: Creating repository [TestRepository] using type [log4net.Repository.Hierarchy.Hierarchy]
log4net: Converter [message] Option [] Format [min=-1,max=2147483647,leftAlign=False]
log4net: Converter [newline] Option [] Format [min=-1,max=2147483647,leftAlign=False]
log4net: Converter [m] Option [] Format [min=-1,max=2147483647,leftAlign=False]
log4net: Converter [n] Option [] Format [min=-1,max=2147483647,leftAlign=False]
log4net: Searched for existing files in [c:\src\log4net\tests\log4net.Tests\bin\Debug\net451\win7-x64]
log4net: curSizeRollBackups starts at [0]
log4net: Output file [c:\src\log4net\tests\log4net.Tests\bin\Debug\net451\win7-x64\test.log] already exists. MaxSizeRollBackups is 0; cannot roll. Overwriting existing file.
log4net: Opening file for writing [c:\src\log4net\tests\log4net.Tests\bin\Debug\net451\win7-x64\test.log] append [False]
log4net: Opening file for writing [c:\src\log4net\tests\log4net.Tests\bin\Debug\net451\win7-x64\test.log] append [False]
log4net: Opening file for writing [c:\src\log4net\tests\log4net.Tests\bin\Debug\net451\win7-x64\test.log] append [False]
log4net: Shutdown called on Hierarchy [TestRepository]
log4net: defaultRepositoryType [log4net.Repository.Hierarchy.Hierarchy]
log4net: Creating repository for assembly [log4net, Version=1.2.15.0, Culture=neutral, PublicKeyToken=null]
log4net: Assembly [log4net, Version=1.2.15.0, Culture=neutral, PublicKeyToken=null] Loaded From [c:\src\log4net\tests\log4net.Tests\bin\Debug\net451\win7-x64\log4net.dll]
log4net: Assembly [log4net, Version=1.2.15.0, Culture=neutral, PublicKeyToken=null] does not have a RepositoryAttribute specified.
log4net: Assembly [log4net, Version=1.2.15.0, Culture=neutral, PublicKeyToken=null] using repository [log4net-default-repository] and repository type [log4net.Repository.Hierarchy.Hierarchy]
log4net: Creating repository [log4net-default-repository] using type [log4net.Repository.Hierarchy.Hierarchy]
log4net: Shutdown called on Hierarchy [log4net-default-repository]
log4net: Shutdown called on Hierarchy [log4net-default-repository]
log4net: Searched for existing files in [c:\src\log4net\tests\log4net.Tests\bin\Debug\net451\win7-x64]
]]></output>
            </test-case>
            <test-case id="1107" name="TestMinimalLockUnlocks" fullname="log4net.Tests.Appender.RollingFileAppenderTest.TestMinimalLockUnlocks" methodname="TestMinimalLockUnlocks" classname="log4net.Tests.Appender.RollingFileAppenderTest" runstate="Runnable" seed="1085225310" result="Passed" start-time="2016-08-03 07:05:59Z" end-time="2016-08-03 07:05:59Z" duration="0.006974" asserts="3">
              <output><![CDATA[log4net: Shutdown called on Hierarchy [log4net-default-repository]
log4net: Shutdown called on Hierarchy [log4net-default-repository]
log4net: Searched for existing files in [c:\src\log4net\tests\log4net.Tests\bin\Debug\net451\win7-x64]
log4net: Creating repository [TestRepository] using type [log4net.Repository.Hierarchy.Hierarchy]
log4net: Converter [message] Option [] Format [min=-1,max=2147483647,leftAlign=False]
log4net: Converter [newline] Option [] Format [min=-1,max=2147483647,leftAlign=False]
log4net: Converter [m] Option [] Format [min=-1,max=2147483647,leftAlign=False]
log4net: Converter [n] Option [] Format [min=-1,max=2147483647,leftAlign=False]
log4net: Searched for existing files in [c:\src\log4net\tests\log4net.Tests\bin\Debug\net451\win7-x64]
log4net: curSizeRollBackups starts at [0]
log4net: Opening file for writing [c:\src\log4net\tests\log4net.Tests\bin\Debug\net451\win7-x64\test.log] append [False]
log4net: Shutdown called on Hierarchy [TestRepository]
log4net: defaultRepositoryType [log4net.Repository.Hierarchy.Hierarchy]
log4net: Creating repository for assembly [log4net, Version=1.2.15.0, Culture=neutral, PublicKeyToken=null]
log4net: Assembly [log4net, Version=1.2.15.0, Culture=neutral, PublicKeyToken=null] Loaded From [c:\src\log4net\tests\log4net.Tests\bin\Debug\net451\win7-x64\log4net.dll]
log4net: Assembly [log4net, Version=1.2.15.0, Culture=neutral, PublicKeyToken=null] does not have a RepositoryAttribute specified.
log4net: Assembly [log4net, Version=1.2.15.0, Culture=neutral, PublicKeyToken=null] using repository [log4net-default-repository] and repository type [log4net.Repository.Hierarchy.Hierarchy]
log4net: Creating repository [log4net-default-repository] using type [log4net.Repository.Hierarchy.Hierarchy]
log4net: Shutdown called on Hierarchy [log4net-default-repository]
log4net: Shutdown called on Hierarchy [log4net-default-repository]
log4net: Searched for existing files in [c:\src\log4net\tests\log4net.Tests\bin\Debug\net451\win7-x64]
]]></output>
            </test-case>
            <test-case id="1080" name="TestRollingCountDownFixedBackups" fullname="log4net.Tests.Appender.RollingFileAppenderTest.TestRollingCountDownFixedBackups" methodname="TestRollingCountDownFixedBackups" classname="log4net.Tests.Appender.RollingFileAppenderTest" runstate="Runnable" seed="819579223" result="Passed" start-time="2016-08-03 07:05:59Z" end-time="2016-08-03 07:05:59Z" duration="0.105358" asserts="651">
              <output><![CDATA[log4net: Shutdown called on Hierarchy [log4net-default-repository]
log4net: Shutdown called on Hierarchy [log4net-default-repository]
log4net: Searched for existing files in [c:\src\log4net\tests\log4net.Tests\bin\Debug\net451\win7-x64]
log4net: Converter [m] Option [] Format [min=-1,max=2147483647,leftAlign=False]
log4net: Converter [n] Option [] Format [min=-1,max=2147483647,leftAlign=False]
log4net: Searched for existing files in [c:\src\log4net\tests\log4net.Tests\bin\Debug\net451\win7-x64]
log4net: curSizeRollBackups starts at [0]
log4net: Opening file for writing [c:\src\log4net\tests\log4net.Tests\bin\Debug\net451\win7-x64\test_41d3d834_4320f4da.log] append [True]
log4net: Searched for existing files in [c:\src\log4net\tests\log4net.Tests\bin\Debug\net451\win7-x64]
log4net: Searched for existing files in [c:\src\log4net\tests\log4net.Tests\bin\Debug\net451\win7-x64]
log4net: Searched for existing files in [c:\src\log4net\tests\log4net.Tests\bin\Debug\net451\win7-x64]
log4net: Searched for existing files in [c:\src\log4net\tests\log4net.Tests\bin\Debug\net451\win7-x64]
log4net: Searched for existing files in [c:\src\log4net\tests\log4net.Tests\bin\Debug\net451\win7-x64]
log4net: Searched for existing files in [c:\src\log4net\tests\log4net.Tests\bin\Debug\net451\win7-x64]
log4net: Searched for existing files in [c:\src\log4net\tests\log4net.Tests\bin\Debug\net451\win7-x64]
log4net: Searched for existing files in [c:\src\log4net\tests\log4net.Tests\bin\Debug\net451\win7-x64]
log4net: Searched for existing files in [c:\src\log4net\tests\log4net.Tests\bin\Debug\net451\win7-x64]
log4net: Searched for existing files in [c:\src\log4net\tests\log4net.Tests\bin\Debug\net451\win7-x64]
log4net: Searched for existing files in [c:\src\log4net\tests\log4net.Tests\bin\Debug\net451\win7-x64]
log4net: rolling over count [500]
log4net: maxSizeRollBackups [3]
log4net: curSizeRollBackups [0]
log4net: countDirection [-1]
log4net: Moving [c:\src\log4net\tests\log4net.Tests\bin\Debug\net451\win7-x64\test_41d3d834_4320f4da.log] -> [c:\src\log4net\tests\log4net.Tests\bin\Debug\net451\win7-x64\test_41d3d834_4320f4da.log.1]
log4net: Opening file for writing [c:\src\log4net\tests\log4net.Tests\bin\Debug\net451\win7-x64\test_41d3d834_4320f4da.log] append [False]
log4net: Searched for existing files in [c:\src\log4net\tests\log4net.Tests\bin\Debug\net451\win7-x64]
log4net: Searched for existing files in [c:\src\log4net\tests\log4net.Tests\bin\Debug\net451\win7-x64]
log4net: Searched for existing files in [c:\src\log4net\tests\log4net.Tests\bin\Debug\net451\win7-x64]
log4net: Searched for existing files in [c:\src\log4net\tests\log4net.Tests\bin\Debug\net451\win7-x64]
log4net: Searched for existing files in [c:\src\log4net\tests\log4net.Tests\bin\Debug\net451\win7-x64]
log4net: Searched for existing files in [c:\src\log4net\tests\log4net.Tests\bin\Debug\net451\win7-x64]
log4net: Searched for existing files in [c:\src\log4net\tests\log4net.Tests\bin\Debug\net451\win7-x64]
log4net: Searched for existing files in [c:\src\log4net\tests\log4net.Tests\bin\Debug\net451\win7-x64]
log4net: Searched for existing files in [c:\src\log4net\tests\log4net.Tests\bin\Debug\net451\win7-x64]
log4net: Searched for existing files in [c:\src\log4net\tests\log4net.Tests\bin\Debug\net451\win7-x64]
log4net: rolling over count [500]
log4net: maxSizeRollBackups [3]
log4net: curSizeRollBackups [1]
log4net: countDirection [-1]
log4net: Moving [c:\src\log4net\tests\log4net.Tests\bin\Debug\net451\win7-x64\test_41d3d834_4320f4da.log.1] -> [c:\src\log4net\tests\log4net.Tests\bin\Debug\net451\win7-x64\test_41d3d834_4320f4da.log.2]
log4net: Moving [c:\src\log4net\tests\log4net.Tests\bin\Debug\net451\win7-x64\test_41d3d834_4320f4da.log] -> [c:\src\log4net\tests\log4net.Tests\bin\Debug\net451\win7-x64\test_41d3d834_4320f4da.log.1]
log4net: Opening file for writing [c:\src\log4net\tests\log4net.Tests\bin\Debug\net451\win7-x64\test_41d3d834_4320f4da.log] append [False]
log4net: Searched for existing files in [c:\src\log4net\tests\log4net.Tests\bin\Debug\net451\win7-x64]
log4net: Searched for existing files in [c:\src\log4net\tests\log4net.Tests\bin\Debug\net451\win7-x64]
log4net: Searched for existing files in [c:\src\log4net\tests\log4net.Tests\bin\Debug\net451\win7-x64]
log4net: Searched for existing files in [c:\src\log4net\tests\log4net.Tests\bin\Debug\net451\win7-x64]
log4net: Searched for existing files in [c:\src\log4net\tests\log4net.Tests\bin\Debug\net451\win7-x64]
log4net: Searched for existing files in [c:\src\log4net\tests\log4net.Tests\bin\Debug\net451\win7-x64]
log4net: Searched for existing files in [c:\src\log4net\tests\log4net.Tests\bin\Debug\net451\win7-x64]
log4net: Searched for existing files in [c:\src\log4net\tests\log4net.Tests\bin\Debug\net451\win7-x64]
log4net: Searched for existing files in [c:\src\log4net\tests\log4net.Tests\bin\Debug\net451\win7-x64]
log4net: Searched for existing files in [c:\src\log4net\tests\log4net.Tests\bin\Debug\net451\win7-x64]
log4net: rolling over count [500]
log4net: maxSizeRollBackups [3]
log4net: curSizeRollBackups [2]
log4net: countDirection [-1]
log4net: Moving [c:\src\log4net\tests\log4net.Tests\bin\Debug\net451\win7-x64\test_41d3d834_4320f4da.log.2] -> [c:\src\log4net\tests\log4net.Tests\bin\Debug\net451\win7-x64\test_41d3d834_4320f4da.log.3]
log4net: Moving [c:\src\log4net\tests\log4net.Tests\bin\Debug\net451\win7-x64\test_41d3d834_4320f4da.log.1] -> [c:\src\log4net\tests\log4net.Tests\bin\Debug\net451\win7-x64\test_41d3d834_4320f4da.log.2]
log4net: Moving [c:\src\log4net\tests\log4net.Tests\bin\Debug\net451\win7-x64\test_41d3d834_4320f4da.log] -> [c:\src\log4net\tests\log4net.Tests\bin\Debug\net451\win7-x64\test_41d3d834_4320f4da.log.1]
log4net: Opening file for writing [c:\src\log4net\tests\log4net.Tests\bin\Debug\net451\win7-x64\test_41d3d834_4320f4da.log] append [False]
log4net: Searched for existing files in [c:\src\log4net\tests\log4net.Tests\bin\Debug\net451\win7-x64]
log4net: Searched for existing files in [c:\src\log4net\tests\log4net.Tests\bin\Debug\net451\win7-x64]
log4net: Searched for existing files in [c:\src\log4net\tests\log4net.Tests\bin\Debug\net451\win7-x64]
log4net: Searched for existing files in [c:\src\log4net\tests\log4net.Tests\bin\Debug\net451\win7-x64]
log4net: Searched for existing files in [c:\src\log4net\tests\log4net.Tests\bin\Debug\net451\win7-x64]
log4net: Searched for existing files in [c:\src\log4net\tests\log4net.Tests\bin\Debug\net451\win7-x64]
log4net: Searched for existing files in [c:\src\log4net\tests\log4net.Tests\bin\Debug\net451\win7-x64]
log4net: Searched for existing files in [c:\src\log4net\tests\log4net.Tests\bin\Debug\net451\win7-x64]
log4net: Searched for existing files in [c:\src\log4net\tests\log4net.Tests\bin\Debug\net451\win7-x64]
log4net: Searched for existing files in [c:\src\log4net\tests\log4net.Tests\bin\Debug\net451\win7-x64]
log4net: rolling over count [500]
log4net: maxSizeRollBackups [3]
log4net: curSizeRollBackups [3]
log4net: countDirection [-1]
log4net: Deleted file [c:\src\log4net\tests\log4net.Tests\bin\Debug\net451\win7-x64\test_41d3d834_4320f4da.log.3]
log4net: Moving [c:\src\log4net\tests\log4net.Tests\bin\Debug\net451\win7-x64\test_41d3d834_4320f4da.log.2] -> [c:\src\log4net\tests\log4net.Tests\bin\Debug\net451\win7-x64\test_41d3d834_4320f4da.log.3]
log4net: Moving [c:\src\log4net\tests\log4net.Tests\bin\Debug\net451\win7-x64\test_41d3d834_4320f4da.log.1] -> [c:\src\log4net\tests\log4net.Tests\bin\Debug\net451\win7-x64\test_41d3d834_4320f4da.log.2]
log4net: Moving [c:\src\log4net\tests\log4net.Tests\bin\Debug\net451\win7-x64\test_41d3d834_4320f4da.log] -> [c:\src\log4net\tests\log4net.Tests\bin\Debug\net451\win7-x64\test_41d3d834_4320f4da.log.1]
log4net: Opening file for writing [c:\src\log4net\tests\log4net.Tests\bin\Debug\net451\win7-x64\test_41d3d834_4320f4da.log] append [False]
log4net: Searched for existing files in [c:\src\log4net\tests\log4net.Tests\bin\Debug\net451\win7-x64]
log4net: Searched for existing files in [c:\src\log4net\tests\log4net.Tests\bin\Debug\net451\win7-x64]
log4net: Searched for existing files in [c:\src\log4net\tests\log4net.Tests\bin\Debug\net451\win7-x64]
log4net: Searched for existing files in [c:\src\log4net\tests\log4net.Tests\bin\Debug\net451\win7-x64]
log4net: Searched for existing files in [c:\src\log4net\tests\log4net.Tests\bin\Debug\net451\win7-x64]
log4net: Searched for existing files in [c:\src\log4net\tests\log4net.Tests\bin\Debug\net451\win7-x64]
log4net: Searched for existing files in [c:\src\log4net\tests\log4net.Tests\bin\Debug\net451\win7-x64]
log4net: Searched for existing files in [c:\src\log4net\tests\log4net.Tests\bin\Debug\net451\win7-x64]
log4net: Searched for existing files in [c:\src\log4net\tests\log4net.Tests\bin\Debug\net451\win7-x64]
log4net: Searched for existing files in [c:\src\log4net\tests\log4net.Tests\bin\Debug\net451\win7-x64]
log4net: rolling over count [500]
log4net: maxSizeRollBackups [3]
log4net: curSizeRollBackups [3]
log4net: countDirection [-1]
log4net: Deleted file [c:\src\log4net\tests\log4net.Tests\bin\Debug\net451\win7-x64\test_41d3d834_4320f4da.log.3]
log4net: Moving [c:\src\log4net\tests\log4net.Tests\bin\Debug\net451\win7-x64\test_41d3d834_4320f4da.log.2] -> [c:\src\log4net\tests\log4net.Tests\bin\Debug\net451\win7-x64\test_41d3d834_4320f4da.log.3]
log4net: Moving [c:\src\log4net\tests\log4net.Tests\bin\Debug\net451\win7-x64\test_41d3d834_4320f4da.log.1] -> [c:\src\log4net\tests\log4net.Tests\bin\Debug\net451\win7-x64\test_41d3d834_4320f4da.log.2]
log4net: Moving [c:\src\log4net\tests\log4net.Tests\bin\Debug\net451\win7-x64\test_41d3d834_4320f4da.log] -> [c:\src\log4net\tests\log4net.Tests\bin\Debug\net451\win7-x64\test_41d3d834_4320f4da.log.1]
log4net: Opening file for writing [c:\src\log4net\tests\log4net.Tests\bin\Debug\net451\win7-x64\test_41d3d834_4320f4da.log] append [False]
log4net: Searched for existing files in [c:\src\log4net\tests\log4net.Tests\bin\Debug\net451\win7-x64]
log4net: Searched for existing files in [c:\src\log4net\tests\log4net.Tests\bin\Debug\net451\win7-x64]
log4net: Searched for existing files in [c:\src\log4net\tests\log4net.Tests\bin\Debug\net451\win7-x64]
log4net: Searched for existing files in [c:\src\log4net\tests\log4net.Tests\bin\Debug\net451\win7-x64]
log4net: Searched for existing files in [c:\src\log4net\tests\log4net.Tests\bin\Debug\net451\win7-x64]
log4net: Searched for existing files in [c:\src\log4net\tests\log4net.Tests\bin\Debug\net451\win7-x64]
log4net: Searched for existing files in [c:\src\log4net\tests\log4net.Tests\bin\Debug\net451\win7-x64]
log4net: Searched for existing files in [c:\src\log4net\tests\log4net.Tests\bin\Debug\net451\win7-x64]
log4net: Searched for existing files in [c:\src\log4net\tests\log4net.Tests\bin\Debug\net451\win7-x64]
log4net: Shutdown called on Hierarchy [log4net-default-repository]
log4net: Shutdown called on Hierarchy [log4net-default-repository]
log4net: Searched for existing files in [c:\src\log4net\tests\log4net.Tests\bin\Debug\net451\win7-x64]
]]></output>
            </test-case>
            <test-case id="1081" name="TestRollingCountDownInfiniteBackups" fullname="log4net.Tests.Appender.RollingFileAppenderTest.TestRollingCountDownInfiniteBackups" methodname="TestRollingCountDownInfiniteBackups" classname="log4net.Tests.Appender.RollingFileAppenderTest" runstate="Runnable" seed="747859918" result="Passed" start-time="2016-08-03 07:05:59Z" end-time="2016-08-03 07:06:00Z" duration="0.070987" asserts="735">
              <output><![CDATA[log4net: Shutdown called on Hierarchy [log4net-default-repository]
log4net: Shutdown called on Hierarchy [log4net-default-repository]
log4net: Searched for existing files in [c:\src\log4net\tests\log4net.Tests\bin\Debug\net451\win7-x64]
log4net: Converter [m] Option [] Format [min=-1,max=2147483647,leftAlign=False]
log4net: Converter [n] Option [] Format [min=-1,max=2147483647,leftAlign=False]
log4net: Searched for existing files in [c:\src\log4net\tests\log4net.Tests\bin\Debug\net451\win7-x64]
log4net: curSizeRollBackups starts at [0]
log4net: Opening file for writing [c:\src\log4net\tests\log4net.Tests\bin\Debug\net451\win7-x64\test_41d3d834_4320f4da.log] append [True]
log4net: Searched for existing files in [c:\src\log4net\tests\log4net.Tests\bin\Debug\net451\win7-x64]
log4net: Searched for existing files in [c:\src\log4net\tests\log4net.Tests\bin\Debug\net451\win7-x64]
log4net: Searched for existing files in [c:\src\log4net\tests\log4net.Tests\bin\Debug\net451\win7-x64]
log4net: Searched for existing files in [c:\src\log4net\tests\log4net.Tests\bin\Debug\net451\win7-x64]
log4net: Searched for existing files in [c:\src\log4net\tests\log4net.Tests\bin\Debug\net451\win7-x64]
log4net: Searched for existing files in [c:\src\log4net\tests\log4net.Tests\bin\Debug\net451\win7-x64]
log4net: Searched for existing files in [c:\src\log4net\tests\log4net.Tests\bin\Debug\net451\win7-x64]
log4net: Searched for existing files in [c:\src\log4net\tests\log4net.Tests\bin\Debug\net451\win7-x64]
log4net: Searched for existing files in [c:\src\log4net\tests\log4net.Tests\bin\Debug\net451\win7-x64]
log4net: Searched for existing files in [c:\src\log4net\tests\log4net.Tests\bin\Debug\net451\win7-x64]
log4net: Searched for existing files in [c:\src\log4net\tests\log4net.Tests\bin\Debug\net451\win7-x64]
log4net: rolling over count [500]
log4net: maxSizeRollBackups [-1]
log4net: curSizeRollBackups [0]
log4net: countDirection [-1]
log4net: Moving [c:\src\log4net\tests\log4net.Tests\bin\Debug\net451\win7-x64\test_41d3d834_4320f4da.log] -> [c:\src\log4net\tests\log4net.Tests\bin\Debug\net451\win7-x64\test_41d3d834_4320f4da.log.1]
log4net: Opening file for writing [c:\src\log4net\tests\log4net.Tests\bin\Debug\net451\win7-x64\test_41d3d834_4320f4da.log] append [False]
log4net: Searched for existing files in [c:\src\log4net\tests\log4net.Tests\bin\Debug\net451\win7-x64]
log4net: Searched for existing files in [c:\src\log4net\tests\log4net.Tests\bin\Debug\net451\win7-x64]
log4net: Searched for existing files in [c:\src\log4net\tests\log4net.Tests\bin\Debug\net451\win7-x64]
log4net: Searched for existing files in [c:\src\log4net\tests\log4net.Tests\bin\Debug\net451\win7-x64]
log4net: Searched for existing files in [c:\src\log4net\tests\log4net.Tests\bin\Debug\net451\win7-x64]
log4net: Searched for existing files in [c:\src\log4net\tests\log4net.Tests\bin\Debug\net451\win7-x64]
log4net: Searched for existing files in [c:\src\log4net\tests\log4net.Tests\bin\Debug\net451\win7-x64]
log4net: Searched for existing files in [c:\src\log4net\tests\log4net.Tests\bin\Debug\net451\win7-x64]
log4net: Searched for existing files in [c:\src\log4net\tests\log4net.Tests\bin\Debug\net451\win7-x64]
log4net: Searched for existing files in [c:\src\log4net\tests\log4net.Tests\bin\Debug\net451\win7-x64]
log4net: rolling over count [500]
log4net: maxSizeRollBackups [-1]
log4net: curSizeRollBackups [1]
log4net: countDirection [-1]
log4net: Moving [c:\src\log4net\tests\log4net.Tests\bin\Debug\net451\win7-x64\test_41d3d834_4320f4da.log.1] -> [c:\src\log4net\tests\log4net.Tests\bin\Debug\net451\win7-x64\test_41d3d834_4320f4da.log.2]
log4net: Moving [c:\src\log4net\tests\log4net.Tests\bin\Debug\net451\win7-x64\test_41d3d834_4320f4da.log] -> [c:\src\log4net\tests\log4net.Tests\bin\Debug\net451\win7-x64\test_41d3d834_4320f4da.log.1]
log4net: Opening file for writing [c:\src\log4net\tests\log4net.Tests\bin\Debug\net451\win7-x64\test_41d3d834_4320f4da.log] append [False]
log4net: Searched for existing files in [c:\src\log4net\tests\log4net.Tests\bin\Debug\net451\win7-x64]
log4net: Searched for existing files in [c:\src\log4net\tests\log4net.Tests\bin\Debug\net451\win7-x64]
log4net: Searched for existing files in [c:\src\log4net\tests\log4net.Tests\bin\Debug\net451\win7-x64]
log4net: Searched for existing files in [c:\src\log4net\tests\log4net.Tests\bin\Debug\net451\win7-x64]
log4net: Searched for existing files in [c:\src\log4net\tests\log4net.Tests\bin\Debug\net451\win7-x64]
log4net: Searched for existing files in [c:\src\log4net\tests\log4net.Tests\bin\Debug\net451\win7-x64]
log4net: Searched for existing files in [c:\src\log4net\tests\log4net.Tests\bin\Debug\net451\win7-x64]
log4net: Searched for existing files in [c:\src\log4net\tests\log4net.Tests\bin\Debug\net451\win7-x64]
log4net: Searched for existing files in [c:\src\log4net\tests\log4net.Tests\bin\Debug\net451\win7-x64]
log4net: Searched for existing files in [c:\src\log4net\tests\log4net.Tests\bin\Debug\net451\win7-x64]
log4net: rolling over count [500]
log4net: maxSizeRollBackups [-1]
log4net: curSizeRollBackups [2]
log4net: countDirection [-1]
log4net: Moving [c:\src\log4net\tests\log4net.Tests\bin\Debug\net451\win7-x64\test_41d3d834_4320f4da.log.2] -> [c:\src\log4net\tests\log4net.Tests\bin\Debug\net451\win7-x64\test_41d3d834_4320f4da.log.3]
log4net: Moving [c:\src\log4net\tests\log4net.Tests\bin\Debug\net451\win7-x64\test_41d3d834_4320f4da.log.1] -> [c:\src\log4net\tests\log4net.Tests\bin\Debug\net451\win7-x64\test_41d3d834_4320f4da.log.2]
log4net: Moving [c:\src\log4net\tests\log4net.Tests\bin\Debug\net451\win7-x64\test_41d3d834_4320f4da.log] -> [c:\src\log4net\tests\log4net.Tests\bin\Debug\net451\win7-x64\test_41d3d834_4320f4da.log.1]
log4net: Opening file for writing [c:\src\log4net\tests\log4net.Tests\bin\Debug\net451\win7-x64\test_41d3d834_4320f4da.log] append [False]
log4net: Searched for existing files in [c:\src\log4net\tests\log4net.Tests\bin\Debug\net451\win7-x64]
log4net: Searched for existing files in [c:\src\log4net\tests\log4net.Tests\bin\Debug\net451\win7-x64]
log4net: Searched for existing files in [c:\src\log4net\tests\log4net.Tests\bin\Debug\net451\win7-x64]
log4net: Searched for existing files in [c:\src\log4net\tests\log4net.Tests\bin\Debug\net451\win7-x64]
log4net: Searched for existing files in [c:\src\log4net\tests\log4net.Tests\bin\Debug\net451\win7-x64]
log4net: Searched for existing files in [c:\src\log4net\tests\log4net.Tests\bin\Debug\net451\win7-x64]
log4net: Searched for existing files in [c:\src\log4net\tests\log4net.Tests\bin\Debug\net451\win7-x64]
log4net: Searched for existing files in [c:\src\log4net\tests\log4net.Tests\bin\Debug\net451\win7-x64]
log4net: Searched for existing files in [c:\src\log4net\tests\log4net.Tests\bin\Debug\net451\win7-x64]
log4net: Searched for existing files in [c:\src\log4net\tests\log4net.Tests\bin\Debug\net451\win7-x64]
log4net: rolling over count [500]
log4net: maxSizeRollBackups [-1]
log4net: curSizeRollBackups [3]
log4net: countDirection [-1]
log4net: Moving [c:\src\log4net\tests\log4net.Tests\bin\Debug\net451\win7-x64\test_41d3d834_4320f4da.log.3] -> [c:\src\log4net\tests\log4net.Tests\bin\Debug\net451\win7-x64\test_41d3d834_4320f4da.log.4]
log4net: Moving [c:\src\log4net\tests\log4net.Tests\bin\Debug\net451\win7-x64\test_41d3d834_4320f4da.log.2] -> [c:\src\log4net\tests\log4net.Tests\bin\Debug\net451\win7-x64\test_41d3d834_4320f4da.log.3]
log4net: Moving [c:\src\log4net\tests\log4net.Tests\bin\Debug\net451\win7-x64\test_41d3d834_4320f4da.log.1] -> [c:\src\log4net\tests\log4net.Tests\bin\Debug\net451\win7-x64\test_41d3d834_4320f4da.log.2]
log4net: Moving [c:\src\log4net\tests\log4net.Tests\bin\Debug\net451\win7-x64\test_41d3d834_4320f4da.log] -> [c:\src\log4net\tests\log4net.Tests\bin\Debug\net451\win7-x64\test_41d3d834_4320f4da.log.1]
log4net: Opening file for writing [c:\src\log4net\tests\log4net.Tests\bin\Debug\net451\win7-x64\test_41d3d834_4320f4da.log] append [False]
log4net: Searched for existing files in [c:\src\log4net\tests\log4net.Tests\bin\Debug\net451\win7-x64]
log4net: Searched for existing files in [c:\src\log4net\tests\log4net.Tests\bin\Debug\net451\win7-x64]
log4net: Searched for existing files in [c:\src\log4net\tests\log4net.Tests\bin\Debug\net451\win7-x64]
log4net: Searched for existing files in [c:\src\log4net\tests\log4net.Tests\bin\Debug\net451\win7-x64]
log4net: Searched for existing files in [c:\src\log4net\tests\log4net.Tests\bin\Debug\net451\win7-x64]
log4net: Searched for existing files in [c:\src\log4net\tests\log4net.Tests\bin\Debug\net451\win7-x64]
log4net: Searched for existing files in [c:\src\log4net\tests\log4net.Tests\bin\Debug\net451\win7-x64]
log4net: Searched for existing files in [c:\src\log4net\tests\log4net.Tests\bin\Debug\net451\win7-x64]
log4net: Searched for existing files in [c:\src\log4net\tests\log4net.Tests\bin\Debug\net451\win7-x64]
log4net: Searched for existing files in [c:\src\log4net\tests\log4net.Tests\bin\Debug\net451\win7-x64]
log4net: rolling over count [500]
log4net: maxSizeRollBackups [-1]
log4net: curSizeRollBackups [4]
log4net: countDirection [-1]
log4net: Moving [c:\src\log4net\tests\log4net.Tests\bin\Debug\net451\win7-x64\test_41d3d834_4320f4da.log.4] -> [c:\src\log4net\tests\log4net.Tests\bin\Debug\net451\win7-x64\test_41d3d834_4320f4da.log.5]
log4net: Moving [c:\src\log4net\tests\log4net.Tests\bin\Debug\net451\win7-x64\test_41d3d834_4320f4da.log.3] -> [c:\src\log4net\tests\log4net.Tests\bin\Debug\net451\win7-x64\test_41d3d834_4320f4da.log.4]
log4net: Moving [c:\src\log4net\tests\log4net.Tests\bin\Debug\net451\win7-x64\test_41d3d834_4320f4da.log.2] -> [c:\src\log4net\tests\log4net.Tests\bin\Debug\net451\win7-x64\test_41d3d834_4320f4da.log.3]
log4net: Moving [c:\src\log4net\tests\log4net.Tests\bin\Debug\net451\win7-x64\test_41d3d834_4320f4da.log.1] -> [c:\src\log4net\tests\log4net.Tests\bin\Debug\net451\win7-x64\test_41d3d834_4320f4da.log.2]
log4net: Moving [c:\src\log4net\tests\log4net.Tests\bin\Debug\net451\win7-x64\test_41d3d834_4320f4da.log] -> [c:\src\log4net\tests\log4net.Tests\bin\Debug\net451\win7-x64\test_41d3d834_4320f4da.log.1]
log4net: Opening file for writing [c:\src\log4net\tests\log4net.Tests\bin\Debug\net451\win7-x64\test_41d3d834_4320f4da.log] append [False]
log4net: Searched for existing files in [c:\src\log4net\tests\log4net.Tests\bin\Debug\net451\win7-x64]
log4net: Searched for existing files in [c:\src\log4net\tests\log4net.Tests\bin\Debug\net451\win7-x64]
log4net: Searched for existing files in [c:\src\log4net\tests\log4net.Tests\bin\Debug\net451\win7-x64]
log4net: Searched for existing files in [c:\src\log4net\tests\log4net.Tests\bin\Debug\net451\win7-x64]
log4net: Searched for existing files in [c:\src\log4net\tests\log4net.Tests\bin\Debug\net451\win7-x64]
log4net: Searched for existing files in [c:\src\log4net\tests\log4net.Tests\bin\Debug\net451\win7-x64]
log4net: Searched for existing files in [c:\src\log4net\tests\log4net.Tests\bin\Debug\net451\win7-x64]
log4net: Searched for existing files in [c:\src\log4net\tests\log4net.Tests\bin\Debug\net451\win7-x64]
log4net: Searched for existing files in [c:\src\log4net\tests\log4net.Tests\bin\Debug\net451\win7-x64]
log4net: Shutdown called on Hierarchy [log4net-default-repository]
log4net: Shutdown called on Hierarchy [log4net-default-repository]
log4net: Searched for existing files in [c:\src\log4net\tests\log4net.Tests\bin\Debug\net451\win7-x64]
]]></output>
            </test-case>
            <test-case id="1082" name="TestRollingCountDownZeroBackups" fullname="log4net.Tests.Appender.RollingFileAppenderTest.TestRollingCountDownZeroBackups" methodname="TestRollingCountDownZeroBackups" classname="log4net.Tests.Appender.RollingFileAppenderTest" runstate="Runnable" seed="1721686778" result="Passed" start-time="2016-08-03 07:06:00Z" end-time="2016-08-03 07:06:00Z" duration="0.035225" asserts="300">
              <output><![CDATA[log4net: Shutdown called on Hierarchy [log4net-default-repository]
log4net: Shutdown called on Hierarchy [log4net-default-repository]
log4net: Searched for existing files in [c:\src\log4net\tests\log4net.Tests\bin\Debug\net451\win7-x64]
log4net: Converter [m] Option [] Format [min=-1,max=2147483647,leftAlign=False]
log4net: Converter [n] Option [] Format [min=-1,max=2147483647,leftAlign=False]
log4net: Searched for existing files in [c:\src\log4net\tests\log4net.Tests\bin\Debug\net451\win7-x64]
log4net: curSizeRollBackups starts at [0]
log4net: Opening file for writing [c:\src\log4net\tests\log4net.Tests\bin\Debug\net451\win7-x64\test_41d3d834_4320f4da.log] append [True]
log4net: Searched for existing files in [c:\src\log4net\tests\log4net.Tests\bin\Debug\net451\win7-x64]
log4net: Searched for existing files in [c:\src\log4net\tests\log4net.Tests\bin\Debug\net451\win7-x64]
log4net: Searched for existing files in [c:\src\log4net\tests\log4net.Tests\bin\Debug\net451\win7-x64]
log4net: Searched for existing files in [c:\src\log4net\tests\log4net.Tests\bin\Debug\net451\win7-x64]
log4net: Searched for existing files in [c:\src\log4net\tests\log4net.Tests\bin\Debug\net451\win7-x64]
log4net: Searched for existing files in [c:\src\log4net\tests\log4net.Tests\bin\Debug\net451\win7-x64]
log4net: Searched for existing files in [c:\src\log4net\tests\log4net.Tests\bin\Debug\net451\win7-x64]
log4net: Searched for existing files in [c:\src\log4net\tests\log4net.Tests\bin\Debug\net451\win7-x64]
log4net: Searched for existing files in [c:\src\log4net\tests\log4net.Tests\bin\Debug\net451\win7-x64]
log4net: Searched for existing files in [c:\src\log4net\tests\log4net.Tests\bin\Debug\net451\win7-x64]
log4net: Searched for existing files in [c:\src\log4net\tests\log4net.Tests\bin\Debug\net451\win7-x64]
log4net: rolling over count [500]
log4net: maxSizeRollBackups [0]
log4net: curSizeRollBackups [0]
log4net: countDirection [-1]
log4net: Opening file for writing [c:\src\log4net\tests\log4net.Tests\bin\Debug\net451\win7-x64\test_41d3d834_4320f4da.log] append [False]
log4net: Searched for existing files in [c:\src\log4net\tests\log4net.Tests\bin\Debug\net451\win7-x64]
log4net: Searched for existing files in [c:\src\log4net\tests\log4net.Tests\bin\Debug\net451\win7-x64]
log4net: Searched for existing files in [c:\src\log4net\tests\log4net.Tests\bin\Debug\net451\win7-x64]
log4net: Searched for existing files in [c:\src\log4net\tests\log4net.Tests\bin\Debug\net451\win7-x64]
log4net: Searched for existing files in [c:\src\log4net\tests\log4net.Tests\bin\Debug\net451\win7-x64]
log4net: Searched for existing files in [c:\src\log4net\tests\log4net.Tests\bin\Debug\net451\win7-x64]
log4net: Searched for existing files in [c:\src\log4net\tests\log4net.Tests\bin\Debug\net451\win7-x64]
log4net: Searched for existing files in [c:\src\log4net\tests\log4net.Tests\bin\Debug\net451\win7-x64]
log4net: Searched for existing files in [c:\src\log4net\tests\log4net.Tests\bin\Debug\net451\win7-x64]
log4net: Searched for existing files in [c:\src\log4net\tests\log4net.Tests\bin\Debug\net451\win7-x64]
log4net: rolling over count [500]
log4net: maxSizeRollBackups [0]
log4net: curSizeRollBackups [0]
log4net: countDirection [-1]
log4net: Opening file for writing [c:\src\log4net\tests\log4net.Tests\bin\Debug\net451\win7-x64\test_41d3d834_4320f4da.log] append [False]
log4net: Searched for existing files in [c:\src\log4net\tests\log4net.Tests\bin\Debug\net451\win7-x64]
log4net: Searched for existing files in [c:\src\log4net\tests\log4net.Tests\bin\Debug\net451\win7-x64]
log4net: Searched for existing files in [c:\src\log4net\tests\log4net.Tests\bin\Debug\net451\win7-x64]
log4net: Searched for existing files in [c:\src\log4net\tests\log4net.Tests\bin\Debug\net451\win7-x64]
log4net: Searched for existing files in [c:\src\log4net\tests\log4net.Tests\bin\Debug\net451\win7-x64]
log4net: Searched for existing files in [c:\src\log4net\tests\log4net.Tests\bin\Debug\net451\win7-x64]
log4net: Searched for existing files in [c:\src\log4net\tests\log4net.Tests\bin\Debug\net451\win7-x64]
log4net: Searched for existing files in [c:\src\log4net\tests\log4net.Tests\bin\Debug\net451\win7-x64]
log4net: Searched for existing files in [c:\src\log4net\tests\log4net.Tests\bin\Debug\net451\win7-x64]
log4net: Searched for existing files in [c:\src\log4net\tests\log4net.Tests\bin\Debug\net451\win7-x64]
log4net: rolling over count [500]
log4net: maxSizeRollBackups [0]
log4net: curSizeRollBackups [0]
log4net: countDirection [-1]
log4net: Opening file for writing [c:\src\log4net\tests\log4net.Tests\bin\Debug\net451\win7-x64\test_41d3d834_4320f4da.log] append [False]
log4net: Searched for existing files in [c:\src\log4net\tests\log4net.Tests\bin\Debug\net451\win7-x64]
log4net: Searched for existing files in [c:\src\log4net\tests\log4net.Tests\bin\Debug\net451\win7-x64]
log4net: Searched for existing files in [c:\src\log4net\tests\log4net.Tests\bin\Debug\net451\win7-x64]
log4net: Searched for existing files in [c:\src\log4net\tests\log4net.Tests\bin\Debug\net451\win7-x64]
log4net: Searched for existing files in [c:\src\log4net\tests\log4net.Tests\bin\Debug\net451\win7-x64]
log4net: Searched for existing files in [c:\src\log4net\tests\log4net.Tests\bin\Debug\net451\win7-x64]
log4net: Searched for existing files in [c:\src\log4net\tests\log4net.Tests\bin\Debug\net451\win7-x64]
log4net: Searched for existing files in [c:\src\log4net\tests\log4net.Tests\bin\Debug\net451\win7-x64]
log4net: Searched for existing files in [c:\src\log4net\tests\log4net.Tests\bin\Debug\net451\win7-x64]
log4net: Searched for existing files in [c:\src\log4net\tests\log4net.Tests\bin\Debug\net451\win7-x64]
log4net: rolling over count [500]
log4net: maxSizeRollBackups [0]
log4net: curSizeRollBackups [0]
log4net: countDirection [-1]
log4net: Opening file for writing [c:\src\log4net\tests\log4net.Tests\bin\Debug\net451\win7-x64\test_41d3d834_4320f4da.log] append [False]
log4net: Searched for existing files in [c:\src\log4net\tests\log4net.Tests\bin\Debug\net451\win7-x64]
log4net: Searched for existing files in [c:\src\log4net\tests\log4net.Tests\bin\Debug\net451\win7-x64]
log4net: Searched for existing files in [c:\src\log4net\tests\log4net.Tests\bin\Debug\net451\win7-x64]
log4net: Searched for existing files in [c:\src\log4net\tests\log4net.Tests\bin\Debug\net451\win7-x64]
log4net: Searched for existing files in [c:\src\log4net\tests\log4net.Tests\bin\Debug\net451\win7-x64]
log4net: Searched for existing files in [c:\src\log4net\tests\log4net.Tests\bin\Debug\net451\win7-x64]
log4net: Searched for existing files in [c:\src\log4net\tests\log4net.Tests\bin\Debug\net451\win7-x64]
log4net: Searched for existing files in [c:\src\log4net\tests\log4net.Tests\bin\Debug\net451\win7-x64]
log4net: Searched for existing files in [c:\src\log4net\tests\log4net.Tests\bin\Debug\net451\win7-x64]
log4net: Searched for existing files in [c:\src\log4net\tests\log4net.Tests\bin\Debug\net451\win7-x64]
log4net: rolling over count [500]
log4net: maxSizeRollBackups [0]
log4net: curSizeRollBackups [0]
log4net: countDirection [-1]
log4net: Opening file for writing [c:\src\log4net\tests\log4net.Tests\bin\Debug\net451\win7-x64\test_41d3d834_4320f4da.log] append [False]
log4net: Searched for existing files in [c:\src\log4net\tests\log4net.Tests\bin\Debug\net451\win7-x64]
log4net: Searched for existing files in [c:\src\log4net\tests\log4net.Tests\bin\Debug\net451\win7-x64]
log4net: Searched for existing files in [c:\src\log4net\tests\log4net.Tests\bin\Debug\net451\win7-x64]
log4net: Searched for existing files in [c:\src\log4net\tests\log4net.Tests\bin\Debug\net451\win7-x64]
log4net: Searched for existing files in [c:\src\log4net\tests\log4net.Tests\bin\Debug\net451\win7-x64]
log4net: Searched for existing files in [c:\src\log4net\tests\log4net.Tests\bin\Debug\net451\win7-x64]
log4net: Searched for existing files in [c:\src\log4net\tests\log4net.Tests\bin\Debug\net451\win7-x64]
log4net: Searched for existing files in [c:\src\log4net\tests\log4net.Tests\bin\Debug\net451\win7-x64]
log4net: Searched for existing files in [c:\src\log4net\tests\log4net.Tests\bin\Debug\net451\win7-x64]
log4net: Shutdown called on Hierarchy [log4net-default-repository]
log4net: Shutdown called on Hierarchy [log4net-default-repository]
log4net: Searched for existing files in [c:\src\log4net\tests\log4net.Tests\bin\Debug\net451\win7-x64]
]]></output>
            </test-case>
            <test-case id="1077" name="TestRollingCountUpFixedBackups" fullname="log4net.Tests.Appender.RollingFileAppenderTest.TestRollingCountUpFixedBackups" methodname="TestRollingCountUpFixedBackups" classname="log4net.Tests.Appender.RollingFileAppenderTest" runstate="Runnable" seed="4144040" result="Passed" start-time="2016-08-03 07:06:00Z" end-time="2016-08-03 07:06:00Z" duration="0.102026" asserts="651">
              <output><![CDATA[log4net: Shutdown called on Hierarchy [log4net-default-repository]
log4net: Shutdown called on Hierarchy [log4net-default-repository]
log4net: Searched for existing files in [c:\src\log4net\tests\log4net.Tests\bin\Debug\net451\win7-x64]
log4net: Converter [m] Option [] Format [min=-1,max=2147483647,leftAlign=False]
log4net: Converter [n] Option [] Format [min=-1,max=2147483647,leftAlign=False]
log4net: Searched for existing files in [c:\src\log4net\tests\log4net.Tests\bin\Debug\net451\win7-x64]
log4net: curSizeRollBackups starts at [0]
log4net: Opening file for writing [c:\src\log4net\tests\log4net.Tests\bin\Debug\net451\win7-x64\test_41d3d834_4320f4da.log] append [True]
log4net: Searched for existing files in [c:\src\log4net\tests\log4net.Tests\bin\Debug\net451\win7-x64]
log4net: Searched for existing files in [c:\src\log4net\tests\log4net.Tests\bin\Debug\net451\win7-x64]
log4net: Searched for existing files in [c:\src\log4net\tests\log4net.Tests\bin\Debug\net451\win7-x64]
log4net: Searched for existing files in [c:\src\log4net\tests\log4net.Tests\bin\Debug\net451\win7-x64]
log4net: Searched for existing files in [c:\src\log4net\tests\log4net.Tests\bin\Debug\net451\win7-x64]
log4net: Searched for existing files in [c:\src\log4net\tests\log4net.Tests\bin\Debug\net451\win7-x64]
log4net: Searched for existing files in [c:\src\log4net\tests\log4net.Tests\bin\Debug\net451\win7-x64]
log4net: Searched for existing files in [c:\src\log4net\tests\log4net.Tests\bin\Debug\net451\win7-x64]
log4net: Searched for existing files in [c:\src\log4net\tests\log4net.Tests\bin\Debug\net451\win7-x64]
log4net: Searched for existing files in [c:\src\log4net\tests\log4net.Tests\bin\Debug\net451\win7-x64]
log4net: Searched for existing files in [c:\src\log4net\tests\log4net.Tests\bin\Debug\net451\win7-x64]
log4net: rolling over count [500]
log4net: maxSizeRollBackups [3]
log4net: curSizeRollBackups [0]
log4net: countDirection [1]
log4net: Moving [c:\src\log4net\tests\log4net.Tests\bin\Debug\net451\win7-x64\test_41d3d834_4320f4da.log] -> [c:\src\log4net\tests\log4net.Tests\bin\Debug\net451\win7-x64\test_41d3d834_4320f4da.log.1]
log4net: Opening file for writing [c:\src\log4net\tests\log4net.Tests\bin\Debug\net451\win7-x64\test_41d3d834_4320f4da.log] append [False]
log4net: Searched for existing files in [c:\src\log4net\tests\log4net.Tests\bin\Debug\net451\win7-x64]
log4net: Searched for existing files in [c:\src\log4net\tests\log4net.Tests\bin\Debug\net451\win7-x64]
log4net: Searched for existing files in [c:\src\log4net\tests\log4net.Tests\bin\Debug\net451\win7-x64]
log4net: Searched for existing files in [c:\src\log4net\tests\log4net.Tests\bin\Debug\net451\win7-x64]
log4net: Searched for existing files in [c:\src\log4net\tests\log4net.Tests\bin\Debug\net451\win7-x64]
log4net: Searched for existing files in [c:\src\log4net\tests\log4net.Tests\bin\Debug\net451\win7-x64]
log4net: Searched for existing files in [c:\src\log4net\tests\log4net.Tests\bin\Debug\net451\win7-x64]
log4net: Searched for existing files in [c:\src\log4net\tests\log4net.Tests\bin\Debug\net451\win7-x64]
log4net: Searched for existing files in [c:\src\log4net\tests\log4net.Tests\bin\Debug\net451\win7-x64]
log4net: Searched for existing files in [c:\src\log4net\tests\log4net.Tests\bin\Debug\net451\win7-x64]
log4net: rolling over count [500]
log4net: maxSizeRollBackups [3]
log4net: curSizeRollBackups [1]
log4net: countDirection [1]
log4net: Moving [c:\src\log4net\tests\log4net.Tests\bin\Debug\net451\win7-x64\test_41d3d834_4320f4da.log] -> [c:\src\log4net\tests\log4net.Tests\bin\Debug\net451\win7-x64\test_41d3d834_4320f4da.log.2]
log4net: Opening file for writing [c:\src\log4net\tests\log4net.Tests\bin\Debug\net451\win7-x64\test_41d3d834_4320f4da.log] append [False]
log4net: Searched for existing files in [c:\src\log4net\tests\log4net.Tests\bin\Debug\net451\win7-x64]
log4net: Searched for existing files in [c:\src\log4net\tests\log4net.Tests\bin\Debug\net451\win7-x64]
log4net: Searched for existing files in [c:\src\log4net\tests\log4net.Tests\bin\Debug\net451\win7-x64]
log4net: Searched for existing files in [c:\src\log4net\tests\log4net.Tests\bin\Debug\net451\win7-x64]
log4net: Searched for existing files in [c:\src\log4net\tests\log4net.Tests\bin\Debug\net451\win7-x64]
log4net: Searched for existing files in [c:\src\log4net\tests\log4net.Tests\bin\Debug\net451\win7-x64]
log4net: Searched for existing files in [c:\src\log4net\tests\log4net.Tests\bin\Debug\net451\win7-x64]
log4net: Searched for existing files in [c:\src\log4net\tests\log4net.Tests\bin\Debug\net451\win7-x64]
log4net: Searched for existing files in [c:\src\log4net\tests\log4net.Tests\bin\Debug\net451\win7-x64]
log4net: Searched for existing files in [c:\src\log4net\tests\log4net.Tests\bin\Debug\net451\win7-x64]
log4net: rolling over count [500]
log4net: maxSizeRollBackups [3]
log4net: curSizeRollBackups [2]
log4net: countDirection [1]
log4net: Moving [c:\src\log4net\tests\log4net.Tests\bin\Debug\net451\win7-x64\test_41d3d834_4320f4da.log] -> [c:\src\log4net\tests\log4net.Tests\bin\Debug\net451\win7-x64\test_41d3d834_4320f4da.log.3]
log4net: Opening file for writing [c:\src\log4net\tests\log4net.Tests\bin\Debug\net451\win7-x64\test_41d3d834_4320f4da.log] append [False]
log4net: Searched for existing files in [c:\src\log4net\tests\log4net.Tests\bin\Debug\net451\win7-x64]
log4net: Searched for existing files in [c:\src\log4net\tests\log4net.Tests\bin\Debug\net451\win7-x64]
log4net: Searched for existing files in [c:\src\log4net\tests\log4net.Tests\bin\Debug\net451\win7-x64]
log4net: Searched for existing files in [c:\src\log4net\tests\log4net.Tests\bin\Debug\net451\win7-x64]
log4net: Searched for existing files in [c:\src\log4net\tests\log4net.Tests\bin\Debug\net451\win7-x64]
log4net: Searched for existing files in [c:\src\log4net\tests\log4net.Tests\bin\Debug\net451\win7-x64]
log4net: Searched for existing files in [c:\src\log4net\tests\log4net.Tests\bin\Debug\net451\win7-x64]
log4net: Searched for existing files in [c:\src\log4net\tests\log4net.Tests\bin\Debug\net451\win7-x64]
log4net: Searched for existing files in [c:\src\log4net\tests\log4net.Tests\bin\Debug\net451\win7-x64]
log4net: Searched for existing files in [c:\src\log4net\tests\log4net.Tests\bin\Debug\net451\win7-x64]
log4net: rolling over count [500]
log4net: maxSizeRollBackups [3]
log4net: curSizeRollBackups [3]
log4net: countDirection [1]
log4net: Deleted file [c:\src\log4net\tests\log4net.Tests\bin\Debug\net451\win7-x64\test_41d3d834_4320f4da.log.1]
log4net: Moving [c:\src\log4net\tests\log4net.Tests\bin\Debug\net451\win7-x64\test_41d3d834_4320f4da.log] -> [c:\src\log4net\tests\log4net.Tests\bin\Debug\net451\win7-x64\test_41d3d834_4320f4da.log.4]
log4net: Opening file for writing [c:\src\log4net\tests\log4net.Tests\bin\Debug\net451\win7-x64\test_41d3d834_4320f4da.log] append [False]
log4net: Searched for existing files in [c:\src\log4net\tests\log4net.Tests\bin\Debug\net451\win7-x64]
log4net: Searched for existing files in [c:\src\log4net\tests\log4net.Tests\bin\Debug\net451\win7-x64]
log4net: Searched for existing files in [c:\src\log4net\tests\log4net.Tests\bin\Debug\net451\win7-x64]
log4net: Searched for existing files in [c:\src\log4net\tests\log4net.Tests\bin\Debug\net451\win7-x64]
log4net: Searched for existing files in [c:\src\log4net\tests\log4net.Tests\bin\Debug\net451\win7-x64]
log4net: Searched for existing files in [c:\src\log4net\tests\log4net.Tests\bin\Debug\net451\win7-x64]
log4net: Searched for existing files in [c:\src\log4net\tests\log4net.Tests\bin\Debug\net451\win7-x64]
log4net: Searched for existing files in [c:\src\log4net\tests\log4net.Tests\bin\Debug\net451\win7-x64]
log4net: Searched for existing files in [c:\src\log4net\tests\log4net.Tests\bin\Debug\net451\win7-x64]
log4net: Searched for existing files in [c:\src\log4net\tests\log4net.Tests\bin\Debug\net451\win7-x64]
log4net: rolling over count [500]
log4net: maxSizeRollBackups [3]
log4net: curSizeRollBackups [4]
log4net: countDirection [1]
log4net: Deleted file [c:\src\log4net\tests\log4net.Tests\bin\Debug\net451\win7-x64\test_41d3d834_4320f4da.log.2]
log4net: Moving [c:\src\log4net\tests\log4net.Tests\bin\Debug\net451\win7-x64\test_41d3d834_4320f4da.log] -> [c:\src\log4net\tests\log4net.Tests\bin\Debug\net451\win7-x64\test_41d3d834_4320f4da.log.5]
log4net: Opening file for writing [c:\src\log4net\tests\log4net.Tests\bin\Debug\net451\win7-x64\test_41d3d834_4320f4da.log] append [False]
log4net: Searched for existing files in [c:\src\log4net\tests\log4net.Tests\bin\Debug\net451\win7-x64]
log4net: Searched for existing files in [c:\src\log4net\tests\log4net.Tests\bin\Debug\net451\win7-x64]
log4net: Searched for existing files in [c:\src\log4net\tests\log4net.Tests\bin\Debug\net451\win7-x64]
log4net: Searched for existing files in [c:\src\log4net\tests\log4net.Tests\bin\Debug\net451\win7-x64]
log4net: Searched for existing files in [c:\src\log4net\tests\log4net.Tests\bin\Debug\net451\win7-x64]
log4net: Searched for existing files in [c:\src\log4net\tests\log4net.Tests\bin\Debug\net451\win7-x64]
log4net: Searched for existing files in [c:\src\log4net\tests\log4net.Tests\bin\Debug\net451\win7-x64]
log4net: Searched for existing files in [c:\src\log4net\tests\log4net.Tests\bin\Debug\net451\win7-x64]
log4net: Searched for existing files in [c:\src\log4net\tests\log4net.Tests\bin\Debug\net451\win7-x64]
log4net: Shutdown called on Hierarchy [log4net-default-repository]
log4net: Shutdown called on Hierarchy [log4net-default-repository]
log4net: Searched for existing files in [c:\src\log4net\tests\log4net.Tests\bin\Debug\net451\win7-x64]
]]></output>
            </test-case>
            <test-case id="1078" name="TestRollingCountUpInfiniteBackups" fullname="log4net.Tests.Appender.RollingFileAppenderTest.TestRollingCountUpInfiniteBackups" methodname="TestRollingCountUpInfiniteBackups" classname="log4net.Tests.Appender.RollingFileAppenderTest" runstate="Runnable" seed="41750494" result="Passed" start-time="2016-08-03 07:06:00Z" end-time="2016-08-03 07:06:00Z" duration="0.069266" asserts="735">
              <output><![CDATA[log4net: Shutdown called on Hierarchy [log4net-default-repository]
log4net: Shutdown called on Hierarchy [log4net-default-repository]
log4net: Searched for existing files in [c:\src\log4net\tests\log4net.Tests\bin\Debug\net451\win7-x64]
log4net: Converter [m] Option [] Format [min=-1,max=2147483647,leftAlign=False]
log4net: Converter [n] Option [] Format [min=-1,max=2147483647,leftAlign=False]
log4net: Searched for existing files in [c:\src\log4net\tests\log4net.Tests\bin\Debug\net451\win7-x64]
log4net: curSizeRollBackups starts at [0]
log4net: Opening file for writing [c:\src\log4net\tests\log4net.Tests\bin\Debug\net451\win7-x64\test_41d3d834_4320f4da.log] append [True]
log4net: Searched for existing files in [c:\src\log4net\tests\log4net.Tests\bin\Debug\net451\win7-x64]
log4net: Searched for existing files in [c:\src\log4net\tests\log4net.Tests\bin\Debug\net451\win7-x64]
log4net: Searched for existing files in [c:\src\log4net\tests\log4net.Tests\bin\Debug\net451\win7-x64]
log4net: Searched for existing files in [c:\src\log4net\tests\log4net.Tests\bin\Debug\net451\win7-x64]
log4net: Searched for existing files in [c:\src\log4net\tests\log4net.Tests\bin\Debug\net451\win7-x64]
log4net: Searched for existing files in [c:\src\log4net\tests\log4net.Tests\bin\Debug\net451\win7-x64]
log4net: Searched for existing files in [c:\src\log4net\tests\log4net.Tests\bin\Debug\net451\win7-x64]
log4net: Searched for existing files in [c:\src\log4net\tests\log4net.Tests\bin\Debug\net451\win7-x64]
log4net: Searched for existing files in [c:\src\log4net\tests\log4net.Tests\bin\Debug\net451\win7-x64]
log4net: Searched for existing files in [c:\src\log4net\tests\log4net.Tests\bin\Debug\net451\win7-x64]
log4net: Searched for existing files in [c:\src\log4net\tests\log4net.Tests\bin\Debug\net451\win7-x64]
log4net: rolling over count [500]
log4net: maxSizeRollBackups [-1]
log4net: curSizeRollBackups [0]
log4net: countDirection [1]
log4net: Moving [c:\src\log4net\tests\log4net.Tests\bin\Debug\net451\win7-x64\test_41d3d834_4320f4da.log] -> [c:\src\log4net\tests\log4net.Tests\bin\Debug\net451\win7-x64\test_41d3d834_4320f4da.log.1]
log4net: Opening file for writing [c:\src\log4net\tests\log4net.Tests\bin\Debug\net451\win7-x64\test_41d3d834_4320f4da.log] append [False]
log4net: Searched for existing files in [c:\src\log4net\tests\log4net.Tests\bin\Debug\net451\win7-x64]
log4net: Searched for existing files in [c:\src\log4net\tests\log4net.Tests\bin\Debug\net451\win7-x64]
log4net: Searched for existing files in [c:\src\log4net\tests\log4net.Tests\bin\Debug\net451\win7-x64]
log4net: Searched for existing files in [c:\src\log4net\tests\log4net.Tests\bin\Debug\net451\win7-x64]
log4net: Searched for existing files in [c:\src\log4net\tests\log4net.Tests\bin\Debug\net451\win7-x64]
log4net: Searched for existing files in [c:\src\log4net\tests\log4net.Tests\bin\Debug\net451\win7-x64]
log4net: Searched for existing files in [c:\src\log4net\tests\log4net.Tests\bin\Debug\net451\win7-x64]
log4net: Searched for existing files in [c:\src\log4net\tests\log4net.Tests\bin\Debug\net451\win7-x64]
log4net: Searched for existing files in [c:\src\log4net\tests\log4net.Tests\bin\Debug\net451\win7-x64]
log4net: Searched for existing files in [c:\src\log4net\tests\log4net.Tests\bin\Debug\net451\win7-x64]
log4net: rolling over count [500]
log4net: maxSizeRollBackups [-1]
log4net: curSizeRollBackups [1]
log4net: countDirection [1]
log4net: Moving [c:\src\log4net\tests\log4net.Tests\bin\Debug\net451\win7-x64\test_41d3d834_4320f4da.log] -> [c:\src\log4net\tests\log4net.Tests\bin\Debug\net451\win7-x64\test_41d3d834_4320f4da.log.2]
log4net: Opening file for writing [c:\src\log4net\tests\log4net.Tests\bin\Debug\net451\win7-x64\test_41d3d834_4320f4da.log] append [False]
log4net: Searched for existing files in [c:\src\log4net\tests\log4net.Tests\bin\Debug\net451\win7-x64]
log4net: Searched for existing files in [c:\src\log4net\tests\log4net.Tests\bin\Debug\net451\win7-x64]
log4net: Searched for existing files in [c:\src\log4net\tests\log4net.Tests\bin\Debug\net451\win7-x64]
log4net: Searched for existing files in [c:\src\log4net\tests\log4net.Tests\bin\Debug\net451\win7-x64]
log4net: Searched for existing files in [c:\src\log4net\tests\log4net.Tests\bin\Debug\net451\win7-x64]
log4net: Searched for existing files in [c:\src\log4net\tests\log4net.Tests\bin\Debug\net451\win7-x64]
log4net: Searched for existing files in [c:\src\log4net\tests\log4net.Tests\bin\Debug\net451\win7-x64]
log4net: Searched for existing files in [c:\src\log4net\tests\log4net.Tests\bin\Debug\net451\win7-x64]
log4net: Searched for existing files in [c:\src\log4net\tests\log4net.Tests\bin\Debug\net451\win7-x64]
log4net: Searched for existing files in [c:\src\log4net\tests\log4net.Tests\bin\Debug\net451\win7-x64]
log4net: rolling over count [500]
log4net: maxSizeRollBackups [-1]
log4net: curSizeRollBackups [2]
log4net: countDirection [1]
log4net: Moving [c:\src\log4net\tests\log4net.Tests\bin\Debug\net451\win7-x64\test_41d3d834_4320f4da.log] -> [c:\src\log4net\tests\log4net.Tests\bin\Debug\net451\win7-x64\test_41d3d834_4320f4da.log.3]
log4net: Opening file for writing [c:\src\log4net\tests\log4net.Tests\bin\Debug\net451\win7-x64\test_41d3d834_4320f4da.log] append [False]
log4net: Searched for existing files in [c:\src\log4net\tests\log4net.Tests\bin\Debug\net451\win7-x64]
log4net: Searched for existing files in [c:\src\log4net\tests\log4net.Tests\bin\Debug\net451\win7-x64]
log4net: Searched for existing files in [c:\src\log4net\tests\log4net.Tests\bin\Debug\net451\win7-x64]
log4net: Searched for existing files in [c:\src\log4net\tests\log4net.Tests\bin\Debug\net451\win7-x64]
log4net: Searched for existing files in [c:\src\log4net\tests\log4net.Tests\bin\Debug\net451\win7-x64]
log4net: Searched for existing files in [c:\src\log4net\tests\log4net.Tests\bin\Debug\net451\win7-x64]
log4net: Searched for existing files in [c:\src\log4net\tests\log4net.Tests\bin\Debug\net451\win7-x64]
log4net: Searched for existing files in [c:\src\log4net\tests\log4net.Tests\bin\Debug\net451\win7-x64]
log4net: Searched for existing files in [c:\src\log4net\tests\log4net.Tests\bin\Debug\net451\win7-x64]
log4net: Searched for existing files in [c:\src\log4net\tests\log4net.Tests\bin\Debug\net451\win7-x64]
log4net: rolling over count [500]
log4net: maxSizeRollBackups [-1]
log4net: curSizeRollBackups [3]
log4net: countDirection [1]
log4net: Moving [c:\src\log4net\tests\log4net.Tests\bin\Debug\net451\win7-x64\test_41d3d834_4320f4da.log] -> [c:\src\log4net\tests\log4net.Tests\bin\Debug\net451\win7-x64\test_41d3d834_4320f4da.log.4]
log4net: Opening file for writing [c:\src\log4net\tests\log4net.Tests\bin\Debug\net451\win7-x64\test_41d3d834_4320f4da.log] append [False]
log4net: Searched for existing files in [c:\src\log4net\tests\log4net.Tests\bin\Debug\net451\win7-x64]
log4net: Searched for existing files in [c:\src\log4net\tests\log4net.Tests\bin\Debug\net451\win7-x64]
log4net: Searched for existing files in [c:\src\log4net\tests\log4net.Tests\bin\Debug\net451\win7-x64]
log4net: Searched for existing files in [c:\src\log4net\tests\log4net.Tests\bin\Debug\net451\win7-x64]
log4net: Searched for existing files in [c:\src\log4net\tests\log4net.Tests\bin\Debug\net451\win7-x64]
log4net: Searched for existing files in [c:\src\log4net\tests\log4net.Tests\bin\Debug\net451\win7-x64]
log4net: Searched for existing files in [c:\src\log4net\tests\log4net.Tests\bin\Debug\net451\win7-x64]
log4net: Searched for existing files in [c:\src\log4net\tests\log4net.Tests\bin\Debug\net451\win7-x64]
log4net: Searched for existing files in [c:\src\log4net\tests\log4net.Tests\bin\Debug\net451\win7-x64]
log4net: Searched for existing files in [c:\src\log4net\tests\log4net.Tests\bin\Debug\net451\win7-x64]
log4net: rolling over count [500]
log4net: maxSizeRollBackups [-1]
log4net: curSizeRollBackups [4]
log4net: countDirection [1]
log4net: Moving [c:\src\log4net\tests\log4net.Tests\bin\Debug\net451\win7-x64\test_41d3d834_4320f4da.log] -> [c:\src\log4net\tests\log4net.Tests\bin\Debug\net451\win7-x64\test_41d3d834_4320f4da.log.5]
log4net: Opening file for writing [c:\src\log4net\tests\log4net.Tests\bin\Debug\net451\win7-x64\test_41d3d834_4320f4da.log] append [False]
log4net: Searched for existing files in [c:\src\log4net\tests\log4net.Tests\bin\Debug\net451\win7-x64]
log4net: Searched for existing files in [c:\src\log4net\tests\log4net.Tests\bin\Debug\net451\win7-x64]
log4net: Searched for existing files in [c:\src\log4net\tests\log4net.Tests\bin\Debug\net451\win7-x64]
log4net: Searched for existing files in [c:\src\log4net\tests\log4net.Tests\bin\Debug\net451\win7-x64]
log4net: Searched for existing files in [c:\src\log4net\tests\log4net.Tests\bin\Debug\net451\win7-x64]
log4net: Searched for existing files in [c:\src\log4net\tests\log4net.Tests\bin\Debug\net451\win7-x64]
log4net: Searched for existing files in [c:\src\log4net\tests\log4net.Tests\bin\Debug\net451\win7-x64]
log4net: Searched for existing files in [c:\src\log4net\tests\log4net.Tests\bin\Debug\net451\win7-x64]
log4net: Searched for existing files in [c:\src\log4net\tests\log4net.Tests\bin\Debug\net451\win7-x64]
log4net: Shutdown called on Hierarchy [log4net-default-repository]
log4net: Shutdown called on Hierarchy [log4net-default-repository]
log4net: Searched for existing files in [c:\src\log4net\tests\log4net.Tests\bin\Debug\net451\win7-x64]
]]></output>
            </test-case>
            <test-case id="1079" name="TestRollingCountUpZeroBackups" fullname="log4net.Tests.Appender.RollingFileAppenderTest.TestRollingCountUpZeroBackups" methodname="TestRollingCountUpZeroBackups" classname="log4net.Tests.Appender.RollingFileAppenderTest" runstate="Runnable" seed="719469429" result="Passed" start-time="2016-08-03 07:06:00Z" end-time="2016-08-03 07:06:00Z" duration="0.043031" asserts="300">
              <output><![CDATA[log4net: Shutdown called on Hierarchy [log4net-default-repository]
log4net: Shutdown called on Hierarchy [log4net-default-repository]
log4net: Searched for existing files in [c:\src\log4net\tests\log4net.Tests\bin\Debug\net451\win7-x64]
log4net: Converter [m] Option [] Format [min=-1,max=2147483647,leftAlign=False]
log4net: Converter [n] Option [] Format [min=-1,max=2147483647,leftAlign=False]
log4net: Searched for existing files in [c:\src\log4net\tests\log4net.Tests\bin\Debug\net451\win7-x64]
log4net: curSizeRollBackups starts at [0]
log4net: Opening file for writing [c:\src\log4net\tests\log4net.Tests\bin\Debug\net451\win7-x64\test_41d3d834_4320f4da.log] append [True]
log4net: Searched for existing files in [c:\src\log4net\tests\log4net.Tests\bin\Debug\net451\win7-x64]
log4net: Searched for existing files in [c:\src\log4net\tests\log4net.Tests\bin\Debug\net451\win7-x64]
log4net: Searched for existing files in [c:\src\log4net\tests\log4net.Tests\bin\Debug\net451\win7-x64]
log4net: Searched for existing files in [c:\src\log4net\tests\log4net.Tests\bin\Debug\net451\win7-x64]
log4net: Searched for existing files in [c:\src\log4net\tests\log4net.Tests\bin\Debug\net451\win7-x64]
log4net: Searched for existing files in [c:\src\log4net\tests\log4net.Tests\bin\Debug\net451\win7-x64]
log4net: Searched for existing files in [c:\src\log4net\tests\log4net.Tests\bin\Debug\net451\win7-x64]
log4net: Searched for existing files in [c:\src\log4net\tests\log4net.Tests\bin\Debug\net451\win7-x64]
log4net: Searched for existing files in [c:\src\log4net\tests\log4net.Tests\bin\Debug\net451\win7-x64]
log4net: Searched for existing files in [c:\src\log4net\tests\log4net.Tests\bin\Debug\net451\win7-x64]
log4net: Searched for existing files in [c:\src\log4net\tests\log4net.Tests\bin\Debug\net451\win7-x64]
log4net: rolling over count [500]
log4net: maxSizeRollBackups [0]
log4net: curSizeRollBackups [0]
log4net: countDirection [1]
log4net: Opening file for writing [c:\src\log4net\tests\log4net.Tests\bin\Debug\net451\win7-x64\test_41d3d834_4320f4da.log] append [False]
log4net: Searched for existing files in [c:\src\log4net\tests\log4net.Tests\bin\Debug\net451\win7-x64]
log4net: Searched for existing files in [c:\src\log4net\tests\log4net.Tests\bin\Debug\net451\win7-x64]
log4net: Searched for existing files in [c:\src\log4net\tests\log4net.Tests\bin\Debug\net451\win7-x64]
log4net: Searched for existing files in [c:\src\log4net\tests\log4net.Tests\bin\Debug\net451\win7-x64]
log4net: Searched for existing files in [c:\src\log4net\tests\log4net.Tests\bin\Debug\net451\win7-x64]
log4net: Searched for existing files in [c:\src\log4net\tests\log4net.Tests\bin\Debug\net451\win7-x64]
log4net: Searched for existing files in [c:\src\log4net\tests\log4net.Tests\bin\Debug\net451\win7-x64]
log4net: Searched for existing files in [c:\src\log4net\tests\log4net.Tests\bin\Debug\net451\win7-x64]
log4net: Searched for existing files in [c:\src\log4net\tests\log4net.Tests\bin\Debug\net451\win7-x64]
log4net: Searched for existing files in [c:\src\log4net\tests\log4net.Tests\bin\Debug\net451\win7-x64]
log4net: rolling over count [500]
log4net: maxSizeRollBackups [0]
log4net: curSizeRollBackups [0]
log4net: countDirection [1]
log4net: Opening file for writing [c:\src\log4net\tests\log4net.Tests\bin\Debug\net451\win7-x64\test_41d3d834_4320f4da.log] append [False]
log4net: Searched for existing files in [c:\src\log4net\tests\log4net.Tests\bin\Debug\net451\win7-x64]
log4net: Searched for existing files in [c:\src\log4net\tests\log4net.Tests\bin\Debug\net451\win7-x64]
log4net: Searched for existing files in [c:\src\log4net\tests\log4net.Tests\bin\Debug\net451\win7-x64]
log4net: Searched for existing files in [c:\src\log4net\tests\log4net.Tests\bin\Debug\net451\win7-x64]
log4net: Searched for existing files in [c:\src\log4net\tests\log4net.Tests\bin\Debug\net451\win7-x64]
log4net: Searched for existing files in [c:\src\log4net\tests\log4net.Tests\bin\Debug\net451\win7-x64]
log4net: Searched for existing files in [c:\src\log4net\tests\log4net.Tests\bin\Debug\net451\win7-x64]
log4net: Searched for existing files in [c:\src\log4net\tests\log4net.Tests\bin\Debug\net451\win7-x64]
log4net: Searched for existing files in [c:\src\log4net\tests\log4net.Tests\bin\Debug\net451\win7-x64]
log4net: Searched for existing files in [c:\src\log4net\tests\log4net.Tests\bin\Debug\net451\win7-x64]
log4net: rolling over count [500]
log4net: maxSizeRollBackups [0]
log4net: curSizeRollBackups [0]
log4net: countDirection [1]
log4net: Opening file for writing [c:\src\log4net\tests\log4net.Tests\bin\Debug\net451\win7-x64\test_41d3d834_4320f4da.log] append [False]
log4net: Searched for existing files in [c:\src\log4net\tests\log4net.Tests\bin\Debug\net451\win7-x64]
log4net: Searched for existing files in [c:\src\log4net\tests\log4net.Tests\bin\Debug\net451\win7-x64]
log4net: Searched for existing files in [c:\src\log4net\tests\log4net.Tests\bin\Debug\net451\win7-x64]
log4net: Searched for existing files in [c:\src\log4net\tests\log4net.Tests\bin\Debug\net451\win7-x64]
log4net: Searched for existing files in [c:\src\log4net\tests\log4net.Tests\bin\Debug\net451\win7-x64]
log4net: Searched for existing files in [c:\src\log4net\tests\log4net.Tests\bin\Debug\net451\win7-x64]
log4net: Searched for existing files in [c:\src\log4net\tests\log4net.Tests\bin\Debug\net451\win7-x64]
log4net: Searched for existing files in [c:\src\log4net\tests\log4net.Tests\bin\Debug\net451\win7-x64]
log4net: Searched for existing files in [c:\src\log4net\tests\log4net.Tests\bin\Debug\net451\win7-x64]
log4net: Searched for existing files in [c:\src\log4net\tests\log4net.Tests\bin\Debug\net451\win7-x64]
log4net: rolling over count [500]
log4net: maxSizeRollBackups [0]
log4net: curSizeRollBackups [0]
log4net: countDirection [1]
log4net: Opening file for writing [c:\src\log4net\tests\log4net.Tests\bin\Debug\net451\win7-x64\test_41d3d834_4320f4da.log] append [False]
log4net: Searched for existing files in [c:\src\log4net\tests\log4net.Tests\bin\Debug\net451\win7-x64]
log4net: Searched for existing files in [c:\src\log4net\tests\log4net.Tests\bin\Debug\net451\win7-x64]
log4net: Searched for existing files in [c:\src\log4net\tests\log4net.Tests\bin\Debug\net451\win7-x64]
log4net: Searched for existing files in [c:\src\log4net\tests\log4net.Tests\bin\Debug\net451\win7-x64]
log4net: Searched for existing files in [c:\src\log4net\tests\log4net.Tests\bin\Debug\net451\win7-x64]
log4net: Searched for existing files in [c:\src\log4net\tests\log4net.Tests\bin\Debug\net451\win7-x64]
log4net: Searched for existing files in [c:\src\log4net\tests\log4net.Tests\bin\Debug\net451\win7-x64]
log4net: Searched for existing files in [c:\src\log4net\tests\log4net.Tests\bin\Debug\net451\win7-x64]
log4net: Searched for existing files in [c:\src\log4net\tests\log4net.Tests\bin\Debug\net451\win7-x64]
log4net: Searched for existing files in [c:\src\log4net\tests\log4net.Tests\bin\Debug\net451\win7-x64]
log4net: rolling over count [500]
log4net: maxSizeRollBackups [0]
log4net: curSizeRollBackups [0]
log4net: countDirection [1]
log4net: Opening file for writing [c:\src\log4net\tests\log4net.Tests\bin\Debug\net451\win7-x64\test_41d3d834_4320f4da.log] append [False]
log4net: Searched for existing files in [c:\src\log4net\tests\log4net.Tests\bin\Debug\net451\win7-x64]
log4net: Searched for existing files in [c:\src\log4net\tests\log4net.Tests\bin\Debug\net451\win7-x64]
log4net: Searched for existing files in [c:\src\log4net\tests\log4net.Tests\bin\Debug\net451\win7-x64]
log4net: Searched for existing files in [c:\src\log4net\tests\log4net.Tests\bin\Debug\net451\win7-x64]
log4net: Searched for existing files in [c:\src\log4net\tests\log4net.Tests\bin\Debug\net451\win7-x64]
log4net: Searched for existing files in [c:\src\log4net\tests\log4net.Tests\bin\Debug\net451\win7-x64]
log4net: Searched for existing files in [c:\src\log4net\tests\log4net.Tests\bin\Debug\net451\win7-x64]
log4net: Searched for existing files in [c:\src\log4net\tests\log4net.Tests\bin\Debug\net451\win7-x64]
log4net: Searched for existing files in [c:\src\log4net\tests\log4net.Tests\bin\Debug\net451\win7-x64]
log4net: Shutdown called on Hierarchy [log4net-default-repository]
log4net: Shutdown called on Hierarchy [log4net-default-repository]
log4net: Searched for existing files in [c:\src\log4net\tests\log4net.Tests\bin\Debug\net451\win7-x64]
]]></output>
            </test-case>
          </test-suite>
        </test-suite>
        <test-suite type="TestSuite" id="1131" name="Context" fullname="log4net.Tests.Context" runstate="Runnable" testcasecount="6" result="Passed" start-time="2016-08-03 07:05:59Z" end-time="2016-08-03 07:06:02Z" duration="2.941753" total="6" passed="6" failed="0" inconclusive="0" skipped="0" asserts="18">
          <test-suite type="TestFixture" id="1062" name="ThreadContextTest" fullname="log4net.Tests.Context.ThreadContextTest" classname="log4net.Tests.Context.ThreadContextTest" runstate="Runnable" testcasecount="6" result="Passed" start-time="2016-08-03 07:06:00Z" end-time="2016-08-03 07:06:02Z" duration="2.036353" total="6" passed="6" failed="0" inconclusive="0" skipped="0" asserts="18">
            <test-case id="1068" name="TestBackgroundThreadContextProperty" fullname="log4net.Tests.Context.ThreadContextTest.TestBackgroundThreadContextProperty" methodname="TestBackgroundThreadContextProperty" classname="log4net.Tests.Context.ThreadContextTest" runstate="Runnable" seed="1243186843" result="Passed" start-time="2016-08-03 07:06:00Z" end-time="2016-08-03 07:06:02Z" duration="2.002406" asserts="1">
              <output><![CDATA[log4net: Converter [property] Option [DateTimeTodayToString] Format [min=-1,max=2147483647,leftAlign=False]
log4net: Creating repository [TestBackgroundThreadContextPropertyRepository921394ba-6a70-47af-b4d6-11819000b885] using type [log4net.Repository.Hierarchy.Hierarchy]
]]></output>
            </test-case>
            <test-case id="1063" name="TestThreadPropertiesPattern" fullname="log4net.Tests.Context.ThreadContextTest.TestThreadPropertiesPattern" methodname="TestThreadPropertiesPattern" classname="log4net.Tests.Context.ThreadContextTest" runstate="Runnable" seed="940550376" result="Passed" start-time="2016-08-03 07:06:02Z" end-time="2016-08-03 07:06:02Z" duration="0.001835" asserts="3">
              <output><![CDATA[log4net: Converter [property] Option [prop1] Format [min=-1,max=2147483647,leftAlign=False]
log4net: Creating repository [367592f0-15f2-4cdd-ade3-8a90674c1bf3] using type [log4net.Repository.Hierarchy.Hierarchy]
]]></output>
            </test-case>
            <test-case id="1064" name="TestThreadStackPattern" fullname="log4net.Tests.Context.ThreadContextTest.TestThreadStackPattern" methodname="TestThreadStackPattern" classname="log4net.Tests.Context.ThreadContextTest" runstate="Runnable" seed="1755886261" result="Passed" start-time="2016-08-03 07:06:02Z" end-time="2016-08-03 07:06:02Z" duration="0.005908" asserts="3">
              <output><![CDATA[log4net: Converter [property] Option [prop1] Format [min=-1,max=2147483647,leftAlign=False]
log4net: Creating repository [ef015f05-f6b2-4f5f-8711-ae37f830581d] using type [log4net.Repository.Hierarchy.Hierarchy]
]]></output>
            </test-case>
            <test-case id="1065" name="TestThreadStackPattern2" fullname="log4net.Tests.Context.ThreadContextTest.TestThreadStackPattern2" methodname="TestThreadStackPattern2" classname="log4net.Tests.Context.ThreadContextTest" runstate="Runnable" seed="1688944351" result="Passed" start-time="2016-08-03 07:06:02Z" end-time="2016-08-03 07:06:02Z" duration="0.001705" asserts="4">
              <output><![CDATA[log4net: Converter [property] Option [prop1] Format [min=-1,max=2147483647,leftAlign=False]
log4net: Creating repository [2c9789ca-afd7-4a2d-ae4b-960df650c395] using type [log4net.Repository.Hierarchy.Hierarchy]
]]></output>
            </test-case>
            <test-case id="1066" name="TestThreadStackPatternNullVal" fullname="log4net.Tests.Context.ThreadContextTest.TestThreadStackPatternNullVal" methodname="TestThreadStackPatternNullVal" classname="log4net.Tests.Context.ThreadContextTest" runstate="Runnable" seed="334070781" result="Passed" start-time="2016-08-03 07:06:02Z" end-time="2016-08-03 07:06:02Z" duration="0.001424" asserts="3">
              <output><![CDATA[log4net: Converter [property] Option [prop1] Format [min=-1,max=2147483647,leftAlign=False]
log4net: Creating repository [7f972cd4-72e5-442a-ac18-4bd085964d46] using type [log4net.Repository.Hierarchy.Hierarchy]
]]></output>
            </test-case>
            <test-case id="1067" name="TestThreadStackPatternNullVal2" fullname="log4net.Tests.Context.ThreadContextTest.TestThreadStackPatternNullVal2" methodname="TestThreadStackPatternNullVal2" classname="log4net.Tests.Context.ThreadContextTest" runstate="Runnable" seed="823376470" result="Passed" start-time="2016-08-03 07:06:02Z" end-time="2016-08-03 07:06:02Z" duration="0.002058" asserts="4">
              <output><![CDATA[log4net: Converter [property] Option [prop1] Format [min=-1,max=2147483647,leftAlign=False]
log4net: Creating repository [bb907d54-4ccf-48db-8b42-cf51530732db] using type [log4net.Repository.Hierarchy.Hierarchy]
]]></output>
            </test-case>
          </test-suite>
        </test-suite>
        <test-suite type="TestSuite" id="1130" name="Core" fullname="log4net.Tests.Core" runstate="Runnable" testcasecount="20" result="Passed" start-time="2016-08-03 07:05:59Z" end-time="2016-08-03 07:06:02Z" duration="3.092931" total="20" passed="20" failed="0" inconclusive="0" skipped="0" asserts="147">
          <test-suite type="TestFixture" id="1038" name="EvaluatorTest" fullname="log4net.Tests.Core.EvaluatorTest" classname="log4net.Tests.Core.EvaluatorTest" runstate="Runnable" testcasecount="5" result="Passed" start-time="2016-08-03 07:06:02Z" end-time="2016-08-03 07:06:02Z" duration="0.028107" total="5" passed="5" failed="0" inconclusive="0" skipped="0" asserts="10">
            <test-case id="1040" name="TestExceptionEvaluator" fullname="log4net.Tests.Core.EvaluatorTest.TestExceptionEvaluator" methodname="TestExceptionEvaluator" classname="log4net.Tests.Core.EvaluatorTest" runstate="Runnable" seed="988497026" result="Passed" start-time="2016-08-03 07:06:02Z" end-time="2016-08-03 07:06:02Z" duration="0.003340" asserts="2" />
            <test-case id="1042" name="TestExceptionEvaluatorNoTriggerOnSubClass" fullname="log4net.Tests.Core.EvaluatorTest.TestExceptionEvaluatorNoTriggerOnSubClass" methodname="TestExceptionEvaluatorNoTriggerOnSubClass" classname="log4net.Tests.Core.EvaluatorTest" runstate="Runnable" seed="1794649892" result="Passed" start-time="2016-08-03 07:06:02Z" end-time="2016-08-03 07:06:02Z" duration="0.001642" asserts="2" />
            <test-case id="1041" name="TestExceptionEvaluatorTriggerOnSubClass" fullname="log4net.Tests.Core.EvaluatorTest.TestExceptionEvaluatorTriggerOnSubClass" methodname="TestExceptionEvaluatorTriggerOnSubClass" classname="log4net.Tests.Core.EvaluatorTest" runstate="Runnable" seed="28325261" result="Passed" start-time="2016-08-03 07:06:02Z" end-time="2016-08-03 07:06:02Z" duration="0.001399" asserts="2" />
            <test-case id="1043" name="TestInvalidExceptionEvaluator" fullname="log4net.Tests.Core.EvaluatorTest.TestInvalidExceptionEvaluator" methodname="TestInvalidExceptionEvaluator" classname="log4net.Tests.Core.EvaluatorTest" runstate="Runnable" seed="1632825564" result="Passed" start-time="2016-08-03 07:06:02Z" end-time="2016-08-03 07:06:02Z" duration="0.002104" asserts="2" />
            <test-case id="1039" name="TestLevelEvaluator" fullname="log4net.Tests.Core.EvaluatorTest.TestLevelEvaluator" methodname="TestLevelEvaluator" classname="log4net.Tests.Core.EvaluatorTest" runstate="Runnable" seed="1501585477" result="Passed" start-time="2016-08-03 07:06:02Z" end-time="2016-08-03 07:06:02Z" duration="0.001765" asserts="2" />
          </test-suite>
          <test-suite type="TestFixture" id="1044" name="FixingTest" fullname="log4net.Tests.Core.FixingTest" classname="log4net.Tests.Core.FixingTest" runstate="Runnable" testcasecount="3" result="Passed" start-time="2016-08-03 07:06:02Z" end-time="2016-08-03 07:06:02Z" duration="0.026039" total="3" passed="3" failed="0" inconclusive="0" skipped="0" asserts="36">
            <output><![CDATA[log4net: Creating repository [Test Repository] using type [log4net.Repository.Hierarchy.Hierarchy]
]]></output>
            <test-case id="1046" name="TestAllFixedValues" fullname="log4net.Tests.Core.FixingTest.TestAllFixedValues" methodname="TestAllFixedValues" classname="log4net.Tests.Core.FixingTest" runstate="Runnable" seed="1638495955" result="Passed" start-time="2016-08-03 07:06:02Z" end-time="2016-08-03 07:06:02Z" duration="0.012577" asserts="12" />
            <test-case id="1047" name="TestNoFixedValues" fullname="log4net.Tests.Core.FixingTest.TestNoFixedValues" methodname="TestNoFixedValues" classname="log4net.Tests.Core.FixingTest" runstate="Runnable" seed="520117283" result="Passed" start-time="2016-08-03 07:06:02Z" end-time="2016-08-03 07:06:02Z" duration="0.000975" asserts="12" />
            <test-case id="1045" name="TestUnfixedValues" fullname="log4net.Tests.Core.FixingTest.TestUnfixedValues" methodname="TestUnfixedValues" classname="log4net.Tests.Core.FixingTest" runstate="Runnable" seed="481877184" result="Passed" start-time="2016-08-03 07:06:02Z" end-time="2016-08-03 07:06:02Z" duration="0.000850" asserts="12" />
          </test-suite>
          <test-suite type="TestFixture" id="1048" name="ShutdownTest" fullname="log4net.Tests.Core.ShutdownTest" classname="log4net.Tests.Core.ShutdownTest" runstate="Runnable" testcasecount="1" result="Passed" start-time="2016-08-03 07:06:02Z" end-time="2016-08-03 07:06:02Z" duration="0.006021" total="1" passed="1" failed="0" inconclusive="0" skipped="0" asserts="3">
            <test-case id="1049" name="TestShutdownAndReconfigure" fullname="log4net.Tests.Core.ShutdownTest.TestShutdownAndReconfigure" methodname="TestShutdownAndReconfigure" classname="log4net.Tests.Core.ShutdownTest" runstate="Runnable" seed="1578429426" result="Passed" start-time="2016-08-03 07:06:02Z" end-time="2016-08-03 07:06:02Z" duration="0.002303" asserts="3">
              <output><![CDATA[log4net: Creating repository [0dbb54cf-88f9-45fd-8fc4-2bb82c65b68a] using type [log4net.Repository.Hierarchy.Hierarchy]
log4net: Converter [m] Option [] Format [min=-1,max=2147483647,leftAlign=False]
log4net: Shutdown called on Hierarchy [0dbb54cf-88f9-45fd-8fc4-2bb82c65b68a]
log4net: No appenders could be found for logger [logger1] repository [0dbb54cf-88f9-45fd-8fc4-2bb82c65b68a]
log4net: Please initialize the log4net system properly.
log4net:     Current AppDomain context information: 
log4net:        BaseDirectory   : c:\src\log4net\tests\log4net.Tests\bin\Debug\net451\win7-x64\
log4net:        FriendlyName    : dotnet-test-nunit.exe
log4net:        DynamicDirectory: 
log4net: Converter [m] Option [] Format [min=-1,max=2147483647,leftAlign=False]
]]></output>
            </test-case>
          </test-suite>
          <test-suite type="TestFixture" id="1050" name="StringFormatTest" fullname="log4net.Tests.Core.StringFormatTest" classname="log4net.Tests.Core.StringFormatTest" runstate="Runnable" testcasecount="11" result="Passed" start-time="2016-08-03 07:06:02Z" end-time="2016-08-03 07:06:02Z" duration="0.075093" total="11" passed="11" failed="0" inconclusive="0" skipped="0" asserts="98">
            <test-case id="1051" name="TestFormatString" fullname="log4net.Tests.Core.StringFormatTest.TestFormatString" methodname="TestFormatString" classname="log4net.Tests.Core.StringFormatTest" runstate="Runnable" seed="67113132" result="Passed" start-time="2016-08-03 07:06:02Z" end-time="2016-08-03 07:06:02Z" duration="0.011616" asserts="8">
              <output><![CDATA[log4net: Converter [message] Option [] Format [min=-1,max=2147483647,leftAlign=False]
log4net: Creating repository [cc0bef7f-7c02-4d44-bf48-ee723829acda] using type [log4net.Repository.Hierarchy.Hierarchy]
]]></output>
            </test-case>
            <test-case id="1052" name="TestLogFormatApi_Debug" fullname="log4net.Tests.Core.StringFormatTest.TestLogFormatApi_Debug" methodname="TestLogFormatApi_Debug" classname="log4net.Tests.Core.StringFormatTest" runstate="Runnable" seed="1019777721" result="Passed" start-time="2016-08-03 07:06:02Z" end-time="2016-08-03 07:06:02Z" duration="0.003742" asserts="9">
              <output><![CDATA[log4net: Converter [level] Option [] Format [min=-1,max=2147483647,leftAlign=False]
log4net: Converter [literal] Option [:] Format [min=-1,max=2147483647,leftAlign=False]
log4net: Converter [message] Option [] Format [min=-1,max=2147483647,leftAlign=False]
log4net: Creating repository [2eeb4261-f283-41f7-b65d-34e6cf8e2788] using type [log4net.Repository.Hierarchy.Hierarchy]
]]></output>
            </test-case>
            <test-case id="1058" name="TestLogFormatApi_Error" fullname="log4net.Tests.Core.StringFormatTest.TestLogFormatApi_Error" methodname="TestLogFormatApi_Error" classname="log4net.Tests.Core.StringFormatTest" runstate="Runnable" seed="1400312222" result="Passed" start-time="2016-08-03 07:06:02Z" end-time="2016-08-03 07:06:02Z" duration="0.003116" asserts="9">
              <output><![CDATA[log4net: Converter [level] Option [] Format [min=-1,max=2147483647,leftAlign=False]
log4net: Converter [literal] Option [:] Format [min=-1,max=2147483647,leftAlign=False]
log4net: Converter [message] Option [] Format [min=-1,max=2147483647,leftAlign=False]
log4net: Creating repository [0d45a78a-900f-4b29-a3a1-12728888b16f] using type [log4net.Repository.Hierarchy.Hierarchy]
]]></output>
            </test-case>
            <test-case id="1060" name="TestLogFormatApi_Fatal" fullname="log4net.Tests.Core.StringFormatTest.TestLogFormatApi_Fatal" methodname="TestLogFormatApi_Fatal" classname="log4net.Tests.Core.StringFormatTest" runstate="Runnable" seed="821335463" result="Passed" start-time="2016-08-03 07:06:02Z" end-time="2016-08-03 07:06:02Z" duration="0.003108" asserts="9">
              <output><![CDATA[log4net: Converter [level] Option [] Format [min=-1,max=2147483647,leftAlign=False]
log4net: Converter [literal] Option [:] Format [min=-1,max=2147483647,leftAlign=False]
log4net: Converter [message] Option [] Format [min=-1,max=2147483647,leftAlign=False]
log4net: Creating repository [c377b788-6713-49da-9766-f13243eda432] using type [log4net.Repository.Hierarchy.Hierarchy]
]]></output>
            </test-case>
            <test-case id="1054" name="TestLogFormatApi_Info" fullname="log4net.Tests.Core.StringFormatTest.TestLogFormatApi_Info" methodname="TestLogFormatApi_Info" classname="log4net.Tests.Core.StringFormatTest" runstate="Runnable" seed="512247780" result="Passed" start-time="2016-08-03 07:06:02Z" end-time="2016-08-03 07:06:02Z" duration="0.002577" asserts="9">
              <output><![CDATA[log4net: Converter [level] Option [] Format [min=-1,max=2147483647,leftAlign=False]
log4net: Converter [literal] Option [:] Format [min=-1,max=2147483647,leftAlign=False]
log4net: Converter [message] Option [] Format [min=-1,max=2147483647,leftAlign=False]
log4net: Creating repository [a5a3082f-7470-46c4-b1d8-503246af5545] using type [log4net.Repository.Hierarchy.Hierarchy]
]]></output>
            </test-case>
            <test-case id="1053" name="TestLogFormatApi_NoDebug" fullname="log4net.Tests.Core.StringFormatTest.TestLogFormatApi_NoDebug" methodname="TestLogFormatApi_NoDebug" classname="log4net.Tests.Core.StringFormatTest" runstate="Runnable" seed="1120293336" result="Passed" start-time="2016-08-03 07:06:02Z" end-time="2016-08-03 07:06:02Z" duration="0.001561" asserts="9">
              <output><![CDATA[log4net: Converter [level] Option [] Format [min=-1,max=2147483647,leftAlign=False]
log4net: Converter [literal] Option [:] Format [min=-1,max=2147483647,leftAlign=False]
log4net: Converter [message] Option [] Format [min=-1,max=2147483647,leftAlign=False]
log4net: Creating repository [d0ec1cab-ce42-4f48-b83f-2200d9e98c30] using type [log4net.Repository.Hierarchy.Hierarchy]
]]></output>
            </test-case>
            <test-case id="1059" name="TestLogFormatApi_NoError" fullname="log4net.Tests.Core.StringFormatTest.TestLogFormatApi_NoError" methodname="TestLogFormatApi_NoError" classname="log4net.Tests.Core.StringFormatTest" runstate="Runnable" seed="918081506" result="Passed" start-time="2016-08-03 07:06:02Z" end-time="2016-08-03 07:06:02Z" duration="0.002385" asserts="9">
              <output><![CDATA[log4net: Converter [level] Option [] Format [min=-1,max=2147483647,leftAlign=False]
log4net: Converter [literal] Option [:] Format [min=-1,max=2147483647,leftAlign=False]
log4net: Converter [message] Option [] Format [min=-1,max=2147483647,leftAlign=False]
log4net: Creating repository [a65b2e5c-91a6-4e17-86d4-b2da88f6802e] using type [log4net.Repository.Hierarchy.Hierarchy]
]]></output>
            </test-case>
            <test-case id="1061" name="TestLogFormatApi_NoFatal" fullname="log4net.Tests.Core.StringFormatTest.TestLogFormatApi_NoFatal" methodname="TestLogFormatApi_NoFatal" classname="log4net.Tests.Core.StringFormatTest" runstate="Runnable" seed="1203906366" result="Passed" start-time="2016-08-03 07:06:02Z" end-time="2016-08-03 07:06:02Z" duration="0.001515" asserts="9">
              <output><![CDATA[log4net: Converter [level] Option [] Format [min=-1,max=2147483647,leftAlign=False]
log4net: Converter [literal] Option [:] Format [min=-1,max=2147483647,leftAlign=False]
log4net: Converter [message] Option [] Format [min=-1,max=2147483647,leftAlign=False]
log4net: Creating repository [0717dc39-7667-40e3-bbc3-879a5c9dc878] using type [log4net.Repository.Hierarchy.Hierarchy]
]]></output>
            </test-case>
            <test-case id="1055" name="TestLogFormatApi_NoInfo" fullname="log4net.Tests.Core.StringFormatTest.TestLogFormatApi_NoInfo" methodname="TestLogFormatApi_NoInfo" classname="log4net.Tests.Core.StringFormatTest" runstate="Runnable" seed="431820192" result="Passed" start-time="2016-08-03 07:06:02Z" end-time="2016-08-03 07:06:02Z" duration="0.002091" asserts="9">
              <output><![CDATA[log4net: Converter [level] Option [] Format [min=-1,max=2147483647,leftAlign=False]
log4net: Converter [literal] Option [:] Format [min=-1,max=2147483647,leftAlign=False]
log4net: Converter [message] Option [] Format [min=-1,max=2147483647,leftAlign=False]
log4net: Creating repository [aa93b378-f8c3-4ea5-8058-1f7058727730] using type [log4net.Repository.Hierarchy.Hierarchy]
]]></output>
            </test-case>
            <test-case id="1057" name="TestLogFormatApi_NoWarn" fullname="log4net.Tests.Core.StringFormatTest.TestLogFormatApi_NoWarn" methodname="TestLogFormatApi_NoWarn" classname="log4net.Tests.Core.StringFormatTest" runstate="Runnable" seed="1067803524" result="Passed" start-time="2016-08-03 07:06:02Z" end-time="2016-08-03 07:06:02Z" duration="0.002817" asserts="9">
              <output><![CDATA[log4net: Converter [level] Option [] Format [min=-1,max=2147483647,leftAlign=False]
log4net: Converter [literal] Option [:] Format [min=-1,max=2147483647,leftAlign=False]
log4net: Converter [message] Option [] Format [min=-1,max=2147483647,leftAlign=False]
log4net: Creating repository [0779f5ec-2fe5-45cd-b733-b85d146525bc] using type [log4net.Repository.Hierarchy.Hierarchy]
]]></output>
            </test-case>
            <test-case id="1056" name="TestLogFormatApi_Warn" fullname="log4net.Tests.Core.StringFormatTest.TestLogFormatApi_Warn" methodname="TestLogFormatApi_Warn" classname="log4net.Tests.Core.StringFormatTest" runstate="Runnable" seed="909596617" result="Passed" start-time="2016-08-03 07:06:02Z" end-time="2016-08-03 07:06:02Z" duration="0.001631" asserts="9">
              <output><![CDATA[log4net: Converter [level] Option [] Format [min=-1,max=2147483647,leftAlign=False]
log4net: Converter [literal] Option [:] Format [min=-1,max=2147483647,leftAlign=False]
log4net: Converter [message] Option [] Format [min=-1,max=2147483647,leftAlign=False]
log4net: Creating repository [0406a61d-a0a2-4474-ab79-26f1223a3154] using type [log4net.Repository.Hierarchy.Hierarchy]
]]></output>
            </test-case>
          </test-suite>
        </test-suite>
        <test-suite type="TestSuite" id="1129" name="DateFormatter" fullname="log4net.Tests.DateFormatter" runstate="Runnable" testcasecount="4" result="Passed" start-time="2016-08-03 07:05:59Z" end-time="2016-08-03 07:06:02Z" duration="3.114987" total="4" passed="4" failed="0" inconclusive="0" skipped="0" asserts="4">
          <test-suite type="TestFixture" id="1033" name="AbsoluteTimeDateFormatterTest" fullname="log4net.Tests.DateFormatter.AbsoluteTimeDateFormatterTest" classname="log4net.Tests.DateFormatter.AbsoluteTimeDateFormatterTest" runstate="Runnable" testcasecount="4" result="Passed" start-time="2016-08-03 07:06:02Z" end-time="2016-08-03 07:06:02Z" duration="0.018037" total="4" passed="4" failed="0" inconclusive="0" skipped="0" asserts="4">
            <test-case id="1036" name="CacheExpiresWhenCrossingSecond" fullname="log4net.Tests.DateFormatter.AbsoluteTimeDateFormatterTest.CacheExpiresWhenCrossingSecond" methodname="CacheExpiresWhenCrossingSecond" classname="log4net.Tests.DateFormatter.AbsoluteTimeDateFormatterTest" runstate="Runnable" seed="1439639137" result="Passed" start-time="2016-08-03 07:06:02Z" end-time="2016-08-03 07:06:02Z" duration="0.002051" asserts="1" />
            <test-case id="1037" name="CacheIsLocalToSubclass" fullname="log4net.Tests.DateFormatter.AbsoluteTimeDateFormatterTest.CacheIsLocalToSubclass" methodname="CacheIsLocalToSubclass" classname="log4net.Tests.DateFormatter.AbsoluteTimeDateFormatterTest" runstate="Runnable" seed="1212392471" result="Passed" start-time="2016-08-03 07:06:02Z" end-time="2016-08-03 07:06:02Z" duration="0.000606" asserts="1" />
            <test-case id="1035" name="CacheWorksForSameSecond" fullname="log4net.Tests.DateFormatter.AbsoluteTimeDateFormatterTest.CacheWorksForSameSecond" methodname="CacheWorksForSameSecond" classname="log4net.Tests.DateFormatter.AbsoluteTimeDateFormatterTest" runstate="Runnable" seed="21295822" result="Passed" start-time="2016-08-03 07:06:02Z" end-time="2016-08-03 07:06:02Z" duration="0.000552" asserts="1" />
            <test-case id="1034" name="CacheWorksForSameTicks" fullname="log4net.Tests.DateFormatter.AbsoluteTimeDateFormatterTest.CacheWorksForSameTicks" methodname="CacheWorksForSameTicks" classname="log4net.Tests.DateFormatter.AbsoluteTimeDateFormatterTest" runstate="Runnable" seed="1947039318" result="Passed" start-time="2016-08-03 07:06:02Z" end-time="2016-08-03 07:06:02Z" duration="0.000527" asserts="1" />
          </test-suite>
        </test-suite>
        <test-suite type="TestSuite" id="1128" name="Hierarchy" fullname="log4net.Tests.Hierarchy" runstate="Runnable" testcasecount="8" result="Passed" start-time="2016-08-03 07:05:59Z" end-time="2016-08-03 07:06:02Z" duration="3.163992" total="8" passed="8" failed="0" inconclusive="0" skipped="0" asserts="57">
          <test-suite type="TestFixture" id="1024" name="LoggerTest" fullname="log4net.Tests.Hierarchy.LoggerTest" classname="log4net.Tests.Hierarchy.LoggerTest" runstate="Runnable" testcasecount="8" result="Passed" start-time="2016-08-03 07:06:02Z" end-time="2016-08-03 07:06:02Z" duration="0.044120" total="8" passed="8" failed="0" inconclusive="0" skipped="0" asserts="57">
            <test-case id="1027" name="TestAdditivity1" fullname="log4net.Tests.Hierarchy.LoggerTest.TestAdditivity1" methodname="TestAdditivity1" classname="log4net.Tests.Hierarchy.LoggerTest" runstate="Runnable" seed="979484586" result="Passed" start-time="2016-08-03 07:06:02Z" end-time="2016-08-03 07:06:02Z" duration="0.002276" asserts="5">
              <output><![CDATA[log4net: Shutdown called on Hierarchy [log4net-default-repository]
log4net: Shutdown called on Hierarchy [log4net-default-repository]
]]></output>
            </test-case>
            <test-case id="1028" name="TestAdditivity2" fullname="log4net.Tests.Hierarchy.LoggerTest.TestAdditivity2" methodname="TestAdditivity2" classname="log4net.Tests.Hierarchy.LoggerTest" runstate="Runnable" seed="1226395771" result="Passed" start-time="2016-08-03 07:06:02Z" end-time="2016-08-03 07:06:02Z" duration="0.001468" asserts="8">
              <output><![CDATA[log4net: No appenders could be found for logger [x] repository [log4net-default-repository]
log4net: Please initialize the log4net system properly.
log4net:     Current AppDomain context information: 
log4net:        BaseDirectory   : c:\src\log4net\tests\log4net.Tests\bin\Debug\net451\win7-x64\
log4net:        FriendlyName    : dotnet-test-nunit.exe
log4net:        DynamicDirectory: 
log4net: Shutdown called on Hierarchy [log4net-default-repository]
log4net: Shutdown called on Hierarchy [log4net-default-repository]
]]></output>
            </test-case>
            <test-case id="1029" name="TestAdditivity3" fullname="log4net.Tests.Hierarchy.LoggerTest.TestAdditivity3" methodname="TestAdditivity3" classname="log4net.Tests.Hierarchy.LoggerTest" runstate="Runnable" seed="1091061107" result="Passed" start-time="2016-08-03 07:06:02Z" end-time="2016-08-03 07:06:02Z" duration="0.001722" asserts="12">
              <output><![CDATA[log4net: Shutdown called on Hierarchy [log4net-default-repository]
log4net: Shutdown called on Hierarchy [log4net-default-repository]
]]></output>
            </test-case>
            <test-case id="1025" name="TestAppender1" fullname="log4net.Tests.Hierarchy.LoggerTest.TestAppender1" methodname="TestAppender1" classname="log4net.Tests.Hierarchy.LoggerTest" runstate="Runnable" seed="524880331" result="Passed" start-time="2016-08-03 07:06:02Z" end-time="2016-08-03 07:06:02Z" duration="0.001331" asserts="2">
              <output><![CDATA[log4net: Shutdown called on Hierarchy [log4net-default-repository]
log4net: Shutdown called on Hierarchy [log4net-default-repository]
]]></output>
            </test-case>
            <test-case id="1026" name="TestAppender2" fullname="log4net.Tests.Hierarchy.LoggerTest.TestAppender2" methodname="TestAppender2" classname="log4net.Tests.Hierarchy.LoggerTest" runstate="Runnable" seed="1799448650" result="Passed" start-time="2016-08-03 07:06:02Z" end-time="2016-08-03 07:06:02Z" duration="0.003118" asserts="6">
              <output><![CDATA[log4net: Shutdown called on Hierarchy [log4net-default-repository]
log4net: Shutdown called on Hierarchy [log4net-default-repository]
]]></output>
            </test-case>
            <test-case id="1030" name="TestDisable1" fullname="log4net.Tests.Hierarchy.LoggerTest.TestDisable1" methodname="TestDisable1" classname="log4net.Tests.Hierarchy.LoggerTest" runstate="Runnable" seed="1518539546" result="Passed" start-time="2016-08-03 07:06:02Z" end-time="2016-08-03 07:06:02Z" duration="0.001852" asserts="16">
              <output><![CDATA[log4net: Shutdown called on Hierarchy [log4net-default-repository]
log4net: Shutdown called on Hierarchy [log4net-default-repository]
]]></output>
            </test-case>
            <test-case id="1031" name="TestExists" fullname="log4net.Tests.Hierarchy.LoggerTest.TestExists" methodname="TestExists" classname="log4net.Tests.Hierarchy.LoggerTest" runstate="Runnable" seed="172914208" result="Passed" start-time="2016-08-03 07:06:02Z" end-time="2016-08-03 07:06:02Z" duration="0.002230" asserts="4">
              <output><![CDATA[log4net: Shutdown called on Hierarchy [log4net-default-repository]
log4net: Shutdown called on Hierarchy [log4net-default-repository]
]]></output>
            </test-case>
            <test-case id="1032" name="TestHierarchy1" fullname="log4net.Tests.Hierarchy.LoggerTest.TestHierarchy1" methodname="TestHierarchy1" classname="log4net.Tests.Hierarchy.LoggerTest" runstate="Runnable" seed="5942498" result="Passed" start-time="2016-08-03 07:06:02Z" end-time="2016-08-03 07:06:02Z" duration="0.000766" asserts="4">
              <output><![CDATA[log4net: Shutdown called on Hierarchy [log4net-default-repository]
log4net: Shutdown called on Hierarchy [log4net-default-repository]
]]></output>
            </test-case>
          </test-suite>
        </test-suite>
        <test-suite type="TestSuite" id="1127" name="Layout" fullname="log4net.Tests.Layout" runstate="Runnable" testcasecount="16" result="Passed" start-time="2016-08-03 07:05:59Z" end-time="2016-08-03 07:06:02Z" duration="3.255230" total="16" passed="16" failed="0" inconclusive="0" skipped="0" asserts="66">
          <test-suite type="TestFixture" id="1006" name="DynamicPatternLayoutTest" fullname="log4net.Tests.Layout.DynamicPatternLayoutTest" classname="log4net.Tests.Layout.DynamicPatternLayoutTest" runstate="Runnable" testcasecount="8" result="Passed" start-time="2016-08-03 07:06:02Z" end-time="2016-08-03 07:06:02Z" duration="0.051078" total="8" passed="8" failed="0" inconclusive="0" skipped="0" asserts="33">
            <test-case id="1011" name="NamedPatternConverterWithoutPrecisionShouldReturnFullName" fullname="log4net.Tests.Layout.DynamicPatternLayoutTest.NamedPatternConverterWithoutPrecisionShouldReturnFullName" methodname="NamedPatternConverterWithoutPrecisionShouldReturnFullName" classname="log4net.Tests.Layout.PatternLayoutTest" runstate="Runnable" seed="1279837266" result="Passed" start-time="2016-08-03 07:06:02Z" end-time="2016-08-03 07:06:02Z" duration="0.006752" asserts="8">
              <output><![CDATA[log4net: Converter [message] Option [] Format [min=-1,max=2147483647,leftAlign=False]
log4net: Converter [newline] Option [] Format [min=-1,max=2147483647,leftAlign=False]
log4net: Converter [message-as-name] Option [] Format [min=-1,max=2147483647,leftAlign=False]
log4net: Creating repository [7fc86d78-7d86-4c2d-8a70-731f390fe036] using type [log4net.Repository.Hierarchy.Hierarchy]
]]></output>
            </test-case>
            <test-case id="1012" name="NamedPatternConverterWithPrecision1ShouldStripLeadingStuffIfPresent" fullname="log4net.Tests.Layout.DynamicPatternLayoutTest.NamedPatternConverterWithPrecision1ShouldStripLeadingStuffIfPresent" methodname="NamedPatternConverterWithPrecision1ShouldStripLeadingStuffIfPresent" classname="log4net.Tests.Layout.PatternLayoutTest" runstate="Runnable" seed="527496692" result="Passed" start-time="2016-08-03 07:06:02Z" end-time="2016-08-03 07:06:02Z" duration="0.001418" asserts="8">
              <output><![CDATA[log4net: Converter [message] Option [] Format [min=-1,max=2147483647,leftAlign=False]
log4net: Converter [newline] Option [] Format [min=-1,max=2147483647,leftAlign=False]
log4net: Converter [message-as-name] Option [1] Format [min=-1,max=2147483647,leftAlign=False]
log4net: Creating repository [c1e4413f-4ecd-4f2c-ba8e-f0ca3dcc0023] using type [log4net.Repository.Hierarchy.Hierarchy]
]]></output>
            </test-case>
            <test-case id="1013" name="NamedPatternConverterWithPrecision2ShouldStripLessLeadingStuffIfPresent" fullname="log4net.Tests.Layout.DynamicPatternLayoutTest.NamedPatternConverterWithPrecision2ShouldStripLessLeadingStuffIfPresent" methodname="NamedPatternConverterWithPrecision2ShouldStripLessLeadingStuffIfPresent" classname="log4net.Tests.Layout.PatternLayoutTest" runstate="Runnable" seed="1613636346" result="Passed" start-time="2016-08-03 07:06:02Z" end-time="2016-08-03 07:06:02Z" duration="0.001372" asserts="8">
              <output><![CDATA[log4net: Converter [message] Option [] Format [min=-1,max=2147483647,leftAlign=False]
log4net: Converter [newline] Option [] Format [min=-1,max=2147483647,leftAlign=False]
log4net: Converter [message-as-name] Option [2] Format [min=-1,max=2147483647,leftAlign=False]
log4net: Creating repository [507bdebc-f7eb-48cf-8ae6-94e3619c20b7] using type [log4net.Repository.Hierarchy.Hierarchy]
]]></output>
            </test-case>
            <test-case id="1010" name="TestAddingCustomPattern" fullname="log4net.Tests.Layout.DynamicPatternLayoutTest.TestAddingCustomPattern" methodname="TestAddingCustomPattern" classname="log4net.Tests.Layout.PatternLayoutTest" runstate="Runnable" seed="1778941122" result="Passed" start-time="2016-08-03 07:06:02Z" end-time="2016-08-03 07:06:02Z" duration="0.001199" asserts="1">
              <output><![CDATA[log4net: Converter [message] Option [] Format [min=-1,max=2147483647,leftAlign=False]
log4net: Converter [newline] Option [] Format [min=-1,max=2147483647,leftAlign=False]
log4net: Converter [TestAddingCustomPattern] Option [] Format [min=-1,max=2147483647,leftAlign=False]
log4net: Creating repository [de00235a-e644-4b13-b990-4f86eeb73d84] using type [log4net.Repository.Hierarchy.Hierarchy]
]]></output>
            </test-case>
            <test-case id="1014" name="TestExceptionPattern" fullname="log4net.Tests.Layout.DynamicPatternLayoutTest.TestExceptionPattern" methodname="TestExceptionPattern" classname="log4net.Tests.Layout.PatternLayoutTest" runstate="Runnable" seed="1158360071" result="Passed" start-time="2016-08-03 07:06:02Z" end-time="2016-08-03 07:06:02Z" duration="0.002418" asserts="1">
              <output><![CDATA[log4net: Converter [exception] Option [stacktrace] Format [min=-1,max=2147483647,leftAlign=False]
log4net: Creating repository [b9ee849c-2065-4fb2-944a-63329cccf41e] using type [log4net.Repository.Hierarchy.Hierarchy]
]]></output>
            </test-case>
            <test-case id="1009" name="TestGlobalPropertiesPattern" fullname="log4net.Tests.Layout.DynamicPatternLayoutTest.TestGlobalPropertiesPattern" methodname="TestGlobalPropertiesPattern" classname="log4net.Tests.Layout.PatternLayoutTest" runstate="Runnable" seed="1775814350" result="Passed" start-time="2016-08-03 07:06:02Z" end-time="2016-08-03 07:06:02Z" duration="0.001629" asserts="3">
              <output><![CDATA[log4net: Converter [property] Option [prop1] Format [min=-1,max=2147483647,leftAlign=False]
log4net: Creating repository [8cc58320-f9e5-49ee-9a7f-36054f1fac27] using type [log4net.Repository.Hierarchy.Hierarchy]
]]></output>
            </test-case>
            <test-case id="1008" name="TestStackTracePattern" fullname="log4net.Tests.Layout.DynamicPatternLayoutTest.TestStackTracePattern" methodname="TestStackTracePattern" classname="log4net.Tests.Layout.PatternLayoutTest" runstate="Runnable" seed="687750772" result="Passed" start-time="2016-08-03 07:06:02Z" end-time="2016-08-03 07:06:02Z" duration="0.005339" asserts="1">
              <output><![CDATA[log4net: Converter [stacktrace] Option [2] Format [min=-1,max=2147483647,leftAlign=False]
log4net: Creating repository [e616cc11-ab6f-40df-8958-f83f2087256f] using type [log4net.Repository.Hierarchy.Hierarchy]
]]></output>
            </test-case>
            <test-case id="1007" name="TestThreadPropertiesPattern" fullname="log4net.Tests.Layout.DynamicPatternLayoutTest.TestThreadPropertiesPattern" methodname="TestThreadPropertiesPattern" classname="log4net.Tests.Layout.PatternLayoutTest" runstate="Runnable" seed="1395954718" result="Passed" start-time="2016-08-03 07:06:02Z" end-time="2016-08-03 07:06:02Z" duration="0.001378" asserts="3">
              <output><![CDATA[log4net: Converter [property] Option [prop1] Format [min=-1,max=2147483647,leftAlign=False]
log4net: Creating repository [cb2eece3-1aa5-4848-ad0b-bb86d56038ae] using type [log4net.Repository.Hierarchy.Hierarchy]
]]></output>
            </test-case>
          </test-suite>
          <test-suite type="TestFixture" id="1015" name="PatternLayoutTest" fullname="log4net.Tests.Layout.PatternLayoutTest" classname="log4net.Tests.Layout.PatternLayoutTest" runstate="Runnable" testcasecount="8" result="Passed" start-time="2016-08-03 07:06:02Z" end-time="2016-08-03 07:06:02Z" duration="0.032156" total="8" passed="8" failed="0" inconclusive="0" skipped="0" asserts="33">
            <test-case id="1020" name="NamedPatternConverterWithoutPrecisionShouldReturnFullName" fullname="log4net.Tests.Layout.PatternLayoutTest.NamedPatternConverterWithoutPrecisionShouldReturnFullName" methodname="NamedPatternConverterWithoutPrecisionShouldReturnFullName" classname="log4net.Tests.Layout.PatternLayoutTest" runstate="Runnable" seed="632862709" result="Passed" start-time="2016-08-03 07:06:02Z" end-time="2016-08-03 07:06:02Z" duration="0.000521" asserts="8">
              <output><![CDATA[log4net: Converter [message] Option [] Format [min=-1,max=2147483647,leftAlign=False]
log4net: Converter [newline] Option [] Format [min=-1,max=2147483647,leftAlign=False]
log4net: Converter [message-as-name] Option [] Format [min=-1,max=2147483647,leftAlign=False]
log4net: Creating repository [c3aa4e23-840b-4f66-881f-86c219ea7a8a] using type [log4net.Repository.Hierarchy.Hierarchy]
]]></output>
            </test-case>
            <test-case id="1021" name="NamedPatternConverterWithPrecision1ShouldStripLeadingStuffIfPresent" fullname="log4net.Tests.Layout.PatternLayoutTest.NamedPatternConverterWithPrecision1ShouldStripLeadingStuffIfPresent" methodname="NamedPatternConverterWithPrecision1ShouldStripLeadingStuffIfPresent" classname="log4net.Tests.Layout.PatternLayoutTest" runstate="Runnable" seed="2146731252" result="Passed" start-time="2016-08-03 07:06:02Z" end-time="2016-08-03 07:06:02Z" duration="0.000359" asserts="8">
              <output><![CDATA[log4net: Converter [message] Option [] Format [min=-1,max=2147483647,leftAlign=False]
log4net: Converter [newline] Option [] Format [min=-1,max=2147483647,leftAlign=False]
log4net: Converter [message-as-name] Option [1] Format [min=-1,max=2147483647,leftAlign=False]
log4net: Creating repository [41c13347-e4ac-4f92-a874-0d903b786622] using type [log4net.Repository.Hierarchy.Hierarchy]
]]></output>
            </test-case>
            <test-case id="1022" name="NamedPatternConverterWithPrecision2ShouldStripLessLeadingStuffIfPresent" fullname="log4net.Tests.Layout.PatternLayoutTest.NamedPatternConverterWithPrecision2ShouldStripLessLeadingStuffIfPresent" methodname="NamedPatternConverterWithPrecision2ShouldStripLessLeadingStuffIfPresent" classname="log4net.Tests.Layout.PatternLayoutTest" runstate="Runnable" seed="1605888105" result="Passed" start-time="2016-08-03 07:06:02Z" end-time="2016-08-03 07:06:02Z" duration="0.000342" asserts="8">
              <output><![CDATA[log4net: Converter [message] Option [] Format [min=-1,max=2147483647,leftAlign=False]
log4net: Converter [newline] Option [] Format [min=-1,max=2147483647,leftAlign=False]
log4net: Converter [message-as-name] Option [2] Format [min=-1,max=2147483647,leftAlign=False]
log4net: Creating repository [c472da65-5730-4dbc-9ff4-349125eab61d] using type [log4net.Repository.Hierarchy.Hierarchy]
]]></output>
            </test-case>
            <test-case id="1019" name="TestAddingCustomPattern" fullname="log4net.Tests.Layout.PatternLayoutTest.TestAddingCustomPattern" methodname="TestAddingCustomPattern" classname="log4net.Tests.Layout.PatternLayoutTest" runstate="Runnable" seed="680159225" result="Passed" start-time="2016-08-03 07:06:02Z" end-time="2016-08-03 07:06:02Z" duration="0.000351" asserts="1">
              <output><![CDATA[log4net: Converter [message] Option [] Format [min=-1,max=2147483647,leftAlign=False]
log4net: Converter [newline] Option [] Format [min=-1,max=2147483647,leftAlign=False]
log4net: Converter [TestAddingCustomPattern] Option [] Format [min=-1,max=2147483647,leftAlign=False]
log4net: Creating repository [a4cc5cad-8bda-47ca-aa46-0729d7035b43] using type [log4net.Repository.Hierarchy.Hierarchy]
]]></output>
            </test-case>
            <test-case id="1023" name="TestExceptionPattern" fullname="log4net.Tests.Layout.PatternLayoutTest.TestExceptionPattern" methodname="TestExceptionPattern" classname="log4net.Tests.Layout.PatternLayoutTest" runstate="Runnable" seed="1033051038" result="Passed" start-time="2016-08-03 07:06:02Z" end-time="2016-08-03 07:06:02Z" duration="0.000539" asserts="1">
              <output><![CDATA[log4net: Converter [exception] Option [stacktrace] Format [min=-1,max=2147483647,leftAlign=False]
log4net: Creating repository [49e6ac57-7469-4d6d-abff-410603dd2301] using type [log4net.Repository.Hierarchy.Hierarchy]
]]></output>
            </test-case>
            <test-case id="1018" name="TestGlobalPropertiesPattern" fullname="log4net.Tests.Layout.PatternLayoutTest.TestGlobalPropertiesPattern" methodname="TestGlobalPropertiesPattern" classname="log4net.Tests.Layout.PatternLayoutTest" runstate="Runnable" seed="660830" result="Passed" start-time="2016-08-03 07:06:02Z" end-time="2016-08-03 07:06:02Z" duration="0.000830" asserts="3">
              <output><![CDATA[log4net: Converter [property] Option [prop1] Format [min=-1,max=2147483647,leftAlign=False]
log4net: Creating repository [8dadcbc0-94b2-4516-a2db-da16442e7a8a] using type [log4net.Repository.Hierarchy.Hierarchy]
]]></output>
            </test-case>
            <test-case id="1017" name="TestStackTracePattern" fullname="log4net.Tests.Layout.PatternLayoutTest.TestStackTracePattern" methodname="TestStackTracePattern" classname="log4net.Tests.Layout.PatternLayoutTest" runstate="Runnable" seed="438690067" result="Passed" start-time="2016-08-03 07:06:02Z" end-time="2016-08-03 07:06:02Z" duration="0.000627" asserts="1">
              <output><![CDATA[log4net: Converter [stacktrace] Option [2] Format [min=-1,max=2147483647,leftAlign=False]
log4net: Creating repository [d5927d1d-50d1-4654-b6b8-545ad5aa7d4e] using type [log4net.Repository.Hierarchy.Hierarchy]
]]></output>
            </test-case>
            <test-case id="1016" name="TestThreadPropertiesPattern" fullname="log4net.Tests.Layout.PatternLayoutTest.TestThreadPropertiesPattern" methodname="TestThreadPropertiesPattern" classname="log4net.Tests.Layout.PatternLayoutTest" runstate="Runnable" seed="413612723" result="Passed" start-time="2016-08-03 07:06:02Z" end-time="2016-08-03 07:06:02Z" duration="0.000731" asserts="3">
              <output><![CDATA[log4net: Converter [property] Option [prop1] Format [min=-1,max=2147483647,leftAlign=False]
log4net: Creating repository [c47634e3-04fe-46aa-ae3f-cd7c0a7f8517] using type [log4net.Repository.Hierarchy.Hierarchy]
]]></output>
            </test-case>
          </test-suite>
        </test-suite>
        <test-suite type="TestSuite" id="1126" name="Util" fullname="log4net.Tests.Util" runstate="Runnable" testcasecount="4" result="Passed" start-time="2016-08-03 07:05:59Z" end-time="2016-08-03 07:06:02Z" duration="3.294230" total="4" passed="4" failed="0" inconclusive="0" skipped="0" asserts="26">
          <test-suite type="TestFixture" id="1000" name="CyclicBufferTest" fullname="log4net.Tests.Util.CyclicBufferTest" classname="log4net.Tests.Util.CyclicBufferTest" runstate="Runnable" testcasecount="3" result="Passed" start-time="2016-08-03 07:06:02Z" end-time="2016-08-03 07:06:02Z" duration="0.024023" total="3" passed="3" failed="0" inconclusive="0" skipped="0" asserts="23">
            <test-case id="1001" name="TestConstructorSize0" fullname="log4net.Tests.Util.CyclicBufferTest.TestConstructorSize0" methodname="TestConstructorSize0" classname="log4net.Tests.Util.CyclicBufferTest" runstate="Runnable" seed="791218436" result="Passed" start-time="2016-08-03 07:06:02Z" end-time="2016-08-03 07:06:02Z" duration="0.010298" asserts="1" />
            <test-case id="1002" name="TestSize1" fullname="log4net.Tests.Util.CyclicBufferTest.TestSize1" methodname="TestSize1" classname="log4net.Tests.Util.CyclicBufferTest" runstate="Runnable" seed="1462638326" result="Passed" start-time="2016-08-03 07:06:02Z" end-time="2016-08-03 07:06:02Z" duration="0.001863" asserts="12" />
            <test-case id="1003" name="TestSize2" fullname="log4net.Tests.Util.CyclicBufferTest.TestSize2" methodname="TestSize2" classname="log4net.Tests.Util.CyclicBufferTest" runstate="Runnable" seed="1845070487" result="Passed" start-time="2016-08-03 07:06:02Z" end-time="2016-08-03 07:06:02Z" duration="0.001476" asserts="10" />
          </test-suite>
          <test-suite type="TestFixture" id="1004" name="RandomStringPatternConverterTest" fullname="log4net.Tests.Util.RandomStringPatternConverterTest" classname="log4net.Tests.Util.RandomStringPatternConverterTest" runstate="Runnable" testcasecount="1" result="Passed" start-time="2016-08-03 07:06:02Z" end-time="2016-08-03 07:06:02Z" duration="0.007028" total="1" passed="1" failed="0" inconclusive="0" skipped="0" asserts="3">
            <test-case id="1005" name="TestConvert" fullname="log4net.Tests.Util.RandomStringPatternConverterTest.TestConvert" methodname="TestConvert" classname="log4net.Tests.Util.RandomStringPatternConverterTest" runstate="Runnable" seed="804235526" result="Passed" start-time="2016-08-03 07:06:02Z" end-time="2016-08-03 07:06:02Z" duration="0.003550" asserts="3" />
          </test-suite>
        </test-suite>
      </test-suite>
    </test-suite>
  </test-suite>
</test-run>